****                   ADMIXTURE Version 1.3.0                  ****
****                    Copyright 2008-2015                     ****
****           David Alexander, Suyash Shringarpure,            ****
****                John  Novembre, Ken Lange                   ****
****                                                            ****
****                 Please cite our paper!                     ****
****   Information at www.genetics.ucla.edu/software/admixture  ****

Cross-validation will be performed.  Folds=5.
Random seed: 43
Point estimation method: Block relaxation algorithm
Convergence acceleration algorithm: QuasiNewton, 3 secant conditions
Point estimation will terminate when objective function delta < 0.0001
Estimation of standard errors disabled; will compute point estimates only.
Size of G: 198x8214529
Performing five EM steps to prime main algorithm
1 (EM) 	Elapsed: 122.604	Loglikelihood: -7.37782e+08	(delta): 2.04592e+09
2 (EM) 	Elapsed: 120.142	Loglikelihood: -7.1038e+08	(delta): 2.74018e+07
3 (EM) 	Elapsed: 120.563	Loglikelihood: -7.049e+08	(delta): 5.47975e+06
4 (EM) 	Elapsed: 119.762	Loglikelihood: -7.02383e+08	(delta): 2.51739e+06
5 (EM) 	Elapsed: 121.413	Loglikelihood: -7.01187e+08	(delta): 1.19548e+06
Initial loglikelihood: -7.01187e+08
Starting main algorithm
1 (QN/Block) 	Elapsed: 301.651	Loglikelihood: -6.90239e+08	(delta): 1.09485e+07
2 (QN/Block) 	Elapsed: 314.955	Loglikelihood: -6.71895e+08	(delta): 1.83436e+07
3 (QN/Block) 	Elapsed: 325.173	Loglikelihood: -6.6498e+08	(delta): 6.9153e+06
4 (QN/Block) 	Elapsed: 363.987	Loglikelihood: -6.53783e+08	(delta): 1.11968e+07
5 (QN/Block) 	Elapsed: 350.297	Loglikelihood: -6.42802e+08	(delta): 1.09814e+07
6 (QN/Block) 	Elapsed: 358.72	Loglikelihood: -6.4127e+08	(delta): 1.53188e+06
7 (QN/Block) 	Elapsed: 343.591	Loglikelihood: -6.40982e+08	(delta): 287975
8 (QN/Block) 	Elapsed: 315.663	Loglikelihood: -6.40882e+08	(delta): 100058
9 (QN/Block) 	Elapsed: 315.372	Loglikelihood: -6.4085e+08	(delta): 32093.3
10 (QN/Block) 	Elapsed: 355.153	Loglikelihood: -6.40844e+08	(delta): 6117.31
11 (QN/Block) 	Elapsed: 357.811	Loglikelihood: -6.40844e+08	(delta): 192.389
12 (QN/Block) 	Elapsed: 317.78	Loglikelihood: -6.40844e+08	(delta): 1.95565
13 (QN/Block) 	Elapsed: 317.364	Loglikelihood: -6.40844e+08	(delta): 0.0392578
14 (QN/Block) 	Elapsed: 319.52	Loglikelihood: -6.40844e+08	(delta): 0.000252843
15 (QN/Block) 	Elapsed: 322.258	Loglikelihood: -6.40844e+08	(delta): 1.32322e-05
Summary: 
Converged in 15 iterations (5886.28 sec)
Loglikelihood: -640843503.744473
Fst divergences between estimated populations: 
	Pop0	
Pop0	
Pop1	0.226	
CV error (K=2): 0.27175
Writing output files.
