****                   ADMIXTURE Version 1.3.0                  ****
****                    Copyright 2008-2015                     ****
****           David Alexander, Suyash Shringarpure,            ****
****                John  Novembre, Ken Lange                   ****
****                                                            ****
****                 Please cite our paper!                     ****
****   Information at www.genetics.ucla.edu/software/admixture  ****

Cross-validation will be performed.  Folds=5.
Random seed: 43
Point estimation method: Block relaxation algorithm
Convergence acceleration algorithm: QuasiNewton, 3 secant conditions
Point estimation will terminate when objective function delta < 0.0001
Estimation of standard errors disabled; will compute point estimates only.
Size of G: 198x8214529
Performing five EM steps to prime main algorithm
1 (EM) 	Elapsed: 202.221	Loglikelihood: -7.60288e+08	(delta): 1.75314e+09
2 (EM) 	Elapsed: 209.746	Loglikelihood: -7.15111e+08	(delta): 4.51768e+07
3 (EM) 	Elapsed: 202.356	Loglikelihood: -7.06673e+08	(delta): 8.43768e+06
4 (EM) 	Elapsed: 208.531	Loglikelihood: -7.02023e+08	(delta): 4.65042e+06
5 (EM) 	Elapsed: 201.64	Loglikelihood: -6.98857e+08	(delta): 3.16611e+06
Initial loglikelihood: -6.98857e+08
Starting main algorithm
1 (QN/Block) 	Elapsed: 506.884	Loglikelihood: -6.49953e+08	(delta): 4.89035e+07
2 (QN/Block) 	Elapsed: 491.521	Loglikelihood: -6.29398e+08	(delta): 2.05553e+07
3 (QN/Block) 	Elapsed: 535.255	Loglikelihood: -6.21417e+08	(delta): 7.98107e+06
4 (QN/Block) 	Elapsed: 537.43	Loglikelihood: -6.17012e+08	(delta): 4.40503e+06
5 (QN/Block) 	Elapsed: 524.02	Loglikelihood: -6.14934e+08	(delta): 2.0774e+06
6 (QN/Block) 	Elapsed: 543.842	Loglikelihood: -6.13881e+08	(delta): 1.05336e+06
7 (QN/Block) 	Elapsed: 544.315	Loglikelihood: -6.12908e+08	(delta): 973150
8 (QN/Block) 	Elapsed: 554.012	Loglikelihood: -6.11974e+08	(delta): 933885
9 (QN/Block) 	Elapsed: 544.244	Loglikelihood: -6.11301e+08	(delta): 672809
10 (QN/Block) 	Elapsed: 528.418	Loglikelihood: -6.10947e+08	(delta): 354426
11 (QN/Block) 	Elapsed: 531.963	Loglikelihood: -6.10609e+08	(delta): 337537
12 (QN/Block) 	Elapsed: 529.514	Loglikelihood: -6.10401e+08	(delta): 208746
13 (QN/Block) 	Elapsed: 532.672	Loglikelihood: -6.10323e+08	(delta): 77918.4
14 (QN/Block) 	Elapsed: 541.753	Loglikelihood: -6.10306e+08	(delta): 16856.1
15 (QN/Block) 	Elapsed: 541.668	Loglikelihood: -6.10303e+08	(delta): 3234.86
16 (QN/Block) 	Elapsed: 531.785	Loglikelihood: -6.10301e+08	(delta): 1246.07
17 (QN/Block) 	Elapsed: 535.429	Loglikelihood: -6.10301e+08	(delta): 231.741
18 (QN/Block) 	Elapsed: 533.965	Loglikelihood: -6.10301e+08	(delta): 128.564
19 (QN/Block) 	Elapsed: 573.583	Loglikelihood: -6.10301e+08	(delta): 15.199
20 (QN/Block) 	Elapsed: 529.549	Loglikelihood: -6.10301e+08	(delta): 0.0137224
21 (QN/Block) 	Elapsed: 591.333	Loglikelihood: -6.10301e+08	(delta): 0.00209022
22 (QN/Block) 	Elapsed: 531.827	Loglikelihood: -6.10301e+08	(delta): 0.00046885
23 (QN/Block) 	Elapsed: 586.675	Loglikelihood: -6.10301e+08	(delta): 5.91278e-05
Summary: 
Converged in 23 iterations (13957.5 sec)
Loglikelihood: -610300888.659972
Fst divergences between estimated populations: 
	Pop0	Pop1	Pop2	
Pop0	
Pop1	0.068	
Pop2	0.062	0.087	
Pop3	0.250	0.219	0.272	
CV error (K=4): 0.26950
Writing output files.
