PLINK v1.90b3.40 64-bit (16 Aug 2016)
Options in effect:
  --bfile /stor9000/apps/users/NWSUAF/2015010869/zhaojiahao/analyze/2.population/1.plink/cattle.snp
  --chr-set 29
  --distance-matrix
  --out dncattle

Hostname: node59
Working directory: /stor9000/apps/users/NWSUAF/2015010869/zhaojiahao/analyze/2.population/4.tree
Start time: Fri Oct  6 15:22:10 2023

Random number seed: 1696576930
128380 MB RAM detected; reserving 64190 MB for main workspace.
64594155 variants loaded from .bim file.
198 samples (0 males, 0 females, 198 ambiguous) loaded from .fam.
Ambiguous sex IDs written to dncattle.nosex .
Using up to 23 threads (change this with --threads).
Before main variant filters, 198 founders and 0 nonfounders present.
Calculating allele frequencies... done.
Total genotyping rate is 0.994415.
64594155 variants and 198 samples pass filters and QC.
Note: No phenotypes present.
Distance matrix calculation complete.
Distances (proportions) written to dncattle.mdist , and IDs to
dncattle.mdist.id .

End time: Fri Oct  6 15:24:17 2023
