/stor9000/apps/users/NWSUAF/2013110098/bin/selscan-master/src/selscan --xpehh --vcf Gelbvieh.chr15.vcf --vcf-ref DN.chr15.vcf --map chr15.map --cutoff 0.01 --out DN_Gelbvieh.15.xpehh --threads 6 
v1.1.0b
Calculating XP-EHH.
Input filename: Gelbvieh.chr15.vcf
Reference input filename: DN.chr15.vcf
Map filename: chr15.map
Output file: DN_Gelbvieh.15.xpehh.xpehh.out
Threads: 6
Scale parameter: 20000
Max gap parameter: 200000
EHH cutoff value: 0.01
Alt flag set: no
WARNING: Reached chromosome edge before EHH decayed below 0.01. Skipping calculation at 15:29383
WARNING: Reached chromosome edge before EHH decayed below 0.01. Skipping calculation at 15:29384
WARNING: Reached chromosome edge before EHH decayed below 0.01. Skipping calculation at 15:29382
WARNING: Reached chromosome edge before EHH decayed below 0.01. Skipping calculation at 15:33564
WARNING: Reached chromosome edge before EHH decayed below 0.01. Skipping calculation at 15:33563
WARNING: Reached chromosome edge before EHH decayed below 0.01. Skipping calculation at 15:33724
WARNING: Reached chromosome edge before EHH decayed below 0.01. Skipping calculation at 15:33727
WARNING: Reached chromosome edge before EHH decayed below 0.01. Skipping calculation at 15:33726
WARNING: Reached chromosome edge before EHH decayed below 0.01. Skipping calculation at 15:33729
WARNING: Reached chromosome edge before EHH decayed below 0.01. Skipping calculation at 15:33732
WARNING: Reached chromosome edge before EHH decayed below 0.01. Skipping calculation at 15:33731
WARNING: Reached chromosome edge before EHH decayed below 0.01. Skipping calculation at 15:33734
WARNING: Reached chromosome edge before EHH decayed below 0.01. Skipping calculation at 15:33736
WARNING: Reached chromosome edge before EHH decayed below 0.01. Skipping calculation at 15:33735
WARNING: Reached chromosome edge before EHH decayed below 0.01. Skipping calculation at 15:33737
WARNING: Reached chromosome edge before EHH decayed below 0.01. Skipping calculation at 15:33738
WARNING: Reached chromosome edge before EHH decayed below 0.01. Skipping calculation at 15:33739
WARNING: Reached chromosome edge before EHH decayed below 0.01. Skipping calculation at 15:33740
WARNING: Reached chromosome edge before EHH decayed below 0.01. Skipping calculation at 15:33742
WARNING: Reached chromosome edge before EHH decayed below 0.01. Skipping calculation at 15:33741
WARNING: Reached chromosome edge before EHH decayed below 0.01. Skipping calculation at 15:33743
WARNING: Reached chromosome edge before EHH decayed below 0.01. Skipping calculation at 15:33744
WARNING: Reached chromosome edge before EHH decayed below 0.01. Skipping calculation at 15:33762
WARNING: Reached chromosome edge before EHH decayed below 0.01. Skipping calculation at 15:33866
WARNING: Reached chromosome edge before EHH decayed below 0.01. Skipping calculation at 15:33891
WARNING: Reached chromosome edge before EHH decayed below 0.01. Skipping calculation at 15:33895
WARNING: Reached chromosome edge before EHH decayed below 0.01. Skipping calculation at 15:33959
WARNING: Reached chromosome edge before EHH decayed below 0.01. Skipping calculation at 15:34047
WARNING: Reached chromosome edge before EHH decayed below 0.01. Skipping calculation at 15:34064
WARNING: Reached chromosome edge before EHH decayed below 0.01. Skipping calculation at 15:34071
WARNING: Reached chromosome edge before EHH decayed below 0.01. Skipping calculation at 15:34072
WARNING: Reached chromosome edge before EHH decayed below 0.01. Skipping calculation at 15:34074
WARNING: Reached chromosome edge before EHH decayed below 0.01. Skipping calculation at 15:34075
WARNING: Reached chromosome edge before EHH decayed below 0.01. Skipping calculation at 15:34076
WARNING: Reached chromosome edge before EHH decayed below 0.01. Skipping calculation at 15:34077
WARNING: Reached chromosome edge before EHH decayed below 0.01. Skipping calculation at 15:34078
WARNING: Reached chromosome edge before EHH decayed below 0.01. Skipping calculation at 15:34079
WARNING: Reached chromosome edge before EHH decayed below 0.01. Skipping calculation at 15:34080
WARNING: Reached chromosome edge before EHH decayed below 0.01. Skipping calculation at 15:34082
WARNING: Reached chromosome edge before EHH decayed below 0.01. Skipping calculation at 15:34083
WARNING: Reached chromosome edge before EHH decayed below 0.01. Skipping calculation at 15:34084
WARNING: Reached chromosome edge before EHH decayed below 0.01. Skipping calculation at 15:34085
WARNING: Reached chromosome edge before EHH decayed below 0.01. Skipping calculation at 15:34086
WARNING: Reached chromosome edge before EHH decayed below 0.01. Skipping calculation at 15:34087
WARNING: Reached chromosome edge before EHH decayed below 0.01. Skipping calculation at 15:34088
WARNING: Reached chromosome edge before EHH decayed below 0.01. Skipping calculation at 15:34089
WARNING: Reached chromosome edge before EHH decayed below 0.01. Skipping calculation at 15:34090
WARNING: Reached chromosome edge before EHH decayed below 0.01. Skipping calculation at 15:34091
WARNING: Reached chromosome edge before EHH decayed below 0.01. Skipping calculation at 15:34094
WARNING: Reached chromosome edge before EHH decayed below 0.01. Skipping calculation at 15:34095
WARNING: Reached chromosome edge before EHH decayed below 0.01. Skipping calculation at 15:34096
WARNING: Reached chromosome edge before EHH decayed below 0.01. Skipping calculation at 15:34097
WARNING: Reached chromosome edge before EHH decayed below 0.01. Skipping calculation at 15:34098
WARNING: Reached chromosome edge before EHH decayed below 0.01. Skipping calculation at 15:34099
WARNING: Reached chromosome edge before EHH decayed below 0.01. Skipping calculation at 15:34101
WARNING: Reached chromosome edge before EHH decayed below 0.01. Skipping calculation at 15:34102
WARNING: Reached chromosome edge before EHH decayed below 0.01. Skipping calculation at 15:34103
WARNING: Reached chromosome edge before EHH decayed below 0.01. Skipping calculation at 15:34106
WARNING: Reached chromosome edge before EHH decayed below 0.01. Skipping calculation at 15:34108
WARNING: Reached chromosome edge before EHH decayed below 0.01. Skipping calculation at 15:34109
WARNING: Reached chromosome edge before EHH decayed below 0.01. Skipping calculation at 15:34110
WARNING: Reached chromosome edge before EHH decayed below 0.01. Skipping calculation at 15:34112
WARNING: Reached chromosome edge before EHH decayed below 0.01. Skipping calculation at 15:34111
WARNING: Reached chromosome edge before EHH decayed below 0.01. Skipping calculation at 15:34113
WARNING: Reached chromosome edge before EHH decayed below 0.01. Skipping calculation at 15:34115
WARNING: Reached chromosome edge before EHH decayed below 0.01. Skipping calculation at 15:34116
WARNING: Reached chromosome edge before EHH decayed below 0.01. Skipping calculation at 15:34217
WARNING: Reached chromosome edge before EHH decayed below 0.01. Skipping calculation at 15:34237
WARNING: Reached chromosome edge before EHH decayed below 0.01. Skipping calculation at 15:34232
WARNING: Reached chromosome edge before EHH decayed below 0.01. Skipping calculation at 15:34316
WARNING: Reached chromosome edge before EHH decayed below 0.01. Skipping calculation at 15:34443
WARNING: Reached chromosome edge before EHH decayed below 0.01. Skipping calculation at 15:34490
WARNING: Reached chromosome edge before EHH decayed below 0.01. Skipping calculation at 15:34540
WARNING: Reached chromosome edge before EHH decayed below 0.01. Skipping calculation at 15:34774
WARNING: Reached chromosome edge before EHH decayed below 0.01. Skipping calculation at 15:34544
WARNING: Reached chromosome edge before EHH decayed below 0.01. Skipping calculation at 15:34795
WARNING: Reached chromosome edge before EHH decayed below 0.01. Skipping calculation at 15:34801
WARNING: Reached chromosome edge before EHH decayed below 0.01. Skipping calculation at 15:34806
WARNING: Reached chromosome edge before EHH decayed below 0.01. Skipping calculation at 15:34841
WARNING: Reached chromosome edge before EHH decayed below 0.01. Skipping calculation at 15:34893
WARNING: Reached chromosome edge before EHH decayed below 0.01. Skipping calculation at 15:34880
WARNING: Reached chromosome edge before EHH decayed below 0.01. Skipping calculation at 15:34934
WARNING: Reached chromosome edge before EHH decayed below 0.01. Skipping calculation at 15:34941
WARNING: Reached chromosome edge before EHH decayed below 0.01. Skipping calculation at 15:34955
WARNING: Reached chromosome edge before EHH decayed below 0.01. Skipping calculation at 15:34963
WARNING: Reached chromosome edge before EHH decayed below 0.01. Skipping calculation at 15:35011
WARNING: Reached chromosome edge before EHH decayed below 0.01. Skipping calculation at 15:34999
WARNING: Reached chromosome edge before EHH decayed below 0.01. Skipping calculation at 15:35062
WARNING: Reached chromosome edge before EHH decayed below 0.01. Skipping calculation at 15:35071
WARNING: Reached chromosome edge before EHH decayed below 0.01. Skipping calculation at 15:35073
WARNING: Reached chromosome edge before EHH decayed below 0.01. Skipping calculation at 15:35096
WARNING: Reached chromosome edge before EHH decayed below 0.01. Skipping calculation at 15:35160
WARNING: Reached chromosome edge before EHH decayed below 0.01. Skipping calculation at 15:35172
WARNING: Reached chromosome edge before EHH decayed below 0.01. Skipping calculation at 15:35104
WARNING: Reached chromosome edge before EHH decayed below 0.01. Skipping calculation at 15:35212
WARNING: Reached chromosome edge before EHH decayed below 0.01. Skipping calculation at 15:35238
WARNING: Reached chromosome edge before EHH decayed below 0.01. Skipping calculation at 15:35254
WARNING: Reached chromosome edge before EHH decayed below 0.01. Skipping calculation at 15:35278
WARNING: Reached chromosome edge before EHH decayed below 0.01. Skipping calculation at 15:36144
WARNING: Reached chromosome edge before EHH decayed below 0.01. Skipping calculation at 15:36504
WARNING: Reached chromosome edge before EHH decayed below 0.01. Skipping calculation at 15:35276
WARNING: Reached chromosome edge before EHH decayed below 0.01. Skipping calculation at 15:36584
WARNING: Reached chromosome edge before EHH decayed below 0.01. Skipping calculation at 15:36723
WARNING: Reached chromosome edge before EHH decayed below 0.01. Skipping calculation at 15:36820
WARNING: Reached chromosome edge before EHH decayed below 0.01. Skipping calculation at 15:36821
WARNING: Reached chromosome edge before EHH decayed below 0.01. Skipping calculation at 15:36822
WARNING: Reached chromosome edge before EHH decayed below 0.01. Skipping calculation at 15:36740
WARNING: Reached chromosome edge before EHH decayed below 0.01. Skipping calculation at 15:36881
WARNING: Reached chromosome edge before EHH decayed below 0.01. Skipping calculation at 15:36890
WARNING: Reached chromosome edge before EHH decayed below 0.01. Skipping calculation at 15:36907
WARNING: Reached chromosome edge before EHH decayed below 0.01. Skipping calculation at 15:36913
WARNING: Reached chromosome edge before EHH decayed below 0.01. Skipping calculation at 15:36951
WARNING: Reached chromosome edge before EHH decayed below 0.01. Skipping calculation at 15:36962
WARNING: Reached chromosome edge before EHH decayed below 0.01. Skipping calculation at 15:36891
WARNING: Reached chromosome edge before EHH decayed below 0.01. Skipping calculation at 15:36974
WARNING: Reached chromosome edge before EHH decayed below 0.01. Skipping calculation at 15:37112
WARNING: Reached chromosome edge before EHH decayed below 0.01. Skipping calculation at 15:37105
WARNING: Reached chromosome edge before EHH decayed below 0.01. Skipping calculation at 15:37125
WARNING: Reached chromosome edge before EHH decayed below 0.01. Skipping calculation at 15:37097
WARNING: Reached chromosome edge before EHH decayed below 0.01. Skipping calculation at 15:37157
WARNING: Reached chromosome edge before EHH decayed below 0.01. Skipping calculation at 15:37180
WARNING: Reached chromosome edge before EHH decayed below 0.01. Skipping calculation at 15:37984
WARNING: Reached chromosome edge before EHH decayed below 0.01. Skipping calculation at 15:37905
WARNING: Reached chromosome edge before EHH decayed below 0.01. Skipping calculation at 15:38027
WARNING: Reached chromosome edge before EHH decayed below 0.01. Skipping calculation at 15:37186
WARNING: Reached chromosome edge before EHH decayed below 0.01. Skipping calculation at 15:38268
WARNING: Reached chromosome edge before EHH decayed below 0.01. Skipping calculation at 15:38307
WARNING: Reached chromosome edge before EHH decayed below 0.01. Skipping calculation at 15:38805
WARNING: Reached chromosome edge before EHH decayed below 0.01. Skipping calculation at 15:38764
WARNING: Reached chromosome edge before EHH decayed below 0.01. Skipping calculation at 15:38806
WARNING: Reached chromosome edge before EHH decayed below 0.01. Skipping calculation at 15:38673
WARNING: Reached chromosome edge before EHH decayed below 0.01. Skipping calculation at 15:38807
WARNING: Reached chromosome edge before EHH decayed below 0.01. Skipping calculation at 15:38808
WARNING: Reached chromosome edge before EHH decayed below 0.01. Skipping calculation at 15:38811
WARNING: Reached chromosome edge before EHH decayed below 0.01. Skipping calculation at 15:38810
WARNING: Reached chromosome edge before EHH decayed below 0.01. Skipping calculation at 15:38812
WARNING: Reached chromosome edge before EHH decayed below 0.01. Skipping calculation at 15:38809
WARNING: Reached chromosome edge before EHH decayed below 0.01. Skipping calculation at 15:38813
WARNING: Reached chromosome edge before EHH decayed below 0.01. Skipping calculation at 15:38814
WARNING: Reached chromosome edge before EHH decayed below 0.01. Skipping calculation at 15:38817
WARNING: Reached chromosome edge before EHH decayed below 0.01. Skipping calculation at 15:38816
WARNING: Reached chromosome edge before EHH decayed below 0.01. Skipping calculation at 15:38818
WARNING: Reached chromosome edge before EHH decayed below 0.01. Skipping calculation at 15:38815
WARNING: Reached chromosome edge before EHH decayed below 0.01. Skipping calculation at 15:38819
WARNING: Reached chromosome edge before EHH decayed below 0.01. Skipping calculation at 15:38820
WARNING: Reached chromosome edge before EHH decayed below 0.01. Skipping calculation at 15:38822
WARNING: Reached chromosome edge before EHH decayed below 0.01. Skipping calculation at 15:38823
WARNING: Reached chromosome edge before EHH decayed below 0.01. Skipping calculation at 15:38824
WARNING: Reached chromosome edge before EHH decayed below 0.01. Skipping calculation at 15:38821
WARNING: Reached chromosome edge before EHH decayed below 0.01. Skipping calculation at 15:38826
WARNING: Reached chromosome edge before EHH decayed below 0.01. Skipping calculation at 15:38827
WARNING: Reached chromosome edge before EHH decayed below 0.01. Skipping calculation at 15:38829
WARNING: Reached chromosome edge before EHH decayed below 0.01. Skipping calculation at 15:38830
WARNING: Reached chromosome edge before EHH decayed below 0.01. Skipping calculation at 15:38831
WARNING: Reached chromosome edge before EHH decayed below 0.01. Skipping calculation at 15:38828
WARNING: Reached chromosome edge before EHH decayed below 0.01. Skipping calculation at 15:38832
WARNING: Reached chromosome edge before EHH decayed below 0.01. Skipping calculation at 15:38833
WARNING: Reached chromosome edge before EHH decayed below 0.01. Skipping calculation at 15:38835
WARNING: Reached chromosome edge before EHH decayed below 0.01. Skipping calculation at 15:38836
WARNING: Reached chromosome edge before EHH decayed below 0.01. Skipping calculation at 15:38837
WARNING: Reached chromosome edge before EHH decayed below 0.01. Skipping calculation at 15:38834
WARNING: Reached chromosome edge before EHH decayed below 0.01. Skipping calculation at 15:38839
WARNING: Reached chromosome edge before EHH decayed below 0.01. Skipping calculation at 15:38840
WARNING: Reached chromosome edge before EHH decayed below 0.01. Skipping calculation at 15:38843
WARNING: Reached chromosome edge before EHH decayed below 0.01. Skipping calculation at 15:38844
WARNING: Reached chromosome edge before EHH decayed below 0.01. Skipping calculation at 15:38846
WARNING: Reached chromosome edge before EHH decayed below 0.01. Skipping calculation at 15:38847
WARNING: Reached chromosome edge before EHH decayed below 0.01. Skipping calculation at 15:38842
WARNING: Reached chromosome edge before EHH decayed below 0.01. Skipping calculation at 15:38848
WARNING: Reached chromosome edge before EHH decayed below 0.01. Skipping calculation at 15:38850
WARNING: Reached chromosome edge before EHH decayed below 0.01. Skipping calculation at 15:38894
WARNING: Reached chromosome edge before EHH decayed below 0.01. Skipping calculation at 15:39010
WARNING: Reached chromosome edge before EHH decayed below 0.01. Skipping calculation at 15:39051
WARNING: Reached chromosome edge before EHH decayed below 0.01. Skipping calculation at 15:39053
WARNING: Reached chromosome edge before EHH decayed below 0.01. Skipping calculation at 15:38849
WARNING: Reached chromosome edge before EHH decayed below 0.01. Skipping calculation at 15:39179
WARNING: Reached chromosome edge before EHH decayed below 0.01. Skipping calculation at 15:39198
WARNING: Reached chromosome edge before EHH decayed below 0.01. Skipping calculation at 15:39284
WARNING: Reached chromosome edge before EHH decayed below 0.01. Skipping calculation at 15:39340
WARNING: Reached chromosome edge before EHH decayed below 0.01. Skipping calculation at 15:39390
WARNING: Reached chromosome edge before EHH decayed below 0.01. Skipping calculation at 15:39086
WARNING: Reached chromosome edge before EHH decayed below 0.01. Skipping calculation at 15:39432
WARNING: Reached chromosome edge before EHH decayed below 0.01. Skipping calculation at 15:39441
WARNING: Reached chromosome edge before EHH decayed below 0.01. Skipping calculation at 15:39462
WARNING: Reached chromosome edge before EHH decayed below 0.01. Skipping calculation at 15:39465
WARNING: Reached chromosome edge before EHH decayed below 0.01. Skipping calculation at 15:39467
WARNING: Reached chromosome edge before EHH decayed below 0.01. Skipping calculation at 15:39405
WARNING: Reached chromosome edge before EHH decayed below 0.01. Skipping calculation at 15:39495
WARNING: Reached chromosome edge before EHH decayed below 0.01. Skipping calculation at 15:39497
WARNING: Reached chromosome edge before EHH decayed below 0.01. Skipping calculation at 15:39508
WARNING: Reached chromosome edge before EHH decayed below 0.01. Skipping calculation at 15:39529
WARNING: Reached chromosome edge before EHH decayed below 0.01. Skipping calculation at 15:39560
WARNING: Reached chromosome edge before EHH decayed below 0.01. Skipping calculation at 15:39489
WARNING: Reached chromosome edge before EHH decayed below 0.01. Skipping calculation at 15:39573
WARNING: Reached chromosome edge before EHH decayed below 0.01. Skipping calculation at 15:39591
WARNING: Reached chromosome edge before EHH decayed below 0.01. Skipping calculation at 15:39594
WARNING: Reached chromosome edge before EHH decayed below 0.01. Skipping calculation at 15:39819
WARNING: Reached chromosome edge before EHH decayed below 0.01. Skipping calculation at 15:39823
WARNING: Reached chromosome edge before EHH decayed below 0.01. Skipping calculation at 15:39572
WARNING: Reached chromosome edge before EHH decayed below 0.01. Skipping calculation at 15:39844
WARNING: Reached chromosome edge before EHH decayed below 0.01. Skipping calculation at 15:39845
WARNING: Reached chromosome edge before EHH decayed below 0.01. Skipping calculation at 15:39850
WARNING: Reached chromosome edge before EHH decayed below 0.01. Skipping calculation at 15:39859
WARNING: Reached chromosome edge before EHH decayed below 0.01. Skipping calculation at 15:39868
WARNING: Reached chromosome edge before EHH decayed below 0.01. Skipping calculation at 15:39835
WARNING: Reached chromosome edge before EHH decayed below 0.01. Skipping calculation at 15:39960
WARNING: Reached chromosome edge before EHH decayed below 0.01. Skipping calculation at 15:40042
WARNING: Reached chromosome edge before EHH decayed below 0.01. Skipping calculation at 15:40117
WARNING: Reached chromosome edge before EHH decayed below 0.01. Skipping calculation at 15:40118
WARNING: Reached chromosome edge before EHH decayed below 0.01. Skipping calculation at 15:40137
WARNING: Reached chromosome edge before EHH decayed below 0.01. Skipping calculation at 15:39903
WARNING: Reached chromosome edge before EHH decayed below 0.01. Skipping calculation at 15:84952543
WARNING: Reached chromosome edge before EHH decayed below 0.01. Skipping calculation at 15:84953575
WARNING: Reached chromosome edge before EHH decayed below 0.01. Skipping calculation at 15:84953633
WARNING: Reached chromosome edge before EHH decayed below 0.01. Skipping calculation at 15:84953643
WARNING: Reached chromosome edge before EHH decayed below 0.01. Skipping calculation at 15:84953678
WARNING: Reached chromosome edge before EHH decayed below 0.01. Skipping calculation at 15:84953685
WARNING: Reached chromosome edge before EHH decayed below 0.01. Skipping calculation at 15:84954330
WARNING: Reached chromosome edge before EHH decayed below 0.01. Skipping calculation at 15:84955461
WARNING: Reached chromosome edge before EHH decayed below 0.01. Skipping calculation at 15:84972336
WARNING: Reached chromosome edge before EHH decayed below 0.01. Skipping calculation at 15:84974459
WARNING: Reached chromosome edge before EHH decayed below 0.01. Skipping calculation at 15:84974792
WARNING: Reached chromosome edge before EHH decayed below 0.01. Skipping calculation at 15:84975597
WARNING: Reached chromosome edge before EHH decayed below 0.01. Skipping calculation at 15:84976168
WARNING: Reached chromosome edge before EHH decayed below 0.01. Skipping calculation at 15:84977176
WARNING: Reached chromosome edge before EHH decayed below 0.01. Skipping calculation at 15:84978390
WARNING: Reached chromosome edge before EHH decayed below 0.01. Skipping calculation at 15:84978954
WARNING: Reached chromosome edge before EHH decayed below 0.01. Skipping calculation at 15:84979808
WARNING: Reached chromosome edge before EHH decayed below 0.01. Skipping calculation at 15:84980203
WARNING: Reached chromosome edge before EHH decayed below 0.01. Skipping calculation at 15:84981546
WARNING: Reached chromosome edge before EHH decayed below 0.01. Skipping calculation at 15:84981868
WARNING: Reached chromosome edge before EHH decayed below 0.01. Skipping calculation at 15:84982240
WARNING: Reached chromosome edge before EHH decayed below 0.01. Skipping calculation at 15:84984021
WARNING: Reached chromosome edge before EHH decayed below 0.01. Skipping calculation at 15:84984281
WARNING: Reached chromosome edge before EHH decayed below 0.01. Skipping calculation at 15:84984559
WARNING: Reached chromosome edge before EHH decayed below 0.01. Skipping calculation at 15:84984987
WARNING: Reached chromosome edge before EHH decayed below 0.01. Skipping calculation at 15:84985673
WARNING: Reached chromosome edge before EHH decayed below 0.01. Skipping calculation at 15:84985889
WARNING: Reached chromosome edge before EHH decayed below 0.01. Skipping calculation at 15:84986298
WARNING: Reached chromosome edge before EHH decayed below 0.01. Skipping calculation at 15:84986304
WARNING: Reached chromosome edge before EHH decayed below 0.01. Skipping calculation at 15:84986314
WARNING: Reached chromosome edge before EHH decayed below 0.01. Skipping calculation at 15:84986511
WARNING: Reached chromosome edge before EHH decayed below 0.01. Skipping calculation at 15:84986867
WARNING: Reached chromosome edge before EHH decayed below 0.01. Skipping calculation at 15:84987076
WARNING: Reached chromosome edge before EHH decayed below 0.01. Skipping calculation at 15:84987238
WARNING: Reached chromosome edge before EHH decayed below 0.01. Skipping calculation at 15:84987407
WARNING: Reached chromosome edge before EHH decayed below 0.01. Skipping calculation at 15:84987508
WARNING: Reached chromosome edge before EHH decayed below 0.01. Skipping calculation at 15:84987717
WARNING: Reached chromosome edge before EHH decayed below 0.01. Skipping calculation at 15:84987977
WARNING: Reached chromosome edge before EHH decayed below 0.01. Skipping calculation at 15:84988698
WARNING: Reached chromosome edge before EHH decayed below 0.01. Skipping calculation at 15:84989222
WARNING: Reached chromosome edge before EHH decayed below 0.01. Skipping calculation at 15:84990154
WARNING: Reached chromosome edge before EHH decayed below 0.01. Skipping calculation at 15:84990284
WARNING: Reached chromosome edge before EHH decayed below 0.01. Skipping calculation at 15:84991813
WARNING: Reached chromosome edge before EHH decayed below 0.01. Skipping calculation at 15:84992190
WARNING: Reached chromosome edge before EHH decayed below 0.01. Skipping calculation at 15:84992532
WARNING: Reached chromosome edge before EHH decayed below 0.01. Skipping calculation at 15:84952638
WARNING: Reached chromosome edge before EHH decayed below 0.01. Skipping calculation at 15:84953631
WARNING: Reached chromosome edge before EHH decayed below 0.01. Skipping calculation at 15:84953638
WARNING: Reached chromosome edge before EHH decayed below 0.01. Skipping calculation at 15:84953676
WARNING: Reached chromosome edge before EHH decayed below 0.01. Skipping calculation at 15:84953683
WARNING: Reached chromosome edge before EHH decayed below 0.01. Skipping calculation at 15:84954221
WARNING: Reached chromosome edge before EHH decayed below 0.01. Skipping calculation at 15:84955453
WARNING: Reached chromosome edge before EHH decayed below 0.01. Skipping calculation at 15:84972279
WARNING: Reached chromosome edge before EHH decayed below 0.01. Skipping calculation at 15:84974343
WARNING: Reached chromosome edge before EHH decayed below 0.01. Skipping calculation at 15:84974601
WARNING: Reached chromosome edge before EHH decayed below 0.01. Skipping calculation at 15:84974910
WARNING: Reached chromosome edge before EHH decayed below 0.01. Skipping calculation at 15:84976053
WARNING: Reached chromosome edge before EHH decayed below 0.01. Skipping calculation at 15:84976892
WARNING: Reached chromosome edge before EHH decayed below 0.01. Skipping calculation at 15:84977378
WARNING: Reached chromosome edge before EHH decayed below 0.01. Skipping calculation at 15:84978916
WARNING: Reached chromosome edge before EHH decayed below 0.01. Skipping calculation at 15:84979604
WARNING: Reached chromosome edge before EHH decayed below 0.01. Skipping calculation at 15:84979962
WARNING: Reached chromosome edge before EHH decayed below 0.01. Skipping calculation at 15:84980720
WARNING: Reached chromosome edge before EHH decayed below 0.01. Skipping calculation at 15:84981760
WARNING: Reached chromosome edge before EHH decayed below 0.01. Skipping calculation at 15:84982122
WARNING: Reached chromosome edge before EHH decayed below 0.01. Skipping calculation at 15:84982538
WARNING: Reached chromosome edge before EHH decayed below 0.01. Skipping calculation at 15:84984159
WARNING: Reached chromosome edge before EHH decayed below 0.01. Skipping calculation at 15:84984528
WARNING: Reached chromosome edge before EHH decayed below 0.01. Skipping calculation at 15:84984686
WARNING: Reached chromosome edge before EHH decayed below 0.01. Skipping calculation at 15:84985669
WARNING: Reached chromosome edge before EHH decayed below 0.01. Skipping calculation at 15:84985851
WARNING: Reached chromosome edge before EHH decayed below 0.01. Skipping calculation at 15:84986268
WARNING: Reached chromosome edge before EHH decayed below 0.01. Skipping calculation at 15:84986302
WARNING: Reached chromosome edge before EHH decayed below 0.01. Skipping calculation at 15:84986312
WARNING: Reached chromosome edge before EHH decayed below 0.01. Skipping calculation at 15:84986455
WARNING: Reached chromosome edge before EHH decayed below 0.01. Skipping calculation at 15:84986861
WARNING: Reached chromosome edge before EHH decayed below 0.01. Skipping calculation at 15:84986963
WARNING: Reached chromosome edge before EHH decayed below 0.01. Skipping calculation at 15:84987152
WARNING: Reached chromosome edge before EHH decayed below 0.01. Skipping calculation at 15:84987320
WARNING: Reached chromosome edge before EHH decayed below 0.01. Skipping calculation at 15:84987491
WARNING: Reached chromosome edge before EHH decayed below 0.01. Skipping calculation at 15:84987636
WARNING: Reached chromosome edge before EHH decayed below 0.01. Skipping calculation at 15:84987872
WARNING: Reached chromosome edge before EHH decayed below 0.01. Skipping calculation at 15:84988672
WARNING: Reached chromosome edge before EHH decayed below 0.01. Skipping calculation at 15:84989201
WARNING: Reached chromosome edge before EHH decayed below 0.01. Skipping calculation at 15:84989611
WARNING: Reached chromosome edge before EHH decayed below 0.01. Skipping calculation at 15:84990282
WARNING: Reached chromosome edge before EHH decayed below 0.01. Skipping calculation at 15:84990805
WARNING: Reached chromosome edge before EHH decayed below 0.01. Skipping calculation at 15:84992012
WARNING: Reached chromosome edge before EHH decayed below 0.01. Skipping calculation at 15:84992397
WARNING: Reached chromosome edge before EHH decayed below 0.01. Skipping calculation at 15:84952630
WARNING: Reached chromosome edge before EHH decayed below 0.01. Skipping calculation at 15:84953630
WARNING: Reached chromosome edge before EHH decayed below 0.01. Skipping calculation at 15:84953637
WARNING: Reached chromosome edge before EHH decayed below 0.01. Skipping calculation at 15:84953672
WARNING: Reached chromosome edge before EHH decayed below 0.01. Skipping calculation at 15:84953682
WARNING: Reached chromosome edge before EHH decayed below 0.01. Skipping calculation at 15:84954184
WARNING: Reached chromosome edge before EHH decayed below 0.01. Skipping calculation at 15:84955428
WARNING: Reached chromosome edge before EHH decayed below 0.01. Skipping calculation at 15:84972278
WARNING: Reached chromosome edge before EHH decayed below 0.01. Skipping calculation at 15:84974339
WARNING: Reached chromosome edge before EHH decayed below 0.01. Skipping calculation at 15:84974584
WARNING: Reached chromosome edge before EHH decayed below 0.01. Skipping calculation at 15:84974886
WARNING: Reached chromosome edge before EHH decayed below 0.01. Skipping calculation at 15:84975771
WARNING: Reached chromosome edge before EHH decayed below 0.01. Skipping calculation at 15:84976852
WARNING: Reached chromosome edge before EHH decayed below 0.01. Skipping calculation at 15:84977347
WARNING: Reached chromosome edge before EHH decayed below 0.01. Skipping calculation at 15:84978893
WARNING: Reached chromosome edge before EHH decayed below 0.01. Skipping calculation at 15:84979506
WARNING: Reached chromosome edge before EHH decayed below 0.01. Skipping calculation at 15:84979871
WARNING: Reached chromosome edge before EHH decayed below 0.01. Skipping calculation at 15:84980704
WARNING: Reached chromosome edge before EHH decayed below 0.01. Skipping calculation at 15:84981620
WARNING: Reached chromosome edge before EHH decayed below 0.01. Skipping calculation at 15:84982039
WARNING: Reached chromosome edge before EHH decayed below 0.01. Skipping calculation at 15:84982485
WARNING: Reached chromosome edge before EHH decayed below 0.01. Skipping calculation at 15:84984153
WARNING: Reached chromosome edge before EHH decayed below 0.01. Skipping calculation at 15:84984486
WARNING: Reached chromosome edge before EHH decayed below 0.01. Skipping calculation at 15:84984594
WARNING: Reached chromosome edge before EHH decayed below 0.01. Skipping calculation at 15:84985636
WARNING: Reached chromosome edge before EHH decayed below 0.01. Skipping calculation at 15:84985725
WARNING: Reached chromosome edge before EHH decayed below 0.01. Skipping calculation at 15:84986186
WARNING: Reached chromosome edge before EHH decayed below 0.01. Skipping calculation at 15:84986301
WARNING: Reached chromosome edge before EHH decayed below 0.01. Skipping calculation at 15:84986311
WARNING: Reached chromosome edge before EHH decayed below 0.01. Skipping calculation at 15:84986415
WARNING: Reached chromosome edge before EHH decayed below 0.01. Skipping calculation at 15:84986800
WARNING: Reached chromosome edge before EHH decayed below 0.01. Skipping calculation at 15:84986929
WARNING: Reached chromosome edge before EHH decayed below 0.01. Skipping calculation at 15:84987112
WARNING: Reached chromosome edge before EHH decayed below 0.01. Skipping calculation at 15:84987312
WARNING: Reached chromosome edge before EHH decayed below 0.01. Skipping calculation at 15:84987483
WARNING: Reached chromosome edge before EHH decayed below 0.01. Skipping calculation at 15:84987617
WARNING: Reached chromosome edge before EHH decayed below 0.01. Skipping calculation at 15:84987868
WARNING: Reached chromosome edge before EHH decayed below 0.01. Skipping calculation at 15:84988608
WARNING: Reached chromosome edge before EHH decayed below 0.01. Skipping calculation at 15:84989190
WARNING: Reached chromosome edge before EHH decayed below 0.01. Skipping calculation at 15:84989288
WARNING: Reached chromosome edge before EHH decayed below 0.01. Skipping calculation at 15:84990251
WARNING: Reached chromosome edge before EHH decayed below 0.01. Skipping calculation at 15:84990801
WARNING: Reached chromosome edge before EHH decayed below 0.01. Skipping calculation at 15:84991952
WARNING: Reached chromosome edge before EHH decayed below 0.01. Skipping calculation at 15:84992393
WARNING: Reached chromosome edge before EHH decayed below 0.01. Skipping calculation at 15:84952489
WARNING: Reached chromosome edge before EHH decayed below 0.01. Skipping calculation at 15:84952688
WARNING: Reached chromosome edge before EHH decayed below 0.01. Skipping calculation at 15:84953632
WARNING: Reached chromosome edge before EHH decayed below 0.01. Skipping calculation at 15:84953641
WARNING: Reached chromosome edge before EHH decayed below 0.01. Skipping calculation at 15:84953677
WARNING: Reached chromosome edge before EHH decayed below 0.01. Skipping calculation at 15:84953684
WARNING: Reached chromosome edge before EHH decayed below 0.01. Skipping calculation at 15:84954321
WARNING: Reached chromosome edge before EHH decayed below 0.01. Skipping calculation at 15:84955458
WARNING: Reached chromosome edge before EHH decayed below 0.01. Skipping calculation at 15:84972300
WARNING: Reached chromosome edge before EHH decayed below 0.01. Skipping calculation at 15:84974442
WARNING: Reached chromosome edge before EHH decayed below 0.01. Skipping calculation at 15:84974791
WARNING: Reached chromosome edge before EHH decayed below 0.01. Skipping calculation at 15:84975486
WARNING: Reached chromosome edge before EHH decayed below 0.01. Skipping calculation at 15:84976122
WARNING: Reached chromosome edge before EHH decayed below 0.01. Skipping calculation at 15:84977036
WARNING: Reached chromosome edge before EHH decayed below 0.01. Skipping calculation at 15:84978388
WARNING: Reached chromosome edge before EHH decayed below 0.01. Skipping calculation at 15:84978917
WARNING: Reached chromosome edge before EHH decayed below 0.01. Skipping calculation at 15:84979700
WARNING: Reached chromosome edge before EHH decayed below 0.01. Skipping calculation at 15:84979980
WARNING: Reached chromosome edge before EHH decayed below 0.01. Skipping calculation at 15:84981500
WARNING: Reached chromosome edge before EHH decayed below 0.01. Skipping calculation at 15:84981784
WARNING: Reached chromosome edge before EHH decayed below 0.01. Skipping calculation at 15:84982138
WARNING: Reached chromosome edge before EHH decayed below 0.01. Skipping calculation at 15:84982547
WARNING: Reached chromosome edge before EHH decayed below 0.01. Skipping calculation at 15:84984243
WARNING: Reached chromosome edge before EHH decayed below 0.01. Skipping calculation at 15:84984555
WARNING: Reached chromosome edge before EHH decayed below 0.01. Skipping calculation at 15:84984861
WARNING: Reached chromosome edge before EHH decayed below 0.01. Skipping calculation at 15:84985672
WARNING: Reached chromosome edge before EHH decayed below 0.01. Skipping calculation at 15:84985856
WARNING: Reached chromosome edge before EHH decayed below 0.01. Skipping calculation at 15:84986284
WARNING: Reached chromosome edge before EHH decayed below 0.01. Skipping calculation at 15:84986303
WARNING: Reached chromosome edge before EHH decayed below 0.01. Skipping calculation at 15:84986313
WARNING: Reached chromosome edge before EHH decayed below 0.01. Skipping calculation at 15:84986475
WARNING: Reached chromosome edge before EHH decayed below 0.01. Skipping calculation at 15:84986866
WARNING: Reached chromosome edge before EHH decayed below 0.01. Skipping calculation at 15:84987049
WARNING: Reached chromosome edge before EHH decayed below 0.01. Skipping calculation at 15:84987237
WARNING: Reached chromosome edge before EHH decayed below 0.01. Skipping calculation at 15:84987352
WARNING: Reached chromosome edge before EHH decayed below 0.01. Skipping calculation at 15:84987492
WARNING: Reached chromosome edge before EHH decayed below 0.01. Skipping calculation at 15:84987660
WARNING: Reached chromosome edge before EHH decayed below 0.01. Skipping calculation at 15:84987963
WARNING: Reached chromosome edge before EHH decayed below 0.01. Skipping calculation at 15:84988673
WARNING: Reached chromosome edge before EHH decayed below 0.01. Skipping calculation at 15:84989203
WARNING: Reached chromosome edge before EHH decayed below 0.01. Skipping calculation at 15:84989660
WARNING: Reached chromosome edge before EHH decayed below 0.01. Skipping calculation at 15:84990283
WARNING: Reached chromosome edge before EHH decayed below 0.01. Skipping calculation at 15:84991734
WARNING: Reached chromosome edge before EHH decayed below 0.01. Skipping calculation at 15:84992138
WARNING: Reached chromosome edge before EHH decayed below 0.01. Skipping calculation at 15:84992439
WARNING: Reached chromosome edge before EHH decayed below 0.01. Skipping calculation at 15:84952584
WARNING: Reached chromosome edge before EHH decayed below 0.01. Skipping calculation at 15:84953628
WARNING: Reached chromosome edge before EHH decayed below 0.01. Skipping calculation at 15:84953635
WARNING: Reached chromosome edge before EHH decayed below 0.01. Skipping calculation at 15:84953666
WARNING: Reached chromosome edge before EHH decayed below 0.01. Skipping calculation at 15:84953680
WARNING: Reached chromosome edge before EHH decayed below 0.01. Skipping calculation at 15:84953747
WARNING: Reached chromosome edge before EHH decayed below 0.01. Skipping calculation at 15:84955389
WARNING: Reached chromosome edge before EHH decayed below 0.01. Skipping calculation at 15:84970729
WARNING: Reached chromosome edge before EHH decayed below 0.01. Skipping calculation at 15:84974271
WARNING: Reached chromosome edge before EHH decayed below 0.01. Skipping calculation at 15:84974574
WARNING: Reached chromosome edge before EHH decayed below 0.01. Skipping calculation at 15:84974870
WARNING: Reached chromosome edge before EHH decayed below 0.01. Skipping calculation at 15:84975663
WARNING: Reached chromosome edge before EHH decayed below 0.01. Skipping calculation at 15:84976841
WARNING: Reached chromosome edge before EHH decayed below 0.01. Skipping calculation at 15:84977290
WARNING: Reached chromosome edge before EHH decayed below 0.01. Skipping calculation at 15:84978883
WARNING: Reached chromosome edge before EHH decayed below 0.01. Skipping calculation at 15:84979483
WARNING: Reached chromosome edge before EHH decayed below 0.01. Skipping calculation at 15:84979853
WARNING: Reached chromosome edge before EHH decayed below 0.01. Skipping calculation at 15:84980691
WARNING: Reached chromosome edge before EHH decayed below 0.01. Skipping calculation at 15:84981552
WARNING: Reached chromosome edge before EHH decayed below 0.01. Skipping calculation at 15:84981919
WARNING: Reached chromosome edge before EHH decayed below 0.01. Skipping calculation at 15:84982453
WARNING: Reached chromosome edge before EHH decayed below 0.01. Skipping calculation at 15:84984140
WARNING: Reached chromosome edge before EHH decayed below 0.01. Skipping calculation at 15:84984368
WARNING: Reached chromosome edge before EHH decayed below 0.01. Skipping calculation at 15:84984584
WARNING: Reached chromosome edge before EHH decayed below 0.01. Skipping calculation at 15:84985600
WARNING: Reached chromosome edge before EHH decayed below 0.01. Skipping calculation at 15:84985687
WARNING: Reached chromosome edge before EHH decayed below 0.01. Skipping calculation at 15:84986153
WARNING: Reached chromosome edge before EHH decayed below 0.01. Skipping calculation at 15:84986300
WARNING: Reached chromosome edge before EHH decayed below 0.01. Skipping calculation at 15:84986306
WARNING: Reached chromosome edge before EHH decayed below 0.01. Skipping calculation at 15:84986380
WARNING: Reached chromosome edge before EHH decayed below 0.01. Skipping calculation at 15:84986734
WARNING: Reached chromosome edge before EHH decayed below 0.01. Skipping calculation at 15:84986896
WARNING: Reached chromosome edge before EHH decayed below 0.01. Skipping calculation at 15:84987110
WARNING: Reached chromosome edge before EHH decayed below 0.01. Skipping calculation at 15:84987289
WARNING: Reached chromosome edge before EHH decayed below 0.01. Skipping calculation at 15:84987475
WARNING: Reached chromosome edge before EHH decayed below 0.01. Skipping calculation at 15:84987540
WARNING: Reached chromosome edge before EHH decayed below 0.01. Skipping calculation at 15:84987759
WARNING: Reached chromosome edge before EHH decayed below 0.01. Skipping calculation at 15:84988605
WARNING: Reached chromosome edge before EHH decayed below 0.01. Skipping calculation at 15:84989092
WARNING: Reached chromosome edge before EHH decayed below 0.01. Skipping calculation at 15:84989247
WARNING: Reached chromosome edge before EHH decayed below 0.01. Skipping calculation at 15:84990240
WARNING: Reached chromosome edge before EHH decayed below 0.01. Skipping calculation at 15:84990286
WARNING: Reached chromosome edge before EHH decayed below 0.01. Skipping calculation at 15:84991947
WARNING: Reached chromosome edge before EHH decayed below 0.01. Skipping calculation at 15:84992387
WARNING: Reached chromosome edge before EHH decayed below 0.01. Skipping calculation at 15:84952552
WARNING: Reached chromosome edge before EHH decayed below 0.01. Skipping calculation at 15:84953627
WARNING: Reached chromosome edge before EHH decayed below 0.01. Skipping calculation at 15:84953634
WARNING: Reached chromosome edge before EHH decayed below 0.01. Skipping calculation at 15:84953647
WARNING: Reached chromosome edge before EHH decayed below 0.01. Skipping calculation at 15:84953679
WARNING: Reached chromosome edge before EHH decayed below 0.01. Skipping calculation at 15:84953687
WARNING: Reached chromosome edge before EHH decayed below 0.01. Skipping calculation at 15:84955370
WARNING: Reached chromosome edge before EHH decayed below 0.01. Skipping calculation at 15:84956971
WARNING: Reached chromosome edge before EHH decayed below 0.01. Skipping calculation at 15:84974259
WARNING: Reached chromosome edge before EHH decayed below 0.01. Skipping calculation at 15:84974471
WARNING: Reached chromosome edge before EHH decayed below 0.01. Skipping calculation at 15:84974844
WARNING: Reached chromosome edge before EHH decayed below 0.01. Skipping calculation at 15:84975634
WARNING: Reached chromosome edge before EHH decayed below 0.01. Skipping calculation at 15:84976840
WARNING: Reached chromosome edge before EHH decayed below 0.01. Skipping calculation at 15:84977289
WARNING: Reached chromosome edge before EHH decayed below 0.01. Skipping calculation at 15:84978853
WARNING: Reached chromosome edge before EHH decayed below 0.01. Skipping calculation at 15:84979455
WARNING: Reached chromosome edge before EHH decayed below 0.01. Skipping calculation at 15:84979848
WARNING: Reached chromosome edge before EHH decayed below 0.01. Skipping calculation at 15:84980598
WARNING: Reached chromosome edge before EHH decayed below 0.01. Skipping calculation at 15:84981547
WARNING: Reached chromosome edge before EHH decayed below 0.01. Skipping calculation at 15:84981904
WARNING: Reached chromosome edge before EHH decayed below 0.01. Skipping calculation at 15:84982265
WARNING: Reached chromosome edge before EHH decayed below 0.01. Skipping calculation at 15:84984068
WARNING: Reached chromosome edge before EHH decayed below 0.01. Skipping calculation at 15:84984282
WARNING: Reached chromosome edge before EHH decayed below 0.01. Skipping calculation at 15:84984578
WARNING: Reached chromosome edge before EHH decayed below 0.01. Skipping calculation at 15:84984997
WARNING: Reached chromosome edge before EHH decayed below 0.01. Skipping calculation at 15:84985674
WARNING: Reached chromosome edge before EHH decayed below 0.01. Skipping calculation at 15:84985898
WARNING: Reached chromosome edge before EHH decayed below 0.01. Skipping calculation at 15:84986299
WARNING: Reached chromosome edge before EHH decayed below 0.01. Skipping calculation at 15:84986305
WARNING: Reached chromosome edge before EHH decayed below 0.01. Skipping calculation at 15:84986315
WARNING: Reached chromosome edge before EHH decayed below 0.01. Skipping calculation at 15:84986570
WARNING: Reached chromosome edge before EHH decayed below 0.01. Skipping calculation at 15:84986889
WARNING: Reached chromosome edge before EHH decayed below 0.01. Skipping calculation at 15:84987077
WARNING: Reached chromosome edge before EHH decayed below 0.01. Skipping calculation at 15:84987246
WARNING: Reached chromosome edge before EHH decayed below 0.01. Skipping calculation at 15:84987473
WARNING: Reached chromosome edge before EHH decayed below 0.01. Skipping calculation at 15:84987536
WARNING: Reached chromosome edge before EHH decayed below 0.01. Skipping calculation at 15:84987741
WARNING: Reached chromosome edge before EHH decayed below 0.01. Skipping calculation at 15:84988110
WARNING: Reached chromosome edge before EHH decayed below 0.01. Skipping calculation at 15:84989012
WARNING: Reached chromosome edge before EHH decayed below 0.01. Skipping calculation at 15:84989246
WARNING: Reached chromosome edge before EHH decayed below 0.01. Skipping calculation at 15:84990161
WARNING: Reached chromosome edge before EHH decayed below 0.01. Skipping calculation at 15:84990285
WARNING: Reached chromosome edge before EHH decayed below 0.01. Skipping calculation at 15:84991851
WARNING: Reached chromosome edge before EHH decayed below 0.01. Skipping calculation at 15:84992361
