/stor9000/apps/users/NWSUAF/2013110098/bin/selscan-master/src/selscan --xpehh --vcf Gelbvieh.chr21.vcf --vcf-ref DN.chr21.vcf --map chr21.map --cutoff 0.01 --out DN_Gelbvieh.21.xpehh --threads 6 
v1.1.0b
Calculating XP-EHH.
Input filename: Gelbvieh.chr21.vcf
Reference input filename: DN.chr21.vcf
Map filename: chr21.map
Output file: DN_Gelbvieh.21.xpehh.xpehh.out
Threads: 6
Scale parameter: 20000
Max gap parameter: 200000
EHH cutoff value: 0.01
Alt flag set: no
WARNING: Reached chromosome edge before EHH decayed below 0.01. Skipping calculation at 21:12447
WARNING: Reached chromosome edge before EHH decayed below 0.01. Skipping calculation at 21:12451
WARNING: Reached chromosome edge before EHH decayed below 0.01. Skipping calculation at 21:12475
WARNING: Reached chromosome edge before EHH decayed below 0.01. Skipping calculation at 21:14421
WARNING: Reached chromosome edge before EHH decayed below 0.01. Skipping calculation at 21:14427
WARNING: Reached chromosome edge before EHH decayed below 0.01. Skipping calculation at 21:14454
WARNING: Reached chromosome edge before EHH decayed below 0.01. Skipping calculation at 21:14494
WARNING: Reached chromosome edge before EHH decayed below 0.01. Skipping calculation at 21:14804
WARNING: Reached chromosome edge before EHH decayed below 0.01. Skipping calculation at 21:14902
WARNING: Reached chromosome edge before EHH decayed below 0.01. Skipping calculation at 21:14903
WARNING: Reached chromosome edge before EHH decayed below 0.01. Skipping calculation at 21:14904
WARNING: Reached chromosome edge before EHH decayed below 0.01. Skipping calculation at 21:14905
WARNING: Reached chromosome edge before EHH decayed below 0.01. Skipping calculation at 21:14906
WARNING: Reached chromosome edge before EHH decayed below 0.01. Skipping calculation at 21:14907
WARNING: Reached chromosome edge before EHH decayed below 0.01. Skipping calculation at 21:14908
WARNING: Reached chromosome edge before EHH decayed below 0.01. Skipping calculation at 21:14909
WARNING: Reached chromosome edge before EHH decayed below 0.01. Skipping calculation at 21:15013
WARNING: Reached chromosome edge before EHH decayed below 0.01. Skipping calculation at 21:15153
WARNING: Reached chromosome edge before EHH decayed below 0.01. Skipping calculation at 21:15167
WARNING: Reached chromosome edge before EHH decayed below 0.01. Skipping calculation at 21:15207
WARNING: Reached chromosome edge before EHH decayed below 0.01. Skipping calculation at 21:15235
WARNING: Reached chromosome edge before EHH decayed below 0.01. Skipping calculation at 21:15432
WARNING: Reached chromosome edge before EHH decayed below 0.01. Skipping calculation at 21:15536
WARNING: Reached chromosome edge before EHH decayed below 0.01. Skipping calculation at 21:15558
WARNING: Reached chromosome edge before EHH decayed below 0.01. Skipping calculation at 21:15566
WARNING: Reached chromosome edge before EHH decayed below 0.01. Skipping calculation at 21:15567
WARNING: Reached chromosome edge before EHH decayed below 0.01. Skipping calculation at 21:15714
WARNING: Reached chromosome edge before EHH decayed below 0.01. Skipping calculation at 21:15877
WARNING: Reached chromosome edge before EHH decayed below 0.01. Skipping calculation at 21:16062
WARNING: Reached chromosome edge before EHH decayed below 0.01. Skipping calculation at 21:16149
WARNING: Reached chromosome edge before EHH decayed below 0.01. Skipping calculation at 21:16151
WARNING: Reached chromosome edge before EHH decayed below 0.01. Skipping calculation at 21:16155
WARNING: Reached chromosome edge before EHH decayed below 0.01. Skipping calculation at 21:16163
WARNING: Reached chromosome edge before EHH decayed below 0.01. Skipping calculation at 21:16173
WARNING: Reached chromosome edge before EHH decayed below 0.01. Skipping calculation at 21:16219
WARNING: Reached chromosome edge before EHH decayed below 0.01. Skipping calculation at 21:16226
WARNING: Reached chromosome edge before EHH decayed below 0.01. Skipping calculation at 21:16234
WARNING: Reached chromosome edge before EHH decayed below 0.01. Skipping calculation at 21:16270
WARNING: Reached chromosome edge before EHH decayed below 0.01. Skipping calculation at 21:16372
WARNING: Reached chromosome edge before EHH decayed below 0.01. Skipping calculation at 21:16435
WARNING: Reached chromosome edge before EHH decayed below 0.01. Skipping calculation at 21:16442
WARNING: Reached chromosome edge before EHH decayed below 0.01. Skipping calculation at 21:16465
WARNING: Reached chromosome edge before EHH decayed below 0.01. Skipping calculation at 21:16522
WARNING: Reached chromosome edge before EHH decayed below 0.01. Skipping calculation at 21:16529
WARNING: Reached chromosome edge before EHH decayed below 0.01. Skipping calculation at 21:16573
WARNING: Reached chromosome edge before EHH decayed below 0.01. Skipping calculation at 21:16586
WARNING: Reached chromosome edge before EHH decayed below 0.01. Skipping calculation at 21:16614
WARNING: Reached chromosome edge before EHH decayed below 0.01. Skipping calculation at 21:16670
WARNING: Reached chromosome edge before EHH decayed below 0.01. Skipping calculation at 21:16671
WARNING: Reached chromosome edge before EHH decayed below 0.01. Skipping calculation at 21:16675
WARNING: Reached chromosome edge before EHH decayed below 0.01. Skipping calculation at 21:16676
WARNING: Reached chromosome edge before EHH decayed below 0.01. Skipping calculation at 21:16687
WARNING: Reached chromosome edge before EHH decayed below 0.01. Skipping calculation at 21:16710
WARNING: Reached chromosome edge before EHH decayed below 0.01. Skipping calculation at 21:16713
WARNING: Reached chromosome edge before EHH decayed below 0.01. Skipping calculation at 21:16714
WARNING: Reached chromosome edge before EHH decayed below 0.01. Skipping calculation at 21:16715
WARNING: Reached chromosome edge before EHH decayed below 0.01. Skipping calculation at 21:16716
WARNING: Reached chromosome edge before EHH decayed below 0.01. Skipping calculation at 21:16717
WARNING: Reached chromosome edge before EHH decayed below 0.01. Skipping calculation at 21:16728
WARNING: Reached chromosome edge before EHH decayed below 0.01. Skipping calculation at 21:16783
WARNING: Reached chromosome edge before EHH decayed below 0.01. Skipping calculation at 21:16801
WARNING: Reached chromosome edge before EHH decayed below 0.01. Skipping calculation at 21:16809
WARNING: Reached chromosome edge before EHH decayed below 0.01. Skipping calculation at 21:16820
WARNING: Reached chromosome edge before EHH decayed below 0.01. Skipping calculation at 21:16844
WARNING: Reached chromosome edge before EHH decayed below 0.01. Skipping calculation at 21:16881
WARNING: Reached chromosome edge before EHH decayed below 0.01. Skipping calculation at 21:16961
WARNING: Reached chromosome edge before EHH decayed below 0.01. Skipping calculation at 21:16981
WARNING: Reached chromosome edge before EHH decayed below 0.01. Skipping calculation at 21:17001
WARNING: Reached chromosome edge before EHH decayed below 0.01. Skipping calculation at 21:17036
WARNING: Reached chromosome edge before EHH decayed below 0.01. Skipping calculation at 21:17211
WARNING: Reached chromosome edge before EHH decayed below 0.01. Skipping calculation at 21:17253
WARNING: Reached chromosome edge before EHH decayed below 0.01. Skipping calculation at 21:17268
WARNING: Reached chromosome edge before EHH decayed below 0.01. Skipping calculation at 21:17416
WARNING: Reached chromosome edge before EHH decayed below 0.01. Skipping calculation at 21:17457
WARNING: Reached chromosome edge before EHH decayed below 0.01. Skipping calculation at 21:17529
WARNING: Reached chromosome edge before EHH decayed below 0.01. Skipping calculation at 21:17554
WARNING: Reached chromosome edge before EHH decayed below 0.01. Skipping calculation at 21:17624
WARNING: Reached chromosome edge before EHH decayed below 0.01. Skipping calculation at 21:17666
WARNING: Reached chromosome edge before EHH decayed below 0.01. Skipping calculation at 21:69807062
WARNING: Reached chromosome edge before EHH decayed below 0.01. Skipping calculation at 21:69807344
WARNING: Reached chromosome edge before EHH decayed below 0.01. Skipping calculation at 21:69807514
WARNING: Reached chromosome edge before EHH decayed below 0.01. Skipping calculation at 21:69808068
WARNING: Reached chromosome edge before EHH decayed below 0.01. Skipping calculation at 21:69808357
WARNING: Reached chromosome edge before EHH decayed below 0.01. Skipping calculation at 21:69808542
WARNING: Reached chromosome edge before EHH decayed below 0.01. Skipping calculation at 21:69808790
WARNING: Reached chromosome edge before EHH decayed below 0.01. Skipping calculation at 21:69809094
WARNING: Reached chromosome edge before EHH decayed below 0.01. Skipping calculation at 21:69809279
WARNING: Reached chromosome edge before EHH decayed below 0.01. Skipping calculation at 21:69809285
WARNING: Reached chromosome edge before EHH decayed below 0.01. Skipping calculation at 21:69809294
WARNING: Reached chromosome edge before EHH decayed below 0.01. Skipping calculation at 21:69809304
WARNING: Reached chromosome edge before EHH decayed below 0.01. Skipping calculation at 21:69809311
WARNING: Reached chromosome edge before EHH decayed below 0.01. Skipping calculation at 21:69809319
WARNING: Reached chromosome edge before EHH decayed below 0.01. Skipping calculation at 21:69809326
WARNING: Reached chromosome edge before EHH decayed below 0.01. Skipping calculation at 21:69809340
WARNING: Reached chromosome edge before EHH decayed below 0.01. Skipping calculation at 21:69809352
WARNING: Reached chromosome edge before EHH decayed below 0.01. Skipping calculation at 21:69809360
WARNING: Reached chromosome edge before EHH decayed below 0.01. Skipping calculation at 21:69809366
WARNING: Reached chromosome edge before EHH decayed below 0.01. Skipping calculation at 21:69809378
WARNING: Reached chromosome edge before EHH decayed below 0.01. Skipping calculation at 21:69809391
WARNING: Reached chromosome edge before EHH decayed below 0.01. Skipping calculation at 21:69809410
WARNING: Reached chromosome edge before EHH decayed below 0.01. Skipping calculation at 21:69809429
WARNING: Reached chromosome edge before EHH decayed below 0.01. Skipping calculation at 21:69809465
WARNING: Reached chromosome edge before EHH decayed below 0.01. Skipping calculation at 21:69809487
WARNING: Reached chromosome edge before EHH decayed below 0.01. Skipping calculation at 21:69809571
WARNING: Reached chromosome edge before EHH decayed below 0.01. Skipping calculation at 21:69809579
WARNING: Reached chromosome edge before EHH decayed below 0.01. Skipping calculation at 21:69809585
WARNING: Reached chromosome edge before EHH decayed below 0.01. Skipping calculation at 21:69809593
WARNING: Reached chromosome edge before EHH decayed below 0.01. Skipping calculation at 21:69809602
WARNING: Reached chromosome edge before EHH decayed below 0.01. Skipping calculation at 21:69809610
WARNING: Reached chromosome edge before EHH decayed below 0.01. Skipping calculation at 21:69809618
WARNING: Reached chromosome edge before EHH decayed below 0.01. Skipping calculation at 21:69809624
WARNING: Reached chromosome edge before EHH decayed below 0.01. Skipping calculation at 21:69809633
WARNING: Reached chromosome edge before EHH decayed below 0.01. Skipping calculation at 21:69809639
WARNING: Reached chromosome edge before EHH decayed below 0.01. Skipping calculation at 21:69809646
WARNING: Reached chromosome edge before EHH decayed below 0.01. Skipping calculation at 21:69809654
WARNING: Reached chromosome edge before EHH decayed below 0.01. Skipping calculation at 21:69809661
WARNING: Reached chromosome edge before EHH decayed below 0.01. Skipping calculation at 21:69809669
WARNING: Reached chromosome edge before EHH decayed below 0.01. Skipping calculation at 21:69809675
WARNING: Reached chromosome edge before EHH decayed below 0.01. Skipping calculation at 21:69809681
WARNING: Reached chromosome edge before EHH decayed below 0.01. Skipping calculation at 21:69809690
WARNING: Reached chromosome edge before EHH decayed below 0.01. Skipping calculation at 21:69809698
WARNING: Reached chromosome edge before EHH decayed below 0.01. Skipping calculation at 21:69809713
WARNING: Reached chromosome edge before EHH decayed below 0.01. Skipping calculation at 21:69809721
WARNING: Reached chromosome edge before EHH decayed below 0.01. Skipping calculation at 21:69809729
WARNING: Reached chromosome edge before EHH decayed below 0.01. Skipping calculation at 21:69809735
WARNING: Reached chromosome edge before EHH decayed below 0.01. Skipping calculation at 21:69809743
WARNING: Reached chromosome edge before EHH decayed below 0.01. Skipping calculation at 21:69809749
WARNING: Reached chromosome edge before EHH decayed below 0.01. Skipping calculation at 21:69809755
WARNING: Reached chromosome edge before EHH decayed below 0.01. Skipping calculation at 21:69809762
WARNING: Reached chromosome edge before EHH decayed below 0.01. Skipping calculation at 21:69809768
WARNING: Reached chromosome edge before EHH decayed below 0.01. Skipping calculation at 21:69809954
WARNING: Reached chromosome edge before EHH decayed below 0.01. Skipping calculation at 21:69810240
WARNING: Reached chromosome edge before EHH decayed below 0.01. Skipping calculation at 21:69810316
WARNING: Reached chromosome edge before EHH decayed below 0.01. Skipping calculation at 21:69810829
WARNING: Reached chromosome edge before EHH decayed below 0.01. Skipping calculation at 21:69811426
WARNING: Reached chromosome edge before EHH decayed below 0.01. Skipping calculation at 21:69811435
WARNING: Reached chromosome edge before EHH decayed below 0.01. Skipping calculation at 21:69811441
WARNING: Reached chromosome edge before EHH decayed below 0.01. Skipping calculation at 21:69811447
WARNING: Reached chromosome edge before EHH decayed below 0.01. Skipping calculation at 21:69811453
WARNING: Reached chromosome edge before EHH decayed below 0.01. Skipping calculation at 21:69811459
WARNING: Reached chromosome edge before EHH decayed below 0.01. Skipping calculation at 21:69811469
WARNING: Reached chromosome edge before EHH decayed below 0.01. Skipping calculation at 21:69811475
WARNING: Reached chromosome edge before EHH decayed below 0.01. Skipping calculation at 21:69813034
WARNING: Reached chromosome edge before EHH decayed below 0.01. Skipping calculation at 21:69813040
WARNING: Reached chromosome edge before EHH decayed below 0.01. Skipping calculation at 21:69813048
WARNING: Reached chromosome edge before EHH decayed below 0.01. Skipping calculation at 21:69813055
WARNING: Reached chromosome edge before EHH decayed below 0.01. Skipping calculation at 21:69813061
WARNING: Reached chromosome edge before EHH decayed below 0.01. Skipping calculation at 21:69813069
WARNING: Reached chromosome edge before EHH decayed below 0.01. Skipping calculation at 21:69813075
WARNING: Reached chromosome edge before EHH decayed below 0.01. Skipping calculation at 21:69813084
WARNING: Reached chromosome edge before EHH decayed below 0.01. Skipping calculation at 21:69813109
WARNING: Reached chromosome edge before EHH decayed below 0.01. Skipping calculation at 21:69813275
WARNING: Reached chromosome edge before EHH decayed below 0.01. Skipping calculation at 21:69813424
WARNING: Reached chromosome edge before EHH decayed below 0.01. Skipping calculation at 21:69813454
WARNING: Reached chromosome edge before EHH decayed below 0.01. Skipping calculation at 21:69813520
WARNING: Reached chromosome edge before EHH decayed below 0.01. Skipping calculation at 21:69813563
WARNING: Reached chromosome edge before EHH decayed below 0.01. Skipping calculation at 21:69816399
WARNING: Reached chromosome edge before EHH decayed below 0.01. Skipping calculation at 21:69816406
WARNING: Reached chromosome edge before EHH decayed below 0.01. Skipping calculation at 21:69816413
WARNING: Reached chromosome edge before EHH decayed below 0.01. Skipping calculation at 21:69817294
WARNING: Reached chromosome edge before EHH decayed below 0.01. Skipping calculation at 21:69817480
WARNING: Reached chromosome edge before EHH decayed below 0.01. Skipping calculation at 21:69817487
WARNING: Reached chromosome edge before EHH decayed below 0.01. Skipping calculation at 21:69817493
WARNING: Reached chromosome edge before EHH decayed below 0.01. Skipping calculation at 21:69817582
WARNING: Reached chromosome edge before EHH decayed below 0.01. Skipping calculation at 21:69817588
WARNING: Reached chromosome edge before EHH decayed below 0.01. Skipping calculation at 21:69817594
WARNING: Reached chromosome edge before EHH decayed below 0.01. Skipping calculation at 21:69817601
WARNING: Reached chromosome edge before EHH decayed below 0.01. Skipping calculation at 21:69817607
WARNING: Reached chromosome edge before EHH decayed below 0.01. Skipping calculation at 21:69846980
WARNING: Reached chromosome edge before EHH decayed below 0.01. Skipping calculation at 21:69851487
WARNING: Reached chromosome edge before EHH decayed below 0.01. Skipping calculation at 21:69852642
WARNING: Reached chromosome edge before EHH decayed below 0.01. Skipping calculation at 21:69852921
WARNING: Reached chromosome edge before EHH decayed below 0.01. Skipping calculation at 21:69852927
WARNING: Reached chromosome edge before EHH decayed below 0.01. Skipping calculation at 21:69852934
WARNING: Reached chromosome edge before EHH decayed below 0.01. Skipping calculation at 21:69852942
WARNING: Reached chromosome edge before EHH decayed below 0.01. Skipping calculation at 21:69852948
WARNING: Reached chromosome edge before EHH decayed below 0.01. Skipping calculation at 21:69852954
WARNING: Reached chromosome edge before EHH decayed below 0.01. Skipping calculation at 21:69852961
WARNING: Reached chromosome edge before EHH decayed below 0.01. Skipping calculation at 21:69852996
WARNING: Reached chromosome edge before EHH decayed below 0.01. Skipping calculation at 21:69853017
WARNING: Reached chromosome edge before EHH decayed below 0.01. Skipping calculation at 21:69854226
WARNING: Reached chromosome edge before EHH decayed below 0.01. Skipping calculation at 21:69854245
WARNING: Reached chromosome edge before EHH decayed below 0.01. Skipping calculation at 21:69854257
WARNING: Reached chromosome edge before EHH decayed below 0.01. Skipping calculation at 21:69854265
WARNING: Reached chromosome edge before EHH decayed below 0.01. Skipping calculation at 21:69854271
WARNING: Reached chromosome edge before EHH decayed below 0.01. Skipping calculation at 21:69854279
WARNING: Reached chromosome edge before EHH decayed below 0.01. Skipping calculation at 21:69854285
WARNING: Reached chromosome edge before EHH decayed below 0.01. Skipping calculation at 21:69854291
WARNING: Reached chromosome edge before EHH decayed below 0.01. Skipping calculation at 21:69854297
WARNING: Reached chromosome edge before EHH decayed below 0.01. Skipping calculation at 21:69854303
WARNING: Reached chromosome edge before EHH decayed below 0.01. Skipping calculation at 21:69854312
WARNING: Reached chromosome edge before EHH decayed below 0.01. Skipping calculation at 21:69854320
WARNING: Reached chromosome edge before EHH decayed below 0.01. Skipping calculation at 21:69854326
WARNING: Reached chromosome edge before EHH decayed below 0.01. Skipping calculation at 21:69854332
WARNING: Reached chromosome edge before EHH decayed below 0.01. Skipping calculation at 21:69854338
WARNING: Reached chromosome edge before EHH decayed below 0.01. Skipping calculation at 21:69854483
WARNING: Reached chromosome edge before EHH decayed below 0.01. Skipping calculation at 21:69854611
WARNING: Reached chromosome edge before EHH decayed below 0.01. Skipping calculation at 21:69854860
WARNING: Reached chromosome edge before EHH decayed below 0.01. Skipping calculation at 21:69855132
WARNING: Reached chromosome edge before EHH decayed below 0.01. Skipping calculation at 21:69855138
WARNING: Reached chromosome edge before EHH decayed below 0.01. Skipping calculation at 21:69855144
WARNING: Reached chromosome edge before EHH decayed below 0.01. Skipping calculation at 21:69855151
WARNING: Reached chromosome edge before EHH decayed below 0.01. Skipping calculation at 21:69855300
WARNING: Reached chromosome edge before EHH decayed below 0.01. Skipping calculation at 21:69855609
WARNING: Reached chromosome edge before EHH decayed below 0.01. Skipping calculation at 21:69855729
WARNING: Reached chromosome edge before EHH decayed below 0.01. Skipping calculation at 21:69807231
WARNING: Reached chromosome edge before EHH decayed below 0.01. Skipping calculation at 21:69807473
WARNING: Reached chromosome edge before EHH decayed below 0.01. Skipping calculation at 21:69807882
WARNING: Reached chromosome edge before EHH decayed below 0.01. Skipping calculation at 21:69808197
WARNING: Reached chromosome edge before EHH decayed below 0.01. Skipping calculation at 21:69808451
WARNING: Reached chromosome edge before EHH decayed below 0.01. Skipping calculation at 21:69808623
WARNING: Reached chromosome edge before EHH decayed below 0.01. Skipping calculation at 21:69808854
WARNING: Reached chromosome edge before EHH decayed below 0.01. Skipping calculation at 21:69809276
WARNING: Reached chromosome edge before EHH decayed below 0.01. Skipping calculation at 21:69809282
WARNING: Reached chromosome edge before EHH decayed below 0.01. Skipping calculation at 21:69809290
WARNING: Reached chromosome edge before EHH decayed below 0.01. Skipping calculation at 21:69809298
WARNING: Reached chromosome edge before EHH decayed below 0.01. Skipping calculation at 21:69809308
WARNING: Reached chromosome edge before EHH decayed below 0.01. Skipping calculation at 21:69809316
WARNING: Reached chromosome edge before EHH decayed below 0.01. Skipping calculation at 21:69809323
WARNING: Reached chromosome edge before EHH decayed below 0.01. Skipping calculation at 21:69809333
WARNING: Reached chromosome edge before EHH decayed below 0.01. Skipping calculation at 21:69809345
WARNING: Reached chromosome edge before EHH decayed below 0.01. Skipping calculation at 21:69809357
WARNING: Reached chromosome edge before EHH decayed below 0.01. Skipping calculation at 21:69809363
WARNING: Reached chromosome edge before EHH decayed below 0.01. Skipping calculation at 21:69809371
WARNING: Reached chromosome edge before EHH decayed below 0.01. Skipping calculation at 21:69809381
WARNING: Reached chromosome edge before EHH decayed below 0.01. Skipping calculation at 21:69809399
WARNING: Reached chromosome edge before EHH decayed below 0.01. Skipping calculation at 21:69809423
WARNING: Reached chromosome edge before EHH decayed below 0.01. Skipping calculation at 21:69809432
WARNING: Reached chromosome edge before EHH decayed below 0.01. Skipping calculation at 21:69809478
WARNING: Reached chromosome edge before EHH decayed below 0.01. Skipping calculation at 21:69809507
WARNING: Reached chromosome edge before EHH decayed below 0.01. Skipping calculation at 21:69809574
WARNING: Reached chromosome edge before EHH decayed below 0.01. Skipping calculation at 21:69809582
WARNING: Reached chromosome edge before EHH decayed below 0.01. Skipping calculation at 21:69809590
WARNING: Reached chromosome edge before EHH decayed below 0.01. Skipping calculation at 21:69809599
WARNING: Reached chromosome edge before EHH decayed below 0.01. Skipping calculation at 21:69809606
WARNING: Reached chromosome edge before EHH decayed below 0.01. Skipping calculation at 21:69809615
WARNING: Reached chromosome edge before EHH decayed below 0.01. Skipping calculation at 21:69809621
WARNING: Reached chromosome edge before EHH decayed below 0.01. Skipping calculation at 21:69809627
WARNING: Reached chromosome edge before EHH decayed below 0.01. Skipping calculation at 21:69809636
WARNING: Reached chromosome edge before EHH decayed below 0.01. Skipping calculation at 21:69809642
WARNING: Reached chromosome edge before EHH decayed below 0.01. Skipping calculation at 21:69809650
WARNING: Reached chromosome edge before EHH decayed below 0.01. Skipping calculation at 21:69809657
WARNING: Reached chromosome edge before EHH decayed below 0.01. Skipping calculation at 21:69809664
WARNING: Reached chromosome edge before EHH decayed below 0.01. Skipping calculation at 21:69809672
WARNING: Reached chromosome edge before EHH decayed below 0.01. Skipping calculation at 21:69809678
WARNING: Reached chromosome edge before EHH decayed below 0.01. Skipping calculation at 21:69809685
WARNING: Reached chromosome edge before EHH decayed below 0.01. Skipping calculation at 21:69809693
WARNING: Reached chromosome edge before EHH decayed below 0.01. Skipping calculation at 21:69809701
WARNING: Reached chromosome edge before EHH decayed below 0.01. Skipping calculation at 21:69809716
WARNING: Reached chromosome edge before EHH decayed below 0.01. Skipping calculation at 21:69809726
WARNING: Reached chromosome edge before EHH decayed below 0.01. Skipping calculation at 21:69809732
WARNING: Reached chromosome edge before EHH decayed below 0.01. Skipping calculation at 21:69809739
WARNING: Reached chromosome edge before EHH decayed below 0.01. Skipping calculation at 21:69809746
WARNING: Reached chromosome edge before EHH decayed below 0.01. Skipping calculation at 21:69809752
WARNING: Reached chromosome edge before EHH decayed below 0.01. Skipping calculation at 21:69809759
WARNING: Reached chromosome edge before EHH decayed below 0.01. Skipping calculation at 21:69809765
WARNING: Reached chromosome edge before EHH decayed below 0.01. Skipping calculation at 21:69809771
WARNING: Reached chromosome edge before EHH decayed below 0.01. Skipping calculation at 21:69810072
WARNING: Reached chromosome edge before EHH decayed below 0.01. Skipping calculation at 21:69810297
WARNING: Reached chromosome edge before EHH decayed below 0.01. Skipping calculation at 21:69810424
WARNING: Reached chromosome edge before EHH decayed below 0.01. Skipping calculation at 21:69811423
WARNING: Reached chromosome edge before EHH decayed below 0.01. Skipping calculation at 21:69811431
WARNING: Reached chromosome edge before EHH decayed below 0.01. Skipping calculation at 21:69811438
WARNING: Reached chromosome edge before EHH decayed below 0.01. Skipping calculation at 21:69811444
WARNING: Reached chromosome edge before EHH decayed below 0.01. Skipping calculation at 21:69811450
WARNING: Reached chromosome edge before EHH decayed below 0.01. Skipping calculation at 21:69811456
WARNING: Reached chromosome edge before EHH decayed below 0.01. Skipping calculation at 21:69811466
WARNING: Reached chromosome edge before EHH decayed below 0.01. Skipping calculation at 21:69811472
WARNING: Reached chromosome edge before EHH decayed below 0.01. Skipping calculation at 21:69811655
WARNING: Reached chromosome edge before EHH decayed below 0.01. Skipping calculation at 21:69813037
WARNING: Reached chromosome edge before EHH decayed below 0.01. Skipping calculation at 21:69813043
WARNING: Reached chromosome edge before EHH decayed below 0.01. Skipping calculation at 21:69813051
WARNING: Reached chromosome edge before EHH decayed below 0.01. Skipping calculation at 21:69813058
WARNING: Reached chromosome edge before EHH decayed below 0.01. Skipping calculation at 21:69813066
WARNING: Reached chromosome edge before EHH decayed below 0.01. Skipping calculation at 21:69813072
WARNING: Reached chromosome edge before EHH decayed below 0.01. Skipping calculation at 21:69813078
WARNING: Reached chromosome edge before EHH decayed below 0.01. Skipping calculation at 21:69813104
WARNING: Reached chromosome edge before EHH decayed below 0.01. Skipping calculation at 21:69813270
WARNING: Reached chromosome edge before EHH decayed below 0.01. Skipping calculation at 21:69813279
WARNING: Reached chromosome edge before EHH decayed below 0.01. Skipping calculation at 21:69813430
WARNING: Reached chromosome edge before EHH decayed below 0.01. Skipping calculation at 21:69813516
WARNING: Reached chromosome edge before EHH decayed below 0.01. Skipping calculation at 21:69813558
WARNING: Reached chromosome edge before EHH decayed below 0.01. Skipping calculation at 21:69813568
WARNING: Reached chromosome edge before EHH decayed below 0.01. Skipping calculation at 21:69816403
WARNING: Reached chromosome edge before EHH decayed below 0.01. Skipping calculation at 21:69816409
WARNING: Reached chromosome edge before EHH decayed below 0.01. Skipping calculation at 21:69816416
WARNING: Reached chromosome edge before EHH decayed below 0.01. Skipping calculation at 21:69817437
WARNING: Reached chromosome edge before EHH decayed below 0.01. Skipping calculation at 21:69817484
WARNING: Reached chromosome edge before EHH decayed below 0.01. Skipping calculation at 21:69817490
WARNING: Reached chromosome edge before EHH decayed below 0.01. Skipping calculation at 21:69817579
WARNING: Reached chromosome edge before EHH decayed below 0.01. Skipping calculation at 21:69817585
WARNING: Reached chromosome edge before EHH decayed below 0.01. Skipping calculation at 21:69817591
WARNING: Reached chromosome edge before EHH decayed below 0.01. Skipping calculation at 21:69817598
WARNING: Reached chromosome edge before EHH decayed below 0.01. Skipping calculation at 21:69817604
WARNING: Reached chromosome edge before EHH decayed below 0.01. Skipping calculation at 21:69817610
WARNING: Reached chromosome edge before EHH decayed below 0.01. Skipping calculation at 21:69850656
WARNING: Reached chromosome edge before EHH decayed below 0.01. Skipping calculation at 21:69851759
WARNING: Reached chromosome edge before EHH decayed below 0.01. Skipping calculation at 21:69852671
WARNING: Reached chromosome edge before EHH decayed below 0.01. Skipping calculation at 21:69852924
WARNING: Reached chromosome edge before EHH decayed below 0.01. Skipping calculation at 21:69852930
WARNING: Reached chromosome edge before EHH decayed below 0.01. Skipping calculation at 21:69852938
WARNING: Reached chromosome edge before EHH decayed below 0.01. Skipping calculation at 21:69852945
WARNING: Reached chromosome edge before EHH decayed below 0.01. Skipping calculation at 21:69852951
WARNING: Reached chromosome edge before EHH decayed below 0.01. Skipping calculation at 21:69852958
WARNING: Reached chromosome edge before EHH decayed below 0.01. Skipping calculation at 21:69852976
WARNING: Reached chromosome edge before EHH decayed below 0.01. Skipping calculation at 21:69853014
WARNING: Reached chromosome edge before EHH decayed below 0.01. Skipping calculation at 21:69854221
WARNING: Reached chromosome edge before EHH decayed below 0.01. Skipping calculation at 21:69854230
WARNING: Reached chromosome edge before EHH decayed below 0.01. Skipping calculation at 21:69854252
WARNING: Reached chromosome edge before EHH decayed below 0.01. Skipping calculation at 21:69854261
WARNING: Reached chromosome edge before EHH decayed below 0.01. Skipping calculation at 21:69854268
WARNING: Reached chromosome edge before EHH decayed below 0.01. Skipping calculation at 21:69854275
WARNING: Reached chromosome edge before EHH decayed below 0.01. Skipping calculation at 21:69854282
WARNING: Reached chromosome edge before EHH decayed below 0.01. Skipping calculation at 21:69854288
WARNING: Reached chromosome edge before EHH decayed below 0.01. Skipping calculation at 21:69854294
WARNING: Reached chromosome edge before EHH decayed below 0.01. Skipping calculation at 21:69854300
WARNING: Reached chromosome edge before EHH decayed below 0.01. Skipping calculation at 21:69854307
WARNING: Reached chromosome edge before EHH decayed below 0.01. Skipping calculation at 21:69854317
WARNING: Reached chromosome edge before EHH decayed below 0.01. Skipping calculation at 21:69854323
WARNING: Reached chromosome edge before EHH decayed below 0.01. Skipping calculation at 21:69854329
WARNING: Reached chromosome edge before EHH decayed below 0.01. Skipping calculation at 21:69854335
WARNING: Reached chromosome edge before EHH decayed below 0.01. Skipping calculation at 21:69854341
WARNING: Reached chromosome edge before EHH decayed below 0.01. Skipping calculation at 21:69854524
WARNING: Reached chromosome edge before EHH decayed below 0.01. Skipping calculation at 21:69854742
WARNING: Reached chromosome edge before EHH decayed below 0.01. Skipping calculation at 21:69855129
WARNING: Reached chromosome edge before EHH decayed below 0.01. Skipping calculation at 21:69855135
WARNING: Reached chromosome edge before EHH decayed below 0.01. Skipping calculation at 21:69855141
WARNING: Reached chromosome edge before EHH decayed below 0.01. Skipping calculation at 21:69855147
WARNING: Reached chromosome edge before EHH decayed below 0.01. Skipping calculation at 21:69855172
WARNING: Reached chromosome edge before EHH decayed below 0.01. Skipping calculation at 21:69855380
WARNING: Reached chromosome edge before EHH decayed below 0.01. Skipping calculation at 21:69855647
WARNING: Reached chromosome edge before EHH decayed below 0.01. Skipping calculation at 21:69855890
WARNING: Reached chromosome edge before EHH decayed below 0.01. Skipping calculation at 21:69806901
WARNING: Reached chromosome edge before EHH decayed below 0.01. Skipping calculation at 21:69807308
WARNING: Reached chromosome edge before EHH decayed below 0.01. Skipping calculation at 21:69807476
WARNING: Reached chromosome edge before EHH decayed below 0.01. Skipping calculation at 21:69807908
WARNING: Reached chromosome edge before EHH decayed below 0.01. Skipping calculation at 21:69808259
WARNING: Reached chromosome edge before EHH decayed below 0.01. Skipping calculation at 21:69808456
WARNING: Reached chromosome edge before EHH decayed below 0.01. Skipping calculation at 21:69808765
WARNING: Reached chromosome edge before EHH decayed below 0.01. Skipping calculation at 21:69808875
WARNING: Reached chromosome edge before EHH decayed below 0.01. Skipping calculation at 21:69809277
WARNING: Reached chromosome edge before EHH decayed below 0.01. Skipping calculation at 21:69809283
WARNING: Reached chromosome edge before EHH decayed below 0.01. Skipping calculation at 21:69809291
WARNING: Reached chromosome edge before EHH decayed below 0.01. Skipping calculation at 21:69809299
WARNING: Reached chromosome edge before EHH decayed below 0.01. Skipping calculation at 21:69809309
WARNING: Reached chromosome edge before EHH decayed below 0.01. Skipping calculation at 21:69809317
WARNING: Reached chromosome edge before EHH decayed below 0.01. Skipping calculation at 21:69809324
WARNING: Reached chromosome edge before EHH decayed below 0.01. Skipping calculation at 21:69809335
WARNING: Reached chromosome edge before EHH decayed below 0.01. Skipping calculation at 21:69809346
WARNING: Reached chromosome edge before EHH decayed below 0.01. Skipping calculation at 21:69809358
WARNING: Reached chromosome edge before EHH decayed below 0.01. Skipping calculation at 21:69809364
WARNING: Reached chromosome edge before EHH decayed below 0.01. Skipping calculation at 21:69809374
WARNING: Reached chromosome edge before EHH decayed below 0.01. Skipping calculation at 21:69809383
WARNING: Reached chromosome edge before EHH decayed below 0.01. Skipping calculation at 21:69809400
WARNING: Reached chromosome edge before EHH decayed below 0.01. Skipping calculation at 21:69809424
WARNING: Reached chromosome edge before EHH decayed below 0.01. Skipping calculation at 21:69809433
WARNING: Reached chromosome edge before EHH decayed below 0.01. Skipping calculation at 21:69809480
WARNING: Reached chromosome edge before EHH decayed below 0.01. Skipping calculation at 21:69809509
WARNING: Reached chromosome edge before EHH decayed below 0.01. Skipping calculation at 21:69809575
WARNING: Reached chromosome edge before EHH decayed below 0.01. Skipping calculation at 21:69809583
WARNING: Reached chromosome edge before EHH decayed below 0.01. Skipping calculation at 21:69809591
WARNING: Reached chromosome edge before EHH decayed below 0.01. Skipping calculation at 21:69809600
WARNING: Reached chromosome edge before EHH decayed below 0.01. Skipping calculation at 21:69809608
WARNING: Reached chromosome edge before EHH decayed below 0.01. Skipping calculation at 21:69809616
WARNING: Reached chromosome edge before EHH decayed below 0.01. Skipping calculation at 21:69809622
WARNING: Reached chromosome edge before EHH decayed below 0.01. Skipping calculation at 21:69809628
WARNING: Reached chromosome edge before EHH decayed below 0.01. Skipping calculation at 21:69809637
WARNING: Reached chromosome edge before EHH decayed below 0.01. Skipping calculation at 21:69809643
WARNING: Reached chromosome edge before EHH decayed below 0.01. Skipping calculation at 21:69809651
WARNING: Reached chromosome edge before EHH decayed below 0.01. Skipping calculation at 21:69809658
WARNING: Reached chromosome edge before EHH decayed below 0.01. Skipping calculation at 21:69809665
WARNING: Reached chromosome edge before EHH decayed below 0.01. Skipping calculation at 21:69809673
WARNING: Reached chromosome edge before EHH decayed below 0.01. Skipping calculation at 21:69809679
WARNING: Reached chromosome edge before EHH decayed below 0.01. Skipping calculation at 21:69809687
WARNING: Reached chromosome edge before EHH decayed below 0.01. Skipping calculation at 21:69809696
WARNING: Reached chromosome edge before EHH decayed below 0.01. Skipping calculation at 21:69809711
WARNING: Reached chromosome edge before EHH decayed below 0.01. Skipping calculation at 21:69809717
WARNING: Reached chromosome edge before EHH decayed below 0.01. Skipping calculation at 21:69809727
WARNING: Reached chromosome edge before EHH decayed below 0.01. Skipping calculation at 21:69809733
WARNING: Reached chromosome edge before EHH decayed below 0.01. Skipping calculation at 21:69809741
WARNING: Reached chromosome edge before EHH decayed below 0.01. Skipping calculation at 21:69809747
WARNING: Reached chromosome edge before EHH decayed below 0.01. Skipping calculation at 21:69809753
WARNING: Reached chromosome edge before EHH decayed below 0.01. Skipping calculation at 21:69809760
WARNING: Reached chromosome edge before EHH decayed below 0.01. Skipping calculation at 21:69809766
WARNING: Reached chromosome edge before EHH decayed below 0.01. Skipping calculation at 21:69809772
WARNING: Reached chromosome edge before EHH decayed below 0.01. Skipping calculation at 21:69810088
WARNING: Reached chromosome edge before EHH decayed below 0.01. Skipping calculation at 21:69810314
WARNING: Reached chromosome edge before EHH decayed below 0.01. Skipping calculation at 21:69810723
WARNING: Reached chromosome edge before EHH decayed below 0.01. Skipping calculation at 21:69811424
WARNING: Reached chromosome edge before EHH decayed below 0.01. Skipping calculation at 21:69811433
WARNING: Reached chromosome edge before EHH decayed below 0.01. Skipping calculation at 21:69811439
WARNING: Reached chromosome edge before EHH decayed below 0.01. Skipping calculation at 21:69811445
WARNING: Reached chromosome edge before EHH decayed below 0.01. Skipping calculation at 21:69811451
WARNING: Reached chromosome edge before EHH decayed below 0.01. Skipping calculation at 21:69811457
WARNING: Reached chromosome edge before EHH decayed below 0.01. Skipping calculation at 21:69811467
WARNING: Reached chromosome edge before EHH decayed below 0.01. Skipping calculation at 21:69811473
WARNING: Reached chromosome edge before EHH decayed below 0.01. Skipping calculation at 21:69811664
WARNING: Reached chromosome edge before EHH decayed below 0.01. Skipping calculation at 21:69813038
WARNING: Reached chromosome edge before EHH decayed below 0.01. Skipping calculation at 21:69813044
WARNING: Reached chromosome edge before EHH decayed below 0.01. Skipping calculation at 21:69813052
WARNING: Reached chromosome edge before EHH decayed below 0.01. Skipping calculation at 21:69813059
WARNING: Reached chromosome edge before EHH decayed below 0.01. Skipping calculation at 21:69813067
WARNING: Reached chromosome edge before EHH decayed below 0.01. Skipping calculation at 21:69813073
WARNING: Reached chromosome edge before EHH decayed below 0.01. Skipping calculation at 21:69813080
WARNING: Reached chromosome edge before EHH decayed below 0.01. Skipping calculation at 21:69813105
WARNING: Reached chromosome edge before EHH decayed below 0.01. Skipping calculation at 21:69813272
WARNING: Reached chromosome edge before EHH decayed below 0.01. Skipping calculation at 21:69813421
WARNING: Reached chromosome edge before EHH decayed below 0.01. Skipping calculation at 21:69813432
WARNING: Reached chromosome edge before EHH decayed below 0.01. Skipping calculation at 21:69813517
WARNING: Reached chromosome edge before EHH decayed below 0.01. Skipping calculation at 21:69813559
WARNING: Reached chromosome edge before EHH decayed below 0.01. Skipping calculation at 21:69816396
WARNING: Reached chromosome edge before EHH decayed below 0.01. Skipping calculation at 21:69816404
WARNING: Reached chromosome edge before EHH decayed below 0.01. Skipping calculation at 21:69816410
WARNING: Reached chromosome edge before EHH decayed below 0.01. Skipping calculation at 21:69816417
WARNING: Reached chromosome edge before EHH decayed below 0.01. Skipping calculation at 21:69817477
WARNING: Reached chromosome edge before EHH decayed below 0.01. Skipping calculation at 21:69817485
WARNING: Reached chromosome edge before EHH decayed below 0.01. Skipping calculation at 21:69817491
WARNING: Reached chromosome edge before EHH decayed below 0.01. Skipping calculation at 21:69817580
WARNING: Reached chromosome edge before EHH decayed below 0.01. Skipping calculation at 21:69817586
WARNING: Reached chromosome edge before EHH decayed below 0.01. Skipping calculation at 21:69817592
WARNING: Reached chromosome edge before EHH decayed below 0.01. Skipping calculation at 21:69817599
WARNING: Reached chromosome edge before EHH decayed below 0.01. Skipping calculation at 21:69817605
WARNING: Reached chromosome edge before EHH decayed below 0.01. Skipping calculation at 21:69846883
WARNING: Reached chromosome edge before EHH decayed below 0.01. Skipping calculation at 21:69851141
WARNING: Reached chromosome edge before EHH decayed below 0.01. Skipping calculation at 21:69851833
WARNING: Reached chromosome edge before EHH decayed below 0.01. Skipping calculation at 21:69852729
WARNING: Reached chromosome edge before EHH decayed below 0.01. Skipping calculation at 21:69852925
WARNING: Reached chromosome edge before EHH decayed below 0.01. Skipping calculation at 21:69852932
WARNING: Reached chromosome edge before EHH decayed below 0.01. Skipping calculation at 21:69852940
WARNING: Reached chromosome edge before EHH decayed below 0.01. Skipping calculation at 21:69852946
WARNING: Reached chromosome edge before EHH decayed below 0.01. Skipping calculation at 21:69852952
WARNING: Reached chromosome edge before EHH decayed below 0.01. Skipping calculation at 21:69852959
WARNING: Reached chromosome edge before EHH decayed below 0.01. Skipping calculation at 21:69852980
WARNING: Reached chromosome edge before EHH decayed below 0.01. Skipping calculation at 21:69853015
WARNING: Reached chromosome edge before EHH decayed below 0.01. Skipping calculation at 21:69854224
WARNING: Reached chromosome edge before EHH decayed below 0.01. Skipping calculation at 21:69854243
WARNING: Reached chromosome edge before EHH decayed below 0.01. Skipping calculation at 21:69854255
WARNING: Reached chromosome edge before EHH decayed below 0.01. Skipping calculation at 21:69854262
WARNING: Reached chromosome edge before EHH decayed below 0.01. Skipping calculation at 21:69854269
WARNING: Reached chromosome edge before EHH decayed below 0.01. Skipping calculation at 21:69854277
WARNING: Reached chromosome edge before EHH decayed below 0.01. Skipping calculation at 21:69854283
WARNING: Reached chromosome edge before EHH decayed below 0.01. Skipping calculation at 21:69854289
WARNING: Reached chromosome edge before EHH decayed below 0.01. Skipping calculation at 21:69854295
WARNING: Reached chromosome edge before EHH decayed below 0.01. Skipping calculation at 21:69854301
WARNING: Reached chromosome edge before EHH decayed below 0.01. Skipping calculation at 21:69854309
WARNING: Reached chromosome edge before EHH decayed below 0.01. Skipping calculation at 21:69854318
WARNING: Reached chromosome edge before EHH decayed below 0.01. Skipping calculation at 21:69854324
WARNING: Reached chromosome edge before EHH decayed below 0.01. Skipping calculation at 21:69854330
WARNING: Reached chromosome edge before EHH decayed below 0.01. Skipping calculation at 21:69854336
WARNING: Reached chromosome edge before EHH decayed below 0.01. Skipping calculation at 21:69854342
WARNING: Reached chromosome edge before EHH decayed below 0.01. Skipping calculation at 21:69854554
WARNING: Reached chromosome edge before EHH decayed below 0.01. Skipping calculation at 21:69854769
WARNING: Reached chromosome edge before EHH decayed below 0.01. Skipping calculation at 21:69855130
WARNING: Reached chromosome edge before EHH decayed below 0.01. Skipping calculation at 21:69855136
WARNING: Reached chromosome edge before EHH decayed below 0.01. Skipping calculation at 21:69855142
WARNING: Reached chromosome edge before EHH decayed below 0.01. Skipping calculation at 21:69855148
WARNING: Reached chromosome edge before EHH decayed below 0.01. Skipping calculation at 21:69855262
WARNING: Reached chromosome edge before EHH decayed below 0.01. Skipping calculation at 21:69855588
WARNING: Reached chromosome edge before EHH decayed below 0.01. Skipping calculation at 21:69855665
WARNING: Reached chromosome edge before EHH decayed below 0.01. Skipping calculation at 21:69807186
WARNING: Reached chromosome edge before EHH decayed below 0.01. Skipping calculation at 21:69807441
WARNING: Reached chromosome edge before EHH decayed below 0.01. Skipping calculation at 21:69807568
WARNING: Reached chromosome edge before EHH decayed below 0.01. Skipping calculation at 21:69808163
WARNING: Reached chromosome edge before EHH decayed below 0.01. Skipping calculation at 21:69808441
WARNING: Reached chromosome edge before EHH decayed below 0.01. Skipping calculation at 21:69808621
WARNING: Reached chromosome edge before EHH decayed below 0.01. Skipping calculation at 21:69808825
WARNING: Reached chromosome edge before EHH decayed below 0.01. Skipping calculation at 21:69809275
WARNING: Reached chromosome edge before EHH decayed below 0.01. Skipping calculation at 21:69809281
WARNING: Reached chromosome edge before EHH decayed below 0.01. Skipping calculation at 21:69809289
WARNING: Reached chromosome edge before EHH decayed below 0.01. Skipping calculation at 21:69809297
WARNING: Reached chromosome edge before EHH decayed below 0.01. Skipping calculation at 21:69809307
WARNING: Reached chromosome edge before EHH decayed below 0.01. Skipping calculation at 21:69809314
WARNING: Reached chromosome edge before EHH decayed below 0.01. Skipping calculation at 21:69809322
WARNING: Reached chromosome edge before EHH decayed below 0.01. Skipping calculation at 21:69809328
WARNING: Reached chromosome edge before EHH decayed below 0.01. Skipping calculation at 21:69809344
WARNING: Reached chromosome edge before EHH decayed below 0.01. Skipping calculation at 21:69809355
WARNING: Reached chromosome edge before EHH decayed below 0.01. Skipping calculation at 21:69809362
WARNING: Reached chromosome edge before EHH decayed below 0.01. Skipping calculation at 21:69809370
WARNING: Reached chromosome edge before EHH decayed below 0.01. Skipping calculation at 21:69809380
WARNING: Reached chromosome edge before EHH decayed below 0.01. Skipping calculation at 21:69809395
WARNING: Reached chromosome edge before EHH decayed below 0.01. Skipping calculation at 21:69809420
WARNING: Reached chromosome edge before EHH decayed below 0.01. Skipping calculation at 21:69809431
WARNING: Reached chromosome edge before EHH decayed below 0.01. Skipping calculation at 21:69809473
WARNING: Reached chromosome edge before EHH decayed below 0.01. Skipping calculation at 21:69809502
WARNING: Reached chromosome edge before EHH decayed below 0.01. Skipping calculation at 21:69809573
WARNING: Reached chromosome edge before EHH decayed below 0.01. Skipping calculation at 21:69809581
WARNING: Reached chromosome edge before EHH decayed below 0.01. Skipping calculation at 21:69809588
WARNING: Reached chromosome edge before EHH decayed below 0.01. Skipping calculation at 21:69809598
WARNING: Reached chromosome edge before EHH decayed below 0.01. Skipping calculation at 21:69809605
WARNING: Reached chromosome edge before EHH decayed below 0.01. Skipping calculation at 21:69809613
WARNING: Reached chromosome edge before EHH decayed below 0.01. Skipping calculation at 21:69809620
WARNING: Reached chromosome edge before EHH decayed below 0.01. Skipping calculation at 21:69809626
WARNING: Reached chromosome edge before EHH decayed below 0.01. Skipping calculation at 21:69809635
WARNING: Reached chromosome edge before EHH decayed below 0.01. Skipping calculation at 21:69809641
WARNING: Reached chromosome edge before EHH decayed below 0.01. Skipping calculation at 21:69809648
WARNING: Reached chromosome edge before EHH decayed below 0.01. Skipping calculation at 21:69809656
WARNING: Reached chromosome edge before EHH decayed below 0.01. Skipping calculation at 21:69809663
WARNING: Reached chromosome edge before EHH decayed below 0.01. Skipping calculation at 21:69809671
WARNING: Reached chromosome edge before EHH decayed below 0.01. Skipping calculation at 21:69809677
WARNING: Reached chromosome edge before EHH decayed below 0.01. Skipping calculation at 21:69809683
WARNING: Reached chromosome edge before EHH decayed below 0.01. Skipping calculation at 21:69809692
WARNING: Reached chromosome edge before EHH decayed below 0.01. Skipping calculation at 21:69809700
WARNING: Reached chromosome edge before EHH decayed below 0.01. Skipping calculation at 21:69809715
WARNING: Reached chromosome edge before EHH decayed below 0.01. Skipping calculation at 21:69809725
WARNING: Reached chromosome edge before EHH decayed below 0.01. Skipping calculation at 21:69809731
WARNING: Reached chromosome edge before EHH decayed below 0.01. Skipping calculation at 21:69809737
WARNING: Reached chromosome edge before EHH decayed below 0.01. Skipping calculation at 21:69809745
WARNING: Reached chromosome edge before EHH decayed below 0.01. Skipping calculation at 21:69809751
WARNING: Reached chromosome edge before EHH decayed below 0.01. Skipping calculation at 21:69809757
WARNING: Reached chromosome edge before EHH decayed below 0.01. Skipping calculation at 21:69809764
WARNING: Reached chromosome edge before EHH decayed below 0.01. Skipping calculation at 21:69809770
WARNING: Reached chromosome edge before EHH decayed below 0.01. Skipping calculation at 21:69810026
WARNING: Reached chromosome edge before EHH decayed below 0.01. Skipping calculation at 21:69810249
WARNING: Reached chromosome edge before EHH decayed below 0.01. Skipping calculation at 21:69810417
WARNING: Reached chromosome edge before EHH decayed below 0.01. Skipping calculation at 21:69811422
WARNING: Reached chromosome edge before EHH decayed below 0.01. Skipping calculation at 21:69811430
WARNING: Reached chromosome edge before EHH decayed below 0.01. Skipping calculation at 21:69811437
WARNING: Reached chromosome edge before EHH decayed below 0.01. Skipping calculation at 21:69811443
WARNING: Reached chromosome edge before EHH decayed below 0.01. Skipping calculation at 21:69811449
WARNING: Reached chromosome edge before EHH decayed below 0.01. Skipping calculation at 21:69811455
WARNING: Reached chromosome edge before EHH decayed below 0.01. Skipping calculation at 21:69811462
WARNING: Reached chromosome edge before EHH decayed below 0.01. Skipping calculation at 21:69811471
WARNING: Reached chromosome edge before EHH decayed below 0.01. Skipping calculation at 21:69811477
WARNING: Reached chromosome edge before EHH decayed below 0.01. Skipping calculation at 21:69813036
WARNING: Reached chromosome edge before EHH decayed below 0.01. Skipping calculation at 21:69813042
WARNING: Reached chromosome edge before EHH decayed below 0.01. Skipping calculation at 21:69813050
WARNING: Reached chromosome edge before EHH decayed below 0.01. Skipping calculation at 21:69813057
WARNING: Reached chromosome edge before EHH decayed below 0.01. Skipping calculation at 21:69813064
WARNING: Reached chromosome edge before EHH decayed below 0.01. Skipping calculation at 21:69813071
WARNING: Reached chromosome edge before EHH decayed below 0.01. Skipping calculation at 21:69813077
WARNING: Reached chromosome edge before EHH decayed below 0.01. Skipping calculation at 21:69813102
WARNING: Reached chromosome edge before EHH decayed below 0.01. Skipping calculation at 21:69813201
WARNING: Reached chromosome edge before EHH decayed below 0.01. Skipping calculation at 21:69813277
WARNING: Reached chromosome edge before EHH decayed below 0.01. Skipping calculation at 21:69813427
WARNING: Reached chromosome edge before EHH decayed below 0.01. Skipping calculation at 21:69813510
WARNING: Reached chromosome edge before EHH decayed below 0.01. Skipping calculation at 21:69813557
WARNING: Reached chromosome edge before EHH decayed below 0.01. Skipping calculation at 21:69813567
WARNING: Reached chromosome edge before EHH decayed below 0.01. Skipping calculation at 21:69816401
WARNING: Reached chromosome edge before EHH decayed below 0.01. Skipping calculation at 21:69816408
WARNING: Reached chromosome edge before EHH decayed below 0.01. Skipping calculation at 21:69816415
WARNING: Reached chromosome edge before EHH decayed below 0.01. Skipping calculation at 21:69817434
WARNING: Reached chromosome edge before EHH decayed below 0.01. Skipping calculation at 21:69817483
WARNING: Reached chromosome edge before EHH decayed below 0.01. Skipping calculation at 21:69817489
WARNING: Reached chromosome edge before EHH decayed below 0.01. Skipping calculation at 21:69817578
WARNING: Reached chromosome edge before EHH decayed below 0.01. Skipping calculation at 21:69817584
WARNING: Reached chromosome edge before EHH decayed below 0.01. Skipping calculation at 21:69817590
WARNING: Reached chromosome edge before EHH decayed below 0.01. Skipping calculation at 21:69817596
WARNING: Reached chromosome edge before EHH decayed below 0.01. Skipping calculation at 21:69817603
WARNING: Reached chromosome edge before EHH decayed below 0.01. Skipping calculation at 21:69817609
WARNING: Reached chromosome edge before EHH decayed below 0.01. Skipping calculation at 21:69850586
WARNING: Reached chromosome edge before EHH decayed below 0.01. Skipping calculation at 21:69851679
WARNING: Reached chromosome edge before EHH decayed below 0.01. Skipping calculation at 21:69852670
WARNING: Reached chromosome edge before EHH decayed below 0.01. Skipping calculation at 21:69852923
WARNING: Reached chromosome edge before EHH decayed below 0.01. Skipping calculation at 21:69852929
WARNING: Reached chromosome edge before EHH decayed below 0.01. Skipping calculation at 21:69852936
WARNING: Reached chromosome edge before EHH decayed below 0.01. Skipping calculation at 21:69852944
WARNING: Reached chromosome edge before EHH decayed below 0.01. Skipping calculation at 21:69852950
WARNING: Reached chromosome edge before EHH decayed below 0.01. Skipping calculation at 21:69852957
WARNING: Reached chromosome edge before EHH decayed below 0.01. Skipping calculation at 21:69852964
WARNING: Reached chromosome edge before EHH decayed below 0.01. Skipping calculation at 21:69853013
WARNING: Reached chromosome edge before EHH decayed below 0.01. Skipping calculation at 21:69853020
WARNING: Reached chromosome edge before EHH decayed below 0.01. Skipping calculation at 21:69854229
WARNING: Reached chromosome edge before EHH decayed below 0.01. Skipping calculation at 21:69854251
WARNING: Reached chromosome edge before EHH decayed below 0.01. Skipping calculation at 21:69854260
WARNING: Reached chromosome edge before EHH decayed below 0.01. Skipping calculation at 21:69854267
WARNING: Reached chromosome edge before EHH decayed below 0.01. Skipping calculation at 21:69854273
WARNING: Reached chromosome edge before EHH decayed below 0.01. Skipping calculation at 21:69854281
WARNING: Reached chromosome edge before EHH decayed below 0.01. Skipping calculation at 21:69854287
WARNING: Reached chromosome edge before EHH decayed below 0.01. Skipping calculation at 21:69854293
WARNING: Reached chromosome edge before EHH decayed below 0.01. Skipping calculation at 21:69854299
WARNING: Reached chromosome edge before EHH decayed below 0.01. Skipping calculation at 21:69854305
WARNING: Reached chromosome edge before EHH decayed below 0.01. Skipping calculation at 21:69854315
WARNING: Reached chromosome edge before EHH decayed below 0.01. Skipping calculation at 21:69854322
WARNING: Reached chromosome edge before EHH decayed below 0.01. Skipping calculation at 21:69854328
WARNING: Reached chromosome edge before EHH decayed below 0.01. Skipping calculation at 21:69854334
WARNING: Reached chromosome edge before EHH decayed below 0.01. Skipping calculation at 21:69854340
WARNING: Reached chromosome edge before EHH decayed below 0.01. Skipping calculation at 21:69854520
WARNING: Reached chromosome edge before EHH decayed below 0.01. Skipping calculation at 21:69854741
WARNING: Reached chromosome edge before EHH decayed below 0.01. Skipping calculation at 21:69854928
WARNING: Reached chromosome edge before EHH decayed below 0.01. Skipping calculation at 21:69855134
WARNING: Reached chromosome edge before EHH decayed below 0.01. Skipping calculation at 21:69855140
WARNING: Reached chromosome edge before EHH decayed below 0.01. Skipping calculation at 21:69855146
WARNING: Reached chromosome edge before EHH decayed below 0.01. Skipping calculation at 21:69855153
WARNING: Reached chromosome edge before EHH decayed below 0.01. Skipping calculation at 21:69855370
WARNING: Reached chromosome edge before EHH decayed below 0.01. Skipping calculation at 21:69855642
WARNING: Reached chromosome edge before EHH decayed below 0.01. Skipping calculation at 21:69855883
WARNING: Reached chromosome edge before EHH decayed below 0.01. Skipping calculation at 21:69807051
WARNING: Reached chromosome edge before EHH decayed below 0.01. Skipping calculation at 21:69807321
WARNING: Reached chromosome edge before EHH decayed below 0.01. Skipping calculation at 21:69807506
WARNING: Reached chromosome edge before EHH decayed below 0.01. Skipping calculation at 21:69807913
WARNING: Reached chromosome edge before EHH decayed below 0.01. Skipping calculation at 21:69808305
WARNING: Reached chromosome edge before EHH decayed below 0.01. Skipping calculation at 21:69808460
WARNING: Reached chromosome edge before EHH decayed below 0.01. Skipping calculation at 21:69808781
WARNING: Reached chromosome edge before EHH decayed below 0.01. Skipping calculation at 21:69809061
WARNING: Reached chromosome edge before EHH decayed below 0.01. Skipping calculation at 21:69809278
WARNING: Reached chromosome edge before EHH decayed below 0.01. Skipping calculation at 21:69809284
WARNING: Reached chromosome edge before EHH decayed below 0.01. Skipping calculation at 21:69809293
WARNING: Reached chromosome edge before EHH decayed below 0.01. Skipping calculation at 21:69809300
WARNING: Reached chromosome edge before EHH decayed below 0.01. Skipping calculation at 21:69809310
WARNING: Reached chromosome edge before EHH decayed below 0.01. Skipping calculation at 21:69809318
WARNING: Reached chromosome edge before EHH decayed below 0.01. Skipping calculation at 21:69809325
WARNING: Reached chromosome edge before EHH decayed below 0.01. Skipping calculation at 21:69809338
WARNING: Reached chromosome edge before EHH decayed below 0.01. Skipping calculation at 21:69809347
WARNING: Reached chromosome edge before EHH decayed below 0.01. Skipping calculation at 21:69809359
WARNING: Reached chromosome edge before EHH decayed below 0.01. Skipping calculation at 21:69809365
WARNING: Reached chromosome edge before EHH decayed below 0.01. Skipping calculation at 21:69809377
WARNING: Reached chromosome edge before EHH decayed below 0.01. Skipping calculation at 21:69809390
WARNING: Reached chromosome edge before EHH decayed below 0.01. Skipping calculation at 21:69809407
WARNING: Reached chromosome edge before EHH decayed below 0.01. Skipping calculation at 21:69809428
WARNING: Reached chromosome edge before EHH decayed below 0.01. Skipping calculation at 21:69809445
WARNING: Reached chromosome edge before EHH decayed below 0.01. Skipping calculation at 21:69809485
WARNING: Reached chromosome edge before EHH decayed below 0.01. Skipping calculation at 21:69809570
WARNING: Reached chromosome edge before EHH decayed below 0.01. Skipping calculation at 21:69809577
WARNING: Reached chromosome edge before EHH decayed below 0.01. Skipping calculation at 21:69809584
WARNING: Reached chromosome edge before EHH decayed below 0.01. Skipping calculation at 21:69809592
WARNING: Reached chromosome edge before EHH decayed below 0.01. Skipping calculation at 21:69809601
WARNING: Reached chromosome edge before EHH decayed below 0.01. Skipping calculation at 21:69809609
WARNING: Reached chromosome edge before EHH decayed below 0.01. Skipping calculation at 21:69809617
WARNING: Reached chromosome edge before EHH decayed below 0.01. Skipping calculation at 21:69809623
WARNING: Reached chromosome edge before EHH decayed below 0.01. Skipping calculation at 21:69809631
WARNING: Reached chromosome edge before EHH decayed below 0.01. Skipping calculation at 21:69809638
WARNING: Reached chromosome edge before EHH decayed below 0.01. Skipping calculation at 21:69809645
WARNING: Reached chromosome edge before EHH decayed below 0.01. Skipping calculation at 21:69809653
WARNING: Reached chromosome edge before EHH decayed below 0.01. Skipping calculation at 21:69809660
WARNING: Reached chromosome edge before EHH decayed below 0.01. Skipping calculation at 21:69809667
WARNING: Reached chromosome edge before EHH decayed below 0.01. Skipping calculation at 21:69809674
WARNING: Reached chromosome edge before EHH decayed below 0.01. Skipping calculation at 21:69809680
WARNING: Reached chromosome edge before EHH decayed below 0.01. Skipping calculation at 21:69809688
WARNING: Reached chromosome edge before EHH decayed below 0.01. Skipping calculation at 21:69809697
WARNING: Reached chromosome edge before EHH decayed below 0.01. Skipping calculation at 21:69809712
WARNING: Reached chromosome edge before EHH decayed below 0.01. Skipping calculation at 21:69809719
WARNING: Reached chromosome edge before EHH decayed below 0.01. Skipping calculation at 21:69809728
WARNING: Reached chromosome edge before EHH decayed below 0.01. Skipping calculation at 21:69809734
WARNING: Reached chromosome edge before EHH decayed below 0.01. Skipping calculation at 21:69809742
WARNING: Reached chromosome edge before EHH decayed below 0.01. Skipping calculation at 21:69809748
WARNING: Reached chromosome edge before EHH decayed below 0.01. Skipping calculation at 21:69809754
WARNING: Reached chromosome edge before EHH decayed below 0.01. Skipping calculation at 21:69809761
WARNING: Reached chromosome edge before EHH decayed below 0.01. Skipping calculation at 21:69809767
WARNING: Reached chromosome edge before EHH decayed below 0.01. Skipping calculation at 21:69809775
WARNING: Reached chromosome edge before EHH decayed below 0.01. Skipping calculation at 21:69810142
WARNING: Reached chromosome edge before EHH decayed below 0.01. Skipping calculation at 21:69810315
WARNING: Reached chromosome edge before EHH decayed below 0.01. Skipping calculation at 21:69810816
WARNING: Reached chromosome edge before EHH decayed below 0.01. Skipping calculation at 21:69811425
WARNING: Reached chromosome edge before EHH decayed below 0.01. Skipping calculation at 21:69811434
WARNING: Reached chromosome edge before EHH decayed below 0.01. Skipping calculation at 21:69811440
WARNING: Reached chromosome edge before EHH decayed below 0.01. Skipping calculation at 21:69811446
WARNING: Reached chromosome edge before EHH decayed below 0.01. Skipping calculation at 21:69811452
WARNING: Reached chromosome edge before EHH decayed below 0.01. Skipping calculation at 21:69811458
WARNING: Reached chromosome edge before EHH decayed below 0.01. Skipping calculation at 21:69811468
WARNING: Reached chromosome edge before EHH decayed below 0.01. Skipping calculation at 21:69811474
WARNING: Reached chromosome edge before EHH decayed below 0.01. Skipping calculation at 21:69812132
WARNING: Reached chromosome edge before EHH decayed below 0.01. Skipping calculation at 21:69813039
WARNING: Reached chromosome edge before EHH decayed below 0.01. Skipping calculation at 21:69813046
WARNING: Reached chromosome edge before EHH decayed below 0.01. Skipping calculation at 21:69813053
WARNING: Reached chromosome edge before EHH decayed below 0.01. Skipping calculation at 21:69813060
WARNING: Reached chromosome edge before EHH decayed below 0.01. Skipping calculation at 21:69813068
WARNING: Reached chromosome edge before EHH decayed below 0.01. Skipping calculation at 21:69813074
WARNING: Reached chromosome edge before EHH decayed below 0.01. Skipping calculation at 21:69813081
WARNING: Reached chromosome edge before EHH decayed below 0.01. Skipping calculation at 21:69813106
WARNING: Reached chromosome edge before EHH decayed below 0.01. Skipping calculation at 21:69813273
WARNING: Reached chromosome edge before EHH decayed below 0.01. Skipping calculation at 21:69813422
WARNING: Reached chromosome edge before EHH decayed below 0.01. Skipping calculation at 21:69813452
WARNING: Reached chromosome edge before EHH decayed below 0.01. Skipping calculation at 21:69813518
WARNING: Reached chromosome edge before EHH decayed below 0.01. Skipping calculation at 21:69813560
WARNING: Reached chromosome edge before EHH decayed below 0.01. Skipping calculation at 21:69816398
WARNING: Reached chromosome edge before EHH decayed below 0.01. Skipping calculation at 21:69816405
WARNING: Reached chromosome edge before EHH decayed below 0.01. Skipping calculation at 21:69816412
WARNING: Reached chromosome edge before EHH decayed below 0.01. Skipping calculation at 21:69816418
WARNING: Reached chromosome edge before EHH decayed below 0.01. Skipping calculation at 21:69817478
WARNING: Reached chromosome edge before EHH decayed below 0.01. Skipping calculation at 21:69817486
WARNING: Reached chromosome edge before EHH decayed below 0.01. Skipping calculation at 21:69817492
WARNING: Reached chromosome edge before EHH decayed below 0.01. Skipping calculation at 21:69817581
WARNING: Reached chromosome edge before EHH decayed below 0.01. Skipping calculation at 21:69817587
WARNING: Reached chromosome edge before EHH decayed below 0.01. Skipping calculation at 21:69817593
WARNING: Reached chromosome edge before EHH decayed below 0.01. Skipping calculation at 21:69817600
WARNING: Reached chromosome edge before EHH decayed below 0.01. Skipping calculation at 21:69817606
WARNING: Reached chromosome edge before EHH decayed below 0.01. Skipping calculation at 21:69846899
WARNING: Reached chromosome edge before EHH decayed below 0.01. Skipping calculation at 21:69851449
WARNING: Reached chromosome edge before EHH decayed below 0.01. Skipping calculation at 21:69851916
WARNING: Reached chromosome edge before EHH decayed below 0.01. Skipping calculation at 21:69852920
WARNING: Reached chromosome edge before EHH decayed below 0.01. Skipping calculation at 21:69852926
WARNING: Reached chromosome edge before EHH decayed below 0.01. Skipping calculation at 21:69852933
WARNING: Reached chromosome edge before EHH decayed below 0.01. Skipping calculation at 21:69852941
WARNING: Reached chromosome edge before EHH decayed below 0.01. Skipping calculation at 21:69852947
WARNING: Reached chromosome edge before EHH decayed below 0.01. Skipping calculation at 21:69852953
WARNING: Reached chromosome edge before EHH decayed below 0.01. Skipping calculation at 21:69852960
WARNING: Reached chromosome edge before EHH decayed below 0.01. Skipping calculation at 21:69852982
WARNING: Reached chromosome edge before EHH decayed below 0.01. Skipping calculation at 21:69853016
WARNING: Reached chromosome edge before EHH decayed below 0.01. Skipping calculation at 21:69854225
WARNING: Reached chromosome edge before EHH decayed below 0.01. Skipping calculation at 21:69854244
WARNING: Reached chromosome edge before EHH decayed below 0.01. Skipping calculation at 21:69854256
WARNING: Reached chromosome edge before EHH decayed below 0.01. Skipping calculation at 21:69854264
WARNING: Reached chromosome edge before EHH decayed below 0.01. Skipping calculation at 21:69854270
WARNING: Reached chromosome edge before EHH decayed below 0.01. Skipping calculation at 21:69854278
WARNING: Reached chromosome edge before EHH decayed below 0.01. Skipping calculation at 21:69854284
WARNING: Reached chromosome edge before EHH decayed below 0.01. Skipping calculation at 21:69854290
WARNING: Reached chromosome edge before EHH decayed below 0.01. Skipping calculation at 21:69854296
WARNING: Reached chromosome edge before EHH decayed below 0.01. Skipping calculation at 21:69854302
WARNING: Reached chromosome edge before EHH decayed below 0.01. Skipping calculation at 21:69854311
WARNING: Reached chromosome edge before EHH decayed below 0.01. Skipping calculation at 21:69854319
WARNING: Reached chromosome edge before EHH decayed below 0.01. Skipping calculation at 21:69854325
WARNING: Reached chromosome edge before EHH decayed below 0.01. Skipping calculation at 21:69854331
WARNING: Reached chromosome edge before EHH decayed below 0.01. Skipping calculation at 21:69854337
WARNING: Reached chromosome edge before EHH decayed below 0.01. Skipping calculation at 21:69854343
WARNING: Reached chromosome edge before EHH decayed below 0.01. Skipping calculation at 21:69854563
WARNING: Reached chromosome edge before EHH decayed below 0.01. Skipping calculation at 21:69854786
WARNING: Reached chromosome edge before EHH decayed below 0.01. Skipping calculation at 21:69855131
WARNING: Reached chromosome edge before EHH decayed below 0.01. Skipping calculation at 21:69855137
WARNING: Reached chromosome edge before EHH decayed below 0.01. Skipping calculation at 21:69855143
WARNING: Reached chromosome edge before EHH decayed below 0.01. Skipping calculation at 21:69855150
WARNING: Reached chromosome edge before EHH decayed below 0.01. Skipping calculation at 21:69855288
WARNING: Reached chromosome edge before EHH decayed below 0.01. Skipping calculation at 21:69855605
WARNING: Reached chromosome edge before EHH decayed below 0.01. Skipping calculation at 21:69855684
WARNING: Reached chromosome edge before EHH decayed below 0.01. Skipping calculation at 21:69807133
WARNING: Reached chromosome edge before EHH decayed below 0.01. Skipping calculation at 21:69807401
WARNING: Reached chromosome edge before EHH decayed below 0.01. Skipping calculation at 21:69807567
WARNING: Reached chromosome edge before EHH decayed below 0.01. Skipping calculation at 21:69808157
WARNING: Reached chromosome edge before EHH decayed below 0.01. Skipping calculation at 21:69808366
WARNING: Reached chromosome edge before EHH decayed below 0.01. Skipping calculation at 21:69808559
WARNING: Reached chromosome edge before EHH decayed below 0.01. Skipping calculation at 21:69808824
WARNING: Reached chromosome edge before EHH decayed below 0.01. Skipping calculation at 21:69809274
WARNING: Reached chromosome edge before EHH decayed below 0.01. Skipping calculation at 21:69809280
WARNING: Reached chromosome edge before EHH decayed below 0.01. Skipping calculation at 21:69809286
WARNING: Reached chromosome edge before EHH decayed below 0.01. Skipping calculation at 21:69809295
WARNING: Reached chromosome edge before EHH decayed below 0.01. Skipping calculation at 21:69809305
WARNING: Reached chromosome edge before EHH decayed below 0.01. Skipping calculation at 21:69809313
WARNING: Reached chromosome edge before EHH decayed below 0.01. Skipping calculation at 21:69809321
WARNING: Reached chromosome edge before EHH decayed below 0.01. Skipping calculation at 21:69809327
WARNING: Reached chromosome edge before EHH decayed below 0.01. Skipping calculation at 21:69809342
WARNING: Reached chromosome edge before EHH decayed below 0.01. Skipping calculation at 21:69809354
WARNING: Reached chromosome edge before EHH decayed below 0.01. Skipping calculation at 21:69809361
WARNING: Reached chromosome edge before EHH decayed below 0.01. Skipping calculation at 21:69809367
WARNING: Reached chromosome edge before EHH decayed below 0.01. Skipping calculation at 21:69809379
WARNING: Reached chromosome edge before EHH decayed below 0.01. Skipping calculation at 21:69809392
WARNING: Reached chromosome edge before EHH decayed below 0.01. Skipping calculation at 21:69809414
WARNING: Reached chromosome edge before EHH decayed below 0.01. Skipping calculation at 21:69809430
WARNING: Reached chromosome edge before EHH decayed below 0.01. Skipping calculation at 21:69809472
WARNING: Reached chromosome edge before EHH decayed below 0.01. Skipping calculation at 21:69809499
WARNING: Reached chromosome edge before EHH decayed below 0.01. Skipping calculation at 21:69809572
WARNING: Reached chromosome edge before EHH decayed below 0.01. Skipping calculation at 21:69809580
WARNING: Reached chromosome edge before EHH decayed below 0.01. Skipping calculation at 21:69809586
WARNING: Reached chromosome edge before EHH decayed below 0.01. Skipping calculation at 21:69809597
WARNING: Reached chromosome edge before EHH decayed below 0.01. Skipping calculation at 21:69809603
WARNING: Reached chromosome edge before EHH decayed below 0.01. Skipping calculation at 21:69809611
WARNING: Reached chromosome edge before EHH decayed below 0.01. Skipping calculation at 21:69809619
WARNING: Reached chromosome edge before EHH decayed below 0.01. Skipping calculation at 21:69809625
WARNING: Reached chromosome edge before EHH decayed below 0.01. Skipping calculation at 21:69809634
WARNING: Reached chromosome edge before EHH decayed below 0.01. Skipping calculation at 21:69809640
WARNING: Reached chromosome edge before EHH decayed below 0.01. Skipping calculation at 21:69809647
WARNING: Reached chromosome edge before EHH decayed below 0.01. Skipping calculation at 21:69809655
WARNING: Reached chromosome edge before EHH decayed below 0.01. Skipping calculation at 21:69809662
WARNING: Reached chromosome edge before EHH decayed below 0.01. Skipping calculation at 21:69809670
WARNING: Reached chromosome edge before EHH decayed below 0.01. Skipping calculation at 21:69809676
WARNING: Reached chromosome edge before EHH decayed below 0.01. Skipping calculation at 21:69809682
WARNING: Reached chromosome edge before EHH decayed below 0.01. Skipping calculation at 21:69809691
WARNING: Reached chromosome edge before EHH decayed below 0.01. Skipping calculation at 21:69809699
WARNING: Reached chromosome edge before EHH decayed below 0.01. Skipping calculation at 21:69809714
WARNING: Reached chromosome edge before EHH decayed below 0.01. Skipping calculation at 21:69809724
WARNING: Reached chromosome edge before EHH decayed below 0.01. Skipping calculation at 21:69809730
WARNING: Reached chromosome edge before EHH decayed below 0.01. Skipping calculation at 21:69809736
WARNING: Reached chromosome edge before EHH decayed below 0.01. Skipping calculation at 21:69809744
WARNING: Reached chromosome edge before EHH decayed below 0.01. Skipping calculation at 21:69809750
WARNING: Reached chromosome edge before EHH decayed below 0.01. Skipping calculation at 21:69809756
WARNING: Reached chromosome edge before EHH decayed below 0.01. Skipping calculation at 21:69809763
WARNING: Reached chromosome edge before EHH decayed below 0.01. Skipping calculation at 21:69809769
WARNING: Reached chromosome edge before EHH decayed below 0.01. Skipping calculation at 21:69809958
WARNING: Reached chromosome edge before EHH decayed below 0.01. Skipping calculation at 21:69810248
WARNING: Reached chromosome edge before EHH decayed below 0.01. Skipping calculation at 21:69810317
WARNING: Reached chromosome edge before EHH decayed below 0.01. Skipping calculation at 21:69810956
WARNING: Reached chromosome edge before EHH decayed below 0.01. Skipping calculation at 21:69811427
WARNING: Reached chromosome edge before EHH decayed below 0.01. Skipping calculation at 21:69811436
WARNING: Reached chromosome edge before EHH decayed below 0.01. Skipping calculation at 21:69811442
WARNING: Reached chromosome edge before EHH decayed below 0.01. Skipping calculation at 21:69811448
WARNING: Reached chromosome edge before EHH decayed below 0.01. Skipping calculation at 21:69811454
WARNING: Reached chromosome edge before EHH decayed below 0.01. Skipping calculation at 21:69811460
WARNING: Reached chromosome edge before EHH decayed below 0.01. Skipping calculation at 21:69811470
WARNING: Reached chromosome edge before EHH decayed below 0.01. Skipping calculation at 21:69811476
WARNING: Reached chromosome edge before EHH decayed below 0.01. Skipping calculation at 21:69813035
WARNING: Reached chromosome edge before EHH decayed below 0.01. Skipping calculation at 21:69813041
WARNING: Reached chromosome edge before EHH decayed below 0.01. Skipping calculation at 21:69813049
WARNING: Reached chromosome edge before EHH decayed below 0.01. Skipping calculation at 21:69813056
WARNING: Reached chromosome edge before EHH decayed below 0.01. Skipping calculation at 21:69813062
WARNING: Reached chromosome edge before EHH decayed below 0.01. Skipping calculation at 21:69813070
WARNING: Reached chromosome edge before EHH decayed below 0.01. Skipping calculation at 21:69813076
WARNING: Reached chromosome edge before EHH decayed below 0.01. Skipping calculation at 21:69813085
WARNING: Reached chromosome edge before EHH decayed below 0.01. Skipping calculation at 21:69813200
WARNING: Reached chromosome edge before EHH decayed below 0.01. Skipping calculation at 21:69813276
WARNING: Reached chromosome edge before EHH decayed below 0.01. Skipping calculation at 21:69813425
WARNING: Reached chromosome edge before EHH decayed below 0.01. Skipping calculation at 21:69813481
WARNING: Reached chromosome edge before EHH decayed below 0.01. Skipping calculation at 21:69813556
WARNING: Reached chromosome edge before EHH decayed below 0.01. Skipping calculation at 21:69813565
WARNING: Reached chromosome edge before EHH decayed below 0.01. Skipping calculation at 21:69816400
WARNING: Reached chromosome edge before EHH decayed below 0.01. Skipping calculation at 21:69816407
WARNING: Reached chromosome edge before EHH decayed below 0.01. Skipping calculation at 21:69816414
WARNING: Reached chromosome edge before EHH decayed below 0.01. Skipping calculation at 21:69817310
WARNING: Reached chromosome edge before EHH decayed below 0.01. Skipping calculation at 21:69817482
WARNING: Reached chromosome edge before EHH decayed below 0.01. Skipping calculation at 21:69817488
WARNING: Reached chromosome edge before EHH decayed below 0.01. Skipping calculation at 21:69817561
WARNING: Reached chromosome edge before EHH decayed below 0.01. Skipping calculation at 21:69817583
WARNING: Reached chromosome edge before EHH decayed below 0.01. Skipping calculation at 21:69817589
WARNING: Reached chromosome edge before EHH decayed below 0.01. Skipping calculation at 21:69817595
WARNING: Reached chromosome edge before EHH decayed below 0.01. Skipping calculation at 21:69817602
WARNING: Reached chromosome edge before EHH decayed below 0.01. Skipping calculation at 21:69817608
WARNING: Reached chromosome edge before EHH decayed below 0.01. Skipping calculation at 21:69850113
WARNING: Reached chromosome edge before EHH decayed below 0.01. Skipping calculation at 21:69851668
WARNING: Reached chromosome edge before EHH decayed below 0.01. Skipping calculation at 21:69852666
WARNING: Reached chromosome edge before EHH decayed below 0.01. Skipping calculation at 21:69852922
WARNING: Reached chromosome edge before EHH decayed below 0.01. Skipping calculation at 21:69852928
WARNING: Reached chromosome edge before EHH decayed below 0.01. Skipping calculation at 21:69852935
WARNING: Reached chromosome edge before EHH decayed below 0.01. Skipping calculation at 21:69852943
WARNING: Reached chromosome edge before EHH decayed below 0.01. Skipping calculation at 21:69852949
WARNING: Reached chromosome edge before EHH decayed below 0.01. Skipping calculation at 21:69852955
WARNING: Reached chromosome edge before EHH decayed below 0.01. Skipping calculation at 21:69852963
WARNING: Reached chromosome edge before EHH decayed below 0.01. Skipping calculation at 21:69853012
WARNING: Reached chromosome edge before EHH decayed below 0.01. Skipping calculation at 21:69853018
WARNING: Reached chromosome edge before EHH decayed below 0.01. Skipping calculation at 21:69854227
WARNING: Reached chromosome edge before EHH decayed below 0.01. Skipping calculation at 21:69854250
WARNING: Reached chromosome edge before EHH decayed below 0.01. Skipping calculation at 21:69854259
WARNING: Reached chromosome edge before EHH decayed below 0.01. Skipping calculation at 21:69854266
WARNING: Reached chromosome edge before EHH decayed below 0.01. Skipping calculation at 21:69854272
WARNING: Reached chromosome edge before EHH decayed below 0.01. Skipping calculation at 21:69854280
WARNING: Reached chromosome edge before EHH decayed below 0.01. Skipping calculation at 21:69854286
WARNING: Reached chromosome edge before EHH decayed below 0.01. Skipping calculation at 21:69854292
WARNING: Reached chromosome edge before EHH decayed below 0.01. Skipping calculation at 21:69854298
WARNING: Reached chromosome edge before EHH decayed below 0.01. Skipping calculation at 21:69854304
WARNING: Reached chromosome edge before EHH decayed below 0.01. Skipping calculation at 21:69854314
WARNING: Reached chromosome edge before EHH decayed below 0.01. Skipping calculation at 21:69854321
WARNING: Reached chromosome edge before EHH decayed below 0.01. Skipping calculation at 21:69854327
WARNING: Reached chromosome edge before EHH decayed below 0.01. Skipping calculation at 21:69854333
WARNING: Reached chromosome edge before EHH decayed below 0.01. Skipping calculation at 21:69854339
WARNING: Reached chromosome edge before EHH decayed below 0.01. Skipping calculation at 21:69854515
WARNING: Reached chromosome edge before EHH decayed below 0.01. Skipping calculation at 21:69854683
WARNING: Reached chromosome edge before EHH decayed below 0.01. Skipping calculation at 21:69854878
WARNING: Reached chromosome edge before EHH decayed below 0.01. Skipping calculation at 21:69855133
WARNING: Reached chromosome edge before EHH decayed below 0.01. Skipping calculation at 21:69855139
WARNING: Reached chromosome edge before EHH decayed below 0.01. Skipping calculation at 21:69855145
WARNING: Reached chromosome edge before EHH decayed below 0.01. Skipping calculation at 21:69855152
WARNING: Reached chromosome edge before EHH decayed below 0.01. Skipping calculation at 21:69855367
WARNING: Reached chromosome edge before EHH decayed below 0.01. Skipping calculation at 21:69855625
WARNING: Reached chromosome edge before EHH decayed below 0.01. Skipping calculation at 21:69855858
