/stor9000/apps/users/NWSUAF/2013110098/bin/selscan-master/src/selscan --xpehh --vcf Gelbvieh.chr1.vcf --vcf-ref DN.chr1.vcf --map chr1.map --cutoff 0.01 --out DN_Gelbvieh.1.xpehh --threads 6 
v1.1.0b
Calculating XP-EHH.
Input filename: Gelbvieh.chr1.vcf
Reference input filename: DN.chr1.vcf
Map filename: chr1.map
Output file: DN_Gelbvieh.1.xpehh.xpehh.out
Threads: 6
Scale parameter: 20000
Max gap parameter: 200000
EHH cutoff value: 0.01
Alt flag set: no
WARNING: Reached chromosome edge before EHH decayed below 0.01. Skipping calculation at 1:67254
WARNING: Reached chromosome edge before EHH decayed below 0.01. Skipping calculation at 1:71678
WARNING: Reached chromosome edge before EHH decayed below 0.01. Skipping calculation at 1:71709
WARNING: Reached chromosome edge before EHH decayed below 0.01. Skipping calculation at 1:35557
WARNING: Reached chromosome edge before EHH decayed below 0.01. Skipping calculation at 1:71732
WARNING: Reached chromosome edge before EHH decayed below 0.01. Skipping calculation at 1:71841
WARNING: Reached chromosome edge before EHH decayed below 0.01. Skipping calculation at 1:135323
WARNING: Reached chromosome edge before EHH decayed below 0.01. Skipping calculation at 1:135322
WARNING: Reached chromosome edge before EHH decayed below 0.01. Skipping calculation at 1:135324
WARNING: Reached chromosome edge before EHH decayed below 0.01. Skipping calculation at 1:135327
WARNING: Reached chromosome edge before EHH decayed below 0.01. Skipping calculation at 1:135328
WARNING: Reached chromosome edge before EHH decayed below 0.01. Skipping calculation at 1:135329
WARNING: Reached chromosome edge before EHH decayed below 0.01. Skipping calculation at 1:135331
WARNING: Reached chromosome edge before EHH decayed below 0.01. Skipping calculation at 1:135330
WARNING: Reached chromosome edge before EHH decayed below 0.01. Skipping calculation at 1:135332
WARNING: Reached chromosome edge before EHH decayed below 0.01. Skipping calculation at 1:135333
WARNING: Reached chromosome edge before EHH decayed below 0.01. Skipping calculation at 1:135334
WARNING: Reached chromosome edge before EHH decayed below 0.01. Skipping calculation at 1:135335
WARNING: Reached chromosome edge before EHH decayed below 0.01. Skipping calculation at 1:135338
WARNING: Reached chromosome edge before EHH decayed below 0.01. Skipping calculation at 1:135337
WARNING: Reached chromosome edge before EHH decayed below 0.01. Skipping calculation at 1:135339
WARNING: Reached chromosome edge before EHH decayed below 0.01. Skipping calculation at 1:139215
WARNING: Reached chromosome edge before EHH decayed below 0.01. Skipping calculation at 1:139232
WARNING: Reached chromosome edge before EHH decayed below 0.01. Skipping calculation at 1:139233
WARNING: Reached chromosome edge before EHH decayed below 0.01. Skipping calculation at 1:139235
WARNING: Reached chromosome edge before EHH decayed below 0.01. Skipping calculation at 1:139234
WARNING: Reached chromosome edge before EHH decayed below 0.01. Skipping calculation at 1:139241
WARNING: Reached chromosome edge before EHH decayed below 0.01. Skipping calculation at 1:139242
WARNING: Reached chromosome edge before EHH decayed below 0.01. Skipping calculation at 1:139243
WARNING: Reached chromosome edge before EHH decayed below 0.01. Skipping calculation at 1:139244
WARNING: Reached chromosome edge before EHH decayed below 0.01. Skipping calculation at 1:139246
WARNING: Reached chromosome edge before EHH decayed below 0.01. Skipping calculation at 1:139245
WARNING: Reached chromosome edge before EHH decayed below 0.01. Skipping calculation at 1:139247
WARNING: Reached chromosome edge before EHH decayed below 0.01. Skipping calculation at 1:139248
WARNING: Reached chromosome edge before EHH decayed below 0.01. Skipping calculation at 1:139249
WARNING: Reached chromosome edge before EHH decayed below 0.01. Skipping calculation at 1:139251
WARNING: Reached chromosome edge before EHH decayed below 0.01. Skipping calculation at 1:139252
WARNING: Reached chromosome edge before EHH decayed below 0.01. Skipping calculation at 1:139253
WARNING: Reached chromosome edge before EHH decayed below 0.01. Skipping calculation at 1:139257
WARNING: Reached chromosome edge before EHH decayed below 0.01. Skipping calculation at 1:139258
WARNING: Reached chromosome edge before EHH decayed below 0.01. Skipping calculation at 1:139259
WARNING: Reached chromosome edge before EHH decayed below 0.01. Skipping calculation at 1:139260
WARNING: Reached chromosome edge before EHH decayed below 0.01. Skipping calculation at 1:139261
WARNING: Reached chromosome edge before EHH decayed below 0.01. Skipping calculation at 1:139262
WARNING: Reached chromosome edge before EHH decayed below 0.01. Skipping calculation at 1:139263
WARNING: Reached chromosome edge before EHH decayed below 0.01. Skipping calculation at 1:139264
WARNING: Reached chromosome edge before EHH decayed below 0.01. Skipping calculation at 1:139265
WARNING: Reached chromosome edge before EHH decayed below 0.01. Skipping calculation at 1:139266
WARNING: Reached chromosome edge before EHH decayed below 0.01. Skipping calculation at 1:139267
WARNING: Reached chromosome edge before EHH decayed below 0.01. Skipping calculation at 1:139268
WARNING: Reached chromosome edge before EHH decayed below 0.01. Skipping calculation at 1:139283
WARNING: Reached chromosome edge before EHH decayed below 0.01. Skipping calculation at 1:139284
WARNING: Reached chromosome edge before EHH decayed below 0.01. Skipping calculation at 1:139288
WARNING: Reached chromosome edge before EHH decayed below 0.01. Skipping calculation at 1:139292
WARNING: Reached chromosome edge before EHH decayed below 0.01. Skipping calculation at 1:139294
WARNING: Reached chromosome edge before EHH decayed below 0.01. Skipping calculation at 1:139317
WARNING: Reached chromosome edge before EHH decayed below 0.01. Skipping calculation at 1:139318
WARNING: Reached chromosome edge before EHH decayed below 0.01. Skipping calculation at 1:139342
WARNING: Reached chromosome edge before EHH decayed below 0.01. Skipping calculation at 1:139412
WARNING: Reached chromosome edge before EHH decayed below 0.01. Skipping calculation at 1:139419
WARNING: Reached chromosome edge before EHH decayed below 0.01. Skipping calculation at 1:139424
WARNING: Reached chromosome edge before EHH decayed below 0.01. Skipping calculation at 1:139440
WARNING: Reached chromosome edge before EHH decayed below 0.01. Skipping calculation at 1:139460
WARNING: Reached chromosome edge before EHH decayed below 0.01. Skipping calculation at 1:139465
WARNING: Reached chromosome edge before EHH decayed below 0.01. Skipping calculation at 1:139469
WARNING: Reached chromosome edge before EHH decayed below 0.01. Skipping calculation at 1:139539
WARNING: Reached chromosome edge before EHH decayed below 0.01. Skipping calculation at 1:139620
WARNING: Reached chromosome edge before EHH decayed below 0.01. Skipping calculation at 1:139624
WARNING: Reached chromosome edge before EHH decayed below 0.01. Skipping calculation at 1:139642
WARNING: Reached chromosome edge before EHH decayed below 0.01. Skipping calculation at 1:139646
WARNING: Reached chromosome edge before EHH decayed below 0.01. Skipping calculation at 1:139681
WARNING: Reached chromosome edge before EHH decayed below 0.01. Skipping calculation at 1:139710
WARNING: Reached chromosome edge before EHH decayed below 0.01. Skipping calculation at 1:139713
WARNING: Reached chromosome edge before EHH decayed below 0.01. Skipping calculation at 1:139729
WARNING: Reached chromosome edge before EHH decayed below 0.01. Skipping calculation at 1:139753
WARNING: Reached chromosome edge before EHH decayed below 0.01. Skipping calculation at 1:139755
WARNING: Reached chromosome edge before EHH decayed below 0.01. Skipping calculation at 1:139760
WARNING: Reached chromosome edge before EHH decayed below 0.01. Skipping calculation at 1:139787
WARNING: Reached chromosome edge before EHH decayed below 0.01. Skipping calculation at 1:139796
WARNING: Reached chromosome edge before EHH decayed below 0.01. Skipping calculation at 1:139798
WARNING: Reached chromosome edge before EHH decayed below 0.01. Skipping calculation at 1:139826
WARNING: Reached chromosome edge before EHH decayed below 0.01. Skipping calculation at 1:139837
WARNING: Reached chromosome edge before EHH decayed below 0.01. Skipping calculation at 1:139838
WARNING: Reached chromosome edge before EHH decayed below 0.01. Skipping calculation at 1:139839
WARNING: Reached chromosome edge before EHH decayed below 0.01. Skipping calculation at 1:139842
WARNING: Reached chromosome edge before EHH decayed below 0.01. Skipping calculation at 1:139843
WARNING: Reached chromosome edge before EHH decayed below 0.01. Skipping calculation at 1:139847
WARNING: Reached chromosome edge before EHH decayed below 0.01. Skipping calculation at 1:139848
WARNING: Reached chromosome edge before EHH decayed below 0.01. Skipping calculation at 1:139850
WARNING: Reached chromosome edge before EHH decayed below 0.01. Skipping calculation at 1:139852
WARNING: Reached chromosome edge before EHH decayed below 0.01. Skipping calculation at 1:139853
WARNING: Reached chromosome edge before EHH decayed below 0.01. Skipping calculation at 1:139855
WARNING: Reached chromosome edge before EHH decayed below 0.01. Skipping calculation at 1:139857
WARNING: Reached chromosome edge before EHH decayed below 0.01. Skipping calculation at 1:139858
WARNING: Reached chromosome edge before EHH decayed below 0.01. Skipping calculation at 1:139859
WARNING: Reached chromosome edge before EHH decayed below 0.01. Skipping calculation at 1:139860
WARNING: Reached chromosome edge before EHH decayed below 0.01. Skipping calculation at 1:139862
WARNING: Reached chromosome edge before EHH decayed below 0.01. Skipping calculation at 1:139863
WARNING: Reached chromosome edge before EHH decayed below 0.01. Skipping calculation at 1:139864
WARNING: Reached chromosome edge before EHH decayed below 0.01. Skipping calculation at 1:139865
WARNING: Reached chromosome edge before EHH decayed below 0.01. Skipping calculation at 1:139866
WARNING: Reached chromosome edge before EHH decayed below 0.01. Skipping calculation at 1:139872
WARNING: Reached chromosome edge before EHH decayed below 0.01. Skipping calculation at 1:139873
WARNING: Reached chromosome edge before EHH decayed below 0.01. Skipping calculation at 1:139875
WARNING: Reached chromosome edge before EHH decayed below 0.01. Skipping calculation at 1:140003
WARNING: Reached chromosome edge before EHH decayed below 0.01. Skipping calculation at 1:140004
WARNING: Reached chromosome edge before EHH decayed below 0.01. Skipping calculation at 1:140007
WARNING: Reached chromosome edge before EHH decayed below 0.01. Skipping calculation at 1:140008
WARNING: Reached chromosome edge before EHH decayed below 0.01. Skipping calculation at 1:140009
WARNING: Reached chromosome edge before EHH decayed below 0.01. Skipping calculation at 1:140011
WARNING: Reached chromosome edge before EHH decayed below 0.01. Skipping calculation at 1:140012
WARNING: Reached chromosome edge before EHH decayed below 0.01. Skipping calculation at 1:140014
WARNING: Reached chromosome edge before EHH decayed below 0.01. Skipping calculation at 1:140016
WARNING: Reached chromosome edge before EHH decayed below 0.01. Skipping calculation at 1:140018
WARNING: Reached chromosome edge before EHH decayed below 0.01. Skipping calculation at 1:140019
WARNING: Reached chromosome edge before EHH decayed below 0.01. Skipping calculation at 1:140022
WARNING: Reached chromosome edge before EHH decayed below 0.01. Skipping calculation at 1:140023
WARNING: Reached chromosome edge before EHH decayed below 0.01. Skipping calculation at 1:140024
WARNING: Reached chromosome edge before EHH decayed below 0.01. Skipping calculation at 1:140025
WARNING: Reached chromosome edge before EHH decayed below 0.01. Skipping calculation at 1:140026
WARNING: Reached chromosome edge before EHH decayed below 0.01. Skipping calculation at 1:140027
WARNING: Reached chromosome edge before EHH decayed below 0.01. Skipping calculation at 1:140029
WARNING: Reached chromosome edge before EHH decayed below 0.01. Skipping calculation at 1:140030
WARNING: Reached chromosome edge before EHH decayed below 0.01. Skipping calculation at 1:140031
WARNING: Reached chromosome edge before EHH decayed below 0.01. Skipping calculation at 1:140032
WARNING: Reached chromosome edge before EHH decayed below 0.01. Skipping calculation at 1:140033
WARNING: Reached chromosome edge before EHH decayed below 0.01. Skipping calculation at 1:140034
WARNING: Reached chromosome edge before EHH decayed below 0.01. Skipping calculation at 1:140035
WARNING: Reached chromosome edge before EHH decayed below 0.01. Skipping calculation at 1:140036
WARNING: Reached chromosome edge before EHH decayed below 0.01. Skipping calculation at 1:140037
WARNING: Reached chromosome edge before EHH decayed below 0.01. Skipping calculation at 1:140039
WARNING: Reached chromosome edge before EHH decayed below 0.01. Skipping calculation at 1:140040
WARNING: Reached chromosome edge before EHH decayed below 0.01. Skipping calculation at 1:140041
WARNING: Reached chromosome edge before EHH decayed below 0.01. Skipping calculation at 1:140042
WARNING: Reached chromosome edge before EHH decayed below 0.01. Skipping calculation at 1:140043
WARNING: Reached chromosome edge before EHH decayed below 0.01. Skipping calculation at 1:140044
WARNING: Reached chromosome edge before EHH decayed below 0.01. Skipping calculation at 1:140045
WARNING: Reached chromosome edge before EHH decayed below 0.01. Skipping calculation at 1:140046
WARNING: Reached chromosome edge before EHH decayed below 0.01. Skipping calculation at 1:140047
WARNING: Reached chromosome edge before EHH decayed below 0.01. Skipping calculation at 1:140048
WARNING: Reached chromosome edge before EHH decayed below 0.01. Skipping calculation at 1:140049
WARNING: Reached chromosome edge before EHH decayed below 0.01. Skipping calculation at 1:140050
WARNING: Reached chromosome edge before EHH decayed below 0.01. Skipping calculation at 1:140051
WARNING: Reached chromosome edge before EHH decayed below 0.01. Skipping calculation at 1:140052
WARNING: Reached chromosome edge before EHH decayed below 0.01. Skipping calculation at 1:140055
WARNING: Reached chromosome edge before EHH decayed below 0.01. Skipping calculation at 1:140056
WARNING: Reached chromosome edge before EHH decayed below 0.01. Skipping calculation at 1:140057
WARNING: Reached chromosome edge before EHH decayed below 0.01. Skipping calculation at 1:140060
WARNING: Reached chromosome edge before EHH decayed below 0.01. Skipping calculation at 1:140061
WARNING: Reached chromosome edge before EHH decayed below 0.01. Skipping calculation at 1:140062
WARNING: Reached chromosome edge before EHH decayed below 0.01. Skipping calculation at 1:140063
WARNING: Reached chromosome edge before EHH decayed below 0.01. Skipping calculation at 1:140065
WARNING: Reached chromosome edge before EHH decayed below 0.01. Skipping calculation at 1:140068
WARNING: Reached chromosome edge before EHH decayed below 0.01. Skipping calculation at 1:140069
WARNING: Reached chromosome edge before EHH decayed below 0.01. Skipping calculation at 1:140070
WARNING: Reached chromosome edge before EHH decayed below 0.01. Skipping calculation at 1:140071
WARNING: Reached chromosome edge before EHH decayed below 0.01. Skipping calculation at 1:140072
WARNING: Reached chromosome edge before EHH decayed below 0.01. Skipping calculation at 1:140073
WARNING: Reached chromosome edge before EHH decayed below 0.01. Skipping calculation at 1:140074
WARNING: Reached chromosome edge before EHH decayed below 0.01. Skipping calculation at 1:140075
WARNING: Reached chromosome edge before EHH decayed below 0.01. Skipping calculation at 1:140076
WARNING: Reached chromosome edge before EHH decayed below 0.01. Skipping calculation at 1:140077
WARNING: Reached chromosome edge before EHH decayed below 0.01. Skipping calculation at 1:140080
WARNING: Reached chromosome edge before EHH decayed below 0.01. Skipping calculation at 1:140082
WARNING: Reached chromosome edge before EHH decayed below 0.01. Skipping calculation at 1:140083
WARNING: Reached chromosome edge before EHH decayed below 0.01. Skipping calculation at 1:140084
WARNING: Reached chromosome edge before EHH decayed below 0.01. Skipping calculation at 1:140085
WARNING: Reached chromosome edge before EHH decayed below 0.01. Skipping calculation at 1:140086
WARNING: Reached chromosome edge before EHH decayed below 0.01. Skipping calculation at 1:140087
WARNING: Reached chromosome edge before EHH decayed below 0.01. Skipping calculation at 1:140090
WARNING: Reached chromosome edge before EHH decayed below 0.01. Skipping calculation at 1:140091
WARNING: Reached chromosome edge before EHH decayed below 0.01. Skipping calculation at 1:140092
WARNING: Reached chromosome edge before EHH decayed below 0.01. Skipping calculation at 1:140093
WARNING: Reached chromosome edge before EHH decayed below 0.01. Skipping calculation at 1:140094
WARNING: Reached chromosome edge before EHH decayed below 0.01. Skipping calculation at 1:140095
WARNING: Reached chromosome edge before EHH decayed below 0.01. Skipping calculation at 1:140098
WARNING: Reached chromosome edge before EHH decayed below 0.01. Skipping calculation at 1:140099
WARNING: Reached chromosome edge before EHH decayed below 0.01. Skipping calculation at 1:140100
WARNING: Reached chromosome edge before EHH decayed below 0.01. Skipping calculation at 1:140103
WARNING: Reached chromosome edge before EHH decayed below 0.01. Skipping calculation at 1:140104
WARNING: Reached chromosome edge before EHH decayed below 0.01. Skipping calculation at 1:140108
WARNING: Reached chromosome edge before EHH decayed below 0.01. Skipping calculation at 1:140109
WARNING: Reached chromosome edge before EHH decayed below 0.01. Skipping calculation at 1:140110
WARNING: Reached chromosome edge before EHH decayed below 0.01. Skipping calculation at 1:140111
WARNING: Reached chromosome edge before EHH decayed below 0.01. Skipping calculation at 1:140112
WARNING: Reached chromosome edge before EHH decayed below 0.01. Skipping calculation at 1:140113
WARNING: Reached chromosome edge before EHH decayed below 0.01. Skipping calculation at 1:140114
WARNING: Reached chromosome edge before EHH decayed below 0.01. Skipping calculation at 1:140115
WARNING: Reached chromosome edge before EHH decayed below 0.01. Skipping calculation at 1:140116
WARNING: Reached chromosome edge before EHH decayed below 0.01. Skipping calculation at 1:140149
WARNING: Reached chromosome edge before EHH decayed below 0.01. Skipping calculation at 1:140150
WARNING: Reached chromosome edge before EHH decayed below 0.01. Skipping calculation at 1:140152
WARNING: Reached chromosome edge before EHH decayed below 0.01. Skipping calculation at 1:140153
WARNING: Reached chromosome edge before EHH decayed below 0.01. Skipping calculation at 1:140154
WARNING: Reached chromosome edge before EHH decayed below 0.01. Skipping calculation at 1:140155
WARNING: Reached chromosome edge before EHH decayed below 0.01. Skipping calculation at 1:140159
WARNING: Reached chromosome edge before EHH decayed below 0.01. Skipping calculation at 1:140160
WARNING: Reached chromosome edge before EHH decayed below 0.01. Skipping calculation at 1:140161
WARNING: Reached chromosome edge before EHH decayed below 0.01. Skipping calculation at 1:140162
WARNING: Reached chromosome edge before EHH decayed below 0.01. Skipping calculation at 1:140163
WARNING: Reached chromosome edge before EHH decayed below 0.01. Skipping calculation at 1:140164
WARNING: Reached chromosome edge before EHH decayed below 0.01. Skipping calculation at 1:140166
WARNING: Reached chromosome edge before EHH decayed below 0.01. Skipping calculation at 1:140167
WARNING: Reached chromosome edge before EHH decayed below 0.01. Skipping calculation at 1:140168
WARNING: Reached chromosome edge before EHH decayed below 0.01. Skipping calculation at 1:140169
WARNING: Reached chromosome edge before EHH decayed below 0.01. Skipping calculation at 1:140170
WARNING: Reached chromosome edge before EHH decayed below 0.01. Skipping calculation at 1:140173
WARNING: Reached chromosome edge before EHH decayed below 0.01. Skipping calculation at 1:140188
WARNING: Reached chromosome edge before EHH decayed below 0.01. Skipping calculation at 1:140206
WARNING: Reached chromosome edge before EHH decayed below 0.01. Skipping calculation at 1:140211
WARNING: Reached chromosome edge before EHH decayed below 0.01. Skipping calculation at 1:140215
WARNING: Reached chromosome edge before EHH decayed below 0.01. Skipping calculation at 1:140294
WARNING: Reached chromosome edge before EHH decayed below 0.01. Skipping calculation at 1:140296
WARNING: Reached chromosome edge before EHH decayed below 0.01. Skipping calculation at 1:140295
WARNING: Reached chromosome edge before EHH decayed below 0.01. Skipping calculation at 1:140297
WARNING: Reached chromosome edge before EHH decayed below 0.01. Skipping calculation at 1:140299
WARNING: Reached chromosome edge before EHH decayed below 0.01. Skipping calculation at 1:140301
WARNING: Reached chromosome edge before EHH decayed below 0.01. Skipping calculation at 1:140303
WARNING: Reached chromosome edge before EHH decayed below 0.01. Skipping calculation at 1:140305
WARNING: Reached chromosome edge before EHH decayed below 0.01. Skipping calculation at 1:140304
WARNING: Reached chromosome edge before EHH decayed below 0.01. Skipping calculation at 1:140314
WARNING: Reached chromosome edge before EHH decayed below 0.01. Skipping calculation at 1:140315
WARNING: Reached chromosome edge before EHH decayed below 0.01. Skipping calculation at 1:140312
WARNING: Reached chromosome edge before EHH decayed below 0.01. Skipping calculation at 1:140321
WARNING: Reached chromosome edge before EHH decayed below 0.01. Skipping calculation at 1:140324
WARNING: Reached chromosome edge before EHH decayed below 0.01. Skipping calculation at 1:140322
WARNING: Reached chromosome edge before EHH decayed below 0.01. Skipping calculation at 1:140335
WARNING: Reached chromosome edge before EHH decayed below 0.01. Skipping calculation at 1:140344
WARNING: Reached chromosome edge before EHH decayed below 0.01. Skipping calculation at 1:140346
WARNING: Reached chromosome edge before EHH decayed below 0.01. Skipping calculation at 1:140332
WARNING: Reached chromosome edge before EHH decayed below 0.01. Skipping calculation at 1:140352
WARNING: Reached chromosome edge before EHH decayed below 0.01. Skipping calculation at 1:140351
WARNING: Reached chromosome edge before EHH decayed below 0.01. Skipping calculation at 1:140367
WARNING: Reached chromosome edge before EHH decayed below 0.01. Skipping calculation at 1:140372
WARNING: Reached chromosome edge before EHH decayed below 0.01. Skipping calculation at 1:140374
WARNING: Reached chromosome edge before EHH decayed below 0.01. Skipping calculation at 1:140360
WARNING: Reached chromosome edge before EHH decayed below 0.01. Skipping calculation at 1:140377
WARNING: Reached chromosome edge before EHH decayed below 0.01. Skipping calculation at 1:140376
WARNING: Reached chromosome edge before EHH decayed below 0.01. Skipping calculation at 1:140384
WARNING: Reached chromosome edge before EHH decayed below 0.01. Skipping calculation at 1:140386
WARNING: Reached chromosome edge before EHH decayed below 0.01. Skipping calculation at 1:140389
WARNING: Reached chromosome edge before EHH decayed below 0.01. Skipping calculation at 1:140392
WARNING: Reached chromosome edge before EHH decayed below 0.01. Skipping calculation at 1:140391
WARNING: Reached chromosome edge before EHH decayed below 0.01. Skipping calculation at 1:140381
WARNING: Reached chromosome edge before EHH decayed below 0.01. Skipping calculation at 1:140394
WARNING: Reached chromosome edge before EHH decayed below 0.01. Skipping calculation at 1:140396
WARNING: Reached chromosome edge before EHH decayed below 0.01. Skipping calculation at 1:140399
WARNING: Reached chromosome edge before EHH decayed below 0.01. Skipping calculation at 1:140414
WARNING: Reached chromosome edge before EHH decayed below 0.01. Skipping calculation at 1:140404
WARNING: Reached chromosome edge before EHH decayed below 0.01. Skipping calculation at 1:140393
WARNING: Reached chromosome edge before EHH decayed below 0.01. Skipping calculation at 1:140416
WARNING: Reached chromosome edge before EHH decayed below 0.01. Skipping calculation at 1:140418
WARNING: Reached chromosome edge before EHH decayed below 0.01. Skipping calculation at 1:140421
WARNING: Reached chromosome edge before EHH decayed below 0.01. Skipping calculation at 1:140429
WARNING: Reached chromosome edge before EHH decayed below 0.01. Skipping calculation at 1:140450
WARNING: Reached chromosome edge before EHH decayed below 0.01. Skipping calculation at 1:140415
WARNING: Reached chromosome edge before EHH decayed below 0.01. Skipping calculation at 1:140473
WARNING: Reached chromosome edge before EHH decayed below 0.01. Skipping calculation at 1:140522
WARNING: Reached chromosome edge before EHH decayed below 0.01. Skipping calculation at 1:140523
WARNING: Reached chromosome edge before EHH decayed below 0.01. Skipping calculation at 1:140524
WARNING: Reached chromosome edge before EHH decayed below 0.01. Skipping calculation at 1:140525
WARNING: Reached chromosome edge before EHH decayed below 0.01. Skipping calculation at 1:140454
WARNING: Reached chromosome edge before EHH decayed below 0.01. Skipping calculation at 1:140530
WARNING: Reached chromosome edge before EHH decayed below 0.01. Skipping calculation at 1:140531
WARNING: Reached chromosome edge before EHH decayed below 0.01. Skipping calculation at 1:140532
WARNING: Reached chromosome edge before EHH decayed below 0.01. Skipping calculation at 1:140533
WARNING: Reached chromosome edge before EHH decayed below 0.01. Skipping calculation at 1:140534
WARNING: Reached chromosome edge before EHH decayed below 0.01. Skipping calculation at 1:140526
WARNING: Reached chromosome edge before EHH decayed below 0.01. Skipping calculation at 1:140536
WARNING: Reached chromosome edge before EHH decayed below 0.01. Skipping calculation at 1:140537
WARNING: Reached chromosome edge before EHH decayed below 0.01. Skipping calculation at 1:140538
WARNING: Reached chromosome edge before EHH decayed below 0.01. Skipping calculation at 1:140539
WARNING: Reached chromosome edge before EHH decayed below 0.01. Skipping calculation at 1:140540
WARNING: Reached chromosome edge before EHH decayed below 0.01. Skipping calculation at 1:140535
WARNING: Reached chromosome edge before EHH decayed below 0.01. Skipping calculation at 1:140555
WARNING: Reached chromosome edge before EHH decayed below 0.01. Skipping calculation at 1:140557
WARNING: Reached chromosome edge before EHH decayed below 0.01. Skipping calculation at 1:140558
WARNING: Reached chromosome edge before EHH decayed below 0.01. Skipping calculation at 1:140559
WARNING: Reached chromosome edge before EHH decayed below 0.01. Skipping calculation at 1:140561
WARNING: Reached chromosome edge before EHH decayed below 0.01. Skipping calculation at 1:140541
WARNING: Reached chromosome edge before EHH decayed below 0.01. Skipping calculation at 1:140567
WARNING: Reached chromosome edge before EHH decayed below 0.01. Skipping calculation at 1:140568
WARNING: Reached chromosome edge before EHH decayed below 0.01. Skipping calculation at 1:140571
WARNING: Reached chromosome edge before EHH decayed below 0.01. Skipping calculation at 1:140574
WARNING: Reached chromosome edge before EHH decayed below 0.01. Skipping calculation at 1:140575
WARNING: Reached chromosome edge before EHH decayed below 0.01. Skipping calculation at 1:140580
WARNING: Reached chromosome edge before EHH decayed below 0.01. Skipping calculation at 1:140566
WARNING: Reached chromosome edge before EHH decayed below 0.01. Skipping calculation at 1:140581
WARNING: Reached chromosome edge before EHH decayed below 0.01. Skipping calculation at 1:140583
WARNING: Reached chromosome edge before EHH decayed below 0.01. Skipping calculation at 1:140585
WARNING: Reached chromosome edge before EHH decayed below 0.01. Skipping calculation at 1:140586
WARNING: Reached chromosome edge before EHH decayed below 0.01. Skipping calculation at 1:140592
WARNING: Reached chromosome edge before EHH decayed below 0.01. Skipping calculation at 1:140579
WARNING: Reached chromosome edge before EHH decayed below 0.01. Skipping calculation at 1:140593
WARNING: Reached chromosome edge before EHH decayed below 0.01. Skipping calculation at 1:140594
WARNING: Reached chromosome edge before EHH decayed below 0.01. Skipping calculation at 1:140600
WARNING: Reached chromosome edge before EHH decayed below 0.01. Skipping calculation at 1:140601
WARNING: Reached chromosome edge before EHH decayed below 0.01. Skipping calculation at 1:140606
WARNING: Reached chromosome edge before EHH decayed below 0.01. Skipping calculation at 1:140589
WARNING: Reached chromosome edge before EHH decayed below 0.01. Skipping calculation at 1:140609
WARNING: Reached chromosome edge before EHH decayed below 0.01. Skipping calculation at 1:140611
WARNING: Reached chromosome edge before EHH decayed below 0.01. Skipping calculation at 1:140612
WARNING: Reached chromosome edge before EHH decayed below 0.01. Skipping calculation at 1:140613
WARNING: Reached chromosome edge before EHH decayed below 0.01. Skipping calculation at 1:140616
WARNING: Reached chromosome edge before EHH decayed below 0.01. Skipping calculation at 1:140605
WARNING: Reached chromosome edge before EHH decayed below 0.01. Skipping calculation at 1:140617
WARNING: Reached chromosome edge before EHH decayed below 0.01. Skipping calculation at 1:140618
WARNING: Reached chromosome edge before EHH decayed below 0.01. Skipping calculation at 1:140619
WARNING: Reached chromosome edge before EHH decayed below 0.01. Skipping calculation at 1:140620
WARNING: Reached chromosome edge before EHH decayed below 0.01. Skipping calculation at 1:140622
WARNING: Reached chromosome edge before EHH decayed below 0.01. Skipping calculation at 1:140615
WARNING: Reached chromosome edge before EHH decayed below 0.01. Skipping calculation at 1:140624
WARNING: Reached chromosome edge before EHH decayed below 0.01. Skipping calculation at 1:140627
WARNING: Reached chromosome edge before EHH decayed below 0.01. Skipping calculation at 1:140630
WARNING: Reached chromosome edge before EHH decayed below 0.01. Skipping calculation at 1:140631
WARNING: Reached chromosome edge before EHH decayed below 0.01. Skipping calculation at 1:140633
WARNING: Reached chromosome edge before EHH decayed below 0.01. Skipping calculation at 1:140621
WARNING: Reached chromosome edge before EHH decayed below 0.01. Skipping calculation at 1:140635
WARNING: Reached chromosome edge before EHH decayed below 0.01. Skipping calculation at 1:140637
WARNING: Reached chromosome edge before EHH decayed below 0.01. Skipping calculation at 1:140638
WARNING: Reached chromosome edge before EHH decayed below 0.01. Skipping calculation at 1:140639
WARNING: Reached chromosome edge before EHH decayed below 0.01. Skipping calculation at 1:140641
WARNING: Reached chromosome edge before EHH decayed below 0.01. Skipping calculation at 1:140632
WARNING: Reached chromosome edge before EHH decayed below 0.01. Skipping calculation at 1:140643
WARNING: Reached chromosome edge before EHH decayed below 0.01. Skipping calculation at 1:140644
WARNING: Reached chromosome edge before EHH decayed below 0.01. Skipping calculation at 1:140645
WARNING: Reached chromosome edge before EHH decayed below 0.01. Skipping calculation at 1:140646
WARNING: Reached chromosome edge before EHH decayed below 0.01. Skipping calculation at 1:140648
WARNING: Reached chromosome edge before EHH decayed below 0.01. Skipping calculation at 1:140640
WARNING: Reached chromosome edge before EHH decayed below 0.01. Skipping calculation at 1:140650
WARNING: Reached chromosome edge before EHH decayed below 0.01. Skipping calculation at 1:140651
WARNING: Reached chromosome edge before EHH decayed below 0.01. Skipping calculation at 1:140652
WARNING: Reached chromosome edge before EHH decayed below 0.01. Skipping calculation at 1:140656
WARNING: Reached chromosome edge before EHH decayed below 0.01. Skipping calculation at 1:140647
WARNING: Reached chromosome edge before EHH decayed below 0.01. Skipping calculation at 1:140658
WARNING: Reached chromosome edge before EHH decayed below 0.01. Skipping calculation at 1:140659
WARNING: Reached chromosome edge before EHH decayed below 0.01. Skipping calculation at 1:140660
WARNING: Reached chromosome edge before EHH decayed below 0.01. Skipping calculation at 1:140663
WARNING: Reached chromosome edge before EHH decayed below 0.01. Skipping calculation at 1:140664
WARNING: Reached chromosome edge before EHH decayed below 0.01. Skipping calculation at 1:140657
WARNING: Reached chromosome edge before EHH decayed below 0.01. Skipping calculation at 1:140667
WARNING: Reached chromosome edge before EHH decayed below 0.01. Skipping calculation at 1:140668
WARNING: Reached chromosome edge before EHH decayed below 0.01. Skipping calculation at 1:140669
WARNING: Reached chromosome edge before EHH decayed below 0.01. Skipping calculation at 1:140670
WARNING: Reached chromosome edge before EHH decayed below 0.01. Skipping calculation at 1:140671
WARNING: Reached chromosome edge before EHH decayed below 0.01. Skipping calculation at 1:140665
WARNING: Reached chromosome edge before EHH decayed below 0.01. Skipping calculation at 1:140674
WARNING: Reached chromosome edge before EHH decayed below 0.01. Skipping calculation at 1:140675
WARNING: Reached chromosome edge before EHH decayed below 0.01. Skipping calculation at 1:140676
WARNING: Reached chromosome edge before EHH decayed below 0.01. Skipping calculation at 1:140677
WARNING: Reached chromosome edge before EHH decayed below 0.01. Skipping calculation at 1:140678
WARNING: Reached chromosome edge before EHH decayed below 0.01. Skipping calculation at 1:140672
WARNING: Reached chromosome edge before EHH decayed below 0.01. Skipping calculation at 1:140680
WARNING: Reached chromosome edge before EHH decayed below 0.01. Skipping calculation at 1:140681
WARNING: Reached chromosome edge before EHH decayed below 0.01. Skipping calculation at 1:140682
WARNING: Reached chromosome edge before EHH decayed below 0.01. Skipping calculation at 1:140683
WARNING: Reached chromosome edge before EHH decayed below 0.01. Skipping calculation at 1:140684
WARNING: Reached chromosome edge before EHH decayed below 0.01. Skipping calculation at 1:140679
WARNING: Reached chromosome edge before EHH decayed below 0.01. Skipping calculation at 1:140686
WARNING: Reached chromosome edge before EHH decayed below 0.01. Skipping calculation at 1:140687
WARNING: Reached chromosome edge before EHH decayed below 0.01. Skipping calculation at 1:140688
WARNING: Reached chromosome edge before EHH decayed below 0.01. Skipping calculation at 1:140689
WARNING: Reached chromosome edge before EHH decayed below 0.01. Skipping calculation at 1:140690
WARNING: Reached chromosome edge before EHH decayed below 0.01. Skipping calculation at 1:140685
WARNING: Reached chromosome edge before EHH decayed below 0.01. Skipping calculation at 1:140692
WARNING: Reached chromosome edge before EHH decayed below 0.01. Skipping calculation at 1:140694
WARNING: Reached chromosome edge before EHH decayed below 0.01. Skipping calculation at 1:140695
WARNING: Reached chromosome edge before EHH decayed below 0.01. Skipping calculation at 1:140696
WARNING: Reached chromosome edge before EHH decayed below 0.01. Skipping calculation at 1:140710
WARNING: Reached chromosome edge before EHH decayed below 0.01. Skipping calculation at 1:140691
WARNING: Reached chromosome edge before EHH decayed below 0.01. Skipping calculation at 1:140738
WARNING: Reached chromosome edge before EHH decayed below 0.01. Skipping calculation at 1:140747
WARNING: Reached chromosome edge before EHH decayed below 0.01. Skipping calculation at 1:140756
WARNING: Reached chromosome edge before EHH decayed below 0.01. Skipping calculation at 1:140758
WARNING: Reached chromosome edge before EHH decayed below 0.01. Skipping calculation at 1:140759
WARNING: Reached chromosome edge before EHH decayed below 0.01. Skipping calculation at 1:140716
WARNING: Reached chromosome edge before EHH decayed below 0.01. Skipping calculation at 1:140761
WARNING: Reached chromosome edge before EHH decayed below 0.01. Skipping calculation at 1:140762
WARNING: Reached chromosome edge before EHH decayed below 0.01. Skipping calculation at 1:140763
WARNING: Reached chromosome edge before EHH decayed below 0.01. Skipping calculation at 1:140764
WARNING: Reached chromosome edge before EHH decayed below 0.01. Skipping calculation at 1:140765
WARNING: Reached chromosome edge before EHH decayed below 0.01. Skipping calculation at 1:140760
WARNING: Reached chromosome edge before EHH decayed below 0.01. Skipping calculation at 1:140767
WARNING: Reached chromosome edge before EHH decayed below 0.01. Skipping calculation at 1:140768
WARNING: Reached chromosome edge before EHH decayed below 0.01. Skipping calculation at 1:140769
WARNING: Reached chromosome edge before EHH decayed below 0.01. Skipping calculation at 1:140771
WARNING: Reached chromosome edge before EHH decayed below 0.01. Skipping calculation at 1:140772
WARNING: Reached chromosome edge before EHH decayed below 0.01. Skipping calculation at 1:140766
WARNING: Reached chromosome edge before EHH decayed below 0.01. Skipping calculation at 1:140774
WARNING: Reached chromosome edge before EHH decayed below 0.01. Skipping calculation at 1:140775
WARNING: Reached chromosome edge before EHH decayed below 0.01. Skipping calculation at 1:140777
WARNING: Reached chromosome edge before EHH decayed below 0.01. Skipping calculation at 1:140778
WARNING: Reached chromosome edge before EHH decayed below 0.01. Skipping calculation at 1:140779
WARNING: Reached chromosome edge before EHH decayed below 0.01. Skipping calculation at 1:140773
WARNING: Reached chromosome edge before EHH decayed below 0.01. Skipping calculation at 1:140781
WARNING: Reached chromosome edge before EHH decayed below 0.01. Skipping calculation at 1:140782
WARNING: Reached chromosome edge before EHH decayed below 0.01. Skipping calculation at 1:140783
WARNING: Reached chromosome edge before EHH decayed below 0.01. Skipping calculation at 1:140784
WARNING: Reached chromosome edge before EHH decayed below 0.01. Skipping calculation at 1:140785
WARNING: Reached chromosome edge before EHH decayed below 0.01. Skipping calculation at 1:140780
WARNING: Reached chromosome edge before EHH decayed below 0.01. Skipping calculation at 1:140787
WARNING: Reached chromosome edge before EHH decayed below 0.01. Skipping calculation at 1:140788
WARNING: Reached chromosome edge before EHH decayed below 0.01. Skipping calculation at 1:140789
WARNING: Reached chromosome edge before EHH decayed below 0.01. Skipping calculation at 1:140790
WARNING: Reached chromosome edge before EHH decayed below 0.01. Skipping calculation at 1:140791
WARNING: Reached chromosome edge before EHH decayed below 0.01. Skipping calculation at 1:140786
WARNING: Reached chromosome edge before EHH decayed below 0.01. Skipping calculation at 1:140793
WARNING: Reached chromosome edge before EHH decayed below 0.01. Skipping calculation at 1:140794
WARNING: Reached chromosome edge before EHH decayed below 0.01. Skipping calculation at 1:140796
WARNING: Reached chromosome edge before EHH decayed below 0.01. Skipping calculation at 1:140798
WARNING: Reached chromosome edge before EHH decayed below 0.01. Skipping calculation at 1:140799
WARNING: Reached chromosome edge before EHH decayed below 0.01. Skipping calculation at 1:140792
WARNING: Reached chromosome edge before EHH decayed below 0.01. Skipping calculation at 1:140802
WARNING: Reached chromosome edge before EHH decayed below 0.01. Skipping calculation at 1:140803
WARNING: Reached chromosome edge before EHH decayed below 0.01. Skipping calculation at 1:140804
WARNING: Reached chromosome edge before EHH decayed below 0.01. Skipping calculation at 1:140805
WARNING: Reached chromosome edge before EHH decayed below 0.01. Skipping calculation at 1:140807
WARNING: Reached chromosome edge before EHH decayed below 0.01. Skipping calculation at 1:140800
WARNING: Reached chromosome edge before EHH decayed below 0.01. Skipping calculation at 1:140809
WARNING: Reached chromosome edge before EHH decayed below 0.01. Skipping calculation at 1:140812
WARNING: Reached chromosome edge before EHH decayed below 0.01. Skipping calculation at 1:140813
WARNING: Reached chromosome edge before EHH decayed below 0.01. Skipping calculation at 1:140814
WARNING: Reached chromosome edge before EHH decayed below 0.01. Skipping calculation at 1:140815
WARNING: Reached chromosome edge before EHH decayed below 0.01. Skipping calculation at 1:140808
WARNING: Reached chromosome edge before EHH decayed below 0.01. Skipping calculation at 1:140817
WARNING: Reached chromosome edge before EHH decayed below 0.01. Skipping calculation at 1:140818
WARNING: Reached chromosome edge before EHH decayed below 0.01. Skipping calculation at 1:140821
WARNING: Reached chromosome edge before EHH decayed below 0.01. Skipping calculation at 1:140822
WARNING: Reached chromosome edge before EHH decayed below 0.01. Skipping calculation at 1:140823
WARNING: Reached chromosome edge before EHH decayed below 0.01. Skipping calculation at 1:140816
WARNING: Reached chromosome edge before EHH decayed below 0.01. Skipping calculation at 1:140871
WARNING: Reached chromosome edge before EHH decayed below 0.01. Skipping calculation at 1:140888
WARNING: Reached chromosome edge before EHH decayed below 0.01. Skipping calculation at 1:140907
WARNING: Reached chromosome edge before EHH decayed below 0.01. Skipping calculation at 1:140909
WARNING: Reached chromosome edge before EHH decayed below 0.01. Skipping calculation at 1:140860
WARNING: Reached chromosome edge before EHH decayed below 0.01. Skipping calculation at 1:140940
WARNING: Reached chromosome edge before EHH decayed below 0.01. Skipping calculation at 1:141014
WARNING: Reached chromosome edge before EHH decayed below 0.01. Skipping calculation at 1:141036
WARNING: Reached chromosome edge before EHH decayed below 0.01. Skipping calculation at 1:141063
WARNING: Reached chromosome edge before EHH decayed below 0.01. Skipping calculation at 1:141145
WARNING: Reached chromosome edge before EHH decayed below 0.01. Skipping calculation at 1:140986
WARNING: Reached chromosome edge before EHH decayed below 0.01. Skipping calculation at 1:141243
WARNING: Reached chromosome edge before EHH decayed below 0.01. Skipping calculation at 1:141254
WARNING: Reached chromosome edge before EHH decayed below 0.01. Skipping calculation at 1:141304
WARNING: Reached chromosome edge before EHH decayed below 0.01. Skipping calculation at 1:141455
WARNING: Reached chromosome edge before EHH decayed below 0.01. Skipping calculation at 1:141247
WARNING: Reached chromosome edge before EHH decayed below 0.01. Skipping calculation at 1:141461
WARNING: Reached chromosome edge before EHH decayed below 0.01. Skipping calculation at 1:142371
WARNING: Reached chromosome edge before EHH decayed below 0.01. Skipping calculation at 1:142520
WARNING: Reached chromosome edge before EHH decayed below 0.01. Skipping calculation at 1:142566
WARNING: Reached chromosome edge before EHH decayed below 0.01. Skipping calculation at 1:142655
WARNING: Reached chromosome edge before EHH decayed below 0.01. Skipping calculation at 1:142450
WARNING: Reached chromosome edge before EHH decayed below 0.01. Skipping calculation at 1:143005
WARNING: Reached chromosome edge before EHH decayed below 0.01. Skipping calculation at 1:143141
WARNING: Reached chromosome edge before EHH decayed below 0.01. Skipping calculation at 1:143227
WARNING: Reached chromosome edge before EHH decayed below 0.01. Skipping calculation at 1:143228
WARNING: Reached chromosome edge before EHH decayed below 0.01. Skipping calculation at 1:143160
WARNING: Reached chromosome edge before EHH decayed below 0.01. Skipping calculation at 1:143374
WARNING: Reached chromosome edge before EHH decayed below 0.01. Skipping calculation at 1:143375
WARNING: Reached chromosome edge before EHH decayed below 0.01. Skipping calculation at 1:143376
WARNING: Reached chromosome edge before EHH decayed below 0.01. Skipping calculation at 1:143380
WARNING: Reached chromosome edge before EHH decayed below 0.01. Skipping calculation at 1:143384
WARNING: Reached chromosome edge before EHH decayed below 0.01. Skipping calculation at 1:143379
WARNING: Reached chromosome edge before EHH decayed below 0.01. Skipping calculation at 1:143385
WARNING: Reached chromosome edge before EHH decayed below 0.01. Skipping calculation at 1:143386
WARNING: Reached chromosome edge before EHH decayed below 0.01. Skipping calculation at 1:143387
WARNING: Reached chromosome edge before EHH decayed below 0.01. Skipping calculation at 1:143390
WARNING: Reached chromosome edge before EHH decayed below 0.01. Skipping calculation at 1:143391
WARNING: Reached chromosome edge before EHH decayed below 0.01. Skipping calculation at 1:143389
WARNING: Reached chromosome edge before EHH decayed below 0.01. Skipping calculation at 1:143392
WARNING: Reached chromosome edge before EHH decayed below 0.01. Skipping calculation at 1:143393
WARNING: Reached chromosome edge before EHH decayed below 0.01. Skipping calculation at 1:143445
WARNING: Reached chromosome edge before EHH decayed below 0.01. Skipping calculation at 1:143492
WARNING: Reached chromosome edge before EHH decayed below 0.01. Skipping calculation at 1:143535
WARNING: Reached chromosome edge before EHH decayed below 0.01. Skipping calculation at 1:143451
WARNING: Reached chromosome edge before EHH decayed below 0.01. Skipping calculation at 1:143543
WARNING: Reached chromosome edge before EHH decayed below 0.01. Skipping calculation at 1:143545
WARNING: Reached chromosome edge before EHH decayed below 0.01. Skipping calculation at 1:143546
WARNING: Reached chromosome edge before EHH decayed below 0.01. Skipping calculation at 1:144164
WARNING: Reached chromosome edge before EHH decayed below 0.01. Skipping calculation at 1:144215
WARNING: Reached chromosome edge before EHH decayed below 0.01. Skipping calculation at 1:144406
WARNING: Reached chromosome edge before EHH decayed below 0.01. Skipping calculation at 1:144504
WARNING: Reached chromosome edge before EHH decayed below 0.01. Skipping calculation at 1:143791
WARNING: Reached chromosome edge before EHH decayed below 0.01. Skipping calculation at 1:144656
WARNING: Reached chromosome edge before EHH decayed below 0.01. Skipping calculation at 1:144688
WARNING: Reached chromosome edge before EHH decayed below 0.01. Skipping calculation at 1:144706
WARNING: Reached chromosome edge before EHH decayed below 0.01. Skipping calculation at 1:144766
WARNING: Reached chromosome edge before EHH decayed below 0.01. Skipping calculation at 1:144768
WARNING: Reached chromosome edge before EHH decayed below 0.01. Skipping calculation at 1:144801
WARNING: Reached chromosome edge before EHH decayed below 0.01. Skipping calculation at 1:144659
WARNING: Reached chromosome edge before EHH decayed below 0.01. Skipping calculation at 1:144839
WARNING: Reached chromosome edge before EHH decayed below 0.01. Skipping calculation at 1:144840
WARNING: Reached chromosome edge before EHH decayed below 0.01. Skipping calculation at 1:144842
WARNING: Reached chromosome edge before EHH decayed below 0.01. Skipping calculation at 1:144843
WARNING: Reached chromosome edge before EHH decayed below 0.01. Skipping calculation at 1:144844
WARNING: Reached chromosome edge before EHH decayed below 0.01. Skipping calculation at 1:144838
WARNING: Reached chromosome edge before EHH decayed below 0.01. Skipping calculation at 1:144846
WARNING: Reached chromosome edge before EHH decayed below 0.01. Skipping calculation at 1:144847
WARNING: Reached chromosome edge before EHH decayed below 0.01. Skipping calculation at 1:144848
WARNING: Reached chromosome edge before EHH decayed below 0.01. Skipping calculation at 1:144849
WARNING: Reached chromosome edge before EHH decayed below 0.01. Skipping calculation at 1:144850
WARNING: Reached chromosome edge before EHH decayed below 0.01. Skipping calculation at 1:144845
WARNING: Reached chromosome edge before EHH decayed below 0.01. Skipping calculation at 1:144852
WARNING: Reached chromosome edge before EHH decayed below 0.01. Skipping calculation at 1:144853
WARNING: Reached chromosome edge before EHH decayed below 0.01. Skipping calculation at 1:144855
WARNING: Reached chromosome edge before EHH decayed below 0.01. Skipping calculation at 1:144856
WARNING: Reached chromosome edge before EHH decayed below 0.01. Skipping calculation at 1:144851
WARNING: Reached chromosome edge before EHH decayed below 0.01. Skipping calculation at 1:144854
WARNING: Reached chromosome edge before EHH decayed below 0.01. Skipping calculation at 1:144858
WARNING: Reached chromosome edge before EHH decayed below 0.01. Skipping calculation at 1:144859
WARNING: Reached chromosome edge before EHH decayed below 0.01. Skipping calculation at 1:144861
WARNING: Reached chromosome edge before EHH decayed below 0.01. Skipping calculation at 1:144862
WARNING: Reached chromosome edge before EHH decayed below 0.01. Skipping calculation at 1:144857
WARNING: Reached chromosome edge before EHH decayed below 0.01. Skipping calculation at 1:144860
WARNING: Reached chromosome edge before EHH decayed below 0.01. Skipping calculation at 1:144864
WARNING: Reached chromosome edge before EHH decayed below 0.01. Skipping calculation at 1:144865
WARNING: Reached chromosome edge before EHH decayed below 0.01. Skipping calculation at 1:144867
WARNING: Reached chromosome edge before EHH decayed below 0.01. Skipping calculation at 1:144863
WARNING: Reached chromosome edge before EHH decayed below 0.01. Skipping calculation at 1:144868
WARNING: Reached chromosome edge before EHH decayed below 0.01. Skipping calculation at 1:144866
WARNING: Reached chromosome edge before EHH decayed below 0.01. Skipping calculation at 1:144870
WARNING: Reached chromosome edge before EHH decayed below 0.01. Skipping calculation at 1:144871
WARNING: Reached chromosome edge before EHH decayed below 0.01. Skipping calculation at 1:144874
WARNING: Reached chromosome edge before EHH decayed below 0.01. Skipping calculation at 1:144869
WARNING: Reached chromosome edge before EHH decayed below 0.01. Skipping calculation at 1:144875
WARNING: Reached chromosome edge before EHH decayed below 0.01. Skipping calculation at 1:144872
WARNING: Reached chromosome edge before EHH decayed below 0.01. Skipping calculation at 1:144877
WARNING: Reached chromosome edge before EHH decayed below 0.01. Skipping calculation at 1:144878
WARNING: Reached chromosome edge before EHH decayed below 0.01. Skipping calculation at 1:144880
WARNING: Reached chromosome edge before EHH decayed below 0.01. Skipping calculation at 1:144876
WARNING: Reached chromosome edge before EHH decayed below 0.01. Skipping calculation at 1:144881
WARNING: Reached chromosome edge before EHH decayed below 0.01. Skipping calculation at 1:144879
WARNING: Reached chromosome edge before EHH decayed below 0.01. Skipping calculation at 1:144883
WARNING: Reached chromosome edge before EHH decayed below 0.01. Skipping calculation at 1:144884
WARNING: Reached chromosome edge before EHH decayed below 0.01. Skipping calculation at 1:144886
WARNING: Reached chromosome edge before EHH decayed below 0.01. Skipping calculation at 1:144882
WARNING: Reached chromosome edge before EHH decayed below 0.01. Skipping calculation at 1:144887
WARNING: Reached chromosome edge before EHH decayed below 0.01. Skipping calculation at 1:144885
WARNING: Reached chromosome edge before EHH decayed below 0.01. Skipping calculation at 1:144889
WARNING: Reached chromosome edge before EHH decayed below 0.01. Skipping calculation at 1:144890
WARNING: Reached chromosome edge before EHH decayed below 0.01. Skipping calculation at 1:144892
WARNING: Reached chromosome edge before EHH decayed below 0.01. Skipping calculation at 1:144888
WARNING: Reached chromosome edge before EHH decayed below 0.01. Skipping calculation at 1:144891
WARNING: Reached chromosome edge before EHH decayed below 0.01. Skipping calculation at 1:144893
WARNING: Reached chromosome edge before EHH decayed below 0.01. Skipping calculation at 1:144895
WARNING: Reached chromosome edge before EHH decayed below 0.01. Skipping calculation at 1:144896
WARNING: Reached chromosome edge before EHH decayed below 0.01. Skipping calculation at 1:144898
WARNING: Reached chromosome edge before EHH decayed below 0.01. Skipping calculation at 1:144894
WARNING: Reached chromosome edge before EHH decayed below 0.01. Skipping calculation at 1:144897
WARNING: Reached chromosome edge before EHH decayed below 0.01. Skipping calculation at 1:144899
WARNING: Reached chromosome edge before EHH decayed below 0.01. Skipping calculation at 1:144901
WARNING: Reached chromosome edge before EHH decayed below 0.01. Skipping calculation at 1:144902
WARNING: Reached chromosome edge before EHH decayed below 0.01. Skipping calculation at 1:144906
WARNING: Reached chromosome edge before EHH decayed below 0.01. Skipping calculation at 1:144900
WARNING: Reached chromosome edge before EHH decayed below 0.01. Skipping calculation at 1:144903
WARNING: Reached chromosome edge before EHH decayed below 0.01. Skipping calculation at 1:144907
WARNING: Reached chromosome edge before EHH decayed below 0.01. Skipping calculation at 1:144909
WARNING: Reached chromosome edge before EHH decayed below 0.01. Skipping calculation at 1:144910
WARNING: Reached chromosome edge before EHH decayed below 0.01. Skipping calculation at 1:144912
WARNING: Reached chromosome edge before EHH decayed below 0.01. Skipping calculation at 1:144908
WARNING: Reached chromosome edge before EHH decayed below 0.01. Skipping calculation at 1:144911
WARNING: Reached chromosome edge before EHH decayed below 0.01. Skipping calculation at 1:144913
WARNING: Reached chromosome edge before EHH decayed below 0.01. Skipping calculation at 1:144915
WARNING: Reached chromosome edge before EHH decayed below 0.01. Skipping calculation at 1:144916
WARNING: Reached chromosome edge before EHH decayed below 0.01. Skipping calculation at 1:144918
WARNING: Reached chromosome edge before EHH decayed below 0.01. Skipping calculation at 1:144914
WARNING: Reached chromosome edge before EHH decayed below 0.01. Skipping calculation at 1:144917
WARNING: Reached chromosome edge before EHH decayed below 0.01. Skipping calculation at 1:144921
WARNING: Reached chromosome edge before EHH decayed below 0.01. Skipping calculation at 1:144924
WARNING: Reached chromosome edge before EHH decayed below 0.01. Skipping calculation at 1:144925
WARNING: Reached chromosome edge before EHH decayed below 0.01. Skipping calculation at 1:144929
WARNING: Reached chromosome edge before EHH decayed below 0.01. Skipping calculation at 1:144923
WARNING: Reached chromosome edge before EHH decayed below 0.01. Skipping calculation at 1:144930
WARNING: Reached chromosome edge before EHH decayed below 0.01. Skipping calculation at 1:144926
WARNING: Reached chromosome edge before EHH decayed below 0.01. Skipping calculation at 1:144932
WARNING: Reached chromosome edge before EHH decayed below 0.01. Skipping calculation at 1:144933
WARNING: Reached chromosome edge before EHH decayed below 0.01. Skipping calculation at 1:144936
WARNING: Reached chromosome edge before EHH decayed below 0.01. Skipping calculation at 1:144931
WARNING: Reached chromosome edge before EHH decayed below 0.01. Skipping calculation at 1:144937
WARNING: Reached chromosome edge before EHH decayed below 0.01. Skipping calculation at 1:144935
WARNING: Reached chromosome edge before EHH decayed below 0.01. Skipping calculation at 1:144939
WARNING: Reached chromosome edge before EHH decayed below 0.01. Skipping calculation at 1:144941
WARNING: Reached chromosome edge before EHH decayed below 0.01. Skipping calculation at 1:144944
WARNING: Reached chromosome edge before EHH decayed below 0.01. Skipping calculation at 1:144938
WARNING: Reached chromosome edge before EHH decayed below 0.01. Skipping calculation at 1:144947
WARNING: Reached chromosome edge before EHH decayed below 0.01. Skipping calculation at 1:144942
WARNING: Reached chromosome edge before EHH decayed below 0.01. Skipping calculation at 1:144949
WARNING: Reached chromosome edge before EHH decayed below 0.01. Skipping calculation at 1:144989
WARNING: Reached chromosome edge before EHH decayed below 0.01. Skipping calculation at 1:145101
WARNING: Reached chromosome edge before EHH decayed below 0.01. Skipping calculation at 1:144948
WARNING: Reached chromosome edge before EHH decayed below 0.01. Skipping calculation at 1:145102
WARNING: Reached chromosome edge before EHH decayed below 0.01. Skipping calculation at 1:145099
WARNING: Reached chromosome edge before EHH decayed below 0.01. Skipping calculation at 1:145104
WARNING: Reached chromosome edge before EHH decayed below 0.01. Skipping calculation at 1:145105
WARNING: Reached chromosome edge before EHH decayed below 0.01. Skipping calculation at 1:145108
WARNING: Reached chromosome edge before EHH decayed below 0.01. Skipping calculation at 1:145103
WARNING: Reached chromosome edge before EHH decayed below 0.01. Skipping calculation at 1:145113
WARNING: Reached chromosome edge before EHH decayed below 0.01. Skipping calculation at 1:145107
WARNING: Reached chromosome edge before EHH decayed below 0.01. Skipping calculation at 1:145117
WARNING: Reached chromosome edge before EHH decayed below 0.01. Skipping calculation at 1:145121
WARNING: Reached chromosome edge before EHH decayed below 0.01. Skipping calculation at 1:145132
WARNING: Reached chromosome edge before EHH decayed below 0.01. Skipping calculation at 1:145114
WARNING: Reached chromosome edge before EHH decayed below 0.01. Skipping calculation at 1:145137
WARNING: Reached chromosome edge before EHH decayed below 0.01. Skipping calculation at 1:145123
WARNING: Reached chromosome edge before EHH decayed below 0.01. Skipping calculation at 1:145187
WARNING: Reached chromosome edge before EHH decayed below 0.01. Skipping calculation at 1:145189
WARNING: Reached chromosome edge before EHH decayed below 0.01. Skipping calculation at 1:145186
WARNING: Reached chromosome edge before EHH decayed below 0.01. Skipping calculation at 1:145224
WARNING: Reached chromosome edge before EHH decayed below 0.01. Skipping calculation at 1:145237
WARNING: Reached chromosome edge before EHH decayed below 0.01. Skipping calculation at 1:145223
WARNING: Reached chromosome edge before EHH decayed below 0.01. Skipping calculation at 1:145242
WARNING: Reached chromosome edge before EHH decayed below 0.01. Skipping calculation at 1:145243
WARNING: Reached chromosome edge before EHH decayed below 0.01. Skipping calculation at 1:145275
WARNING: Reached chromosome edge before EHH decayed below 0.01. Skipping calculation at 1:145239
WARNING: Reached chromosome edge before EHH decayed below 0.01. Skipping calculation at 1:145296
WARNING: Reached chromosome edge before EHH decayed below 0.01. Skipping calculation at 1:145245
WARNING: Reached chromosome edge before EHH decayed below 0.01. Skipping calculation at 1:145298
WARNING: Reached chromosome edge before EHH decayed below 0.01. Skipping calculation at 1:145299
WARNING: Reached chromosome edge before EHH decayed below 0.01. Skipping calculation at 1:145301
WARNING: Reached chromosome edge before EHH decayed below 0.01. Skipping calculation at 1:145297
WARNING: Reached chromosome edge before EHH decayed below 0.01. Skipping calculation at 1:145302
WARNING: Reached chromosome edge before EHH decayed below 0.01. Skipping calculation at 1:145300
WARNING: Reached chromosome edge before EHH decayed below 0.01. Skipping calculation at 1:145304
WARNING: Reached chromosome edge before EHH decayed below 0.01. Skipping calculation at 1:145305
WARNING: Reached chromosome edge before EHH decayed below 0.01. Skipping calculation at 1:145307
WARNING: Reached chromosome edge before EHH decayed below 0.01. Skipping calculation at 1:145303
WARNING: Reached chromosome edge before EHH decayed below 0.01. Skipping calculation at 1:145308
WARNING: Reached chromosome edge before EHH decayed below 0.01. Skipping calculation at 1:145306
WARNING: Reached chromosome edge before EHH decayed below 0.01. Skipping calculation at 1:145310
WARNING: Reached chromosome edge before EHH decayed below 0.01. Skipping calculation at 1:145311
WARNING: Reached chromosome edge before EHH decayed below 0.01. Skipping calculation at 1:145314
WARNING: Reached chromosome edge before EHH decayed below 0.01. Skipping calculation at 1:145309
WARNING: Reached chromosome edge before EHH decayed below 0.01. Skipping calculation at 1:145315
WARNING: Reached chromosome edge before EHH decayed below 0.01. Skipping calculation at 1:145313
WARNING: Reached chromosome edge before EHH decayed below 0.01. Skipping calculation at 1:145317
WARNING: Reached chromosome edge before EHH decayed below 0.01. Skipping calculation at 1:145318
WARNING: Reached chromosome edge before EHH decayed below 0.01. Skipping calculation at 1:145344
WARNING: Reached chromosome edge before EHH decayed below 0.01. Skipping calculation at 1:145316
WARNING: Reached chromosome edge before EHH decayed below 0.01. Skipping calculation at 1:145345
WARNING: Reached chromosome edge before EHH decayed below 0.01. Skipping calculation at 1:145343
WARNING: Reached chromosome edge before EHH decayed below 0.01. Skipping calculation at 1:145347
WARNING: Reached chromosome edge before EHH decayed below 0.01. Skipping calculation at 1:145348
WARNING: Reached chromosome edge before EHH decayed below 0.01. Skipping calculation at 1:145352
WARNING: Reached chromosome edge before EHH decayed below 0.01. Skipping calculation at 1:145346
WARNING: Reached chromosome edge before EHH decayed below 0.01. Skipping calculation at 1:145353
WARNING: Reached chromosome edge before EHH decayed below 0.01. Skipping calculation at 1:145350
WARNING: Reached chromosome edge before EHH decayed below 0.01. Skipping calculation at 1:145356
WARNING: Reached chromosome edge before EHH decayed below 0.01. Skipping calculation at 1:145357
WARNING: Reached chromosome edge before EHH decayed below 0.01. Skipping calculation at 1:145361
WARNING: Reached chromosome edge before EHH decayed below 0.01. Skipping calculation at 1:145354
WARNING: Reached chromosome edge before EHH decayed below 0.01. Skipping calculation at 1:145362
WARNING: Reached chromosome edge before EHH decayed below 0.01. Skipping calculation at 1:145358
WARNING: Reached chromosome edge before EHH decayed below 0.01. Skipping calculation at 1:145365
WARNING: Reached chromosome edge before EHH decayed below 0.01. Skipping calculation at 1:145367
WARNING: Reached chromosome edge before EHH decayed below 0.01. Skipping calculation at 1:145369
WARNING: Reached chromosome edge before EHH decayed below 0.01. Skipping calculation at 1:145364
WARNING: Reached chromosome edge before EHH decayed below 0.01. Skipping calculation at 1:145370
WARNING: Reached chromosome edge before EHH decayed below 0.01. Skipping calculation at 1:145368
WARNING: Reached chromosome edge before EHH decayed below 0.01. Skipping calculation at 1:145372
WARNING: Reached chromosome edge before EHH decayed below 0.01. Skipping calculation at 1:145373
WARNING: Reached chromosome edge before EHH decayed below 0.01. Skipping calculation at 1:145375
WARNING: Reached chromosome edge before EHH decayed below 0.01. Skipping calculation at 1:145371
WARNING: Reached chromosome edge before EHH decayed below 0.01. Skipping calculation at 1:145376
WARNING: Reached chromosome edge before EHH decayed below 0.01. Skipping calculation at 1:145374
WARNING: Reached chromosome edge before EHH decayed below 0.01. Skipping calculation at 1:145378
WARNING: Reached chromosome edge before EHH decayed below 0.01. Skipping calculation at 1:145379
WARNING: Reached chromosome edge before EHH decayed below 0.01. Skipping calculation at 1:145382
WARNING: Reached chromosome edge before EHH decayed below 0.01. Skipping calculation at 1:145377
WARNING: Reached chromosome edge before EHH decayed below 0.01. Skipping calculation at 1:145383
WARNING: Reached chromosome edge before EHH decayed below 0.01. Skipping calculation at 1:145381
WARNING: Reached chromosome edge before EHH decayed below 0.01. Skipping calculation at 1:145385
WARNING: Reached chromosome edge before EHH decayed below 0.01. Skipping calculation at 1:145386
WARNING: Reached chromosome edge before EHH decayed below 0.01. Skipping calculation at 1:145420
WARNING: Reached chromosome edge before EHH decayed below 0.01. Skipping calculation at 1:145384
WARNING: Reached chromosome edge before EHH decayed below 0.01. Skipping calculation at 1:145437
WARNING: Reached chromosome edge before EHH decayed below 0.01. Skipping calculation at 1:145406
WARNING: Reached chromosome edge before EHH decayed below 0.01. Skipping calculation at 1:145455
WARNING: Reached chromosome edge before EHH decayed below 0.01. Skipping calculation at 1:145469
WARNING: Reached chromosome edge before EHH decayed below 0.01. Skipping calculation at 1:145638
WARNING: Reached chromosome edge before EHH decayed below 0.01. Skipping calculation at 1:145444
WARNING: Reached chromosome edge before EHH decayed below 0.01. Skipping calculation at 1:145661
WARNING: Reached chromosome edge before EHH decayed below 0.01. Skipping calculation at 1:145540
WARNING: Reached chromosome edge before EHH decayed below 0.01. Skipping calculation at 1:145693
WARNING: Reached chromosome edge before EHH decayed below 0.01. Skipping calculation at 1:145731
WARNING: Reached chromosome edge before EHH decayed below 0.01. Skipping calculation at 1:145738
WARNING: Reached chromosome edge before EHH decayed below 0.01. Skipping calculation at 1:145665
WARNING: Reached chromosome edge before EHH decayed below 0.01. Skipping calculation at 1:145732
WARNING: Reached chromosome edge before EHH decayed below 0.01. Skipping calculation at 1:145758
WARNING: Reached chromosome edge before EHH decayed below 0.01. Skipping calculation at 1:146134
WARNING: Reached chromosome edge before EHH decayed below 0.01. Skipping calculation at 1:146135
WARNING: Reached chromosome edge before EHH decayed below 0.01. Skipping calculation at 1:146137
WARNING: Reached chromosome edge before EHH decayed below 0.01. Skipping calculation at 1:145823
WARNING: Reached chromosome edge before EHH decayed below 0.01. Skipping calculation at 1:146136
WARNING: Reached chromosome edge before EHH decayed below 0.01. Skipping calculation at 1:146138
WARNING: Reached chromosome edge before EHH decayed below 0.01. Skipping calculation at 1:146140
WARNING: Reached chromosome edge before EHH decayed below 0.01. Skipping calculation at 1:146141
WARNING: Reached chromosome edge before EHH decayed below 0.01. Skipping calculation at 1:146143
WARNING: Reached chromosome edge before EHH decayed below 0.01. Skipping calculation at 1:146139
WARNING: Reached chromosome edge before EHH decayed below 0.01. Skipping calculation at 1:146142
WARNING: Reached chromosome edge before EHH decayed below 0.01. Skipping calculation at 1:146144
WARNING: Reached chromosome edge before EHH decayed below 0.01. Skipping calculation at 1:146146
WARNING: Reached chromosome edge before EHH decayed below 0.01. Skipping calculation at 1:146148
WARNING: Reached chromosome edge before EHH decayed below 0.01. Skipping calculation at 1:146145
WARNING: Reached chromosome edge before EHH decayed below 0.01. Skipping calculation at 1:146150
WARNING: Reached chromosome edge before EHH decayed below 0.01. Skipping calculation at 1:146149
WARNING: Reached chromosome edge before EHH decayed below 0.01. Skipping calculation at 1:146151
WARNING: Reached chromosome edge before EHH decayed below 0.01. Skipping calculation at 1:146153
WARNING: Reached chromosome edge before EHH decayed below 0.01. Skipping calculation at 1:146154
WARNING: Reached chromosome edge before EHH decayed below 0.01. Skipping calculation at 1:146152
WARNING: Reached chromosome edge before EHH decayed below 0.01. Skipping calculation at 1:146156
WARNING: Reached chromosome edge before EHH decayed below 0.01. Skipping calculation at 1:146155
WARNING: Reached chromosome edge before EHH decayed below 0.01. Skipping calculation at 1:146211
WARNING: Reached chromosome edge before EHH decayed below 0.01. Skipping calculation at 1:158524906
WARNING: Reached chromosome edge before EHH decayed below 0.01. Skipping calculation at 1:158525037
WARNING: Reached chromosome edge before EHH decayed below 0.01. Skipping calculation at 1:158525285
WARNING: Reached chromosome edge before EHH decayed below 0.01. Skipping calculation at 1:158525476
WARNING: Reached chromosome edge before EHH decayed below 0.01. Skipping calculation at 1:158525532
WARNING: Reached chromosome edge before EHH decayed below 0.01. Skipping calculation at 1:158525540
WARNING: Reached chromosome edge before EHH decayed below 0.01. Skipping calculation at 1:158525610
WARNING: Reached chromosome edge before EHH decayed below 0.01. Skipping calculation at 1:158525717
WARNING: Reached chromosome edge before EHH decayed below 0.01. Skipping calculation at 1:158525799
WARNING: Reached chromosome edge before EHH decayed below 0.01. Skipping calculation at 1:158525806
WARNING: Reached chromosome edge before EHH decayed below 0.01. Skipping calculation at 1:158525857
WARNING: Reached chromosome edge before EHH decayed below 0.01. Skipping calculation at 1:158525961
WARNING: Reached chromosome edge before EHH decayed below 0.01. Skipping calculation at 1:158526056
WARNING: Reached chromosome edge before EHH decayed below 0.01. Skipping calculation at 1:158526145
WARNING: Reached chromosome edge before EHH decayed below 0.01. Skipping calculation at 1:158526223
WARNING: Reached chromosome edge before EHH decayed below 0.01. Skipping calculation at 1:158526345
WARNING: Reached chromosome edge before EHH decayed below 0.01. Skipping calculation at 1:158526455
WARNING: Reached chromosome edge before EHH decayed below 0.01. Skipping calculation at 1:158526605
WARNING: Reached chromosome edge before EHH decayed below 0.01. Skipping calculation at 1:158526687
WARNING: Reached chromosome edge before EHH decayed below 0.01. Skipping calculation at 1:158526725
WARNING: Reached chromosome edge before EHH decayed below 0.01. Skipping calculation at 1:158526835
WARNING: Reached chromosome edge before EHH decayed below 0.01. Skipping calculation at 1:158526910
WARNING: Reached chromosome edge before EHH decayed below 0.01. Skipping calculation at 1:158527020
WARNING: Reached chromosome edge before EHH decayed below 0.01. Skipping calculation at 1:158527049
WARNING: Reached chromosome edge before EHH decayed below 0.01. Skipping calculation at 1:158527235
WARNING: Reached chromosome edge before EHH decayed below 0.01. Skipping calculation at 1:158527280
WARNING: Reached chromosome edge before EHH decayed below 0.01. Skipping calculation at 1:158527475
WARNING: Reached chromosome edge before EHH decayed below 0.01. Skipping calculation at 1:158527536
WARNING: Reached chromosome edge before EHH decayed below 0.01. Skipping calculation at 1:158527606
WARNING: Reached chromosome edge before EHH decayed below 0.01. Skipping calculation at 1:158527696
WARNING: Reached chromosome edge before EHH decayed below 0.01. Skipping calculation at 1:158527762
WARNING: Reached chromosome edge before EHH decayed below 0.01. Skipping calculation at 1:158527853
WARNING: Reached chromosome edge before EHH decayed below 0.01. Skipping calculation at 1:158527955
WARNING: Reached chromosome edge before EHH decayed below 0.01. Skipping calculation at 1:158528076
WARNING: Reached chromosome edge before EHH decayed below 0.01. Skipping calculation at 1:158528124
WARNING: Reached chromosome edge before EHH decayed below 0.01. Skipping calculation at 1:158528171
WARNING: Reached chromosome edge before EHH decayed below 0.01. Skipping calculation at 1:158528239
WARNING: Reached chromosome edge before EHH decayed below 0.01. Skipping calculation at 1:158528373
WARNING: Reached chromosome edge before EHH decayed below 0.01. Skipping calculation at 1:158528435
WARNING: Reached chromosome edge before EHH decayed below 0.01. Skipping calculation at 1:158528597
WARNING: Reached chromosome edge before EHH decayed below 0.01. Skipping calculation at 1:158528682
WARNING: Reached chromosome edge before EHH decayed below 0.01. Skipping calculation at 1:158528806
WARNING: Reached chromosome edge before EHH decayed below 0.01. Skipping calculation at 1:158528939
WARNING: Reached chromosome edge before EHH decayed below 0.01. Skipping calculation at 1:158529121
WARNING: Reached chromosome edge before EHH decayed below 0.01. Skipping calculation at 1:158529989
WARNING: Reached chromosome edge before EHH decayed below 0.01. Skipping calculation at 1:158530105
WARNING: Reached chromosome edge before EHH decayed below 0.01. Skipping calculation at 1:158524898
WARNING: Reached chromosome edge before EHH decayed below 0.01. Skipping calculation at 1:158524965
WARNING: Reached chromosome edge before EHH decayed below 0.01. Skipping calculation at 1:158525053
WARNING: Reached chromosome edge before EHH decayed below 0.01. Skipping calculation at 1:158525449
WARNING: Reached chromosome edge before EHH decayed below 0.01. Skipping calculation at 1:158525530
WARNING: Reached chromosome edge before EHH decayed below 0.01. Skipping calculation at 1:158525538
WARNING: Reached chromosome edge before EHH decayed below 0.01. Skipping calculation at 1:158525583
WARNING: Reached chromosome edge before EHH decayed below 0.01. Skipping calculation at 1:158525686
WARNING: Reached chromosome edge before EHH decayed below 0.01. Skipping calculation at 1:158525766
WARNING: Reached chromosome edge before EHH decayed below 0.01. Skipping calculation at 1:158525804
WARNING: Reached chromosome edge before EHH decayed below 0.01. Skipping calculation at 1:158525846
WARNING: Reached chromosome edge before EHH decayed below 0.01. Skipping calculation at 1:158525939
WARNING: Reached chromosome edge before EHH decayed below 0.01. Skipping calculation at 1:158526039
WARNING: Reached chromosome edge before EHH decayed below 0.01. Skipping calculation at 1:158526101
WARNING: Reached chromosome edge before EHH decayed below 0.01. Skipping calculation at 1:158526196
WARNING: Reached chromosome edge before EHH decayed below 0.01. Skipping calculation at 1:158526288
WARNING: Reached chromosome edge before EHH decayed below 0.01. Skipping calculation at 1:158526428
WARNING: Reached chromosome edge before EHH decayed below 0.01. Skipping calculation at 1:158526562
WARNING: Reached chromosome edge before EHH decayed below 0.01. Skipping calculation at 1:158526682
WARNING: Reached chromosome edge before EHH decayed below 0.01. Skipping calculation at 1:158526692
WARNING: Reached chromosome edge before EHH decayed below 0.01. Skipping calculation at 1:158526797
WARNING: Reached chromosome edge before EHH decayed below 0.01. Skipping calculation at 1:158526900
WARNING: Reached chromosome edge before EHH decayed below 0.01. Skipping calculation at 1:158526973
WARNING: Reached chromosome edge before EHH decayed below 0.01. Skipping calculation at 1:158527028
WARNING: Reached chromosome edge before EHH decayed below 0.01. Skipping calculation at 1:158527140
WARNING: Reached chromosome edge before EHH decayed below 0.01. Skipping calculation at 1:158527271
WARNING: Reached chromosome edge before EHH decayed below 0.01. Skipping calculation at 1:158527387
WARNING: Reached chromosome edge before EHH decayed below 0.01. Skipping calculation at 1:158527523
WARNING: Reached chromosome edge before EHH decayed below 0.01. Skipping calculation at 1:158527578
WARNING: Reached chromosome edge before EHH decayed below 0.01. Skipping calculation at 1:158527640
WARNING: Reached chromosome edge before EHH decayed below 0.01. Skipping calculation at 1:158527749
WARNING: Reached chromosome edge before EHH decayed below 0.01. Skipping calculation at 1:158527841
WARNING: Reached chromosome edge before EHH decayed below 0.01. Skipping calculation at 1:158527899
WARNING: Reached chromosome edge before EHH decayed below 0.01. Skipping calculation at 1:158528031
WARNING: Reached chromosome edge before EHH decayed below 0.01. Skipping calculation at 1:158528103
WARNING: Reached chromosome edge before EHH decayed below 0.01. Skipping calculation at 1:158528146
WARNING: Reached chromosome edge before EHH decayed below 0.01. Skipping calculation at 1:158528199
WARNING: Reached chromosome edge before EHH decayed below 0.01. Skipping calculation at 1:158528308
WARNING: Reached chromosome edge before EHH decayed below 0.01. Skipping calculation at 1:158528433
WARNING: Reached chromosome edge before EHH decayed below 0.01. Skipping calculation at 1:158528507
WARNING: Reached chromosome edge before EHH decayed below 0.01. Skipping calculation at 1:158528669
WARNING: Reached chromosome edge before EHH decayed below 0.01. Skipping calculation at 1:158528793
WARNING: Reached chromosome edge before EHH decayed below 0.01. Skipping calculation at 1:158528898
WARNING: Reached chromosome edge before EHH decayed below 0.01. Skipping calculation at 1:158529056
WARNING: Reached chromosome edge before EHH decayed below 0.01. Skipping calculation at 1:158529173
WARNING: Reached chromosome edge before EHH decayed below 0.01. Skipping calculation at 1:158530080
WARNING: Reached chromosome edge before EHH decayed below 0.01. Skipping calculation at 1:158530530
WARNING: Reached chromosome edge before EHH decayed below 0.01. Skipping calculation at 1:158524889
WARNING: Reached chromosome edge before EHH decayed below 0.01. Skipping calculation at 1:158524932
WARNING: Reached chromosome edge before EHH decayed below 0.01. Skipping calculation at 1:158525052
WARNING: Reached chromosome edge before EHH decayed below 0.01. Skipping calculation at 1:158525446
WARNING: Reached chromosome edge before EHH decayed below 0.01. Skipping calculation at 1:158525526
WARNING: Reached chromosome edge before EHH decayed below 0.01. Skipping calculation at 1:158525535
WARNING: Reached chromosome edge before EHH decayed below 0.01. Skipping calculation at 1:158525552
WARNING: Reached chromosome edge before EHH decayed below 0.01. Skipping calculation at 1:158525666
WARNING: Reached chromosome edge before EHH decayed below 0.01. Skipping calculation at 1:158525748
WARNING: Reached chromosome edge before EHH decayed below 0.01. Skipping calculation at 1:158525803
WARNING: Reached chromosome edge before EHH decayed below 0.01. Skipping calculation at 1:158525823
WARNING: Reached chromosome edge before EHH decayed below 0.01. Skipping calculation at 1:158525935
WARNING: Reached chromosome edge before EHH decayed below 0.01. Skipping calculation at 1:158526029
WARNING: Reached chromosome edge before EHH decayed below 0.01. Skipping calculation at 1:158526100
WARNING: Reached chromosome edge before EHH decayed below 0.01. Skipping calculation at 1:158526192
WARNING: Reached chromosome edge before EHH decayed below 0.01. Skipping calculation at 1:158526277
WARNING: Reached chromosome edge before EHH decayed below 0.01. Skipping calculation at 1:158526427
WARNING: Reached chromosome edge before EHH decayed below 0.01. Skipping calculation at 1:158526545
WARNING: Reached chromosome edge before EHH decayed below 0.01. Skipping calculation at 1:158526670
WARNING: Reached chromosome edge before EHH decayed below 0.01. Skipping calculation at 1:158526691
WARNING: Reached chromosome edge before EHH decayed below 0.01. Skipping calculation at 1:158526741
WARNING: Reached chromosome edge before EHH decayed below 0.01. Skipping calculation at 1:158526852
WARNING: Reached chromosome edge before EHH decayed below 0.01. Skipping calculation at 1:158526949
WARNING: Reached chromosome edge before EHH decayed below 0.01. Skipping calculation at 1:158527027
WARNING: Reached chromosome edge before EHH decayed below 0.01. Skipping calculation at 1:158527139
WARNING: Reached chromosome edge before EHH decayed below 0.01. Skipping calculation at 1:158527269
WARNING: Reached chromosome edge before EHH decayed below 0.01. Skipping calculation at 1:158527386
WARNING: Reached chromosome edge before EHH decayed below 0.01. Skipping calculation at 1:158527522
WARNING: Reached chromosome edge before EHH decayed below 0.01. Skipping calculation at 1:158527557
WARNING: Reached chromosome edge before EHH decayed below 0.01. Skipping calculation at 1:158527637
WARNING: Reached chromosome edge before EHH decayed below 0.01. Skipping calculation at 1:158527737
WARNING: Reached chromosome edge before EHH decayed below 0.01. Skipping calculation at 1:158527801
WARNING: Reached chromosome edge before EHH decayed below 0.01. Skipping calculation at 1:158527870
WARNING: Reached chromosome edge before EHH decayed below 0.01. Skipping calculation at 1:158528022
WARNING: Reached chromosome edge before EHH decayed below 0.01. Skipping calculation at 1:158528102
WARNING: Reached chromosome edge before EHH decayed below 0.01. Skipping calculation at 1:158528143
WARNING: Reached chromosome edge before EHH decayed below 0.01. Skipping calculation at 1:158528193
WARNING: Reached chromosome edge before EHH decayed below 0.01. Skipping calculation at 1:158528267
WARNING: Reached chromosome edge before EHH decayed below 0.01. Skipping calculation at 1:158528425
WARNING: Reached chromosome edge before EHH decayed below 0.01. Skipping calculation at 1:158528466
WARNING: Reached chromosome edge before EHH decayed below 0.01. Skipping calculation at 1:158528646
WARNING: Reached chromosome edge before EHH decayed below 0.01. Skipping calculation at 1:158528704
WARNING: Reached chromosome edge before EHH decayed below 0.01. Skipping calculation at 1:158528888
WARNING: Reached chromosome edge before EHH decayed below 0.01. Skipping calculation at 1:158529050
WARNING: Reached chromosome edge before EHH decayed below 0.01. Skipping calculation at 1:158529167
WARNING: Reached chromosome edge before EHH decayed below 0.01. Skipping calculation at 1:158530051
WARNING: Reached chromosome edge before EHH decayed below 0.01. Skipping calculation at 1:158530521
WARNING: Reached chromosome edge before EHH decayed below 0.01. Skipping calculation at 1:158524884
WARNING: Reached chromosome edge before EHH decayed below 0.01. Skipping calculation at 1:158524931
WARNING: Reached chromosome edge before EHH decayed below 0.01. Skipping calculation at 1:158525050
WARNING: Reached chromosome edge before EHH decayed below 0.01. Skipping calculation at 1:158525287
WARNING: Reached chromosome edge before EHH decayed below 0.01. Skipping calculation at 1:158525520
WARNING: Reached chromosome edge before EHH decayed below 0.01. Skipping calculation at 1:158525534
WARNING: Reached chromosome edge before EHH decayed below 0.01. Skipping calculation at 1:158525542
WARNING: Reached chromosome edge before EHH decayed below 0.01. Skipping calculation at 1:158525636
WARNING: Reached chromosome edge before EHH decayed below 0.01. Skipping calculation at 1:158525741
WARNING: Reached chromosome edge before EHH decayed below 0.01. Skipping calculation at 1:158525802
WARNING: Reached chromosome edge before EHH decayed below 0.01. Skipping calculation at 1:158525809
WARNING: Reached chromosome edge before EHH decayed below 0.01. Skipping calculation at 1:158525908
WARNING: Reached chromosome edge before EHH decayed below 0.01. Skipping calculation at 1:158526028
WARNING: Reached chromosome edge before EHH decayed below 0.01. Skipping calculation at 1:158526088
WARNING: Reached chromosome edge before EHH decayed below 0.01. Skipping calculation at 1:158526154
WARNING: Reached chromosome edge before EHH decayed below 0.01. Skipping calculation at 1:158526269
WARNING: Reached chromosome edge before EHH decayed below 0.01. Skipping calculation at 1:158526397
WARNING: Reached chromosome edge before EHH decayed below 0.01. Skipping calculation at 1:158526481
WARNING: Reached chromosome edge before EHH decayed below 0.01. Skipping calculation at 1:158526641
WARNING: Reached chromosome edge before EHH decayed below 0.01. Skipping calculation at 1:158526690
WARNING: Reached chromosome edge before EHH decayed below 0.01. Skipping calculation at 1:158526735
WARNING: Reached chromosome edge before EHH decayed below 0.01. Skipping calculation at 1:158526850
WARNING: Reached chromosome edge before EHH decayed below 0.01. Skipping calculation at 1:158526939
WARNING: Reached chromosome edge before EHH decayed below 0.01. Skipping calculation at 1:158527025
WARNING: Reached chromosome edge before EHH decayed below 0.01. Skipping calculation at 1:158527117
WARNING: Reached chromosome edge before EHH decayed below 0.01. Skipping calculation at 1:158527262
WARNING: Reached chromosome edge before EHH decayed below 0.01. Skipping calculation at 1:158527365
WARNING: Reached chromosome edge before EHH decayed below 0.01. Skipping calculation at 1:158527485
WARNING: Reached chromosome edge before EHH decayed below 0.01. Skipping calculation at 1:158527552
WARNING: Reached chromosome edge before EHH decayed below 0.01. Skipping calculation at 1:158527625
WARNING: Reached chromosome edge before EHH decayed below 0.01. Skipping calculation at 1:158527735
WARNING: Reached chromosome edge before EHH decayed below 0.01. Skipping calculation at 1:158527788
WARNING: Reached chromosome edge before EHH decayed below 0.01. Skipping calculation at 1:158527858
WARNING: Reached chromosome edge before EHH decayed below 0.01. Skipping calculation at 1:158528014
WARNING: Reached chromosome edge before EHH decayed below 0.01. Skipping calculation at 1:158528090
WARNING: Reached chromosome edge before EHH decayed below 0.01. Skipping calculation at 1:158528141
WARNING: Reached chromosome edge before EHH decayed below 0.01. Skipping calculation at 1:158528192
WARNING: Reached chromosome edge before EHH decayed below 0.01. Skipping calculation at 1:158528253
WARNING: Reached chromosome edge before EHH decayed below 0.01. Skipping calculation at 1:158528406
WARNING: Reached chromosome edge before EHH decayed below 0.01. Skipping calculation at 1:158528453
WARNING: Reached chromosome edge before EHH decayed below 0.01. Skipping calculation at 1:158528645
WARNING: Reached chromosome edge before EHH decayed below 0.01. Skipping calculation at 1:158528696
WARNING: Reached chromosome edge before EHH decayed below 0.01. Skipping calculation at 1:158528868
WARNING: Reached chromosome edge before EHH decayed below 0.01. Skipping calculation at 1:158528974
WARNING: Reached chromosome edge before EHH decayed below 0.01. Skipping calculation at 1:158529166
WARNING: Reached chromosome edge before EHH decayed below 0.01. Skipping calculation at 1:158530029
WARNING: Reached chromosome edge before EHH decayed below 0.01. Skipping calculation at 1:158530128
WARNING: Reached chromosome edge before EHH decayed below 0.01. Skipping calculation at 1:158524880
WARNING: Reached chromosome edge before EHH decayed below 0.01. Skipping calculation at 1:158524928
WARNING: Reached chromosome edge before EHH decayed below 0.01. Skipping calculation at 1:158525041
WARNING: Reached chromosome edge before EHH decayed below 0.01. Skipping calculation at 1:158525286
WARNING: Reached chromosome edge before EHH decayed below 0.01. Skipping calculation at 1:158525497
WARNING: Reached chromosome edge before EHH decayed below 0.01. Skipping calculation at 1:158525533
WARNING: Reached chromosome edge before EHH decayed below 0.01. Skipping calculation at 1:158525541
WARNING: Reached chromosome edge before EHH decayed below 0.01. Skipping calculation at 1:158525634
WARNING: Reached chromosome edge before EHH decayed below 0.01. Skipping calculation at 1:158525731
WARNING: Reached chromosome edge before EHH decayed below 0.01. Skipping calculation at 1:158525800
WARNING: Reached chromosome edge before EHH decayed below 0.01. Skipping calculation at 1:158525807
WARNING: Reached chromosome edge before EHH decayed below 0.01. Skipping calculation at 1:158525894
WARNING: Reached chromosome edge before EHH decayed below 0.01. Skipping calculation at 1:158526014
WARNING: Reached chromosome edge before EHH decayed below 0.01. Skipping calculation at 1:158526084
WARNING: Reached chromosome edge before EHH decayed below 0.01. Skipping calculation at 1:158526153
WARNING: Reached chromosome edge before EHH decayed below 0.01. Skipping calculation at 1:158526258
WARNING: Reached chromosome edge before EHH decayed below 0.01. Skipping calculation at 1:158526387
WARNING: Reached chromosome edge before EHH decayed below 0.01. Skipping calculation at 1:158526474
WARNING: Reached chromosome edge before EHH decayed below 0.01. Skipping calculation at 1:158526639
WARNING: Reached chromosome edge before EHH decayed below 0.01. Skipping calculation at 1:158526689
WARNING: Reached chromosome edge before EHH decayed below 0.01. Skipping calculation at 1:158526731
WARNING: Reached chromosome edge before EHH decayed below 0.01. Skipping calculation at 1:158526844
WARNING: Reached chromosome edge before EHH decayed below 0.01. Skipping calculation at 1:158526916
WARNING: Reached chromosome edge before EHH decayed below 0.01. Skipping calculation at 1:158527022
WARNING: Reached chromosome edge before EHH decayed below 0.01. Skipping calculation at 1:158527056
WARNING: Reached chromosome edge before EHH decayed below 0.01. Skipping calculation at 1:158527251
WARNING: Reached chromosome edge before EHH decayed below 0.01. Skipping calculation at 1:158527330
WARNING: Reached chromosome edge before EHH decayed below 0.01. Skipping calculation at 1:158527476
WARNING: Reached chromosome edge before EHH decayed below 0.01. Skipping calculation at 1:158527538
WARNING: Reached chromosome edge before EHH decayed below 0.01. Skipping calculation at 1:158527620
WARNING: Reached chromosome edge before EHH decayed below 0.01. Skipping calculation at 1:158527702
WARNING: Reached chromosome edge before EHH decayed below 0.01. Skipping calculation at 1:158527772
WARNING: Reached chromosome edge before EHH decayed below 0.01. Skipping calculation at 1:158527857
WARNING: Reached chromosome edge before EHH decayed below 0.01. Skipping calculation at 1:158527968
WARNING: Reached chromosome edge before EHH decayed below 0.01. Skipping calculation at 1:158528080
WARNING: Reached chromosome edge before EHH decayed below 0.01. Skipping calculation at 1:158528139
WARNING: Reached chromosome edge before EHH decayed below 0.01. Skipping calculation at 1:158528190
WARNING: Reached chromosome edge before EHH decayed below 0.01. Skipping calculation at 1:158528252
WARNING: Reached chromosome edge before EHH decayed below 0.01. Skipping calculation at 1:158528383
WARNING: Reached chromosome edge before EHH decayed below 0.01. Skipping calculation at 1:158528436
WARNING: Reached chromosome edge before EHH decayed below 0.01. Skipping calculation at 1:158528607
WARNING: Reached chromosome edge before EHH decayed below 0.01. Skipping calculation at 1:158528693
WARNING: Reached chromosome edge before EHH decayed below 0.01. Skipping calculation at 1:158528845
WARNING: Reached chromosome edge before EHH decayed below 0.01. Skipping calculation at 1:158528960
WARNING: Reached chromosome edge before EHH decayed below 0.01. Skipping calculation at 1:158529165
WARNING: Reached chromosome edge before EHH decayed below 0.01. Skipping calculation at 1:158530028
WARNING: Reached chromosome edge before EHH decayed below 0.01. Skipping calculation at 1:158530127
WARNING: Reached chromosome edge before EHH decayed below 0.01. Skipping calculation at 1:158524899
WARNING: Reached chromosome edge before EHH decayed below 0.01. Skipping calculation at 1:158525003
WARNING: Reached chromosome edge before EHH decayed below 0.01. Skipping calculation at 1:158525162
WARNING: Reached chromosome edge before EHH decayed below 0.01. Skipping calculation at 1:158525454
WARNING: Reached chromosome edge before EHH decayed below 0.01. Skipping calculation at 1:158525531
WARNING: Reached chromosome edge before EHH decayed below 0.01. Skipping calculation at 1:158525539
WARNING: Reached chromosome edge before EHH decayed below 0.01. Skipping calculation at 1:158525600
WARNING: Reached chromosome edge before EHH decayed below 0.01. Skipping calculation at 1:158525707
WARNING: Reached chromosome edge before EHH decayed below 0.01. Skipping calculation at 1:158525797
WARNING: Reached chromosome edge before EHH decayed below 0.01. Skipping calculation at 1:158525805
WARNING: Reached chromosome edge before EHH decayed below 0.01. Skipping calculation at 1:158525856
WARNING: Reached chromosome edge before EHH decayed below 0.01. Skipping calculation at 1:158525956
WARNING: Reached chromosome edge before EHH decayed below 0.01. Skipping calculation at 1:158526055
WARNING: Reached chromosome edge before EHH decayed below 0.01. Skipping calculation at 1:158526120
WARNING: Reached chromosome edge before EHH decayed below 0.01. Skipping calculation at 1:158526219
WARNING: Reached chromosome edge before EHH decayed below 0.01. Skipping calculation at 1:158526332
WARNING: Reached chromosome edge before EHH decayed below 0.01. Skipping calculation at 1:158526432
WARNING: Reached chromosome edge before EHH decayed below 0.01. Skipping calculation at 1:158526584
WARNING: Reached chromosome edge before EHH decayed below 0.01. Skipping calculation at 1:158526686
WARNING: Reached chromosome edge before EHH decayed below 0.01. Skipping calculation at 1:158526720
WARNING: Reached chromosome edge before EHH decayed below 0.01. Skipping calculation at 1:158526803
WARNING: Reached chromosome edge before EHH decayed below 0.01. Skipping calculation at 1:158526901
WARNING: Reached chromosome edge before EHH decayed below 0.01. Skipping calculation at 1:158527019
WARNING: Reached chromosome edge before EHH decayed below 0.01. Skipping calculation at 1:158527039
WARNING: Reached chromosome edge before EHH decayed below 0.01. Skipping calculation at 1:158527213
WARNING: Reached chromosome edge before EHH decayed below 0.01. Skipping calculation at 1:158527277
WARNING: Reached chromosome edge before EHH decayed below 0.01. Skipping calculation at 1:158527450
WARNING: Reached chromosome edge before EHH decayed below 0.01. Skipping calculation at 1:158527535
WARNING: Reached chromosome edge before EHH decayed below 0.01. Skipping calculation at 1:158527586
WARNING: Reached chromosome edge before EHH decayed below 0.01. Skipping calculation at 1:158527671
WARNING: Reached chromosome edge before EHH decayed below 0.01. Skipping calculation at 1:158527752
WARNING: Reached chromosome edge before EHH decayed below 0.01. Skipping calculation at 1:158527851
WARNING: Reached chromosome edge before EHH decayed below 0.01. Skipping calculation at 1:158527915
WARNING: Reached chromosome edge before EHH decayed below 0.01. Skipping calculation at 1:158528072
WARNING: Reached chromosome edge before EHH decayed below 0.01. Skipping calculation at 1:158528114
WARNING: Reached chromosome edge before EHH decayed below 0.01. Skipping calculation at 1:158528158
WARNING: Reached chromosome edge before EHH decayed below 0.01. Skipping calculation at 1:158528208
WARNING: Reached chromosome edge before EHH decayed below 0.01. Skipping calculation at 1:158528312
WARNING: Reached chromosome edge before EHH decayed below 0.01. Skipping calculation at 1:158528434
WARNING: Reached chromosome edge before EHH decayed below 0.01. Skipping calculation at 1:158528557
WARNING: Reached chromosome edge before EHH decayed below 0.01. Skipping calculation at 1:158528674
WARNING: Reached chromosome edge before EHH decayed below 0.01. Skipping calculation at 1:158528802
WARNING: Reached chromosome edge before EHH decayed below 0.01. Skipping calculation at 1:158528919
WARNING: Reached chromosome edge before EHH decayed below 0.01. Skipping calculation at 1:158529065
WARNING: Reached chromosome edge before EHH decayed below 0.01. Skipping calculation at 1:158529183
WARNING: Reached chromosome edge before EHH decayed below 0.01. Skipping calculation at 1:158530104
WARNING: Reached chromosome edge before EHH decayed below 0.01. Skipping calculation at 1:158530569
