/stor9000/apps/users/NWSUAF/2013110098/bin/selscan-master/src/selscan --xpehh --vcf Gelbvieh.chr6.vcf --vcf-ref DN.chr6.vcf --map chr6.map --cutoff 0.01 --out DN_Gelbvieh.6.xpehh --threads 6 
v1.1.0b
Calculating XP-EHH.
Input filename: Gelbvieh.chr6.vcf
Reference input filename: DN.chr6.vcf
Map filename: chr6.map
Output file: DN_Gelbvieh.6.xpehh.xpehh.out
Threads: 6
Scale parameter: 20000
Max gap parameter: 200000
EHH cutoff value: 0.01
Alt flag set: no
WARNING: Reached chromosome edge before EHH decayed below 0.01. Skipping calculation at 6:136
WARNING: Reached chromosome edge before EHH decayed below 0.01. Skipping calculation at 6:285
WARNING: Reached chromosome edge before EHH decayed below 0.01. Skipping calculation at 6:117
WARNING: Reached chromosome edge before EHH decayed below 0.01. Skipping calculation at 6:345
WARNING: Reached chromosome edge before EHH decayed below 0.01. Skipping calculation at 6:286
WARNING: Reached chromosome edge before EHH decayed below 0.01. Skipping calculation at 6:346
WARNING: Reached chromosome edge before EHH decayed below 0.01. Skipping calculation at 6:544
WARNING: Reached chromosome edge before EHH decayed below 0.01. Skipping calculation at 6:382
WARNING: Reached chromosome edge before EHH decayed below 0.01. Skipping calculation at 6:616
WARNING: Reached chromosome edge before EHH decayed below 0.01. Skipping calculation at 6:627
WARNING: Reached chromosome edge before EHH decayed below 0.01. Skipping calculation at 6:735
WARNING: Reached chromosome edge before EHH decayed below 0.01. Skipping calculation at 6:749
WARNING: Reached chromosome edge before EHH decayed below 0.01. Skipping calculation at 6:2673
WARNING: Reached chromosome edge before EHH decayed below 0.01. Skipping calculation at 6:2634
WARNING: Reached chromosome edge before EHH decayed below 0.01. Skipping calculation at 6:2906
WARNING: Reached chromosome edge before EHH decayed below 0.01. Skipping calculation at 6:2982
WARNING: Reached chromosome edge before EHH decayed below 0.01. Skipping calculation at 6:3116
WARNING: Reached chromosome edge before EHH decayed below 0.01. Skipping calculation at 6:5203
WARNING: Reached chromosome edge before EHH decayed below 0.01. Skipping calculation at 6:5416
WARNING: Reached chromosome edge before EHH decayed below 0.01. Skipping calculation at 6:5391
WARNING: Reached chromosome edge before EHH decayed below 0.01. Skipping calculation at 6:5448
WARNING: Reached chromosome edge before EHH decayed below 0.01. Skipping calculation at 6:5566
WARNING: Reached chromosome edge before EHH decayed below 0.01. Skipping calculation at 6:5708
WARNING: Reached chromosome edge before EHH decayed below 0.01. Skipping calculation at 6:6099
WARNING: Reached chromosome edge before EHH decayed below 0.01. Skipping calculation at 6:6108
WARNING: Reached chromosome edge before EHH decayed below 0.01. Skipping calculation at 6:6179
WARNING: Reached chromosome edge before EHH decayed below 0.01. Skipping calculation at 6:6199
WARNING: Reached chromosome edge before EHH decayed below 0.01. Skipping calculation at 6:6228
WARNING: Reached chromosome edge before EHH decayed below 0.01. Skipping calculation at 6:6292
WARNING: Reached chromosome edge before EHH decayed below 0.01. Skipping calculation at 6:6398
WARNING: Reached chromosome edge before EHH decayed below 0.01. Skipping calculation at 6:6416
WARNING: Reached chromosome edge before EHH decayed below 0.01. Skipping calculation at 6:6421
WARNING: Reached chromosome edge before EHH decayed below 0.01. Skipping calculation at 6:6428
WARNING: Reached chromosome edge before EHH decayed below 0.01. Skipping calculation at 6:6429
WARNING: Reached chromosome edge before EHH decayed below 0.01. Skipping calculation at 6:6720
WARNING: Reached chromosome edge before EHH decayed below 0.01. Skipping calculation at 6:6797
WARNING: Reached chromosome edge before EHH decayed below 0.01. Skipping calculation at 6:6832
WARNING: Reached chromosome edge before EHH decayed below 0.01. Skipping calculation at 6:6851
WARNING: Reached chromosome edge before EHH decayed below 0.01. Skipping calculation at 6:6858
WARNING: Reached chromosome edge before EHH decayed below 0.01. Skipping calculation at 6:6869
WARNING: Reached chromosome edge before EHH decayed below 0.01. Skipping calculation at 6:7119
WARNING: Reached chromosome edge before EHH decayed below 0.01. Skipping calculation at 6:7178
WARNING: Reached chromosome edge before EHH decayed below 0.01. Skipping calculation at 6:28683
WARNING: Reached chromosome edge before EHH decayed below 0.01. Skipping calculation at 6:28801
WARNING: Reached chromosome edge before EHH decayed below 0.01. Skipping calculation at 6:28828
WARNING: Reached chromosome edge before EHH decayed below 0.01. Skipping calculation at 6:29097
WARNING: Reached chromosome edge before EHH decayed below 0.01. Skipping calculation at 6:29108
WARNING: Reached chromosome edge before EHH decayed below 0.01. Skipping calculation at 6:29324
WARNING: Reached chromosome edge before EHH decayed below 0.01. Skipping calculation at 6:29370
WARNING: Reached chromosome edge before EHH decayed below 0.01. Skipping calculation at 6:29457
WARNING: Reached chromosome edge before EHH decayed below 0.01. Skipping calculation at 6:29491
WARNING: Reached chromosome edge before EHH decayed below 0.01. Skipping calculation at 6:29772
WARNING: Reached chromosome edge before EHH decayed below 0.01. Skipping calculation at 6:29844
WARNING: Reached chromosome edge before EHH decayed below 0.01. Skipping calculation at 6:29876
WARNING: Reached chromosome edge before EHH decayed below 0.01. Skipping calculation at 6:29922
WARNING: Reached chromosome edge before EHH decayed below 0.01. Skipping calculation at 6:29993
WARNING: Reached chromosome edge before EHH decayed below 0.01. Skipping calculation at 6:30044
WARNING: Reached chromosome edge before EHH decayed below 0.01. Skipping calculation at 6:30116
WARNING: Reached chromosome edge before EHH decayed below 0.01. Skipping calculation at 6:30118
WARNING: Reached chromosome edge before EHH decayed below 0.01. Skipping calculation at 6:30121
WARNING: Reached chromosome edge before EHH decayed below 0.01. Skipping calculation at 6:30197
WARNING: Reached chromosome edge before EHH decayed below 0.01. Skipping calculation at 6:30204
WARNING: Reached chromosome edge before EHH decayed below 0.01. Skipping calculation at 6:30264
WARNING: Reached chromosome edge before EHH decayed below 0.01. Skipping calculation at 6:30268
WARNING: Reached chromosome edge before EHH decayed below 0.01. Skipping calculation at 6:30280
WARNING: Reached chromosome edge before EHH decayed below 0.01. Skipping calculation at 6:30281
WARNING: Reached chromosome edge before EHH decayed below 0.01. Skipping calculation at 6:30284
WARNING: Reached chromosome edge before EHH decayed below 0.01. Skipping calculation at 6:30296
WARNING: Reached chromosome edge before EHH decayed below 0.01. Skipping calculation at 6:30300
WARNING: Reached chromosome edge before EHH decayed below 0.01. Skipping calculation at 6:30330
WARNING: Reached chromosome edge before EHH decayed below 0.01. Skipping calculation at 6:30343
WARNING: Reached chromosome edge before EHH decayed below 0.01. Skipping calculation at 6:30401
WARNING: Reached chromosome edge before EHH decayed below 0.01. Skipping calculation at 6:30547
WARNING: Reached chromosome edge before EHH decayed below 0.01. Skipping calculation at 6:32374
WARNING: Reached chromosome edge before EHH decayed below 0.01. Skipping calculation at 6:32387
WARNING: Reached chromosome edge before EHH decayed below 0.01. Skipping calculation at 6:32388
WARNING: Reached chromosome edge before EHH decayed below 0.01. Skipping calculation at 6:32473
WARNING: Reached chromosome edge before EHH decayed below 0.01. Skipping calculation at 6:32489
WARNING: Reached chromosome edge before EHH decayed below 0.01. Skipping calculation at 6:32756
WARNING: Reached chromosome edge before EHH decayed below 0.01. Skipping calculation at 6:32938
WARNING: Reached chromosome edge before EHH decayed below 0.01. Skipping calculation at 6:33284
WARNING: Reached chromosome edge before EHH decayed below 0.01. Skipping calculation at 6:33397
WARNING: Reached chromosome edge before EHH decayed below 0.01. Skipping calculation at 6:33398
WARNING: Reached chromosome edge before EHH decayed below 0.01. Skipping calculation at 6:33399
WARNING: Reached chromosome edge before EHH decayed below 0.01. Skipping calculation at 6:33400
WARNING: Reached chromosome edge before EHH decayed below 0.01. Skipping calculation at 6:33401
WARNING: Reached chromosome edge before EHH decayed below 0.01. Skipping calculation at 6:74700
WARNING: Reached chromosome edge before EHH decayed below 0.01. Skipping calculation at 6:80988
WARNING: Reached chromosome edge before EHH decayed below 0.01. Skipping calculation at 6:80989
WARNING: Reached chromosome edge before EHH decayed below 0.01. Skipping calculation at 6:81000
WARNING: Reached chromosome edge before EHH decayed below 0.01. Skipping calculation at 6:81039
WARNING: Reached chromosome edge before EHH decayed below 0.01. Skipping calculation at 6:81093
WARNING: Reached chromosome edge before EHH decayed below 0.01. Skipping calculation at 6:82262
WARNING: Reached chromosome edge before EHH decayed below 0.01. Skipping calculation at 6:82312
WARNING: Reached chromosome edge before EHH decayed below 0.01. Skipping calculation at 6:82313
WARNING: Reached chromosome edge before EHH decayed below 0.01. Skipping calculation at 6:82319
WARNING: Reached chromosome edge before EHH decayed below 0.01. Skipping calculation at 6:83978
WARNING: Reached chromosome edge before EHH decayed below 0.01. Skipping calculation at 6:83991
WARNING: Reached chromosome edge before EHH decayed below 0.01. Skipping calculation at 6:84698
WARNING: Reached chromosome edge before EHH decayed below 0.01. Skipping calculation at 6:84725
WARNING: Reached chromosome edge before EHH decayed below 0.01. Skipping calculation at 6:84763
WARNING: Reached chromosome edge before EHH decayed below 0.01. Skipping calculation at 6:84799
WARNING: Reached chromosome edge before EHH decayed below 0.01. Skipping calculation at 6:84817
WARNING: Reached chromosome edge before EHH decayed below 0.01. Skipping calculation at 6:84818
WARNING: Reached chromosome edge before EHH decayed below 0.01. Skipping calculation at 6:84857
WARNING: Reached chromosome edge before EHH decayed below 0.01. Skipping calculation at 6:85025
WARNING: Reached chromosome edge before EHH decayed below 0.01. Skipping calculation at 6:84933
WARNING: Reached chromosome edge before EHH decayed below 0.01. Skipping calculation at 6:85088
WARNING: Reached chromosome edge before EHH decayed below 0.01. Skipping calculation at 6:85090
WARNING: Reached chromosome edge before EHH decayed below 0.01. Skipping calculation at 6:85134
WARNING: Reached chromosome edge before EHH decayed below 0.01. Skipping calculation at 6:85147
WARNING: Reached chromosome edge before EHH decayed below 0.01. Skipping calculation at 6:85225
WARNING: Reached chromosome edge before EHH decayed below 0.01. Skipping calculation at 6:85204
WARNING: Reached chromosome edge before EHH decayed below 0.01. Skipping calculation at 6:85252
WARNING: Reached chromosome edge before EHH decayed below 0.01. Skipping calculation at 6:85256
WARNING: Reached chromosome edge before EHH decayed below 0.01. Skipping calculation at 6:85889
WARNING: Reached chromosome edge before EHH decayed below 0.01. Skipping calculation at 6:85906
WARNING: Reached chromosome edge before EHH decayed below 0.01. Skipping calculation at 6:86107
WARNING: Reached chromosome edge before EHH decayed below 0.01. Skipping calculation at 6:86000
WARNING: Reached chromosome edge before EHH decayed below 0.01. Skipping calculation at 6:86182
WARNING: Reached chromosome edge before EHH decayed below 0.01. Skipping calculation at 6:86186
WARNING: Reached chromosome edge before EHH decayed below 0.01. Skipping calculation at 6:86795
WARNING: Reached chromosome edge before EHH decayed below 0.01. Skipping calculation at 6:88248
WARNING: Reached chromosome edge before EHH decayed below 0.01. Skipping calculation at 6:107386
WARNING: Reached chromosome edge before EHH decayed below 0.01. Skipping calculation at 6:107252
WARNING: Reached chromosome edge before EHH decayed below 0.01. Skipping calculation at 6:107430
WARNING: Reached chromosome edge before EHH decayed below 0.01. Skipping calculation at 6:107463
WARNING: Reached chromosome edge before EHH decayed below 0.01. Skipping calculation at 6:107501
WARNING: Reached chromosome edge before EHH decayed below 0.01. Skipping calculation at 6:107712
WARNING: Reached chromosome edge before EHH decayed below 0.01. Skipping calculation at 6:107617
WARNING: Reached chromosome edge before EHH decayed below 0.01. Skipping calculation at 6:107576
WARNING: Reached chromosome edge before EHH decayed below 0.01. Skipping calculation at 6:107720
WARNING: Reached chromosome edge before EHH decayed below 0.01. Skipping calculation at 6:107830
WARNING: Reached chromosome edge before EHH decayed below 0.01. Skipping calculation at 6:107843
WARNING: Reached chromosome edge before EHH decayed below 0.01. Skipping calculation at 6:109466
WARNING: Reached chromosome edge before EHH decayed below 0.01. Skipping calculation at 6:109471
WARNING: Reached chromosome edge before EHH decayed below 0.01. Skipping calculation at 6:109259
WARNING: Reached chromosome edge before EHH decayed below 0.01. Skipping calculation at 6:109729
WARNING: Reached chromosome edge before EHH decayed below 0.01. Skipping calculation at 6:109730
WARNING: Reached chromosome edge before EHH decayed below 0.01. Skipping calculation at 6:109731
WARNING: Reached chromosome edge before EHH decayed below 0.01. Skipping calculation at 6:109733
WARNING: Reached chromosome edge before EHH decayed below 0.01. Skipping calculation at 6:109732
WARNING: Reached chromosome edge before EHH decayed below 0.01. Skipping calculation at 6:109734
WARNING: Reached chromosome edge before EHH decayed below 0.01. Skipping calculation at 6:109735
WARNING: Reached chromosome edge before EHH decayed below 0.01. Skipping calculation at 6:109736
WARNING: Reached chromosome edge before EHH decayed below 0.01. Skipping calculation at 6:109737
WARNING: Reached chromosome edge before EHH decayed below 0.01. Skipping calculation at 6:109739
WARNING: Reached chromosome edge before EHH decayed below 0.01. Skipping calculation at 6:109738
WARNING: Reached chromosome edge before EHH decayed below 0.01. Skipping calculation at 6:109742
WARNING: Reached chromosome edge before EHH decayed below 0.01. Skipping calculation at 6:117967
WARNING: Reached chromosome edge before EHH decayed below 0.01. Skipping calculation at 6:119124
WARNING: Reached chromosome edge before EHH decayed below 0.01. Skipping calculation at 6:119235
WARNING: Reached chromosome edge before EHH decayed below 0.01. Skipping calculation at 6:119273
WARNING: Reached chromosome edge before EHH decayed below 0.01. Skipping calculation at 6:119247
WARNING: Reached chromosome edge before EHH decayed below 0.01. Skipping calculation at 6:119293
WARNING: Reached chromosome edge before EHH decayed below 0.01. Skipping calculation at 6:119335
WARNING: Reached chromosome edge before EHH decayed below 0.01. Skipping calculation at 6:119404
WARNING: Reached chromosome edge before EHH decayed below 0.01. Skipping calculation at 6:119407
WARNING: Reached chromosome edge before EHH decayed below 0.01. Skipping calculation at 6:119484
WARNING: Reached chromosome edge before EHH decayed below 0.01. Skipping calculation at 6:119422
WARNING: Reached chromosome edge before EHH decayed below 0.01. Skipping calculation at 6:119545
WARNING: Reached chromosome edge before EHH decayed below 0.01. Skipping calculation at 6:119550
WARNING: Reached chromosome edge before EHH decayed below 0.01. Skipping calculation at 6:119590
WARNING: Reached chromosome edge before EHH decayed below 0.01. Skipping calculation at 6:119614
WARNING: Reached chromosome edge before EHH decayed below 0.01. Skipping calculation at 6:119615
WARNING: Reached chromosome edge before EHH decayed below 0.01. Skipping calculation at 6:119622
WARNING: Reached chromosome edge before EHH decayed below 0.01. Skipping calculation at 6:119997
WARNING: Reached chromosome edge before EHH decayed below 0.01. Skipping calculation at 6:120141
WARNING: Reached chromosome edge before EHH decayed below 0.01. Skipping calculation at 6:120529
WARNING: Reached chromosome edge before EHH decayed below 0.01. Skipping calculation at 6:120622
WARNING: Reached chromosome edge before EHH decayed below 0.01. Skipping calculation at 6:120686
WARNING: Reached chromosome edge before EHH decayed below 0.01. Skipping calculation at 6:121566
WARNING: Reached chromosome edge before EHH decayed below 0.01. Skipping calculation at 6:121737
WARNING: Reached chromosome edge before EHH decayed below 0.01. Skipping calculation at 6:121824
WARNING: Reached chromosome edge before EHH decayed below 0.01. Skipping calculation at 6:121857
WARNING: Reached chromosome edge before EHH decayed below 0.01. Skipping calculation at 6:122026
WARNING: Reached chromosome edge before EHH decayed below 0.01. Skipping calculation at 6:122261
WARNING: Reached chromosome edge before EHH decayed below 0.01. Skipping calculation at 6:122650
WARNING: Reached chromosome edge before EHH decayed below 0.01. Skipping calculation at 6:122942
WARNING: Reached chromosome edge before EHH decayed below 0.01. Skipping calculation at 6:122948
WARNING: Reached chromosome edge before EHH decayed below 0.01. Skipping calculation at 6:123062
WARNING: Reached chromosome edge before EHH decayed below 0.01. Skipping calculation at 6:123224
WARNING: Reached chromosome edge before EHH decayed below 0.01. Skipping calculation at 6:123308
WARNING: Reached chromosome edge before EHH decayed below 0.01. Skipping calculation at 6:123312
WARNING: Reached chromosome edge before EHH decayed below 0.01. Skipping calculation at 6:123317
WARNING: Reached chromosome edge before EHH decayed below 0.01. Skipping calculation at 6:123348
WARNING: Reached chromosome edge before EHH decayed below 0.01. Skipping calculation at 6:123520
WARNING: Reached chromosome edge before EHH decayed below 0.01. Skipping calculation at 6:123693
WARNING: Reached chromosome edge before EHH decayed below 0.01. Skipping calculation at 6:123745
WARNING: Reached chromosome edge before EHH decayed below 0.01. Skipping calculation at 6:123991
WARNING: Reached chromosome edge before EHH decayed below 0.01. Skipping calculation at 6:123995
WARNING: Reached chromosome edge before EHH decayed below 0.01. Skipping calculation at 6:124082
WARNING: Reached chromosome edge before EHH decayed below 0.01. Skipping calculation at 6:124379
WARNING: Reached chromosome edge before EHH decayed below 0.01. Skipping calculation at 6:124409
WARNING: Reached chromosome edge before EHH decayed below 0.01. Skipping calculation at 6:124414
WARNING: Reached chromosome edge before EHH decayed below 0.01. Skipping calculation at 6:124800
WARNING: Reached chromosome edge before EHH decayed below 0.01. Skipping calculation at 6:125152
WARNING: Reached chromosome edge before EHH decayed below 0.01. Skipping calculation at 6:125255
WARNING: Reached chromosome edge before EHH decayed below 0.01. Skipping calculation at 6:125177
WARNING: Reached chromosome edge before EHH decayed below 0.01. Skipping calculation at 6:125301
WARNING: Reached chromosome edge before EHH decayed below 0.01. Skipping calculation at 6:125316
WARNING: Reached chromosome edge before EHH decayed below 0.01. Skipping calculation at 6:125357
WARNING: Reached chromosome edge before EHH decayed below 0.01. Skipping calculation at 6:125358
WARNING: Reached chromosome edge before EHH decayed below 0.01. Skipping calculation at 6:125711
WARNING: Reached chromosome edge before EHH decayed below 0.01. Skipping calculation at 6:125755
WARNING: Reached chromosome edge before EHH decayed below 0.01. Skipping calculation at 6:125588
WARNING: Reached chromosome edge before EHH decayed below 0.01. Skipping calculation at 6:125758
WARNING: Reached chromosome edge before EHH decayed below 0.01. Skipping calculation at 6:126045
WARNING: Reached chromosome edge before EHH decayed below 0.01. Skipping calculation at 6:126098
WARNING: Reached chromosome edge before EHH decayed below 0.01. Skipping calculation at 6:126416
WARNING: Reached chromosome edge before EHH decayed below 0.01. Skipping calculation at 6:126476
WARNING: Reached chromosome edge before EHH decayed below 0.01. Skipping calculation at 6:126283
WARNING: Reached chromosome edge before EHH decayed below 0.01. Skipping calculation at 6:126615
WARNING: Reached chromosome edge before EHH decayed below 0.01. Skipping calculation at 6:126721
WARNING: Reached chromosome edge before EHH decayed below 0.01. Skipping calculation at 6:126725
WARNING: Reached chromosome edge before EHH decayed below 0.01. Skipping calculation at 6:126864
WARNING: Reached chromosome edge before EHH decayed below 0.01. Skipping calculation at 6:127096
WARNING: Reached chromosome edge before EHH decayed below 0.01. Skipping calculation at 6:126795
WARNING: Reached chromosome edge before EHH decayed below 0.01. Skipping calculation at 6:127165
WARNING: Reached chromosome edge before EHH decayed below 0.01. Skipping calculation at 6:127215
WARNING: Reached chromosome edge before EHH decayed below 0.01. Skipping calculation at 6:127223
WARNING: Reached chromosome edge before EHH decayed below 0.01. Skipping calculation at 6:127449
WARNING: Reached chromosome edge before EHH decayed below 0.01. Skipping calculation at 6:127440
WARNING: Reached chromosome edge before EHH decayed below 0.01. Skipping calculation at 6:127601
WARNING: Reached chromosome edge before EHH decayed below 0.01. Skipping calculation at 6:127621
WARNING: Reached chromosome edge before EHH decayed below 0.01. Skipping calculation at 6:127634
WARNING: Reached chromosome edge before EHH decayed below 0.01. Skipping calculation at 6:127641
WARNING: Reached chromosome edge before EHH decayed below 0.01. Skipping calculation at 6:127713
WARNING: Reached chromosome edge before EHH decayed below 0.01. Skipping calculation at 6:127675
WARNING: Reached chromosome edge before EHH decayed below 0.01. Skipping calculation at 6:127719
WARNING: Reached chromosome edge before EHH decayed below 0.01. Skipping calculation at 6:127887
WARNING: Reached chromosome edge before EHH decayed below 0.01. Skipping calculation at 6:127952
WARNING: Reached chromosome edge before EHH decayed below 0.01. Skipping calculation at 6:127903
WARNING: Reached chromosome edge before EHH decayed below 0.01. Skipping calculation at 6:127991
WARNING: Reached chromosome edge before EHH decayed below 0.01. Skipping calculation at 6:127953
WARNING: Reached chromosome edge before EHH decayed below 0.01. Skipping calculation at 6:128005
WARNING: Reached chromosome edge before EHH decayed below 0.01. Skipping calculation at 6:128007
WARNING: Reached chromosome edge before EHH decayed below 0.01. Skipping calculation at 6:128366
WARNING: Reached chromosome edge before EHH decayed below 0.01. Skipping calculation at 6:128063
WARNING: Reached chromosome edge before EHH decayed below 0.01. Skipping calculation at 6:128614
WARNING: Reached chromosome edge before EHH decayed below 0.01. Skipping calculation at 6:128507
WARNING: Reached chromosome edge before EHH decayed below 0.01. Skipping calculation at 6:128792
WARNING: Reached chromosome edge before EHH decayed below 0.01. Skipping calculation at 6:128806
WARNING: Reached chromosome edge before EHH decayed below 0.01. Skipping calculation at 6:128870
WARNING: Reached chromosome edge before EHH decayed below 0.01. Skipping calculation at 6:128869
WARNING: Reached chromosome edge before EHH decayed below 0.01. Skipping calculation at 6:129108
WARNING: Reached chromosome edge before EHH decayed below 0.01. Skipping calculation at 6:129081
WARNING: Reached chromosome edge before EHH decayed below 0.01. Skipping calculation at 6:129120
WARNING: Reached chromosome edge before EHH decayed below 0.01. Skipping calculation at 6:129249
WARNING: Reached chromosome edge before EHH decayed below 0.01. Skipping calculation at 6:129470
WARNING: Reached chromosome edge before EHH decayed below 0.01. Skipping calculation at 6:129279
WARNING: Reached chromosome edge before EHH decayed below 0.01. Skipping calculation at 6:129737
WARNING: Reached chromosome edge before EHH decayed below 0.01. Skipping calculation at 6:129798
WARNING: Reached chromosome edge before EHH decayed below 0.01. Skipping calculation at 6:129672
WARNING: Reached chromosome edge before EHH decayed below 0.01. Skipping calculation at 6:129951
WARNING: Reached chromosome edge before EHH decayed below 0.01. Skipping calculation at 6:130034
WARNING: Reached chromosome edge before EHH decayed below 0.01. Skipping calculation at 6:130246
WARNING: Reached chromosome edge before EHH decayed below 0.01. Skipping calculation at 6:130265
WARNING: Reached chromosome edge before EHH decayed below 0.01. Skipping calculation at 6:130282
WARNING: Reached chromosome edge before EHH decayed below 0.01. Skipping calculation at 6:130511
WARNING: Reached chromosome edge before EHH decayed below 0.01. Skipping calculation at 6:130247
WARNING: Reached chromosome edge before EHH decayed below 0.01. Skipping calculation at 6:130551
WARNING: Reached chromosome edge before EHH decayed below 0.01. Skipping calculation at 6:130564
WARNING: Reached chromosome edge before EHH decayed below 0.01. Skipping calculation at 6:130684
WARNING: Reached chromosome edge before EHH decayed below 0.01. Skipping calculation at 6:130719
WARNING: Reached chromosome edge before EHH decayed below 0.01. Skipping calculation at 6:130793
WARNING: Reached chromosome edge before EHH decayed below 0.01. Skipping calculation at 6:130616
WARNING: Reached chromosome edge before EHH decayed below 0.01. Skipping calculation at 6:130950
WARNING: Reached chromosome edge before EHH decayed below 0.01. Skipping calculation at 6:130794
WARNING: Reached chromosome edge before EHH decayed below 0.01. Skipping calculation at 6:130953
WARNING: Reached chromosome edge before EHH decayed below 0.01. Skipping calculation at 6:130952
WARNING: Reached chromosome edge before EHH decayed below 0.01. Skipping calculation at 6:130962
WARNING: Reached chromosome edge before EHH decayed below 0.01. Skipping calculation at 6:130951
WARNING: Reached chromosome edge before EHH decayed below 0.01. Skipping calculation at 6:131193
WARNING: Reached chromosome edge before EHH decayed below 0.01. Skipping calculation at 6:131113
WARNING: Reached chromosome edge before EHH decayed below 0.01. Skipping calculation at 6:131448
WARNING: Reached chromosome edge before EHH decayed below 0.01. Skipping calculation at 6:131620
WARNING: Reached chromosome edge before EHH decayed below 0.01. Skipping calculation at 6:131430
WARNING: Reached chromosome edge before EHH decayed below 0.01. Skipping calculation at 6:131324
WARNING: Reached chromosome edge before EHH decayed below 0.01. Skipping calculation at 6:131679
WARNING: Reached chromosome edge before EHH decayed below 0.01. Skipping calculation at 6:131734
WARNING: Reached chromosome edge before EHH decayed below 0.01. Skipping calculation at 6:132102
WARNING: Reached chromosome edge before EHH decayed below 0.01. Skipping calculation at 6:132167
WARNING: Reached chromosome edge before EHH decayed below 0.01. Skipping calculation at 6:131902
WARNING: Reached chromosome edge before EHH decayed below 0.01. Skipping calculation at 6:131819
WARNING: Reached chromosome edge before EHH decayed below 0.01. Skipping calculation at 6:132426
WARNING: Reached chromosome edge before EHH decayed below 0.01. Skipping calculation at 6:132431
WARNING: Reached chromosome edge before EHH decayed below 0.01. Skipping calculation at 6:132635
WARNING: Reached chromosome edge before EHH decayed below 0.01. Skipping calculation at 6:132606
WARNING: Reached chromosome edge before EHH decayed below 0.01. Skipping calculation at 6:132465
WARNING: Reached chromosome edge before EHH decayed below 0.01. Skipping calculation at 6:132891
WARNING: Reached chromosome edge before EHH decayed below 0.01. Skipping calculation at 6:132856
WARNING: Reached chromosome edge before EHH decayed below 0.01. Skipping calculation at 6:132675
WARNING: Reached chromosome edge before EHH decayed below 0.01. Skipping calculation at 6:132894
WARNING: Reached chromosome edge before EHH decayed below 0.01. Skipping calculation at 6:132892
WARNING: Reached chromosome edge before EHH decayed below 0.01. Skipping calculation at 6:132897
WARNING: Reached chromosome edge before EHH decayed below 0.01. Skipping calculation at 6:132893
WARNING: Reached chromosome edge before EHH decayed below 0.01. Skipping calculation at 6:132896
WARNING: Reached chromosome edge before EHH decayed below 0.01. Skipping calculation at 6:132895
WARNING: Reached chromosome edge before EHH decayed below 0.01. Skipping calculation at 6:132901
WARNING: Reached chromosome edge before EHH decayed below 0.01. Skipping calculation at 6:133111
WARNING: Reached chromosome edge before EHH decayed below 0.01. Skipping calculation at 6:132898
WARNING: Reached chromosome edge before EHH decayed below 0.01. Skipping calculation at 6:132900
WARNING: Reached chromosome edge before EHH decayed below 0.01. Skipping calculation at 6:133098
WARNING: Reached chromosome edge before EHH decayed below 0.01. Skipping calculation at 6:133073
WARNING: Reached chromosome edge before EHH decayed below 0.01. Skipping calculation at 6:133341
WARNING: Reached chromosome edge before EHH decayed below 0.01. Skipping calculation at 6:133807
WARNING: Reached chromosome edge before EHH decayed below 0.01. Skipping calculation at 6:133325
WARNING: Reached chromosome edge before EHH decayed below 0.01. Skipping calculation at 6:133641
WARNING: Reached chromosome edge before EHH decayed below 0.01. Skipping calculation at 6:133266
WARNING: Reached chromosome edge before EHH decayed below 0.01. Skipping calculation at 6:133634
WARNING: Reached chromosome edge before EHH decayed below 0.01. Skipping calculation at 6:134054
WARNING: Reached chromosome edge before EHH decayed below 0.01. Skipping calculation at 6:134263
WARNING: Reached chromosome edge before EHH decayed below 0.01. Skipping calculation at 6:134013
WARNING: Reached chromosome edge before EHH decayed below 0.01. Skipping calculation at 6:134115
WARNING: Reached chromosome edge before EHH decayed below 0.01. Skipping calculation at 6:134114
WARNING: Reached chromosome edge before EHH decayed below 0.01. Skipping calculation at 6:134610
WARNING: Reached chromosome edge before EHH decayed below 0.01. Skipping calculation at 6:133952
WARNING: Reached chromosome edge before EHH decayed below 0.01. Skipping calculation at 6:134467
WARNING: Reached chromosome edge before EHH decayed below 0.01. Skipping calculation at 6:135213
WARNING: Reached chromosome edge before EHH decayed below 0.01. Skipping calculation at 6:135004
WARNING: Reached chromosome edge before EHH decayed below 0.01. Skipping calculation at 6:134767
WARNING: Reached chromosome edge before EHH decayed below 0.01. Skipping calculation at 6:135385
WARNING: Reached chromosome edge before EHH decayed below 0.01. Skipping calculation at 6:134324
WARNING: Reached chromosome edge before EHH decayed below 0.01. Skipping calculation at 6:135383
WARNING: Reached chromosome edge before EHH decayed below 0.01. Skipping calculation at 6:135468
WARNING: Reached chromosome edge before EHH decayed below 0.01. Skipping calculation at 6:135466
WARNING: Reached chromosome edge before EHH decayed below 0.01. Skipping calculation at 6:135437
WARNING: Reached chromosome edge before EHH decayed below 0.01. Skipping calculation at 6:135668
WARNING: Reached chromosome edge before EHH decayed below 0.01. Skipping calculation at 6:135259
WARNING: Reached chromosome edge before EHH decayed below 0.01. Skipping calculation at 6:135651
WARNING: Reached chromosome edge before EHH decayed below 0.01. Skipping calculation at 6:135743
WARNING: Reached chromosome edge before EHH decayed below 0.01. Skipping calculation at 6:135744
WARNING: Reached chromosome edge before EHH decayed below 0.01. Skipping calculation at 6:135702
WARNING: Reached chromosome edge before EHH decayed below 0.01. Skipping calculation at 6:135784
WARNING: Reached chromosome edge before EHH decayed below 0.01. Skipping calculation at 6:135547
WARNING: Reached chromosome edge before EHH decayed below 0.01. Skipping calculation at 6:135758
WARNING: Reached chromosome edge before EHH decayed below 0.01. Skipping calculation at 6:136047
WARNING: Reached chromosome edge before EHH decayed below 0.01. Skipping calculation at 6:136269
WARNING: Reached chromosome edge before EHH decayed below 0.01. Skipping calculation at 6:136003
WARNING: Reached chromosome edge before EHH decayed below 0.01. Skipping calculation at 6:136624
WARNING: Reached chromosome edge before EHH decayed below 0.01. Skipping calculation at 6:135747
WARNING: Reached chromosome edge before EHH decayed below 0.01. Skipping calculation at 6:136573
WARNING: Reached chromosome edge before EHH decayed below 0.01. Skipping calculation at 6:136989
WARNING: Reached chromosome edge before EHH decayed below 0.01. Skipping calculation at 6:136999
WARNING: Reached chromosome edge before EHH decayed below 0.01. Skipping calculation at 6:136772
WARNING: Reached chromosome edge before EHH decayed below 0.01. Skipping calculation at 6:137385
WARNING: Reached chromosome edge before EHH decayed below 0.01. Skipping calculation at 6:136414
WARNING: Reached chromosome edge before EHH decayed below 0.01. Skipping calculation at 6:137358
WARNING: Reached chromosome edge before EHH decayed below 0.01. Skipping calculation at 6:137596
WARNING: Reached chromosome edge before EHH decayed below 0.01. Skipping calculation at 6:137598
WARNING: Reached chromosome edge before EHH decayed below 0.01. Skipping calculation at 6:137583
WARNING: Reached chromosome edge before EHH decayed below 0.01. Skipping calculation at 6:137043
WARNING: Reached chromosome edge before EHH decayed below 0.01. Skipping calculation at 6:137918
WARNING: Reached chromosome edge before EHH decayed below 0.01. Skipping calculation at 6:137812
WARNING: Reached chromosome edge before EHH decayed below 0.01. Skipping calculation at 6:138067
WARNING: Reached chromosome edge before EHH decayed below 0.01. Skipping calculation at 6:138076
WARNING: Reached chromosome edge before EHH decayed below 0.01. Skipping calculation at 6:138025
WARNING: Reached chromosome edge before EHH decayed below 0.01. Skipping calculation at 6:137599
WARNING: Reached chromosome edge before EHH decayed below 0.01. Skipping calculation at 6:138106
WARNING: Reached chromosome edge before EHH decayed below 0.01. Skipping calculation at 6:138085
WARNING: Reached chromosome edge before EHH decayed below 0.01. Skipping calculation at 6:138217
WARNING: Reached chromosome edge before EHH decayed below 0.01. Skipping calculation at 6:138237
WARNING: Reached chromosome edge before EHH decayed below 0.01. Skipping calculation at 6:138201
WARNING: Reached chromosome edge before EHH decayed below 0.01. Skipping calculation at 6:138079
WARNING: Reached chromosome edge before EHH decayed below 0.01. Skipping calculation at 6:138396
WARNING: Reached chromosome edge before EHH decayed below 0.01. Skipping calculation at 6:138395
WARNING: Reached chromosome edge before EHH decayed below 0.01. Skipping calculation at 6:138399
WARNING: Reached chromosome edge before EHH decayed below 0.01. Skipping calculation at 6:138397
WARNING: Reached chromosome edge before EHH decayed below 0.01. Skipping calculation at 6:138398
WARNING: Reached chromosome edge before EHH decayed below 0.01. Skipping calculation at 6:138348
WARNING: Reached chromosome edge before EHH decayed below 0.01. Skipping calculation at 6:138565
WARNING: Reached chromosome edge before EHH decayed below 0.01. Skipping calculation at 6:138559
WARNING: Reached chromosome edge before EHH decayed below 0.01. Skipping calculation at 6:138587
WARNING: Reached chromosome edge before EHH decayed below 0.01. Skipping calculation at 6:138796
WARNING: Reached chromosome edge before EHH decayed below 0.01. Skipping calculation at 6:138588
WARNING: Reached chromosome edge before EHH decayed below 0.01. Skipping calculation at 6:138416
WARNING: Reached chromosome edge before EHH decayed below 0.01. Skipping calculation at 6:138994
WARNING: Reached chromosome edge before EHH decayed below 0.01. Skipping calculation at 6:138965
WARNING: Reached chromosome edge before EHH decayed below 0.01. Skipping calculation at 6:139264
WARNING: Reached chromosome edge before EHH decayed below 0.01. Skipping calculation at 6:139435
WARNING: Reached chromosome edge before EHH decayed below 0.01. Skipping calculation at 6:139281
WARNING: Reached chromosome edge before EHH decayed below 0.01. Skipping calculation at 6:138944
WARNING: Reached chromosome edge before EHH decayed below 0.01. Skipping calculation at 6:139785
WARNING: Reached chromosome edge before EHH decayed below 0.01. Skipping calculation at 6:139752
WARNING: Reached chromosome edge before EHH decayed below 0.01. Skipping calculation at 6:139991
WARNING: Reached chromosome edge before EHH decayed below 0.01. Skipping calculation at 6:140399
WARNING: Reached chromosome edge before EHH decayed below 0.01. Skipping calculation at 6:140221
WARNING: Reached chromosome edge before EHH decayed below 0.01. Skipping calculation at 6:139677
WARNING: Reached chromosome edge before EHH decayed below 0.01. Skipping calculation at 6:140431
WARNING: Reached chromosome edge before EHH decayed below 0.01. Skipping calculation at 6:140418
WARNING: Reached chromosome edge before EHH decayed below 0.01. Skipping calculation at 6:140456
WARNING: Reached chromosome edge before EHH decayed below 0.01. Skipping calculation at 6:140620
WARNING: Reached chromosome edge before EHH decayed below 0.01. Skipping calculation at 6:140531
WARNING: Reached chromosome edge before EHH decayed below 0.01. Skipping calculation at 6:140409
WARNING: Reached chromosome edge before EHH decayed below 0.01. Skipping calculation at 6:140813
WARNING: Reached chromosome edge before EHH decayed below 0.01. Skipping calculation at 6:140797
WARNING: Reached chromosome edge before EHH decayed below 0.01. Skipping calculation at 6:140825
WARNING: Reached chromosome edge before EHH decayed below 0.01. Skipping calculation at 6:141014
WARNING: Reached chromosome edge before EHH decayed below 0.01. Skipping calculation at 6:140860
WARNING: Reached chromosome edge before EHH decayed below 0.01. Skipping calculation at 6:140764
WARNING: Reached chromosome edge before EHH decayed below 0.01. Skipping calculation at 6:141291
WARNING: Reached chromosome edge before EHH decayed below 0.01. Skipping calculation at 6:141333
WARNING: Reached chromosome edge before EHH decayed below 0.01. Skipping calculation at 6:141687
WARNING: Reached chromosome edge before EHH decayed below 0.01. Skipping calculation at 6:141187
WARNING: Reached chromosome edge before EHH decayed below 0.01. Skipping calculation at 6:141412
WARNING: Reached chromosome edge before EHH decayed below 0.01. Skipping calculation at 6:141177
WARNING: Reached chromosome edge before EHH decayed below 0.01. Skipping calculation at 6:141776
WARNING: Reached chromosome edge before EHH decayed below 0.01. Skipping calculation at 6:141777
WARNING: Reached chromosome edge before EHH decayed below 0.01. Skipping calculation at 6:141779
WARNING: Reached chromosome edge before EHH decayed below 0.01. Skipping calculation at 6:141778
WARNING: Reached chromosome edge before EHH decayed below 0.01. Skipping calculation at 6:141775
WARNING: Reached chromosome edge before EHH decayed below 0.01. Skipping calculation at 6:141761
WARNING: Reached chromosome edge before EHH decayed below 0.01. Skipping calculation at 6:141782
WARNING: Reached chromosome edge before EHH decayed below 0.01. Skipping calculation at 6:141783
WARNING: Reached chromosome edge before EHH decayed below 0.01. Skipping calculation at 6:141785
WARNING: Reached chromosome edge before EHH decayed below 0.01. Skipping calculation at 6:141784
WARNING: Reached chromosome edge before EHH decayed below 0.01. Skipping calculation at 6:141781
WARNING: Reached chromosome edge before EHH decayed below 0.01. Skipping calculation at 6:141780
WARNING: Reached chromosome edge before EHH decayed below 0.01. Skipping calculation at 6:142142
WARNING: Reached chromosome edge before EHH decayed below 0.01. Skipping calculation at 6:142146
WARNING: Reached chromosome edge before EHH decayed below 0.01. Skipping calculation at 6:142185
WARNING: Reached chromosome edge before EHH decayed below 0.01. Skipping calculation at 6:142010
WARNING: Reached chromosome edge before EHH decayed below 0.01. Skipping calculation at 6:142173
WARNING: Reached chromosome edge before EHH decayed below 0.01. Skipping calculation at 6:141786
WARNING: Reached chromosome edge before EHH decayed below 0.01. Skipping calculation at 6:142565
WARNING: Reached chromosome edge before EHH decayed below 0.01. Skipping calculation at 6:142587
WARNING: Reached chromosome edge before EHH decayed below 0.01. Skipping calculation at 6:142635
WARNING: Reached chromosome edge before EHH decayed below 0.01. Skipping calculation at 6:142367
WARNING: Reached chromosome edge before EHH decayed below 0.01. Skipping calculation at 6:142588
WARNING: Reached chromosome edge before EHH decayed below 0.01. Skipping calculation at 6:142275
WARNING: Reached chromosome edge before EHH decayed below 0.01. Skipping calculation at 6:142832
WARNING: Reached chromosome edge before EHH decayed below 0.01. Skipping calculation at 6:142942
WARNING: Reached chromosome edge before EHH decayed below 0.01. Skipping calculation at 6:142847
WARNING: Reached chromosome edge before EHH decayed below 0.01. Skipping calculation at 6:142929
WARNING: Reached chromosome edge before EHH decayed below 0.01. Skipping calculation at 6:142728
WARNING: Reached chromosome edge before EHH decayed below 0.01. Skipping calculation at 6:142718
WARNING: Reached chromosome edge before EHH decayed below 0.01. Skipping calculation at 6:143108
WARNING: Reached chromosome edge before EHH decayed below 0.01. Skipping calculation at 6:143662
WARNING: Reached chromosome edge before EHH decayed below 0.01. Skipping calculation at 6:143583
WARNING: Reached chromosome edge before EHH decayed below 0.01. Skipping calculation at 6:143287
WARNING: Reached chromosome edge before EHH decayed below 0.01. Skipping calculation at 6:142978
WARNING: Reached chromosome edge before EHH decayed below 0.01. Skipping calculation at 6:143930
WARNING: Reached chromosome edge before EHH decayed below 0.01. Skipping calculation at 6:143024
WARNING: Reached chromosome edge before EHH decayed below 0.01. Skipping calculation at 6:144369
WARNING: Reached chromosome edge before EHH decayed below 0.01. Skipping calculation at 6:144098
WARNING: Reached chromosome edge before EHH decayed below 0.01. Skipping calculation at 6:143942
WARNING: Reached chromosome edge before EHH decayed below 0.01. Skipping calculation at 6:143739
WARNING: Reached chromosome edge before EHH decayed below 0.01. Skipping calculation at 6:144373
WARNING: Reached chromosome edge before EHH decayed below 0.01. Skipping calculation at 6:143773
WARNING: Reached chromosome edge before EHH decayed below 0.01. Skipping calculation at 6:144391
WARNING: Reached chromosome edge before EHH decayed below 0.01. Skipping calculation at 6:144378
WARNING: Reached chromosome edge before EHH decayed below 0.01. Skipping calculation at 6:144374
WARNING: Reached chromosome edge before EHH decayed below 0.01. Skipping calculation at 6:144370
WARNING: Reached chromosome edge before EHH decayed below 0.01. Skipping calculation at 6:144868
WARNING: Reached chromosome edge before EHH decayed below 0.01. Skipping calculation at 6:144371
WARNING: Reached chromosome edge before EHH decayed below 0.01. Skipping calculation at 6:145303
WARNING: Reached chromosome edge before EHH decayed below 0.01. Skipping calculation at 6:145131
WARNING: Reached chromosome edge before EHH decayed below 0.01. Skipping calculation at 6:144909
WARNING: Reached chromosome edge before EHH decayed below 0.01. Skipping calculation at 6:144395
WARNING: Reached chromosome edge before EHH decayed below 0.01. Skipping calculation at 6:145454
WARNING: Reached chromosome edge before EHH decayed below 0.01. Skipping calculation at 6:144548
WARNING: Reached chromosome edge before EHH decayed below 0.01. Skipping calculation at 6:145595
WARNING: Reached chromosome edge before EHH decayed below 0.01. Skipping calculation at 6:145581
WARNING: Reached chromosome edge before EHH decayed below 0.01. Skipping calculation at 6:145579
WARNING: Reached chromosome edge before EHH decayed below 0.01. Skipping calculation at 6:145319
WARNING: Reached chromosome edge before EHH decayed below 0.01. Skipping calculation at 6:145784
WARNING: Reached chromosome edge before EHH decayed below 0.01. Skipping calculation at 6:145447
WARNING: Reached chromosome edge before EHH decayed below 0.01. Skipping calculation at 6:145807
WARNING: Reached chromosome edge before EHH decayed below 0.01. Skipping calculation at 6:145785
WARNING: Reached chromosome edge before EHH decayed below 0.01. Skipping calculation at 6:145787
WARNING: Reached chromosome edge before EHH decayed below 0.01. Skipping calculation at 6:145662
WARNING: Reached chromosome edge before EHH decayed below 0.01. Skipping calculation at 6:146367
WARNING: Reached chromosome edge before EHH decayed below 0.01. Skipping calculation at 6:145768
WARNING: Reached chromosome edge before EHH decayed below 0.01. Skipping calculation at 6:146672
WARNING: Reached chromosome edge before EHH decayed below 0.01. Skipping calculation at 6:146493
WARNING: Reached chromosome edge before EHH decayed below 0.01. Skipping calculation at 6:146662
WARNING: Reached chromosome edge before EHH decayed below 0.01. Skipping calculation at 6:145912
WARNING: Reached chromosome edge before EHH decayed below 0.01. Skipping calculation at 6:146104
WARNING: Reached chromosome edge before EHH decayed below 0.01. Skipping calculation at 6:146852
WARNING: Reached chromosome edge before EHH decayed below 0.01. Skipping calculation at 6:147013
WARNING: Reached chromosome edge before EHH decayed below 0.01. Skipping calculation at 6:146949
WARNING: Reached chromosome edge before EHH decayed below 0.01. Skipping calculation at 6:146968
WARNING: Reached chromosome edge before EHH decayed below 0.01. Skipping calculation at 6:146692
WARNING: Reached chromosome edge before EHH decayed below 0.01. Skipping calculation at 6:146694
WARNING: Reached chromosome edge before EHH decayed below 0.01. Skipping calculation at 6:147297
WARNING: Reached chromosome edge before EHH decayed below 0.01. Skipping calculation at 6:147483
WARNING: Reached chromosome edge before EHH decayed below 0.01. Skipping calculation at 6:147425
WARNING: Reached chromosome edge before EHH decayed below 0.01. Skipping calculation at 6:147458
WARNING: Reached chromosome edge before EHH decayed below 0.01. Skipping calculation at 6:147136
WARNING: Reached chromosome edge before EHH decayed below 0.01. Skipping calculation at 6:147234
WARNING: Reached chromosome edge before EHH decayed below 0.01. Skipping calculation at 6:147722
WARNING: Reached chromosome edge before EHH decayed below 0.01. Skipping calculation at 6:148053
WARNING: Reached chromosome edge before EHH decayed below 0.01. Skipping calculation at 6:147539
WARNING: Reached chromosome edge before EHH decayed below 0.01. Skipping calculation at 6:147861
WARNING: Reached chromosome edge before EHH decayed below 0.01. Skipping calculation at 6:147749
WARNING: Reached chromosome edge before EHH decayed below 0.01. Skipping calculation at 6:147717
WARNING: Reached chromosome edge before EHH decayed below 0.01. Skipping calculation at 6:148208
WARNING: Reached chromosome edge before EHH decayed below 0.01. Skipping calculation at 6:148371
WARNING: Reached chromosome edge before EHH decayed below 0.01. Skipping calculation at 6:148292
WARNING: Reached chromosome edge before EHH decayed below 0.01. Skipping calculation at 6:148107
WARNING: Reached chromosome edge before EHH decayed below 0.01. Skipping calculation at 6:148152
WARNING: Reached chromosome edge before EHH decayed below 0.01. Skipping calculation at 6:148236
WARNING: Reached chromosome edge before EHH decayed below 0.01. Skipping calculation at 6:148759
WARNING: Reached chromosome edge before EHH decayed below 0.01. Skipping calculation at 6:148880
WARNING: Reached chromosome edge before EHH decayed below 0.01. Skipping calculation at 6:148859
WARNING: Reached chromosome edge before EHH decayed below 0.01. Skipping calculation at 6:148485
WARNING: Reached chromosome edge before EHH decayed below 0.01. Skipping calculation at 6:148576
WARNING: Reached chromosome edge before EHH decayed below 0.01. Skipping calculation at 6:148783
WARNING: Reached chromosome edge before EHH decayed below 0.01. Skipping calculation at 6:148885
WARNING: Reached chromosome edge before EHH decayed below 0.01. Skipping calculation at 6:148888
WARNING: Reached chromosome edge before EHH decayed below 0.01. Skipping calculation at 6:148887
WARNING: Reached chromosome edge before EHH decayed below 0.01. Skipping calculation at 6:148883
WARNING: Reached chromosome edge before EHH decayed below 0.01. Skipping calculation at 6:148884
WARNING: Reached chromosome edge before EHH decayed below 0.01. Skipping calculation at 6:148891
WARNING: Reached chromosome edge before EHH decayed below 0.01. Skipping calculation at 6:148886
WARNING: Reached chromosome edge before EHH decayed below 0.01. Skipping calculation at 6:148894
WARNING: Reached chromosome edge before EHH decayed below 0.01. Skipping calculation at 6:148893
WARNING: Reached chromosome edge before EHH decayed below 0.01. Skipping calculation at 6:148889
WARNING: Reached chromosome edge before EHH decayed below 0.01. Skipping calculation at 6:148890
WARNING: Reached chromosome edge before EHH decayed below 0.01. Skipping calculation at 6:148892
WARNING: Reached chromosome edge before EHH decayed below 0.01. Skipping calculation at 6:148897
WARNING: Reached chromosome edge before EHH decayed below 0.01. Skipping calculation at 6:148905
WARNING: Reached chromosome edge before EHH decayed below 0.01. Skipping calculation at 6:148904
WARNING: Reached chromosome edge before EHH decayed below 0.01. Skipping calculation at 6:148895
WARNING: Reached chromosome edge before EHH decayed below 0.01. Skipping calculation at 6:148896
WARNING: Reached chromosome edge before EHH decayed below 0.01. Skipping calculation at 6:148898
WARNING: Reached chromosome edge before EHH decayed below 0.01. Skipping calculation at 6:148963
WARNING: Reached chromosome edge before EHH decayed below 0.01. Skipping calculation at 6:149078
WARNING: Reached chromosome edge before EHH decayed below 0.01. Skipping calculation at 6:149054
WARNING: Reached chromosome edge before EHH decayed below 0.01. Skipping calculation at 6:148906
WARNING: Reached chromosome edge before EHH decayed below 0.01. Skipping calculation at 6:148907
WARNING: Reached chromosome edge before EHH decayed below 0.01. Skipping calculation at 6:148989
WARNING: Reached chromosome edge before EHH decayed below 0.01. Skipping calculation at 6:149467
WARNING: Reached chromosome edge before EHH decayed below 0.01. Skipping calculation at 6:149570
WARNING: Reached chromosome edge before EHH decayed below 0.01. Skipping calculation at 6:149550
WARNING: Reached chromosome edge before EHH decayed below 0.01. Skipping calculation at 6:149150
WARNING: Reached chromosome edge before EHH decayed below 0.01. Skipping calculation at 6:149240
WARNING: Reached chromosome edge before EHH decayed below 0.01. Skipping calculation at 6:149497
WARNING: Reached chromosome edge before EHH decayed below 0.01. Skipping calculation at 6:149962
WARNING: Reached chromosome edge before EHH decayed below 0.01. Skipping calculation at 6:150051
WARNING: Reached chromosome edge before EHH decayed below 0.01. Skipping calculation at 6:149977
WARNING: Reached chromosome edge before EHH decayed below 0.01. Skipping calculation at 6:149651
WARNING: Reached chromosome edge before EHH decayed below 0.01. Skipping calculation at 6:149885
WARNING: Reached chromosome edge before EHH decayed below 0.01. Skipping calculation at 6:149972
WARNING: Reached chromosome edge before EHH decayed below 0.01. Skipping calculation at 6:150208
WARNING: Reached chromosome edge before EHH decayed below 0.01. Skipping calculation at 6:150436
WARNING: Reached chromosome edge before EHH decayed below 0.01. Skipping calculation at 6:150322
WARNING: Reached chromosome edge before EHH decayed below 0.01. Skipping calculation at 6:150205
WARNING: Reached chromosome edge before EHH decayed below 0.01. Skipping calculation at 6:150065
WARNING: Reached chromosome edge before EHH decayed below 0.01. Skipping calculation at 6:150210
WARNING: Reached chromosome edge before EHH decayed below 0.01. Skipping calculation at 6:150551
WARNING: Reached chromosome edge before EHH decayed below 0.01. Skipping calculation at 6:150615
WARNING: Reached chromosome edge before EHH decayed below 0.01. Skipping calculation at 6:150599
WARNING: Reached chromosome edge before EHH decayed below 0.01. Skipping calculation at 6:150528
WARNING: Reached chromosome edge before EHH decayed below 0.01. Skipping calculation at 6:150553
WARNING: Reached chromosome edge before EHH decayed below 0.01. Skipping calculation at 6:150469
WARNING: Reached chromosome edge before EHH decayed below 0.01. Skipping calculation at 6:150937
WARNING: Reached chromosome edge before EHH decayed below 0.01. Skipping calculation at 6:151295
WARNING: Reached chromosome edge before EHH decayed below 0.01. Skipping calculation at 6:151275
WARNING: Reached chromosome edge before EHH decayed below 0.01. Skipping calculation at 6:150933
WARNING: Reached chromosome edge before EHH decayed below 0.01. Skipping calculation at 6:150967
WARNING: Reached chromosome edge before EHH decayed below 0.01. Skipping calculation at 6:150650
WARNING: Reached chromosome edge before EHH decayed below 0.01. Skipping calculation at 6:151394
WARNING: Reached chromosome edge before EHH decayed below 0.01. Skipping calculation at 6:151465
WARNING: Reached chromosome edge before EHH decayed below 0.01. Skipping calculation at 6:151459
WARNING: Reached chromosome edge before EHH decayed below 0.01. Skipping calculation at 6:151382
WARNING: Reached chromosome edge before EHH decayed below 0.01. Skipping calculation at 6:151443
WARNING: Reached chromosome edge before EHH decayed below 0.01. Skipping calculation at 6:151970
WARNING: Reached chromosome edge before EHH decayed below 0.01. Skipping calculation at 6:151343
WARNING: Reached chromosome edge before EHH decayed below 0.01. Skipping calculation at 6:152239
WARNING: Reached chromosome edge before EHH decayed below 0.01. Skipping calculation at 6:152061
WARNING: Reached chromosome edge before EHH decayed below 0.01. Skipping calculation at 6:151615
WARNING: Reached chromosome edge before EHH decayed below 0.01. Skipping calculation at 6:152036
WARNING: Reached chromosome edge before EHH decayed below 0.01. Skipping calculation at 6:152357
WARNING: Reached chromosome edge before EHH decayed below 0.01. Skipping calculation at 6:152477
WARNING: Reached chromosome edge before EHH decayed below 0.01. Skipping calculation at 6:152424
WARNING: Reached chromosome edge before EHH decayed below 0.01. Skipping calculation at 6:151497
WARNING: Reached chromosome edge before EHH decayed below 0.01. Skipping calculation at 6:152334
WARNING: Reached chromosome edge before EHH decayed below 0.01. Skipping calculation at 6:152363
WARNING: Reached chromosome edge before EHH decayed below 0.01. Skipping calculation at 6:152612
WARNING: Reached chromosome edge before EHH decayed below 0.01. Skipping calculation at 6:152732
WARNING: Reached chromosome edge before EHH decayed below 0.01. Skipping calculation at 6:152723
WARNING: Reached chromosome edge before EHH decayed below 0.01. Skipping calculation at 6:152251
WARNING: Reached chromosome edge before EHH decayed below 0.01. Skipping calculation at 6:152605
WARNING: Reached chromosome edge before EHH decayed below 0.01. Skipping calculation at 6:152624
WARNING: Reached chromosome edge before EHH decayed below 0.01. Skipping calculation at 6:152892
WARNING: Reached chromosome edge before EHH decayed below 0.01. Skipping calculation at 6:153099
WARNING: Reached chromosome edge before EHH decayed below 0.01. Skipping calculation at 6:153047
WARNING: Reached chromosome edge before EHH decayed below 0.01. Skipping calculation at 6:152497
WARNING: Reached chromosome edge before EHH decayed below 0.01. Skipping calculation at 6:152891
WARNING: Reached chromosome edge before EHH decayed below 0.01. Skipping calculation at 6:152898
WARNING: Reached chromosome edge before EHH decayed below 0.01. Skipping calculation at 6:153129
WARNING: Reached chromosome edge before EHH decayed below 0.01. Skipping calculation at 6:153163
WARNING: Reached chromosome edge before EHH decayed below 0.01. Skipping calculation at 6:153131
WARNING: Reached chromosome edge before EHH decayed below 0.01. Skipping calculation at 6:152890
WARNING: Reached chromosome edge before EHH decayed below 0.01. Skipping calculation at 6:153128
WARNING: Reached chromosome edge before EHH decayed below 0.01. Skipping calculation at 6:153130
WARNING: Reached chromosome edge before EHH decayed below 0.01. Skipping calculation at 6:153438
WARNING: Reached chromosome edge before EHH decayed below 0.01. Skipping calculation at 6:153524
WARNING: Reached chromosome edge before EHH decayed below 0.01. Skipping calculation at 6:153502
WARNING: Reached chromosome edge before EHH decayed below 0.01. Skipping calculation at 6:153127
WARNING: Reached chromosome edge before EHH decayed below 0.01. Skipping calculation at 6:153383
WARNING: Reached chromosome edge before EHH decayed below 0.01. Skipping calculation at 6:153451
WARNING: Reached chromosome edge before EHH decayed below 0.01. Skipping calculation at 6:153626
WARNING: Reached chromosome edge before EHH decayed below 0.01. Skipping calculation at 6:154074
WARNING: Reached chromosome edge before EHH decayed below 0.01. Skipping calculation at 6:154045
WARNING: Reached chromosome edge before EHH decayed below 0.01. Skipping calculation at 6:153362
WARNING: Reached chromosome edge before EHH decayed below 0.01. Skipping calculation at 6:153610
WARNING: Reached chromosome edge before EHH decayed below 0.01. Skipping calculation at 6:153875
WARNING: Reached chromosome edge before EHH decayed below 0.01. Skipping calculation at 6:154281
WARNING: Reached chromosome edge before EHH decayed below 0.01. Skipping calculation at 6:154398
WARNING: Reached chromosome edge before EHH decayed below 0.01. Skipping calculation at 6:154301
WARNING: Reached chromosome edge before EHH decayed below 0.01. Skipping calculation at 6:153528
WARNING: Reached chromosome edge before EHH decayed below 0.01. Skipping calculation at 6:154280
WARNING: Reached chromosome edge before EHH decayed below 0.01. Skipping calculation at 6:154282
WARNING: Reached chromosome edge before EHH decayed below 0.01. Skipping calculation at 6:154539
WARNING: Reached chromosome edge before EHH decayed below 0.01. Skipping calculation at 6:154946
WARNING: Reached chromosome edge before EHH decayed below 0.01. Skipping calculation at 6:154845
WARNING: Reached chromosome edge before EHH decayed below 0.01. Skipping calculation at 6:154162
WARNING: Reached chromosome edge before EHH decayed below 0.01. Skipping calculation at 6:154414
WARNING: Reached chromosome edge before EHH decayed below 0.01. Skipping calculation at 6:154702
WARNING: Reached chromosome edge before EHH decayed below 0.01. Skipping calculation at 6:155303
WARNING: Reached chromosome edge before EHH decayed below 0.01. Skipping calculation at 6:155565
WARNING: Reached chromosome edge before EHH decayed below 0.01. Skipping calculation at 6:155552
WARNING: Reached chromosome edge before EHH decayed below 0.01. Skipping calculation at 6:154406
WARNING: Reached chromosome edge before EHH decayed below 0.01. Skipping calculation at 6:155236
WARNING: Reached chromosome edge before EHH decayed below 0.01. Skipping calculation at 6:155306
WARNING: Reached chromosome edge before EHH decayed below 0.01. Skipping calculation at 6:155820
WARNING: Reached chromosome edge before EHH decayed below 0.01. Skipping calculation at 6:155914
WARNING: Reached chromosome edge before EHH decayed below 0.01. Skipping calculation at 6:155925
WARNING: Reached chromosome edge before EHH decayed below 0.01. Skipping calculation at 6:155186
WARNING: Reached chromosome edge before EHH decayed below 0.01. Skipping calculation at 6:155771
WARNING: Reached chromosome edge before EHH decayed below 0.01. Skipping calculation at 6:155904
WARNING: Reached chromosome edge before EHH decayed below 0.01. Skipping calculation at 6:156095
WARNING: Reached chromosome edge before EHH decayed below 0.01. Skipping calculation at 6:156432
WARNING: Reached chromosome edge before EHH decayed below 0.01. Skipping calculation at 6:156410
WARNING: Reached chromosome edge before EHH decayed below 0.01. Skipping calculation at 6:155721
WARNING: Reached chromosome edge before EHH decayed below 0.01. Skipping calculation at 6:156254
WARNING: Reached chromosome edge before EHH decayed below 0.01. Skipping calculation at 6:155942
WARNING: Reached chromosome edge before EHH decayed below 0.01. Skipping calculation at 6:156645
WARNING: Reached chromosome edge before EHH decayed below 0.01. Skipping calculation at 6:156846
WARNING: Reached chromosome edge before EHH decayed below 0.01. Skipping calculation at 6:156810
WARNING: Reached chromosome edge before EHH decayed below 0.01. Skipping calculation at 6:155941
WARNING: Reached chromosome edge before EHH decayed below 0.01. Skipping calculation at 6:156801
WARNING: Reached chromosome edge before EHH decayed below 0.01. Skipping calculation at 6:156508
WARNING: Reached chromosome edge before EHH decayed below 0.01. Skipping calculation at 6:157028
WARNING: Reached chromosome edge before EHH decayed below 0.01. Skipping calculation at 6:157308
WARNING: Reached chromosome edge before EHH decayed below 0.01. Skipping calculation at 6:157172
WARNING: Reached chromosome edge before EHH decayed below 0.01. Skipping calculation at 6:156495
WARNING: Reached chromosome edge before EHH decayed below 0.01. Skipping calculation at 6:157065
WARNING: Reached chromosome edge before EHH decayed below 0.01. Skipping calculation at 6:156997
WARNING: Reached chromosome edge before EHH decayed below 0.01. Skipping calculation at 6:157624
WARNING: Reached chromosome edge before EHH decayed below 0.01. Skipping calculation at 6:157902
WARNING: Reached chromosome edge before EHH decayed below 0.01. Skipping calculation at 6:158081
WARNING: Reached chromosome edge before EHH decayed below 0.01. Skipping calculation at 6:156883
WARNING: Reached chromosome edge before EHH decayed below 0.01. Skipping calculation at 6:157819
WARNING: Reached chromosome edge before EHH decayed below 0.01. Skipping calculation at 6:157563
WARNING: Reached chromosome edge before EHH decayed below 0.01. Skipping calculation at 6:158141
WARNING: Reached chromosome edge before EHH decayed below 0.01. Skipping calculation at 6:157432
WARNING: Reached chromosome edge before EHH decayed below 0.01. Skipping calculation at 6:158431
WARNING: Reached chromosome edge before EHH decayed below 0.01. Skipping calculation at 6:158538
WARNING: Reached chromosome edge before EHH decayed below 0.01. Skipping calculation at 6:158391
WARNING: Reached chromosome edge before EHH decayed below 0.01. Skipping calculation at 6:158120
WARNING: Reached chromosome edge before EHH decayed below 0.01. Skipping calculation at 6:158637
WARNING: Reached chromosome edge before EHH decayed below 0.01. Skipping calculation at 6:159009
WARNING: Reached chromosome edge before EHH decayed below 0.01. Skipping calculation at 6:158090
WARNING: Reached chromosome edge before EHH decayed below 0.01. Skipping calculation at 6:159052
WARNING: Reached chromosome edge before EHH decayed below 0.01. Skipping calculation at 6:158793
WARNING: Reached chromosome edge before EHH decayed below 0.01. Skipping calculation at 6:158542
WARNING: Reached chromosome edge before EHH decayed below 0.01. Skipping calculation at 6:159214
WARNING: Reached chromosome edge before EHH decayed below 0.01. Skipping calculation at 6:158540
WARNING: Reached chromosome edge before EHH decayed below 0.01. Skipping calculation at 6:159389
WARNING: Reached chromosome edge before EHH decayed below 0.01. Skipping calculation at 6:159420
WARNING: Reached chromosome edge before EHH decayed below 0.01. Skipping calculation at 6:159288
WARNING: Reached chromosome edge before EHH decayed below 0.01. Skipping calculation at 6:159144
WARNING: Reached chromosome edge before EHH decayed below 0.01. Skipping calculation at 6:159787
WARNING: Reached chromosome edge before EHH decayed below 0.01. Skipping calculation at 6:159889
WARNING: Reached chromosome edge before EHH decayed below 0.01. Skipping calculation at 6:159143
WARNING: Reached chromosome edge before EHH decayed below 0.01. Skipping calculation at 6:159910
WARNING: Reached chromosome edge before EHH decayed below 0.01. Skipping calculation at 6:159833
WARNING: Reached chromosome edge before EHH decayed below 0.01. Skipping calculation at 6:159608
WARNING: Reached chromosome edge before EHH decayed below 0.01. Skipping calculation at 6:160100
WARNING: Reached chromosome edge before EHH decayed below 0.01. Skipping calculation at 6:159597
WARNING: Reached chromosome edge before EHH decayed below 0.01. Skipping calculation at 6:160034
WARNING: Reached chromosome edge before EHH decayed below 0.01. Skipping calculation at 6:159970
WARNING: Reached chromosome edge before EHH decayed below 0.01. Skipping calculation at 6:117785631
WARNING: Reached chromosome edge before EHH decayed below 0.01. Skipping calculation at 6:117785904
WARNING: Reached chromosome edge before EHH decayed below 0.01. Skipping calculation at 6:117786139
WARNING: Reached chromosome edge before EHH decayed below 0.01. Skipping calculation at 6:117786387
WARNING: Reached chromosome edge before EHH decayed below 0.01. Skipping calculation at 6:117786709
WARNING: Reached chromosome edge before EHH decayed below 0.01. Skipping calculation at 6:117786935
WARNING: Reached chromosome edge before EHH decayed below 0.01. Skipping calculation at 6:117787441
WARNING: Reached chromosome edge before EHH decayed below 0.01. Skipping calculation at 6:117787806
WARNING: Reached chromosome edge before EHH decayed below 0.01. Skipping calculation at 6:117787987
WARNING: Reached chromosome edge before EHH decayed below 0.01. Skipping calculation at 6:117788237
WARNING: Reached chromosome edge before EHH decayed below 0.01. Skipping calculation at 6:117788424
WARNING: Reached chromosome edge before EHH decayed below 0.01. Skipping calculation at 6:117788579
WARNING: Reached chromosome edge before EHH decayed below 0.01. Skipping calculation at 6:117788727
WARNING: Reached chromosome edge before EHH decayed below 0.01. Skipping calculation at 6:117789046
WARNING: Reached chromosome edge before EHH decayed below 0.01. Skipping calculation at 6:117789266
WARNING: Reached chromosome edge before EHH decayed below 0.01. Skipping calculation at 6:117789517
WARNING: Reached chromosome edge before EHH decayed below 0.01. Skipping calculation at 6:117789617
WARNING: Reached chromosome edge before EHH decayed below 0.01. Skipping calculation at 6:117789876
WARNING: Reached chromosome edge before EHH decayed below 0.01. Skipping calculation at 6:117790156
WARNING: Reached chromosome edge before EHH decayed below 0.01. Skipping calculation at 6:117790266
WARNING: Reached chromosome edge before EHH decayed below 0.01. Skipping calculation at 6:117790574
WARNING: Reached chromosome edge before EHH decayed below 0.01. Skipping calculation at 6:117790754
WARNING: Reached chromosome edge before EHH decayed below 0.01. Skipping calculation at 6:117791101
WARNING: Reached chromosome edge before EHH decayed below 0.01. Skipping calculation at 6:117791370
WARNING: Reached chromosome edge before EHH decayed below 0.01. Skipping calculation at 6:117791604
WARNING: Reached chromosome edge before EHH decayed below 0.01. Skipping calculation at 6:117791731
WARNING: Reached chromosome edge before EHH decayed below 0.01. Skipping calculation at 6:117791925
WARNING: Reached chromosome edge before EHH decayed below 0.01. Skipping calculation at 6:117792066
WARNING: Reached chromosome edge before EHH decayed below 0.01. Skipping calculation at 6:117792212
WARNING: Reached chromosome edge before EHH decayed below 0.01. Skipping calculation at 6:117792687
WARNING: Reached chromosome edge before EHH decayed below 0.01. Skipping calculation at 6:117792968
WARNING: Reached chromosome edge before EHH decayed below 0.01. Skipping calculation at 6:117793275
WARNING: Reached chromosome edge before EHH decayed below 0.01. Skipping calculation at 6:117793526
WARNING: Reached chromosome edge before EHH decayed below 0.01. Skipping calculation at 6:117793780
WARNING: Reached chromosome edge before EHH decayed below 0.01. Skipping calculation at 6:117794068
WARNING: Reached chromosome edge before EHH decayed below 0.01. Skipping calculation at 6:117794249
WARNING: Reached chromosome edge before EHH decayed below 0.01. Skipping calculation at 6:117794384
WARNING: Reached chromosome edge before EHH decayed below 0.01. Skipping calculation at 6:117794529
WARNING: Reached chromosome edge before EHH decayed below 0.01. Skipping calculation at 6:117794787
WARNING: Reached chromosome edge before EHH decayed below 0.01. Skipping calculation at 6:117794968
WARNING: Reached chromosome edge before EHH decayed below 0.01. Skipping calculation at 6:117795051
WARNING: Reached chromosome edge before EHH decayed below 0.01. Skipping calculation at 6:117795082
WARNING: Reached chromosome edge before EHH decayed below 0.01. Skipping calculation at 6:117795154
WARNING: Reached chromosome edge before EHH decayed below 0.01. Skipping calculation at 6:117795298
WARNING: Reached chromosome edge before EHH decayed below 0.01. Skipping calculation at 6:117795454
WARNING: Reached chromosome edge before EHH decayed below 0.01. Skipping calculation at 6:117785507
WARNING: Reached chromosome edge before EHH decayed below 0.01. Skipping calculation at 6:117785815
WARNING: Reached chromosome edge before EHH decayed below 0.01. Skipping calculation at 6:117786038
WARNING: Reached chromosome edge before EHH decayed below 0.01. Skipping calculation at 6:117786251
WARNING: Reached chromosome edge before EHH decayed below 0.01. Skipping calculation at 6:117786554
WARNING: Reached chromosome edge before EHH decayed below 0.01. Skipping calculation at 6:117786830
WARNING: Reached chromosome edge before EHH decayed below 0.01. Skipping calculation at 6:117787224
WARNING: Reached chromosome edge before EHH decayed below 0.01. Skipping calculation at 6:117787662
WARNING: Reached chromosome edge before EHH decayed below 0.01. Skipping calculation at 6:117787926
WARNING: Reached chromosome edge before EHH decayed below 0.01. Skipping calculation at 6:117788069
WARNING: Reached chromosome edge before EHH decayed below 0.01. Skipping calculation at 6:117788339
WARNING: Reached chromosome edge before EHH decayed below 0.01. Skipping calculation at 6:117788486
WARNING: Reached chromosome edge before EHH decayed below 0.01. Skipping calculation at 6:117788658
WARNING: Reached chromosome edge before EHH decayed below 0.01. Skipping calculation at 6:117788947
WARNING: Reached chromosome edge before EHH decayed below 0.01. Skipping calculation at 6:117789222
WARNING: Reached chromosome edge before EHH decayed below 0.01. Skipping calculation at 6:117789419
WARNING: Reached chromosome edge before EHH decayed below 0.01. Skipping calculation at 6:117789583
WARNING: Reached chromosome edge before EHH decayed below 0.01. Skipping calculation at 6:117789769
WARNING: Reached chromosome edge before EHH decayed below 0.01. Skipping calculation at 6:117790002
WARNING: Reached chromosome edge before EHH decayed below 0.01. Skipping calculation at 6:117790212
WARNING: Reached chromosome edge before EHH decayed below 0.01. Skipping calculation at 6:117790396
WARNING: Reached chromosome edge before EHH decayed below 0.01. Skipping calculation at 6:117790654
WARNING: Reached chromosome edge before EHH decayed below 0.01. Skipping calculation at 6:117790924
WARNING: Reached chromosome edge before EHH decayed below 0.01. Skipping calculation at 6:117791182
WARNING: Reached chromosome edge before EHH decayed below 0.01. Skipping calculation at 6:117791520
WARNING: Reached chromosome edge before EHH decayed below 0.01. Skipping calculation at 6:117791638
WARNING: Reached chromosome edge before EHH decayed below 0.01. Skipping calculation at 6:117791892
WARNING: Reached chromosome edge before EHH decayed below 0.01. Skipping calculation at 6:117791969
WARNING: Reached chromosome edge before EHH decayed below 0.01. Skipping calculation at 6:117792161
WARNING: Reached chromosome edge before EHH decayed below 0.01. Skipping calculation at 6:117792567
WARNING: Reached chromosome edge before EHH decayed below 0.01. Skipping calculation at 6:117792887
WARNING: Reached chromosome edge before EHH decayed below 0.01. Skipping calculation at 6:117793114
WARNING: Reached chromosome edge before EHH decayed below 0.01. Skipping calculation at 6:117793346
WARNING: Reached chromosome edge before EHH decayed below 0.01. Skipping calculation at 6:117793637
WARNING: Reached chromosome edge before EHH decayed below 0.01. Skipping calculation at 6:117793887
WARNING: Reached chromosome edge before EHH decayed below 0.01. Skipping calculation at 6:117794120
WARNING: Reached chromosome edge before EHH decayed below 0.01. Skipping calculation at 6:117794306
WARNING: Reached chromosome edge before EHH decayed below 0.01. Skipping calculation at 6:117794504
WARNING: Reached chromosome edge before EHH decayed below 0.01. Skipping calculation at 6:117794619
WARNING: Reached chromosome edge before EHH decayed below 0.01. Skipping calculation at 6:117794923
WARNING: Reached chromosome edge before EHH decayed below 0.01. Skipping calculation at 6:117795031
WARNING: Reached chromosome edge before EHH decayed below 0.01. Skipping calculation at 6:117795060
WARNING: Reached chromosome edge before EHH decayed below 0.01. Skipping calculation at 6:117795113
WARNING: Reached chromosome edge before EHH decayed below 0.01. Skipping calculation at 6:117795201
WARNING: Reached chromosome edge before EHH decayed below 0.01. Skipping calculation at 6:117795438
WARNING: Reached chromosome edge before EHH decayed below 0.01. Skipping calculation at 6:117795502
WARNING: Reached chromosome edge before EHH decayed below 0.01. Skipping calculation at 6:117785736
WARNING: Reached chromosome edge before EHH decayed below 0.01. Skipping calculation at 6:117786002
WARNING: Reached chromosome edge before EHH decayed below 0.01. Skipping calculation at 6:117786247
WARNING: Reached chromosome edge before EHH decayed below 0.01. Skipping calculation at 6:117786541
WARNING: Reached chromosome edge before EHH decayed below 0.01. Skipping calculation at 6:117786828
WARNING: Reached chromosome edge before EHH decayed below 0.01. Skipping calculation at 6:117787223
WARNING: Reached chromosome edge before EHH decayed below 0.01. Skipping calculation at 6:117787597
WARNING: Reached chromosome edge before EHH decayed below 0.01. Skipping calculation at 6:117787925
WARNING: Reached chromosome edge before EHH decayed below 0.01. Skipping calculation at 6:117788066
WARNING: Reached chromosome edge before EHH decayed below 0.01. Skipping calculation at 6:117788334
WARNING: Reached chromosome edge before EHH decayed below 0.01. Skipping calculation at 6:117788458
WARNING: Reached chromosome edge before EHH decayed below 0.01. Skipping calculation at 6:117788616
WARNING: Reached chromosome edge before EHH decayed below 0.01. Skipping calculation at 6:117788905
WARNING: Reached chromosome edge before EHH decayed below 0.01. Skipping calculation at 6:117789218
WARNING: Reached chromosome edge before EHH decayed below 0.01. Skipping calculation at 6:117789397
WARNING: Reached chromosome edge before EHH decayed below 0.01. Skipping calculation at 6:117789572
WARNING: Reached chromosome edge before EHH decayed below 0.01. Skipping calculation at 6:117789701
WARNING: Reached chromosome edge before EHH decayed below 0.01. Skipping calculation at 6:117789951
WARNING: Reached chromosome edge before EHH decayed below 0.01. Skipping calculation at 6:117790211
WARNING: Reached chromosome edge before EHH decayed below 0.01. Skipping calculation at 6:117790377
WARNING: Reached chromosome edge before EHH decayed below 0.01. Skipping calculation at 6:117790642
WARNING: Reached chromosome edge before EHH decayed below 0.01. Skipping calculation at 6:117790884
WARNING: Reached chromosome edge before EHH decayed below 0.01. Skipping calculation at 6:117791180
WARNING: Reached chromosome edge before EHH decayed below 0.01. Skipping calculation at 6:117791439
WARNING: Reached chromosome edge before EHH decayed below 0.01. Skipping calculation at 6:117791631
WARNING: Reached chromosome edge before EHH decayed below 0.01. Skipping calculation at 6:117791839
WARNING: Reached chromosome edge before EHH decayed below 0.01. Skipping calculation at 6:117791956
WARNING: Reached chromosome edge before EHH decayed below 0.01. Skipping calculation at 6:117792151
WARNING: Reached chromosome edge before EHH decayed below 0.01. Skipping calculation at 6:117792518
WARNING: Reached chromosome edge before EHH decayed below 0.01. Skipping calculation at 6:117792875
WARNING: Reached chromosome edge before EHH decayed below 0.01. Skipping calculation at 6:117793058
WARNING: Reached chromosome edge before EHH decayed below 0.01. Skipping calculation at 6:117793294
WARNING: Reached chromosome edge before EHH decayed below 0.01. Skipping calculation at 6:117793541
WARNING: Reached chromosome edge before EHH decayed below 0.01. Skipping calculation at 6:117793877
WARNING: Reached chromosome edge before EHH decayed below 0.01. Skipping calculation at 6:117794093
WARNING: Reached chromosome edge before EHH decayed below 0.01. Skipping calculation at 6:117794258
WARNING: Reached chromosome edge before EHH decayed below 0.01. Skipping calculation at 6:117794481
WARNING: Reached chromosome edge before EHH decayed below 0.01. Skipping calculation at 6:117794584
WARNING: Reached chromosome edge before EHH decayed below 0.01. Skipping calculation at 6:117794914
WARNING: Reached chromosome edge before EHH decayed below 0.01. Skipping calculation at 6:117795015
WARNING: Reached chromosome edge before EHH decayed below 0.01. Skipping calculation at 6:117795054
WARNING: Reached chromosome edge before EHH decayed below 0.01. Skipping calculation at 6:117795108
WARNING: Reached chromosome edge before EHH decayed below 0.01. Skipping calculation at 6:117795177
WARNING: Reached chromosome edge before EHH decayed below 0.01. Skipping calculation at 6:117795397
WARNING: Reached chromosome edge before EHH decayed below 0.01. Skipping calculation at 6:117795494
WARNING: Reached chromosome edge before EHH decayed below 0.01. Skipping calculation at 6:117785515
WARNING: Reached chromosome edge before EHH decayed below 0.01. Skipping calculation at 6:117785871
WARNING: Reached chromosome edge before EHH decayed below 0.01. Skipping calculation at 6:117786095
WARNING: Reached chromosome edge before EHH decayed below 0.01. Skipping calculation at 6:117786260
WARNING: Reached chromosome edge before EHH decayed below 0.01. Skipping calculation at 6:117786570
WARNING: Reached chromosome edge before EHH decayed below 0.01. Skipping calculation at 6:117786832
WARNING: Reached chromosome edge before EHH decayed below 0.01. Skipping calculation at 6:117787298
WARNING: Reached chromosome edge before EHH decayed below 0.01. Skipping calculation at 6:117787728
WARNING: Reached chromosome edge before EHH decayed below 0.01. Skipping calculation at 6:117787956
WARNING: Reached chromosome edge before EHH decayed below 0.01. Skipping calculation at 6:117788145
WARNING: Reached chromosome edge before EHH decayed below 0.01. Skipping calculation at 6:117788400
WARNING: Reached chromosome edge before EHH decayed below 0.01. Skipping calculation at 6:117788508
WARNING: Reached chromosome edge before EHH decayed below 0.01. Skipping calculation at 6:117788718
WARNING: Reached chromosome edge before EHH decayed below 0.01. Skipping calculation at 6:117789016
WARNING: Reached chromosome edge before EHH decayed below 0.01. Skipping calculation at 6:117789237
WARNING: Reached chromosome edge before EHH decayed below 0.01. Skipping calculation at 6:117789465
WARNING: Reached chromosome edge before EHH decayed below 0.01. Skipping calculation at 6:117789590
WARNING: Reached chromosome edge before EHH decayed below 0.01. Skipping calculation at 6:117789776
WARNING: Reached chromosome edge before EHH decayed below 0.01. Skipping calculation at 6:117790042
WARNING: Reached chromosome edge before EHH decayed below 0.01. Skipping calculation at 6:117790251
WARNING: Reached chromosome edge before EHH decayed below 0.01. Skipping calculation at 6:117790467
WARNING: Reached chromosome edge before EHH decayed below 0.01. Skipping calculation at 6:117790655
WARNING: Reached chromosome edge before EHH decayed below 0.01. Skipping calculation at 6:117791034
WARNING: Reached chromosome edge before EHH decayed below 0.01. Skipping calculation at 6:117791213
WARNING: Reached chromosome edge before EHH decayed below 0.01. Skipping calculation at 6:117791584
WARNING: Reached chromosome edge before EHH decayed below 0.01. Skipping calculation at 6:117791669
WARNING: Reached chromosome edge before EHH decayed below 0.01. Skipping calculation at 6:117791893
WARNING: Reached chromosome edge before EHH decayed below 0.01. Skipping calculation at 6:117791974
WARNING: Reached chromosome edge before EHH decayed below 0.01. Skipping calculation at 6:117792175
WARNING: Reached chromosome edge before EHH decayed below 0.01. Skipping calculation at 6:117792613
WARNING: Reached chromosome edge before EHH decayed below 0.01. Skipping calculation at 6:117792931
WARNING: Reached chromosome edge before EHH decayed below 0.01. Skipping calculation at 6:117793248
WARNING: Reached chromosome edge before EHH decayed below 0.01. Skipping calculation at 6:117793405
WARNING: Reached chromosome edge before EHH decayed below 0.01. Skipping calculation at 6:117793657
WARNING: Reached chromosome edge before EHH decayed below 0.01. Skipping calculation at 6:117793948
WARNING: Reached chromosome edge before EHH decayed below 0.01. Skipping calculation at 6:117794163
WARNING: Reached chromosome edge before EHH decayed below 0.01. Skipping calculation at 6:117794308
WARNING: Reached chromosome edge before EHH decayed below 0.01. Skipping calculation at 6:117794506
WARNING: Reached chromosome edge before EHH decayed below 0.01. Skipping calculation at 6:117794648
WARNING: Reached chromosome edge before EHH decayed below 0.01. Skipping calculation at 6:117794938
WARNING: Reached chromosome edge before EHH decayed below 0.01. Skipping calculation at 6:117795037
WARNING: Reached chromosome edge before EHH decayed below 0.01. Skipping calculation at 6:117795078
WARNING: Reached chromosome edge before EHH decayed below 0.01. Skipping calculation at 6:117795127
WARNING: Reached chromosome edge before EHH decayed below 0.01. Skipping calculation at 6:117795294
WARNING: Reached chromosome edge before EHH decayed below 0.01. Skipping calculation at 6:117795443
WARNING: Reached chromosome edge before EHH decayed below 0.01. Skipping calculation at 6:117785656
WARNING: Reached chromosome edge before EHH decayed below 0.01. Skipping calculation at 6:117785988
WARNING: Reached chromosome edge before EHH decayed below 0.01. Skipping calculation at 6:117786184
WARNING: Reached chromosome edge before EHH decayed below 0.01. Skipping calculation at 6:117786467
WARNING: Reached chromosome edge before EHH decayed below 0.01. Skipping calculation at 6:117786824
WARNING: Reached chromosome edge before EHH decayed below 0.01. Skipping calculation at 6:117787169
WARNING: Reached chromosome edge before EHH decayed below 0.01. Skipping calculation at 6:117785630
WARNING: Reached chromosome edge before EHH decayed below 0.01. Skipping calculation at 6:117787539
WARNING: Reached chromosome edge before EHH decayed below 0.01. Skipping calculation at 6:117785900
WARNING: Reached chromosome edge before EHH decayed below 0.01. Skipping calculation at 6:117787829
WARNING: Reached chromosome edge before EHH decayed below 0.01. Skipping calculation at 6:117786096
WARNING: Reached chromosome edge before EHH decayed below 0.01. Skipping calculation at 6:117788056
WARNING: Reached chromosome edge before EHH decayed below 0.01. Skipping calculation at 6:117786287
WARNING: Reached chromosome edge before EHH decayed below 0.01. Skipping calculation at 6:117788289
WARNING: Reached chromosome edge before EHH decayed below 0.01. Skipping calculation at 6:117788457
WARNING: Reached chromosome edge before EHH decayed below 0.01. Skipping calculation at 6:117786677
WARNING: Reached chromosome edge before EHH decayed below 0.01. Skipping calculation at 6:117788596
WARNING: Reached chromosome edge before EHH decayed below 0.01. Skipping calculation at 6:117786905
WARNING: Reached chromosome edge before EHH decayed below 0.01. Skipping calculation at 6:117788752
WARNING: Reached chromosome edge before EHH decayed below 0.01. Skipping calculation at 6:117789117
WARNING: Reached chromosome edge before EHH decayed below 0.01. Skipping calculation at 6:117789396
WARNING: Reached chromosome edge before EHH decayed below 0.01. Skipping calculation at 6:117787331
WARNING: Reached chromosome edge before EHH decayed below 0.01. Skipping calculation at 6:117789529
WARNING: Reached chromosome edge before EHH decayed below 0.01. Skipping calculation at 6:117789679
WARNING: Reached chromosome edge before EHH decayed below 0.01. Skipping calculation at 6:117787751
WARNING: Reached chromosome edge before EHH decayed below 0.01. Skipping calculation at 6:117789944
WARNING: Reached chromosome edge before EHH decayed below 0.01. Skipping calculation at 6:117790193
WARNING: Reached chromosome edge before EHH decayed below 0.01. Skipping calculation at 6:117787972
WARNING: Reached chromosome edge before EHH decayed below 0.01. Skipping calculation at 6:117790316
WARNING: Reached chromosome edge before EHH decayed below 0.01. Skipping calculation at 6:117790639
WARNING: Reached chromosome edge before EHH decayed below 0.01. Skipping calculation at 6:117788236
WARNING: Reached chromosome edge before EHH decayed below 0.01. Skipping calculation at 6:117790793
WARNING: Reached chromosome edge before EHH decayed below 0.01. Skipping calculation at 6:117791136
WARNING: Reached chromosome edge before EHH decayed below 0.01. Skipping calculation at 6:117788403
WARNING: Reached chromosome edge before EHH decayed below 0.01. Skipping calculation at 6:117791429
WARNING: Reached chromosome edge before EHH decayed below 0.01. Skipping calculation at 6:117791614
WARNING: Reached chromosome edge before EHH decayed below 0.01. Skipping calculation at 6:117788538
WARNING: Reached chromosome edge before EHH decayed below 0.01. Skipping calculation at 6:117791802
WARNING: Reached chromosome edge before EHH decayed below 0.01. Skipping calculation at 6:117788725
WARNING: Reached chromosome edge before EHH decayed below 0.01. Skipping calculation at 6:117791955
WARNING: Reached chromosome edge before EHH decayed below 0.01. Skipping calculation at 6:117789040
WARNING: Reached chromosome edge before EHH decayed below 0.01. Skipping calculation at 6:117792070
WARNING: Reached chromosome edge before EHH decayed below 0.01. Skipping calculation at 6:117789250
WARNING: Reached chromosome edge before EHH decayed below 0.01. Skipping calculation at 6:117792403
WARNING: Reached chromosome edge before EHH decayed below 0.01. Skipping calculation at 6:117789502
WARNING: Reached chromosome edge before EHH decayed below 0.01. Skipping calculation at 6:117792688
WARNING: Reached chromosome edge before EHH decayed below 0.01. Skipping calculation at 6:117789607
WARNING: Reached chromosome edge before EHH decayed below 0.01. Skipping calculation at 6:117789814
WARNING: Reached chromosome edge before EHH decayed below 0.01. Skipping calculation at 6:117793021
WARNING: Reached chromosome edge before EHH decayed below 0.01. Skipping calculation at 6:117793291
WARNING: Reached chromosome edge before EHH decayed below 0.01. Skipping calculation at 6:117790091
WARNING: Reached chromosome edge before EHH decayed below 0.01. Skipping calculation at 6:117793528
WARNING: Reached chromosome edge before EHH decayed below 0.01. Skipping calculation at 6:117793806
WARNING: Reached chromosome edge before EHH decayed below 0.01. Skipping calculation at 6:117790265
WARNING: Reached chromosome edge before EHH decayed below 0.01. Skipping calculation at 6:117794085
WARNING: Reached chromosome edge before EHH decayed below 0.01. Skipping calculation at 6:117794257
WARNING: Reached chromosome edge before EHH decayed below 0.01. Skipping calculation at 6:117794415
WARNING: Reached chromosome edge before EHH decayed below 0.01. Skipping calculation at 6:117790558
WARNING: Reached chromosome edge before EHH decayed below 0.01. Skipping calculation at 6:117794570
WARNING: Reached chromosome edge before EHH decayed below 0.01. Skipping calculation at 6:117794816
WARNING: Reached chromosome edge before EHH decayed below 0.01. Skipping calculation at 6:117794975
WARNING: Reached chromosome edge before EHH decayed below 0.01. Skipping calculation at 6:117790711
WARNING: Reached chromosome edge before EHH decayed below 0.01. Skipping calculation at 6:117795053
WARNING: Reached chromosome edge before EHH decayed below 0.01. Skipping calculation at 6:117795095
WARNING: Reached chromosome edge before EHH decayed below 0.01. Skipping calculation at 6:117795164
WARNING: Reached chromosome edge before EHH decayed below 0.01. Skipping calculation at 6:117795350
WARNING: Reached chromosome edge before EHH decayed below 0.01. Skipping calculation at 6:117791080
WARNING: Reached chromosome edge before EHH decayed below 0.01. Skipping calculation at 6:117795489
WARNING: Reached chromosome edge before EHH decayed below 0.01. Skipping calculation at 6:117791334
WARNING: Reached chromosome edge before EHH decayed below 0.01. Skipping calculation at 6:117791594
WARNING: Reached chromosome edge before EHH decayed below 0.01. Skipping calculation at 6:117791698
WARNING: Reached chromosome edge before EHH decayed below 0.01. Skipping calculation at 6:117791905
WARNING: Reached chromosome edge before EHH decayed below 0.01. Skipping calculation at 6:117792049
WARNING: Reached chromosome edge before EHH decayed below 0.01. Skipping calculation at 6:117792211
WARNING: Reached chromosome edge before EHH decayed below 0.01. Skipping calculation at 6:117792640
WARNING: Reached chromosome edge before EHH decayed below 0.01. Skipping calculation at 6:117792964
WARNING: Reached chromosome edge before EHH decayed below 0.01. Skipping calculation at 6:117793271
WARNING: Reached chromosome edge before EHH decayed below 0.01. Skipping calculation at 6:117793414
WARNING: Reached chromosome edge before EHH decayed below 0.01. Skipping calculation at 6:117793749
WARNING: Reached chromosome edge before EHH decayed below 0.01. Skipping calculation at 6:117793956
WARNING: Reached chromosome edge before EHH decayed below 0.01. Skipping calculation at 6:117794194
WARNING: Reached chromosome edge before EHH decayed below 0.01. Skipping calculation at 6:117794351
WARNING: Reached chromosome edge before EHH decayed below 0.01. Skipping calculation at 6:117794518
WARNING: Reached chromosome edge before EHH decayed below 0.01. Skipping calculation at 6:117794740
WARNING: Reached chromosome edge before EHH decayed below 0.01. Skipping calculation at 6:117794955
WARNING: Reached chromosome edge before EHH decayed below 0.01. Skipping calculation at 6:117795044
WARNING: Reached chromosome edge before EHH decayed below 0.01. Skipping calculation at 6:117795081
WARNING: Reached chromosome edge before EHH decayed below 0.01. Skipping calculation at 6:117795136
WARNING: Reached chromosome edge before EHH decayed below 0.01. Skipping calculation at 6:117795296
WARNING: Reached chromosome edge before EHH decayed below 0.01. Skipping calculation at 6:117795452
