/stor9000/apps/users/NWSUAF/2013110098/bin/selscan-master/src/selscan --xpehh --vcf Gelbvieh.chr14.vcf --vcf-ref DN.chr14.vcf --map chr14.map --cutoff 0.01 --out DN_Gelbvieh.14.xpehh --threads 6 
v1.1.0b
Calculating XP-EHH.
Input filename: Gelbvieh.chr14.vcf
Reference input filename: DN.chr14.vcf
Map filename: chr14.map
Output file: DN_Gelbvieh.14.xpehh.xpehh.out
Threads: 6
Scale parameter: 20000
Max gap parameter: 200000
EHH cutoff value: 0.01
Alt flag set: no
WARNING: Reached chromosome edge before EHH decayed below 0.01. Skipping calculation at 14:8643
WARNING: Reached chromosome edge before EHH decayed below 0.01. Skipping calculation at 14:8728
WARNING: Reached chromosome edge before EHH decayed below 0.01. Skipping calculation at 14:8566
WARNING: Reached chromosome edge before EHH decayed below 0.01. Skipping calculation at 14:8749
WARNING: Reached chromosome edge before EHH decayed below 0.01. Skipping calculation at 14:8762
WARNING: Reached chromosome edge before EHH decayed below 0.01. Skipping calculation at 14:9033
WARNING: Reached chromosome edge before EHH decayed below 0.01. Skipping calculation at 14:9210
WARNING: Reached chromosome edge before EHH decayed below 0.01. Skipping calculation at 14:9078
WARNING: Reached chromosome edge before EHH decayed below 0.01. Skipping calculation at 14:9301
WARNING: Reached chromosome edge before EHH decayed below 0.01. Skipping calculation at 14:10266
WARNING: Reached chromosome edge before EHH decayed below 0.01. Skipping calculation at 14:10314
WARNING: Reached chromosome edge before EHH decayed below 0.01. Skipping calculation at 14:10359
WARNING: Reached chromosome edge before EHH decayed below 0.01. Skipping calculation at 14:10366
WARNING: Reached chromosome edge before EHH decayed below 0.01. Skipping calculation at 14:10393
WARNING: Reached chromosome edge before EHH decayed below 0.01. Skipping calculation at 14:10442
WARNING: Reached chromosome edge before EHH decayed below 0.01. Skipping calculation at 14:10588
WARNING: Reached chromosome edge before EHH decayed below 0.01. Skipping calculation at 14:10639
WARNING: Reached chromosome edge before EHH decayed below 0.01. Skipping calculation at 14:10659
WARNING: Reached chromosome edge before EHH decayed below 0.01. Skipping calculation at 14:10668
WARNING: Reached chromosome edge before EHH decayed below 0.01. Skipping calculation at 14:10669
WARNING: Reached chromosome edge before EHH decayed below 0.01. Skipping calculation at 14:10670
WARNING: Reached chromosome edge before EHH decayed below 0.01. Skipping calculation at 14:10671
WARNING: Reached chromosome edge before EHH decayed below 0.01. Skipping calculation at 14:10672
WARNING: Reached chromosome edge before EHH decayed below 0.01. Skipping calculation at 14:10673
WARNING: Reached chromosome edge before EHH decayed below 0.01. Skipping calculation at 14:10676
WARNING: Reached chromosome edge before EHH decayed below 0.01. Skipping calculation at 14:10765
WARNING: Reached chromosome edge before EHH decayed below 0.01. Skipping calculation at 14:10810
WARNING: Reached chromosome edge before EHH decayed below 0.01. Skipping calculation at 14:10812
WARNING: Reached chromosome edge before EHH decayed below 0.01. Skipping calculation at 14:10854
WARNING: Reached chromosome edge before EHH decayed below 0.01. Skipping calculation at 14:10881
WARNING: Reached chromosome edge before EHH decayed below 0.01. Skipping calculation at 14:11019
WARNING: Reached chromosome edge before EHH decayed below 0.01. Skipping calculation at 14:12726
WARNING: Reached chromosome edge before EHH decayed below 0.01. Skipping calculation at 14:12803
WARNING: Reached chromosome edge before EHH decayed below 0.01. Skipping calculation at 14:12817
WARNING: Reached chromosome edge before EHH decayed below 0.01. Skipping calculation at 14:12837
WARNING: Reached chromosome edge before EHH decayed below 0.01. Skipping calculation at 14:12849
WARNING: Reached chromosome edge before EHH decayed below 0.01. Skipping calculation at 14:12909
WARNING: Reached chromosome edge before EHH decayed below 0.01. Skipping calculation at 14:13006
WARNING: Reached chromosome edge before EHH decayed below 0.01. Skipping calculation at 14:13191
WARNING: Reached chromosome edge before EHH decayed below 0.01. Skipping calculation at 14:20733
WARNING: Reached chromosome edge before EHH decayed below 0.01. Skipping calculation at 14:20735
WARNING: Reached chromosome edge before EHH decayed below 0.01. Skipping calculation at 14:22635
WARNING: Reached chromosome edge before EHH decayed below 0.01. Skipping calculation at 14:22670
WARNING: Reached chromosome edge before EHH decayed below 0.01. Skipping calculation at 14:22974
WARNING: Reached chromosome edge before EHH decayed below 0.01. Skipping calculation at 14:22984
WARNING: Reached chromosome edge before EHH decayed below 0.01. Skipping calculation at 14:23004
WARNING: Reached chromosome edge before EHH decayed below 0.01. Skipping calculation at 14:23045
WARNING: Reached chromosome edge before EHH decayed below 0.01. Skipping calculation at 14:23211
WARNING: Reached chromosome edge before EHH decayed below 0.01. Skipping calculation at 14:24122
WARNING: Reached chromosome edge before EHH decayed below 0.01. Skipping calculation at 14:24368
WARNING: Reached chromosome edge before EHH decayed below 0.01. Skipping calculation at 14:24379
WARNING: Reached chromosome edge before EHH decayed below 0.01. Skipping calculation at 14:24541
WARNING: Reached chromosome edge before EHH decayed below 0.01. Skipping calculation at 14:24565
WARNING: Reached chromosome edge before EHH decayed below 0.01. Skipping calculation at 14:24926
WARNING: Reached chromosome edge before EHH decayed below 0.01. Skipping calculation at 14:24943
WARNING: Reached chromosome edge before EHH decayed below 0.01. Skipping calculation at 14:24976
WARNING: Reached chromosome edge before EHH decayed below 0.01. Skipping calculation at 14:25000
WARNING: Reached chromosome edge before EHH decayed below 0.01. Skipping calculation at 14:25006
WARNING: Reached chromosome edge before EHH decayed below 0.01. Skipping calculation at 14:25007
WARNING: Reached chromosome edge before EHH decayed below 0.01. Skipping calculation at 14:25054
WARNING: Reached chromosome edge before EHH decayed below 0.01. Skipping calculation at 14:25084
WARNING: Reached chromosome edge before EHH decayed below 0.01. Skipping calculation at 14:25242
WARNING: Reached chromosome edge before EHH decayed below 0.01. Skipping calculation at 14:25247
WARNING: Reached chromosome edge before EHH decayed below 0.01. Skipping calculation at 14:25270
WARNING: Reached chromosome edge before EHH decayed below 0.01. Skipping calculation at 14:25279
WARNING: Reached chromosome edge before EHH decayed below 0.01. Skipping calculation at 14:25280
WARNING: Reached chromosome edge before EHH decayed below 0.01. Skipping calculation at 14:25353
WARNING: Reached chromosome edge before EHH decayed below 0.01. Skipping calculation at 14:25355
WARNING: Reached chromosome edge before EHH decayed below 0.01. Skipping calculation at 14:25445
WARNING: Reached chromosome edge before EHH decayed below 0.01. Skipping calculation at 14:25475
WARNING: Reached chromosome edge before EHH decayed below 0.01. Skipping calculation at 14:25527
WARNING: Reached chromosome edge before EHH decayed below 0.01. Skipping calculation at 14:25743
WARNING: Reached chromosome edge before EHH decayed below 0.01. Skipping calculation at 14:25751
WARNING: Reached chromosome edge before EHH decayed below 0.01. Skipping calculation at 14:25752
WARNING: Reached chromosome edge before EHH decayed below 0.01. Skipping calculation at 14:25753
WARNING: Reached chromosome edge before EHH decayed below 0.01. Skipping calculation at 14:25754
WARNING: Reached chromosome edge before EHH decayed below 0.01. Skipping calculation at 14:25755
WARNING: Reached chromosome edge before EHH decayed below 0.01. Skipping calculation at 14:25756
WARNING: Reached chromosome edge before EHH decayed below 0.01. Skipping calculation at 14:25757
WARNING: Reached chromosome edge before EHH decayed below 0.01. Skipping calculation at 14:25759
WARNING: Reached chromosome edge before EHH decayed below 0.01. Skipping calculation at 14:25760
WARNING: Reached chromosome edge before EHH decayed below 0.01. Skipping calculation at 14:25761
WARNING: Reached chromosome edge before EHH decayed below 0.01. Skipping calculation at 14:25762
WARNING: Reached chromosome edge before EHH decayed below 0.01. Skipping calculation at 14:25763
WARNING: Reached chromosome edge before EHH decayed below 0.01. Skipping calculation at 14:25764
WARNING: Reached chromosome edge before EHH decayed below 0.01. Skipping calculation at 14:25765
WARNING: Reached chromosome edge before EHH decayed below 0.01. Skipping calculation at 14:25766
WARNING: Reached chromosome edge before EHH decayed below 0.01. Skipping calculation at 14:25767
WARNING: Reached chromosome edge before EHH decayed below 0.01. Skipping calculation at 14:25768
WARNING: Reached chromosome edge before EHH decayed below 0.01. Skipping calculation at 14:25769
WARNING: Reached chromosome edge before EHH decayed below 0.01. Skipping calculation at 14:25770
WARNING: Reached chromosome edge before EHH decayed below 0.01. Skipping calculation at 14:26205
WARNING: Reached chromosome edge before EHH decayed below 0.01. Skipping calculation at 14:26338
WARNING: Reached chromosome edge before EHH decayed below 0.01. Skipping calculation at 14:26518
WARNING: Reached chromosome edge before EHH decayed below 0.01. Skipping calculation at 14:26602
WARNING: Reached chromosome edge before EHH decayed below 0.01. Skipping calculation at 14:26627
WARNING: Reached chromosome edge before EHH decayed below 0.01. Skipping calculation at 14:26639
WARNING: Reached chromosome edge before EHH decayed below 0.01. Skipping calculation at 14:26768
WARNING: Reached chromosome edge before EHH decayed below 0.01. Skipping calculation at 14:26786
WARNING: Reached chromosome edge before EHH decayed below 0.01. Skipping calculation at 14:26802
WARNING: Reached chromosome edge before EHH decayed below 0.01. Skipping calculation at 14:26839
WARNING: Reached chromosome edge before EHH decayed below 0.01. Skipping calculation at 14:26915
WARNING: Reached chromosome edge before EHH decayed below 0.01. Skipping calculation at 14:26988
WARNING: Reached chromosome edge before EHH decayed below 0.01. Skipping calculation at 14:27045
WARNING: Reached chromosome edge before EHH decayed below 0.01. Skipping calculation at 14:27056
WARNING: Reached chromosome edge before EHH decayed below 0.01. Skipping calculation at 14:27162
WARNING: Reached chromosome edge before EHH decayed below 0.01. Skipping calculation at 14:27522
WARNING: Reached chromosome edge before EHH decayed below 0.01. Skipping calculation at 14:27565
WARNING: Reached chromosome edge before EHH decayed below 0.01. Skipping calculation at 14:27723
WARNING: Reached chromosome edge before EHH decayed below 0.01. Skipping calculation at 14:27839
WARNING: Reached chromosome edge before EHH decayed below 0.01. Skipping calculation at 14:27843
WARNING: Reached chromosome edge before EHH decayed below 0.01. Skipping calculation at 14:27892
WARNING: Reached chromosome edge before EHH decayed below 0.01. Skipping calculation at 14:28004
WARNING: Reached chromosome edge before EHH decayed below 0.01. Skipping calculation at 14:28011
WARNING: Reached chromosome edge before EHH decayed below 0.01. Skipping calculation at 14:28038
WARNING: Reached chromosome edge before EHH decayed below 0.01. Skipping calculation at 14:28089
WARNING: Reached chromosome edge before EHH decayed below 0.01. Skipping calculation at 14:28309
WARNING: Reached chromosome edge before EHH decayed below 0.01. Skipping calculation at 14:28310
WARNING: Reached chromosome edge before EHH decayed below 0.01. Skipping calculation at 14:28312
WARNING: Reached chromosome edge before EHH decayed below 0.01. Skipping calculation at 14:28354
WARNING: Reached chromosome edge before EHH decayed below 0.01. Skipping calculation at 14:28376
WARNING: Reached chromosome edge before EHH decayed below 0.01. Skipping calculation at 14:28391
WARNING: Reached chromosome edge before EHH decayed below 0.01. Skipping calculation at 14:28447
WARNING: Reached chromosome edge before EHH decayed below 0.01. Skipping calculation at 14:28546
WARNING: Reached chromosome edge before EHH decayed below 0.01. Skipping calculation at 14:28569
WARNING: Reached chromosome edge before EHH decayed below 0.01. Skipping calculation at 14:28804
WARNING: Reached chromosome edge before EHH decayed below 0.01. Skipping calculation at 14:28809
WARNING: Reached chromosome edge before EHH decayed below 0.01. Skipping calculation at 14:28842
WARNING: Reached chromosome edge before EHH decayed below 0.01. Skipping calculation at 14:28876
WARNING: Reached chromosome edge before EHH decayed below 0.01. Skipping calculation at 14:28988
WARNING: Reached chromosome edge before EHH decayed below 0.01. Skipping calculation at 14:29232
WARNING: Reached chromosome edge before EHH decayed below 0.01. Skipping calculation at 14:29242
WARNING: Reached chromosome edge before EHH decayed below 0.01. Skipping calculation at 14:29266
WARNING: Reached chromosome edge before EHH decayed below 0.01. Skipping calculation at 14:29286
WARNING: Reached chromosome edge before EHH decayed below 0.01. Skipping calculation at 14:29287
WARNING: Reached chromosome edge before EHH decayed below 0.01. Skipping calculation at 14:29374
WARNING: Reached chromosome edge before EHH decayed below 0.01. Skipping calculation at 14:29395
WARNING: Reached chromosome edge before EHH decayed below 0.01. Skipping calculation at 14:29579
WARNING: Reached chromosome edge before EHH decayed below 0.01. Skipping calculation at 14:29619
WARNING: Reached chromosome edge before EHH decayed below 0.01. Skipping calculation at 14:29649
WARNING: Reached chromosome edge before EHH decayed below 0.01. Skipping calculation at 14:29673
WARNING: Reached chromosome edge before EHH decayed below 0.01. Skipping calculation at 14:29719
WARNING: Reached chromosome edge before EHH decayed below 0.01. Skipping calculation at 14:29884
WARNING: Reached chromosome edge before EHH decayed below 0.01. Skipping calculation at 14:29916
WARNING: Reached chromosome edge before EHH decayed below 0.01. Skipping calculation at 14:30005
WARNING: Reached chromosome edge before EHH decayed below 0.01. Skipping calculation at 14:30060
WARNING: Reached chromosome edge before EHH decayed below 0.01. Skipping calculation at 14:30065
WARNING: Reached chromosome edge before EHH decayed below 0.01. Skipping calculation at 14:30074
WARNING: Reached chromosome edge before EHH decayed below 0.01. Skipping calculation at 14:30100
WARNING: Reached chromosome edge before EHH decayed below 0.01. Skipping calculation at 14:30126
WARNING: Reached chromosome edge before EHH decayed below 0.01. Skipping calculation at 14:30167
WARNING: Reached chromosome edge before EHH decayed below 0.01. Skipping calculation at 14:30246
WARNING: Reached chromosome edge before EHH decayed below 0.01. Skipping calculation at 14:30307
WARNING: Reached chromosome edge before EHH decayed below 0.01. Skipping calculation at 14:30424
WARNING: Reached chromosome edge before EHH decayed below 0.01. Skipping calculation at 14:39751
WARNING: Reached chromosome edge before EHH decayed below 0.01. Skipping calculation at 14:46501
WARNING: Reached chromosome edge before EHH decayed below 0.01. Skipping calculation at 14:50893
WARNING: Reached chromosome edge before EHH decayed below 0.01. Skipping calculation at 14:51339
WARNING: Reached chromosome edge before EHH decayed below 0.01. Skipping calculation at 14:51357
WARNING: Reached chromosome edge before EHH decayed below 0.01. Skipping calculation at 14:52709
WARNING: Reached chromosome edge before EHH decayed below 0.01. Skipping calculation at 14:52791
WARNING: Reached chromosome edge before EHH decayed below 0.01. Skipping calculation at 14:54231
WARNING: Reached chromosome edge before EHH decayed below 0.01. Skipping calculation at 14:54308
WARNING: Reached chromosome edge before EHH decayed below 0.01. Skipping calculation at 14:54424
WARNING: Reached chromosome edge before EHH decayed below 0.01. Skipping calculation at 14:54489
WARNING: Reached chromosome edge before EHH decayed below 0.01. Skipping calculation at 14:54592
WARNING: Reached chromosome edge before EHH decayed below 0.01. Skipping calculation at 14:54707
WARNING: Reached chromosome edge before EHH decayed below 0.01. Skipping calculation at 14:54768
WARNING: Reached chromosome edge before EHH decayed below 0.01. Skipping calculation at 14:55051
WARNING: Reached chromosome edge before EHH decayed below 0.01. Skipping calculation at 14:55463
WARNING: Reached chromosome edge before EHH decayed below 0.01. Skipping calculation at 14:55464
WARNING: Reached chromosome edge before EHH decayed below 0.01. Skipping calculation at 14:55465
WARNING: Reached chromosome edge before EHH decayed below 0.01. Skipping calculation at 14:55466
WARNING: Reached chromosome edge before EHH decayed below 0.01. Skipping calculation at 14:55467
WARNING: Reached chromosome edge before EHH decayed below 0.01. Skipping calculation at 14:55468
WARNING: Reached chromosome edge before EHH decayed below 0.01. Skipping calculation at 14:55470
WARNING: Reached chromosome edge before EHH decayed below 0.01. Skipping calculation at 14:55469
WARNING: Reached chromosome edge before EHH decayed below 0.01. Skipping calculation at 14:55472
WARNING: Reached chromosome edge before EHH decayed below 0.01. Skipping calculation at 14:55471
WARNING: Reached chromosome edge before EHH decayed below 0.01. Skipping calculation at 14:55473
WARNING: Reached chromosome edge before EHH decayed below 0.01. Skipping calculation at 14:55474
WARNING: Reached chromosome edge before EHH decayed below 0.01. Skipping calculation at 14:55476
WARNING: Reached chromosome edge before EHH decayed below 0.01. Skipping calculation at 14:55478
WARNING: Reached chromosome edge before EHH decayed below 0.01. Skipping calculation at 14:55477
WARNING: Reached chromosome edge before EHH decayed below 0.01. Skipping calculation at 14:55475
WARNING: Reached chromosome edge before EHH decayed below 0.01. Skipping calculation at 14:55547
WARNING: Reached chromosome edge before EHH decayed below 0.01. Skipping calculation at 14:55719
WARNING: Reached chromosome edge before EHH decayed below 0.01. Skipping calculation at 14:56184
WARNING: Reached chromosome edge before EHH decayed below 0.01. Skipping calculation at 14:56469
WARNING: Reached chromosome edge before EHH decayed below 0.01. Skipping calculation at 14:56223
WARNING: Reached chromosome edge before EHH decayed below 0.01. Skipping calculation at 14:56120
WARNING: Reached chromosome edge before EHH decayed below 0.01. Skipping calculation at 14:56523
WARNING: Reached chromosome edge before EHH decayed below 0.01. Skipping calculation at 14:56592
WARNING: Reached chromosome edge before EHH decayed below 0.01. Skipping calculation at 14:56665
WARNING: Reached chromosome edge before EHH decayed below 0.01. Skipping calculation at 14:56728
WARNING: Reached chromosome edge before EHH decayed below 0.01. Skipping calculation at 14:56690
WARNING: Reached chromosome edge before EHH decayed below 0.01. Skipping calculation at 14:56593
WARNING: Reached chromosome edge before EHH decayed below 0.01. Skipping calculation at 14:56741
WARNING: Reached chromosome edge before EHH decayed below 0.01. Skipping calculation at 14:56753
WARNING: Reached chromosome edge before EHH decayed below 0.01. Skipping calculation at 14:56960
WARNING: Reached chromosome edge before EHH decayed below 0.01. Skipping calculation at 14:57033
WARNING: Reached chromosome edge before EHH decayed below 0.01. Skipping calculation at 14:56982
WARNING: Reached chromosome edge before EHH decayed below 0.01. Skipping calculation at 14:56798
WARNING: Reached chromosome edge before EHH decayed below 0.01. Skipping calculation at 14:57130
WARNING: Reached chromosome edge before EHH decayed below 0.01. Skipping calculation at 14:57379
WARNING: Reached chromosome edge before EHH decayed below 0.01. Skipping calculation at 14:57442
WARNING: Reached chromosome edge before EHH decayed below 0.01. Skipping calculation at 14:58273
WARNING: Reached chromosome edge before EHH decayed below 0.01. Skipping calculation at 14:58259
WARNING: Reached chromosome edge before EHH decayed below 0.01. Skipping calculation at 14:57422
WARNING: Reached chromosome edge before EHH decayed below 0.01. Skipping calculation at 14:64882
WARNING: Reached chromosome edge before EHH decayed below 0.01. Skipping calculation at 14:64822
WARNING: Reached chromosome edge before EHH decayed below 0.01. Skipping calculation at 14:65092
WARNING: Reached chromosome edge before EHH decayed below 0.01. Skipping calculation at 14:65149
WARNING: Reached chromosome edge before EHH decayed below 0.01. Skipping calculation at 14:65095
WARNING: Reached chromosome edge before EHH decayed below 0.01. Skipping calculation at 14:65066
WARNING: Reached chromosome edge before EHH decayed below 0.01. Skipping calculation at 14:66219
WARNING: Reached chromosome edge before EHH decayed below 0.01. Skipping calculation at 14:66221
WARNING: Reached chromosome edge before EHH decayed below 0.01. Skipping calculation at 14:66385
WARNING: Reached chromosome edge before EHH decayed below 0.01. Skipping calculation at 14:65567
WARNING: Reached chromosome edge before EHH decayed below 0.01. Skipping calculation at 14:66308
WARNING: Reached chromosome edge before EHH decayed below 0.01. Skipping calculation at 14:66220
WARNING: Reached chromosome edge before EHH decayed below 0.01. Skipping calculation at 14:66974
WARNING: Reached chromosome edge before EHH decayed below 0.01. Skipping calculation at 14:66769
WARNING: Reached chromosome edge before EHH decayed below 0.01. Skipping calculation at 14:66495
WARNING: Reached chromosome edge before EHH decayed below 0.01. Skipping calculation at 14:67286
WARNING: Reached chromosome edge before EHH decayed below 0.01. Skipping calculation at 14:66980
WARNING: Reached chromosome edge before EHH decayed below 0.01. Skipping calculation at 14:66849
WARNING: Reached chromosome edge before EHH decayed below 0.01. Skipping calculation at 14:67642
WARNING: Reached chromosome edge before EHH decayed below 0.01. Skipping calculation at 14:67325
WARNING: Reached chromosome edge before EHH decayed below 0.01. Skipping calculation at 14:67791
WARNING: Reached chromosome edge before EHH decayed below 0.01. Skipping calculation at 14:67655
WARNING: Reached chromosome edge before EHH decayed below 0.01. Skipping calculation at 14:67407
WARNING: Reached chromosome edge before EHH decayed below 0.01. Skipping calculation at 14:67455
WARNING: Reached chromosome edge before EHH decayed below 0.01. Skipping calculation at 14:67912
WARNING: Reached chromosome edge before EHH decayed below 0.01. Skipping calculation at 14:67914
WARNING: Reached chromosome edge before EHH decayed below 0.01. Skipping calculation at 14:67913
WARNING: Reached chromosome edge before EHH decayed below 0.01. Skipping calculation at 14:67875
WARNING: Reached chromosome edge before EHH decayed below 0.01. Skipping calculation at 14:67911
WARNING: Reached chromosome edge before EHH decayed below 0.01. Skipping calculation at 14:67910
WARNING: Reached chromosome edge before EHH decayed below 0.01. Skipping calculation at 14:67989
WARNING: Reached chromosome edge before EHH decayed below 0.01. Skipping calculation at 14:68073
WARNING: Reached chromosome edge before EHH decayed below 0.01. Skipping calculation at 14:67984
WARNING: Reached chromosome edge before EHH decayed below 0.01. Skipping calculation at 14:68024
WARNING: Reached chromosome edge before EHH decayed below 0.01. Skipping calculation at 14:67916
WARNING: Reached chromosome edge before EHH decayed below 0.01. Skipping calculation at 14:67915
WARNING: Reached chromosome edge before EHH decayed below 0.01. Skipping calculation at 14:69174
WARNING: Reached chromosome edge before EHH decayed below 0.01. Skipping calculation at 14:69308
WARNING: Reached chromosome edge before EHH decayed below 0.01. Skipping calculation at 14:68787
WARNING: Reached chromosome edge before EHH decayed below 0.01. Skipping calculation at 14:69243
WARNING: Reached chromosome edge before EHH decayed below 0.01. Skipping calculation at 14:68117
WARNING: Reached chromosome edge before EHH decayed below 0.01. Skipping calculation at 14:68266
WARNING: Reached chromosome edge before EHH decayed below 0.01. Skipping calculation at 14:70086
WARNING: Reached chromosome edge before EHH decayed below 0.01. Skipping calculation at 14:70108
WARNING: Reached chromosome edge before EHH decayed below 0.01. Skipping calculation at 14:69804
WARNING: Reached chromosome edge before EHH decayed below 0.01. Skipping calculation at 14:70091
WARNING: Reached chromosome edge before EHH decayed below 0.01. Skipping calculation at 14:69352
WARNING: Reached chromosome edge before EHH decayed below 0.01. Skipping calculation at 14:72866
WARNING: Reached chromosome edge before EHH decayed below 0.01. Skipping calculation at 14:69648
WARNING: Reached chromosome edge before EHH decayed below 0.01. Skipping calculation at 14:73122
WARNING: Reached chromosome edge before EHH decayed below 0.01. Skipping calculation at 14:72843
WARNING: Reached chromosome edge before EHH decayed below 0.01. Skipping calculation at 14:72891
WARNING: Reached chromosome edge before EHH decayed below 0.01. Skipping calculation at 14:70182
WARNING: Reached chromosome edge before EHH decayed below 0.01. Skipping calculation at 14:74407
WARNING: Reached chromosome edge before EHH decayed below 0.01. Skipping calculation at 14:74544
WARNING: Reached chromosome edge before EHH decayed below 0.01. Skipping calculation at 14:74264
WARNING: Reached chromosome edge before EHH decayed below 0.01. Skipping calculation at 14:74543
WARNING: Reached chromosome edge before EHH decayed below 0.01. Skipping calculation at 14:70354
WARNING: Reached chromosome edge before EHH decayed below 0.01. Skipping calculation at 14:73792
WARNING: Reached chromosome edge before EHH decayed below 0.01. Skipping calculation at 14:74549
WARNING: Reached chromosome edge before EHH decayed below 0.01. Skipping calculation at 14:74592
WARNING: Reached chromosome edge before EHH decayed below 0.01. Skipping calculation at 14:74547
WARNING: Reached chromosome edge before EHH decayed below 0.01. Skipping calculation at 14:74585
WARNING: Reached chromosome edge before EHH decayed below 0.01. Skipping calculation at 14:73928
WARNING: Reached chromosome edge before EHH decayed below 0.01. Skipping calculation at 14:74545
WARNING: Reached chromosome edge before EHH decayed below 0.01. Skipping calculation at 14:74706
WARNING: Reached chromosome edge before EHH decayed below 0.01. Skipping calculation at 14:74694
WARNING: Reached chromosome edge before EHH decayed below 0.01. Skipping calculation at 14:74755
WARNING: Reached chromosome edge before EHH decayed below 0.01. Skipping calculation at 14:74746
WARNING: Reached chromosome edge before EHH decayed below 0.01. Skipping calculation at 14:74546
WARNING: Reached chromosome edge before EHH decayed below 0.01. Skipping calculation at 14:74599
WARNING: Reached chromosome edge before EHH decayed below 0.01. Skipping calculation at 14:74935
WARNING: Reached chromosome edge before EHH decayed below 0.01. Skipping calculation at 14:74878
WARNING: Reached chromosome edge before EHH decayed below 0.01. Skipping calculation at 14:75134
WARNING: Reached chromosome edge before EHH decayed below 0.01. Skipping calculation at 14:75052
WARNING: Reached chromosome edge before EHH decayed below 0.01. Skipping calculation at 14:74763
WARNING: Reached chromosome edge before EHH decayed below 0.01. Skipping calculation at 14:74631
WARNING: Reached chromosome edge before EHH decayed below 0.01. Skipping calculation at 14:75967
WARNING: Reached chromosome edge before EHH decayed below 0.01. Skipping calculation at 14:75875
WARNING: Reached chromosome edge before EHH decayed below 0.01. Skipping calculation at 14:76268
WARNING: Reached chromosome edge before EHH decayed below 0.01. Skipping calculation at 14:76014
WARNING: Reached chromosome edge before EHH decayed below 0.01. Skipping calculation at 14:74871
WARNING: Reached chromosome edge before EHH decayed below 0.01. Skipping calculation at 14:75500
WARNING: Reached chromosome edge before EHH decayed below 0.01. Skipping calculation at 14:76789
WARNING: Reached chromosome edge before EHH decayed below 0.01. Skipping calculation at 14:76693
WARNING: Reached chromosome edge before EHH decayed below 0.01. Skipping calculation at 14:77430
WARNING: Reached chromosome edge before EHH decayed below 0.01. Skipping calculation at 14:77405
WARNING: Reached chromosome edge before EHH decayed below 0.01. Skipping calculation at 14:75551
WARNING: Reached chromosome edge before EHH decayed below 0.01. Skipping calculation at 14:78015
WARNING: Reached chromosome edge before EHH decayed below 0.01. Skipping calculation at 14:76366
WARNING: Reached chromosome edge before EHH decayed below 0.01. Skipping calculation at 14:78006
WARNING: Reached chromosome edge before EHH decayed below 0.01. Skipping calculation at 14:78027
WARNING: Reached chromosome edge before EHH decayed below 0.01. Skipping calculation at 14:78026
WARNING: Reached chromosome edge before EHH decayed below 0.01. Skipping calculation at 14:76416
WARNING: Reached chromosome edge before EHH decayed below 0.01. Skipping calculation at 14:78275
WARNING: Reached chromosome edge before EHH decayed below 0.01. Skipping calculation at 14:78148
WARNING: Reached chromosome edge before EHH decayed below 0.01. Skipping calculation at 14:78368
WARNING: Reached chromosome edge before EHH decayed below 0.01. Skipping calculation at 14:78326
WARNING: Reached chromosome edge before EHH decayed below 0.01. Skipping calculation at 14:77434
WARNING: Reached chromosome edge before EHH decayed below 0.01. Skipping calculation at 14:77989
WARNING: Reached chromosome edge before EHH decayed below 0.01. Skipping calculation at 14:80159
WARNING: Reached chromosome edge before EHH decayed below 0.01. Skipping calculation at 14:80135
WARNING: Reached chromosome edge before EHH decayed below 0.01. Skipping calculation at 14:80167
WARNING: Reached chromosome edge before EHH decayed below 0.01. Skipping calculation at 14:80161
WARNING: Reached chromosome edge before EHH decayed below 0.01. Skipping calculation at 14:78076
WARNING: Reached chromosome edge before EHH decayed below 0.01. Skipping calculation at 14:78141
WARNING: Reached chromosome edge before EHH decayed below 0.01. Skipping calculation at 14:80205
WARNING: Reached chromosome edge before EHH decayed below 0.01. Skipping calculation at 14:80204
WARNING: Reached chromosome edge before EHH decayed below 0.01. Skipping calculation at 14:81841
WARNING: Reached chromosome edge before EHH decayed below 0.01. Skipping calculation at 14:81827
WARNING: Reached chromosome edge before EHH decayed below 0.01. Skipping calculation at 14:79834
WARNING: Reached chromosome edge before EHH decayed below 0.01. Skipping calculation at 14:79919
WARNING: Reached chromosome edge before EHH decayed below 0.01. Skipping calculation at 14:82982
WARNING: Reached chromosome edge before EHH decayed below 0.01. Skipping calculation at 14:82840
WARNING: Reached chromosome edge before EHH decayed below 0.01. Skipping calculation at 14:91234
WARNING: Reached chromosome edge before EHH decayed below 0.01. Skipping calculation at 14:91134
WARNING: Reached chromosome edge before EHH decayed below 0.01. Skipping calculation at 14:80185
WARNING: Reached chromosome edge before EHH decayed below 0.01. Skipping calculation at 14:80186
WARNING: Reached chromosome edge before EHH decayed below 0.01. Skipping calculation at 14:91412
WARNING: Reached chromosome edge before EHH decayed below 0.01. Skipping calculation at 14:91399
WARNING: Reached chromosome edge before EHH decayed below 0.01. Skipping calculation at 14:91748
WARNING: Reached chromosome edge before EHH decayed below 0.01. Skipping calculation at 14:91744
WARNING: Reached chromosome edge before EHH decayed below 0.01. Skipping calculation at 14:81911
WARNING: Reached chromosome edge before EHH decayed below 0.01. Skipping calculation at 14:81924
WARNING: Reached chromosome edge before EHH decayed below 0.01. Skipping calculation at 14:91788
WARNING: Reached chromosome edge before EHH decayed below 0.01. Skipping calculation at 14:91787
WARNING: Reached chromosome edge before EHH decayed below 0.01. Skipping calculation at 14:91867
WARNING: Reached chromosome edge before EHH decayed below 0.01. Skipping calculation at 14:91826
WARNING: Reached chromosome edge before EHH decayed below 0.01. Skipping calculation at 14:91369
WARNING: Reached chromosome edge before EHH decayed below 0.01. Skipping calculation at 14:91268
WARNING: Reached chromosome edge before EHH decayed below 0.01. Skipping calculation at 14:91953
WARNING: Reached chromosome edge before EHH decayed below 0.01. Skipping calculation at 14:91949
WARNING: Reached chromosome edge before EHH decayed below 0.01. Skipping calculation at 14:91964
WARNING: Reached chromosome edge before EHH decayed below 0.01. Skipping calculation at 14:91961
WARNING: Reached chromosome edge before EHH decayed below 0.01. Skipping calculation at 14:91760
WARNING: Reached chromosome edge before EHH decayed below 0.01. Skipping calculation at 14:91759
WARNING: Reached chromosome edge before EHH decayed below 0.01. Skipping calculation at 14:92241
WARNING: Reached chromosome edge before EHH decayed below 0.01. Skipping calculation at 14:92228
WARNING: Reached chromosome edge before EHH decayed below 0.01. Skipping calculation at 14:92278
WARNING: Reached chromosome edge before EHH decayed below 0.01. Skipping calculation at 14:91939
WARNING: Reached chromosome edge before EHH decayed below 0.01. Skipping calculation at 14:92256
WARNING: Reached chromosome edge before EHH decayed below 0.01. Skipping calculation at 14:91879
WARNING: Reached chromosome edge before EHH decayed below 0.01. Skipping calculation at 14:92591
WARNING: Reached chromosome edge before EHH decayed below 0.01. Skipping calculation at 14:92001
WARNING: Reached chromosome edge before EHH decayed below 0.01. Skipping calculation at 14:92760
WARNING: Reached chromosome edge before EHH decayed below 0.01. Skipping calculation at 14:92596
WARNING: Reached chromosome edge before EHH decayed below 0.01. Skipping calculation at 14:92408
WARNING: Reached chromosome edge before EHH decayed below 0.01. Skipping calculation at 14:91982
WARNING: Reached chromosome edge before EHH decayed below 0.01. Skipping calculation at 14:93371
WARNING: Reached chromosome edge before EHH decayed below 0.01. Skipping calculation at 14:92393
WARNING: Reached chromosome edge before EHH decayed below 0.01. Skipping calculation at 14:93373
WARNING: Reached chromosome edge before EHH decayed below 0.01. Skipping calculation at 14:93372
WARNING: Reached chromosome edge before EHH decayed below 0.01. Skipping calculation at 14:92292
WARNING: Reached chromosome edge before EHH decayed below 0.01. Skipping calculation at 14:93370
WARNING: Reached chromosome edge before EHH decayed below 0.01. Skipping calculation at 14:93377
WARNING: Reached chromosome edge before EHH decayed below 0.01. Skipping calculation at 14:93347
WARNING: Reached chromosome edge before EHH decayed below 0.01. Skipping calculation at 14:93379
WARNING: Reached chromosome edge before EHH decayed below 0.01. Skipping calculation at 14:93378
WARNING: Reached chromosome edge before EHH decayed below 0.01. Skipping calculation at 14:93325
WARNING: Reached chromosome edge before EHH decayed below 0.01. Skipping calculation at 14:93376
WARNING: Reached chromosome edge before EHH decayed below 0.01. Skipping calculation at 14:93383
WARNING: Reached chromosome edge before EHH decayed below 0.01. Skipping calculation at 14:93375
WARNING: Reached chromosome edge before EHH decayed below 0.01. Skipping calculation at 14:93385
WARNING: Reached chromosome edge before EHH decayed below 0.01. Skipping calculation at 14:93384
WARNING: Reached chromosome edge before EHH decayed below 0.01. Skipping calculation at 14:93374
WARNING: Reached chromosome edge before EHH decayed below 0.01. Skipping calculation at 14:93382
WARNING: Reached chromosome edge before EHH decayed below 0.01. Skipping calculation at 14:93389
WARNING: Reached chromosome edge before EHH decayed below 0.01. Skipping calculation at 14:93381
WARNING: Reached chromosome edge before EHH decayed below 0.01. Skipping calculation at 14:93391
WARNING: Reached chromosome edge before EHH decayed below 0.01. Skipping calculation at 14:93380
WARNING: Reached chromosome edge before EHH decayed below 0.01. Skipping calculation at 14:93390
WARNING: Reached chromosome edge before EHH decayed below 0.01. Skipping calculation at 14:93387
WARNING: Reached chromosome edge before EHH decayed below 0.01. Skipping calculation at 14:93395
WARNING: Reached chromosome edge before EHH decayed below 0.01. Skipping calculation at 14:93397
WARNING: Reached chromosome edge before EHH decayed below 0.01. Skipping calculation at 14:93388
WARNING: Reached chromosome edge before EHH decayed below 0.01. Skipping calculation at 14:93386
WARNING: Reached chromosome edge before EHH decayed below 0.01. Skipping calculation at 14:93396
WARNING: Reached chromosome edge before EHH decayed below 0.01. Skipping calculation at 14:93393
WARNING: Reached chromosome edge before EHH decayed below 0.01. Skipping calculation at 14:93401
WARNING: Reached chromosome edge before EHH decayed below 0.01. Skipping calculation at 14:93403
WARNING: Reached chromosome edge before EHH decayed below 0.01. Skipping calculation at 14:93394
WARNING: Reached chromosome edge before EHH decayed below 0.01. Skipping calculation at 14:93392
WARNING: Reached chromosome edge before EHH decayed below 0.01. Skipping calculation at 14:93399
WARNING: Reached chromosome edge before EHH decayed below 0.01. Skipping calculation at 14:93407
WARNING: Reached chromosome edge before EHH decayed below 0.01. Skipping calculation at 14:93402
WARNING: Reached chromosome edge before EHH decayed below 0.01. Skipping calculation at 14:93400
WARNING: Reached chromosome edge before EHH decayed below 0.01. Skipping calculation at 14:93409
WARNING: Reached chromosome edge before EHH decayed below 0.01. Skipping calculation at 14:93398
WARNING: Reached chromosome edge before EHH decayed below 0.01. Skipping calculation at 14:93405
WARNING: Reached chromosome edge before EHH decayed below 0.01. Skipping calculation at 14:93762
WARNING: Reached chromosome edge before EHH decayed below 0.01. Skipping calculation at 14:93809
WARNING: Reached chromosome edge before EHH decayed below 0.01. Skipping calculation at 14:93408
WARNING: Reached chromosome edge before EHH decayed below 0.01. Skipping calculation at 14:93406
WARNING: Reached chromosome edge before EHH decayed below 0.01. Skipping calculation at 14:93404
WARNING: Reached chromosome edge before EHH decayed below 0.01. Skipping calculation at 14:93416
WARNING: Reached chromosome edge before EHH decayed below 0.01. Skipping calculation at 14:94347
WARNING: Reached chromosome edge before EHH decayed below 0.01. Skipping calculation at 14:94429
WARNING: Reached chromosome edge before EHH decayed below 0.01. Skipping calculation at 14:93410
WARNING: Reached chromosome edge before EHH decayed below 0.01. Skipping calculation at 14:93791
WARNING: Reached chromosome edge before EHH decayed below 0.01. Skipping calculation at 14:93668
WARNING: Reached chromosome edge before EHH decayed below 0.01. Skipping calculation at 14:94190
WARNING: Reached chromosome edge before EHH decayed below 0.01. Skipping calculation at 14:94627
WARNING: Reached chromosome edge before EHH decayed below 0.01. Skipping calculation at 14:94678
WARNING: Reached chromosome edge before EHH decayed below 0.01. Skipping calculation at 14:93899
WARNING: Reached chromosome edge before EHH decayed below 0.01. Skipping calculation at 14:94376
WARNING: Reached chromosome edge before EHH decayed below 0.01. Skipping calculation at 14:94222
WARNING: Reached chromosome edge before EHH decayed below 0.01. Skipping calculation at 14:94519
WARNING: Reached chromosome edge before EHH decayed below 0.01. Skipping calculation at 14:95070
WARNING: Reached chromosome edge before EHH decayed below 0.01. Skipping calculation at 14:95369
WARNING: Reached chromosome edge before EHH decayed below 0.01. Skipping calculation at 14:94515
WARNING: Reached chromosome edge before EHH decayed below 0.01. Skipping calculation at 14:94668
WARNING: Reached chromosome edge before EHH decayed below 0.01. Skipping calculation at 14:94758
WARNING: Reached chromosome edge before EHH decayed below 0.01. Skipping calculation at 14:94539
WARNING: Reached chromosome edge before EHH decayed below 0.01. Skipping calculation at 14:95524
WARNING: Reached chromosome edge before EHH decayed below 0.01. Skipping calculation at 14:95685
WARNING: Reached chromosome edge before EHH decayed below 0.01. Skipping calculation at 14:95071
WARNING: Reached chromosome edge before EHH decayed below 0.01. Skipping calculation at 14:94730
WARNING: Reached chromosome edge before EHH decayed below 0.01. Skipping calculation at 14:95395
WARNING: Reached chromosome edge before EHH decayed below 0.01. Skipping calculation at 14:94832
WARNING: Reached chromosome edge before EHH decayed below 0.01. Skipping calculation at 14:95977
WARNING: Reached chromosome edge before EHH decayed below 0.01. Skipping calculation at 14:95979
WARNING: Reached chromosome edge before EHH decayed below 0.01. Skipping calculation at 14:95389
WARNING: Reached chromosome edge before EHH decayed below 0.01. Skipping calculation at 14:95604
WARNING: Reached chromosome edge before EHH decayed below 0.01. Skipping calculation at 14:95825
WARNING: Reached chromosome edge before EHH decayed below 0.01. Skipping calculation at 14:95471
WARNING: Reached chromosome edge before EHH decayed below 0.01. Skipping calculation at 14:96549
WARNING: Reached chromosome edge before EHH decayed below 0.01. Skipping calculation at 14:95777
WARNING: Reached chromosome edge before EHH decayed below 0.01. Skipping calculation at 14:96561
WARNING: Reached chromosome edge before EHH decayed below 0.01. Skipping calculation at 14:95978
WARNING: Reached chromosome edge before EHH decayed below 0.01. Skipping calculation at 14:95881
WARNING: Reached chromosome edge before EHH decayed below 0.01. Skipping calculation at 14:95981
WARNING: Reached chromosome edge before EHH decayed below 0.01. Skipping calculation at 14:96966
WARNING: Reached chromosome edge before EHH decayed below 0.01. Skipping calculation at 14:95980
WARNING: Reached chromosome edge before EHH decayed below 0.01. Skipping calculation at 14:97125
WARNING: Reached chromosome edge before EHH decayed below 0.01. Skipping calculation at 14:96555
WARNING: Reached chromosome edge before EHH decayed below 0.01. Skipping calculation at 14:96526
WARNING: Reached chromosome edge before EHH decayed below 0.01. Skipping calculation at 14:96716
WARNING: Reached chromosome edge before EHH decayed below 0.01. Skipping calculation at 14:97386
WARNING: Reached chromosome edge before EHH decayed below 0.01. Skipping calculation at 14:96563
WARNING: Reached chromosome edge before EHH decayed below 0.01. Skipping calculation at 14:97414
WARNING: Reached chromosome edge before EHH decayed below 0.01. Skipping calculation at 14:97067
WARNING: Reached chromosome edge before EHH decayed below 0.01. Skipping calculation at 14:96720
WARNING: Reached chromosome edge before EHH decayed below 0.01. Skipping calculation at 14:97375
WARNING: Reached chromosome edge before EHH decayed below 0.01. Skipping calculation at 14:97372
WARNING: Reached chromosome edge before EHH decayed below 0.01. Skipping calculation at 14:97391
WARNING: Reached chromosome edge before EHH decayed below 0.01. Skipping calculation at 14:97381
WARNING: Reached chromosome edge before EHH decayed below 0.01. Skipping calculation at 14:97823
WARNING: Reached chromosome edge before EHH decayed below 0.01. Skipping calculation at 14:97668
WARNING: Reached chromosome edge before EHH decayed below 0.01. Skipping calculation at 14:97860
WARNING: Reached chromosome edge before EHH decayed below 0.01. Skipping calculation at 14:82314550
WARNING: Reached chromosome edge before EHH decayed below 0.01. Skipping calculation at 14:82314684
WARNING: Reached chromosome edge before EHH decayed below 0.01. Skipping calculation at 14:82314788
WARNING: Reached chromosome edge before EHH decayed below 0.01. Skipping calculation at 14:82314794
WARNING: Reached chromosome edge before EHH decayed below 0.01. Skipping calculation at 14:82314969
WARNING: Reached chromosome edge before EHH decayed below 0.01. Skipping calculation at 14:82315144
WARNING: Reached chromosome edge before EHH decayed below 0.01. Skipping calculation at 14:82315295
WARNING: Reached chromosome edge before EHH decayed below 0.01. Skipping calculation at 14:82315313
WARNING: Reached chromosome edge before EHH decayed below 0.01. Skipping calculation at 14:82315397
WARNING: Reached chromosome edge before EHH decayed below 0.01. Skipping calculation at 14:82315560
WARNING: Reached chromosome edge before EHH decayed below 0.01. Skipping calculation at 14:82315893
WARNING: Reached chromosome edge before EHH decayed below 0.01. Skipping calculation at 14:82315957
WARNING: Reached chromosome edge before EHH decayed below 0.01. Skipping calculation at 14:82348382
WARNING: Reached chromosome edge before EHH decayed below 0.01. Skipping calculation at 14:82356667
WARNING: Reached chromosome edge before EHH decayed below 0.01. Skipping calculation at 14:82357095
WARNING: Reached chromosome edge before EHH decayed below 0.01. Skipping calculation at 14:82357453
WARNING: Reached chromosome edge before EHH decayed below 0.01. Skipping calculation at 14:82359284
WARNING: Reached chromosome edge before EHH decayed below 0.01. Skipping calculation at 14:82359290
WARNING: Reached chromosome edge before EHH decayed below 0.01. Skipping calculation at 14:82359371
WARNING: Reached chromosome edge before EHH decayed below 0.01. Skipping calculation at 14:82359692
WARNING: Reached chromosome edge before EHH decayed below 0.01. Skipping calculation at 14:82360495
WARNING: Reached chromosome edge before EHH decayed below 0.01. Skipping calculation at 14:82361709
WARNING: Reached chromosome edge before EHH decayed below 0.01. Skipping calculation at 14:82361958
WARNING: Reached chromosome edge before EHH decayed below 0.01. Skipping calculation at 14:82362090
WARNING: Reached chromosome edge before EHH decayed below 0.01. Skipping calculation at 14:82362757
WARNING: Reached chromosome edge before EHH decayed below 0.01. Skipping calculation at 14:82363146
WARNING: Reached chromosome edge before EHH decayed below 0.01. Skipping calculation at 14:82363235
WARNING: Reached chromosome edge before EHH decayed below 0.01. Skipping calculation at 14:82363351
WARNING: Reached chromosome edge before EHH decayed below 0.01. Skipping calculation at 14:82363426
WARNING: Reached chromosome edge before EHH decayed below 0.01. Skipping calculation at 14:82363950
WARNING: Reached chromosome edge before EHH decayed below 0.01. Skipping calculation at 14:82364778
WARNING: Reached chromosome edge before EHH decayed below 0.01. Skipping calculation at 14:82365630
WARNING: Reached chromosome edge before EHH decayed below 0.01. Skipping calculation at 14:82366090
WARNING: Reached chromosome edge before EHH decayed below 0.01. Skipping calculation at 14:82366646
WARNING: Reached chromosome edge before EHH decayed below 0.01. Skipping calculation at 14:82367032
WARNING: Reached chromosome edge before EHH decayed below 0.01. Skipping calculation at 14:82371380
WARNING: Reached chromosome edge before EHH decayed below 0.01. Skipping calculation at 14:82397372
WARNING: Reached chromosome edge before EHH decayed below 0.01. Skipping calculation at 14:82397380
WARNING: Reached chromosome edge before EHH decayed below 0.01. Skipping calculation at 14:82397386
WARNING: Reached chromosome edge before EHH decayed below 0.01. Skipping calculation at 14:82314444
WARNING: Reached chromosome edge before EHH decayed below 0.01. Skipping calculation at 14:82314559
WARNING: Reached chromosome edge before EHH decayed below 0.01. Skipping calculation at 14:82314728
WARNING: Reached chromosome edge before EHH decayed below 0.01. Skipping calculation at 14:82314790
WARNING: Reached chromosome edge before EHH decayed below 0.01. Skipping calculation at 14:82314835
WARNING: Reached chromosome edge before EHH decayed below 0.01. Skipping calculation at 14:82315062
WARNING: Reached chromosome edge before EHH decayed below 0.01. Skipping calculation at 14:82315203
WARNING: Reached chromosome edge before EHH decayed below 0.01. Skipping calculation at 14:82315297
WARNING: Reached chromosome edge before EHH decayed below 0.01. Skipping calculation at 14:82315365
WARNING: Reached chromosome edge before EHH decayed below 0.01. Skipping calculation at 14:82315417
WARNING: Reached chromosome edge before EHH decayed below 0.01. Skipping calculation at 14:82315573
WARNING: Reached chromosome edge before EHH decayed below 0.01. Skipping calculation at 14:82315953
WARNING: Reached chromosome edge before EHH decayed below 0.01. Skipping calculation at 14:82316015
WARNING: Reached chromosome edge before EHH decayed below 0.01. Skipping calculation at 14:82356663
WARNING: Reached chromosome edge before EHH decayed below 0.01. Skipping calculation at 14:82356988
WARNING: Reached chromosome edge before EHH decayed below 0.01. Skipping calculation at 14:82357164
WARNING: Reached chromosome edge before EHH decayed below 0.01. Skipping calculation at 14:82359280
WARNING: Reached chromosome edge before EHH decayed below 0.01. Skipping calculation at 14:82359286
WARNING: Reached chromosome edge before EHH decayed below 0.01. Skipping calculation at 14:82359292
WARNING: Reached chromosome edge before EHH decayed below 0.01. Skipping calculation at 14:82359383
WARNING: Reached chromosome edge before EHH decayed below 0.01. Skipping calculation at 14:82360326
WARNING: Reached chromosome edge before EHH decayed below 0.01. Skipping calculation at 14:82360663
WARNING: Reached chromosome edge before EHH decayed below 0.01. Skipping calculation at 14:82361795
WARNING: Reached chromosome edge before EHH decayed below 0.01. Skipping calculation at 14:82362017
WARNING: Reached chromosome edge before EHH decayed below 0.01. Skipping calculation at 14:82362127
WARNING: Reached chromosome edge before EHH decayed below 0.01. Skipping calculation at 14:82362968
WARNING: Reached chromosome edge before EHH decayed below 0.01. Skipping calculation at 14:82363148
WARNING: Reached chromosome edge before EHH decayed below 0.01. Skipping calculation at 14:82363346
WARNING: Reached chromosome edge before EHH decayed below 0.01. Skipping calculation at 14:82363353
WARNING: Reached chromosome edge before EHH decayed below 0.01. Skipping calculation at 14:82363662
WARNING: Reached chromosome edge before EHH decayed below 0.01. Skipping calculation at 14:82364516
WARNING: Reached chromosome edge before EHH decayed below 0.01. Skipping calculation at 14:82364852
WARNING: Reached chromosome edge before EHH decayed below 0.01. Skipping calculation at 14:82365952
WARNING: Reached chromosome edge before EHH decayed below 0.01. Skipping calculation at 14:82366164
WARNING: Reached chromosome edge before EHH decayed below 0.01. Skipping calculation at 14:82366723
WARNING: Reached chromosome edge before EHH decayed below 0.01. Skipping calculation at 14:82371307
WARNING: Reached chromosome edge before EHH decayed below 0.01. Skipping calculation at 14:82387069
WARNING: Reached chromosome edge before EHH decayed below 0.01. Skipping calculation at 14:82397374
WARNING: Reached chromosome edge before EHH decayed below 0.01. Skipping calculation at 14:82397382
WARNING: Reached chromosome edge before EHH decayed below 0.01. Skipping calculation at 14:82314440
WARNING: Reached chromosome edge before EHH decayed below 0.01. Skipping calculation at 14:82314554
WARNING: Reached chromosome edge before EHH decayed below 0.01. Skipping calculation at 14:82314720
WARNING: Reached chromosome edge before EHH decayed below 0.01. Skipping calculation at 14:82314789
WARNING: Reached chromosome edge before EHH decayed below 0.01. Skipping calculation at 14:82314799
WARNING: Reached chromosome edge before EHH decayed below 0.01. Skipping calculation at 14:82315038
WARNING: Reached chromosome edge before EHH decayed below 0.01. Skipping calculation at 14:82315175
WARNING: Reached chromosome edge before EHH decayed below 0.01. Skipping calculation at 14:82315296
WARNING: Reached chromosome edge before EHH decayed below 0.01. Skipping calculation at 14:82315362
WARNING: Reached chromosome edge before EHH decayed below 0.01. Skipping calculation at 14:82315410
WARNING: Reached chromosome edge before EHH decayed below 0.01. Skipping calculation at 14:82315563
WARNING: Reached chromosome edge before EHH decayed below 0.01. Skipping calculation at 14:82315938
WARNING: Reached chromosome edge before EHH decayed below 0.01. Skipping calculation at 14:82315987
WARNING: Reached chromosome edge before EHH decayed below 0.01. Skipping calculation at 14:82348451
WARNING: Reached chromosome edge before EHH decayed below 0.01. Skipping calculation at 14:82356871
WARNING: Reached chromosome edge before EHH decayed below 0.01. Skipping calculation at 14:82357163
WARNING: Reached chromosome edge before EHH decayed below 0.01. Skipping calculation at 14:82359128
WARNING: Reached chromosome edge before EHH decayed below 0.01. Skipping calculation at 14:82359285
WARNING: Reached chromosome edge before EHH decayed below 0.01. Skipping calculation at 14:82359291
WARNING: Reached chromosome edge before EHH decayed below 0.01. Skipping calculation at 14:82359380
WARNING: Reached chromosome edge before EHH decayed below 0.01. Skipping calculation at 14:82360325
WARNING: Reached chromosome edge before EHH decayed below 0.01. Skipping calculation at 14:82360648
WARNING: Reached chromosome edge before EHH decayed below 0.01. Skipping calculation at 14:82361781
WARNING: Reached chromosome edge before EHH decayed below 0.01. Skipping calculation at 14:82361994
WARNING: Reached chromosome edge before EHH decayed below 0.01. Skipping calculation at 14:82362119
WARNING: Reached chromosome edge before EHH decayed below 0.01. Skipping calculation at 14:82362892
WARNING: Reached chromosome edge before EHH decayed below 0.01. Skipping calculation at 14:82363147
WARNING: Reached chromosome edge before EHH decayed below 0.01. Skipping calculation at 14:82363292
WARNING: Reached chromosome edge before EHH decayed below 0.01. Skipping calculation at 14:82363352
WARNING: Reached chromosome edge before EHH decayed below 0.01. Skipping calculation at 14:82363430
WARNING: Reached chromosome edge before EHH decayed below 0.01. Skipping calculation at 14:82364446
WARNING: Reached chromosome edge before EHH decayed below 0.01. Skipping calculation at 14:82364806
WARNING: Reached chromosome edge before EHH decayed below 0.01. Skipping calculation at 14:82365739
WARNING: Reached chromosome edge before EHH decayed below 0.01. Skipping calculation at 14:82366120
WARNING: Reached chromosome edge before EHH decayed below 0.01. Skipping calculation at 14:82366657
WARNING: Reached chromosome edge before EHH decayed below 0.01. Skipping calculation at 14:82367072
WARNING: Reached chromosome edge before EHH decayed below 0.01. Skipping calculation at 14:82379321
WARNING: Reached chromosome edge before EHH decayed below 0.01. Skipping calculation at 14:82397373
WARNING: Reached chromosome edge before EHH decayed below 0.01. Skipping calculation at 14:82397381
WARNING: Reached chromosome edge before EHH decayed below 0.01. Skipping calculation at 14:82397387
WARNING: Reached chromosome edge before EHH decayed below 0.01. Skipping calculation at 14:82314470
WARNING: Reached chromosome edge before EHH decayed below 0.01. Skipping calculation at 14:82314608
WARNING: Reached chromosome edge before EHH decayed below 0.01. Skipping calculation at 14:82314740
WARNING: Reached chromosome edge before EHH decayed below 0.01. Skipping calculation at 14:82314791
WARNING: Reached chromosome edge before EHH decayed below 0.01. Skipping calculation at 14:82314857
WARNING: Reached chromosome edge before EHH decayed below 0.01. Skipping calculation at 14:82315071
WARNING: Reached chromosome edge before EHH decayed below 0.01. Skipping calculation at 14:82315216
WARNING: Reached chromosome edge before EHH decayed below 0.01. Skipping calculation at 14:82315298
WARNING: Reached chromosome edge before EHH decayed below 0.01. Skipping calculation at 14:82315368
WARNING: Reached chromosome edge before EHH decayed below 0.01. Skipping calculation at 14:82315421
WARNING: Reached chromosome edge before EHH decayed below 0.01. Skipping calculation at 14:82315575
WARNING: Reached chromosome edge before EHH decayed below 0.01. Skipping calculation at 14:82315954
WARNING: Reached chromosome edge before EHH decayed below 0.01. Skipping calculation at 14:82316034
WARNING: Reached chromosome edge before EHH decayed below 0.01. Skipping calculation at 14:82356664
WARNING: Reached chromosome edge before EHH decayed below 0.01. Skipping calculation at 14:82356992
WARNING: Reached chromosome edge before EHH decayed below 0.01. Skipping calculation at 14:82357168
WARNING: Reached chromosome edge before EHH decayed below 0.01. Skipping calculation at 14:82359281
WARNING: Reached chromosome edge before EHH decayed below 0.01. Skipping calculation at 14:82359287
WARNING: Reached chromosome edge before EHH decayed below 0.01. Skipping calculation at 14:82359337
WARNING: Reached chromosome edge before EHH decayed below 0.01. Skipping calculation at 14:82359405
WARNING: Reached chromosome edge before EHH decayed below 0.01. Skipping calculation at 14:82360327
WARNING: Reached chromosome edge before EHH decayed below 0.01. Skipping calculation at 14:82360767
WARNING: Reached chromosome edge before EHH decayed below 0.01. Skipping calculation at 14:82361838
WARNING: Reached chromosome edge before EHH decayed below 0.01. Skipping calculation at 14:82362029
WARNING: Reached chromosome edge before EHH decayed below 0.01. Skipping calculation at 14:82362340
WARNING: Reached chromosome edge before EHH decayed below 0.01. Skipping calculation at 14:82363010
WARNING: Reached chromosome edge before EHH decayed below 0.01. Skipping calculation at 14:82363149
WARNING: Reached chromosome edge before EHH decayed below 0.01. Skipping calculation at 14:82363348
WARNING: Reached chromosome edge before EHH decayed below 0.01. Skipping calculation at 14:82363354
WARNING: Reached chromosome edge before EHH decayed below 0.01. Skipping calculation at 14:82363843
WARNING: Reached chromosome edge before EHH decayed below 0.01. Skipping calculation at 14:82364612
WARNING: Reached chromosome edge before EHH decayed below 0.01. Skipping calculation at 14:82365539
WARNING: Reached chromosome edge before EHH decayed below 0.01. Skipping calculation at 14:82365956
WARNING: Reached chromosome edge before EHH decayed below 0.01. Skipping calculation at 14:82366172
WARNING: Reached chromosome edge before EHH decayed below 0.01. Skipping calculation at 14:82366736
WARNING: Reached chromosome edge before EHH decayed below 0.01. Skipping calculation at 14:82371318
WARNING: Reached chromosome edge before EHH decayed below 0.01. Skipping calculation at 14:82387355
WARNING: Reached chromosome edge before EHH decayed below 0.01. Skipping calculation at 14:82397377
WARNING: Reached chromosome edge before EHH decayed below 0.01. Skipping calculation at 14:82397383
WARNING: Reached chromosome edge before EHH decayed below 0.01. Skipping calculation at 14:82314488
WARNING: Reached chromosome edge before EHH decayed below 0.01. Skipping calculation at 14:82314625
WARNING: Reached chromosome edge before EHH decayed below 0.01. Skipping calculation at 14:82314752
WARNING: Reached chromosome edge before EHH decayed below 0.01. Skipping calculation at 14:82314793
WARNING: Reached chromosome edge before EHH decayed below 0.01. Skipping calculation at 14:82314893
WARNING: Reached chromosome edge before EHH decayed below 0.01. Skipping calculation at 14:82315125
WARNING: Reached chromosome edge before EHH decayed below 0.01. Skipping calculation at 14:82315294
WARNING: Reached chromosome edge before EHH decayed below 0.01. Skipping calculation at 14:82315311
WARNING: Reached chromosome edge before EHH decayed below 0.01. Skipping calculation at 14:82315387
WARNING: Reached chromosome edge before EHH decayed below 0.01. Skipping calculation at 14:82315535
WARNING: Reached chromosome edge before EHH decayed below 0.01. Skipping calculation at 14:82315673
WARNING: Reached chromosome edge before EHH decayed below 0.01. Skipping calculation at 14:82315956
WARNING: Reached chromosome edge before EHH decayed below 0.01. Skipping calculation at 14:82348335
WARNING: Reached chromosome edge before EHH decayed below 0.01. Skipping calculation at 14:82356666
WARNING: Reached chromosome edge before EHH decayed below 0.01. Skipping calculation at 14:82357074
WARNING: Reached chromosome edge before EHH decayed below 0.01. Skipping calculation at 14:82357233
WARNING: Reached chromosome edge before EHH decayed below 0.01. Skipping calculation at 14:82359283
WARNING: Reached chromosome edge before EHH decayed below 0.01. Skipping calculation at 14:82359289
WARNING: Reached chromosome edge before EHH decayed below 0.01. Skipping calculation at 14:82359360
WARNING: Reached chromosome edge before EHH decayed below 0.01. Skipping calculation at 14:82359640
WARNING: Reached chromosome edge before EHH decayed below 0.01. Skipping calculation at 14:82360356
WARNING: Reached chromosome edge before EHH decayed below 0.01. Skipping calculation at 14:82361527
WARNING: Reached chromosome edge before EHH decayed below 0.01. Skipping calculation at 14:82361895
WARNING: Reached chromosome edge before EHH decayed below 0.01. Skipping calculation at 14:82362073
WARNING: Reached chromosome edge before EHH decayed below 0.01. Skipping calculation at 14:82362705
WARNING: Reached chromosome edge before EHH decayed below 0.01. Skipping calculation at 14:82363132
WARNING: Reached chromosome edge before EHH decayed below 0.01. Skipping calculation at 14:82363151
WARNING: Reached chromosome edge before EHH decayed below 0.01. Skipping calculation at 14:82363350
WARNING: Reached chromosome edge before EHH decayed below 0.01. Skipping calculation at 14:82363381
WARNING: Reached chromosome edge before EHH decayed below 0.01. Skipping calculation at 14:82363930
WARNING: Reached chromosome edge before EHH decayed below 0.01. Skipping calculation at 14:82364740
WARNING: Reached chromosome edge before EHH decayed below 0.01. Skipping calculation at 14:82365608
WARNING: Reached chromosome edge before EHH decayed below 0.01. Skipping calculation at 14:82366085
WARNING: Reached chromosome edge before EHH decayed below 0.01. Skipping calculation at 14:82366332
WARNING: Reached chromosome edge before EHH decayed below 0.01. Skipping calculation at 14:82366907
WARNING: Reached chromosome edge before EHH decayed below 0.01. Skipping calculation at 14:82371365
WARNING: Reached chromosome edge before EHH decayed below 0.01. Skipping calculation at 14:82397371
WARNING: Reached chromosome edge before EHH decayed below 0.01. Skipping calculation at 14:82397379
WARNING: Reached chromosome edge before EHH decayed below 0.01. Skipping calculation at 14:82397385
WARNING: Reached chromosome edge before EHH decayed below 0.01. Skipping calculation at 14:82314484
WARNING: Reached chromosome edge before EHH decayed below 0.01. Skipping calculation at 14:82314623
WARNING: Reached chromosome edge before EHH decayed below 0.01. Skipping calculation at 14:82314741
WARNING: Reached chromosome edge before EHH decayed below 0.01. Skipping calculation at 14:82314792
WARNING: Reached chromosome edge before EHH decayed below 0.01. Skipping calculation at 14:82314873
WARNING: Reached chromosome edge before EHH decayed below 0.01. Skipping calculation at 14:82315105
WARNING: Reached chromosome edge before EHH decayed below 0.01. Skipping calculation at 14:82315244
WARNING: Reached chromosome edge before EHH decayed below 0.01. Skipping calculation at 14:82315299
WARNING: Reached chromosome edge before EHH decayed below 0.01. Skipping calculation at 14:82315373
WARNING: Reached chromosome edge before EHH decayed below 0.01. Skipping calculation at 14:82315466
WARNING: Reached chromosome edge before EHH decayed below 0.01. Skipping calculation at 14:82315610
WARNING: Reached chromosome edge before EHH decayed below 0.01. Skipping calculation at 14:82315955
WARNING: Reached chromosome edge before EHH decayed below 0.01. Skipping calculation at 14:82335790
WARNING: Reached chromosome edge before EHH decayed below 0.01. Skipping calculation at 14:82356665
WARNING: Reached chromosome edge before EHH decayed below 0.01. Skipping calculation at 14:82357032
WARNING: Reached chromosome edge before EHH decayed below 0.01. Skipping calculation at 14:82357194
WARNING: Reached chromosome edge before EHH decayed below 0.01. Skipping calculation at 14:82359282
WARNING: Reached chromosome edge before EHH decayed below 0.01. Skipping calculation at 14:82359288
WARNING: Reached chromosome edge before EHH decayed below 0.01. Skipping calculation at 14:82359354
WARNING: Reached chromosome edge before EHH decayed below 0.01. Skipping calculation at 14:82359435
WARNING: Reached chromosome edge before EHH decayed below 0.01. Skipping calculation at 14:82360328
WARNING: Reached chromosome edge before EHH decayed below 0.01. Skipping calculation at 14:82361526
WARNING: Reached chromosome edge before EHH decayed below 0.01. Skipping calculation at 14:82361885
WARNING: Reached chromosome edge before EHH decayed below 0.01. Skipping calculation at 14:82362041
WARNING: Reached chromosome edge before EHH decayed below 0.01. Skipping calculation at 14:82362660
WARNING: Reached chromosome edge before EHH decayed below 0.01. Skipping calculation at 14:82363129
WARNING: Reached chromosome edge before EHH decayed below 0.01. Skipping calculation at 14:82363150
WARNING: Reached chromosome edge before EHH decayed below 0.01. Skipping calculation at 14:82363349
WARNING: Reached chromosome edge before EHH decayed below 0.01. Skipping calculation at 14:82363362
WARNING: Reached chromosome edge before EHH decayed below 0.01. Skipping calculation at 14:82363891
WARNING: Reached chromosome edge before EHH decayed below 0.01. Skipping calculation at 14:82364626
WARNING: Reached chromosome edge before EHH decayed below 0.01. Skipping calculation at 14:82365579
WARNING: Reached chromosome edge before EHH decayed below 0.01. Skipping calculation at 14:82365957
WARNING: Reached chromosome edge before EHH decayed below 0.01. Skipping calculation at 14:82366266
WARNING: Reached chromosome edge before EHH decayed below 0.01. Skipping calculation at 14:82366906
WARNING: Reached chromosome edge before EHH decayed below 0.01. Skipping calculation at 14:82371345
WARNING: Reached chromosome edge before EHH decayed below 0.01. Skipping calculation at 14:82393877
WARNING: Reached chromosome edge before EHH decayed below 0.01. Skipping calculation at 14:82397378
WARNING: Reached chromosome edge before EHH decayed below 0.01. Skipping calculation at 14:82397384
