/stor9000/apps/users/NWSUAF/2013110098/bin/selscan-master/src/selscan --xpehh --vcf Gelbvieh.chr23.vcf --vcf-ref DN.chr23.vcf --map chr23.map --cutoff 0.01 --out DN_Gelbvieh.23.xpehh --threads 6 
v1.1.0b
Calculating XP-EHH.
Input filename: Gelbvieh.chr23.vcf
Reference input filename: DN.chr23.vcf
Map filename: chr23.map
Output file: DN_Gelbvieh.23.xpehh.xpehh.out
Threads: 6
Scale parameter: 20000
Max gap parameter: 200000
EHH cutoff value: 0.01
Alt flag set: no
WARNING: Reached chromosome edge before EHH decayed below 0.01. Skipping calculation at 23:198
WARNING: Reached chromosome edge before EHH decayed below 0.01. Skipping calculation at 23:204
WARNING: Reached chromosome edge before EHH decayed below 0.01. Skipping calculation at 23:168
WARNING: Reached chromosome edge before EHH decayed below 0.01. Skipping calculation at 23:208
WARNING: Reached chromosome edge before EHH decayed below 0.01. Skipping calculation at 23:215
WARNING: Reached chromosome edge before EHH decayed below 0.01. Skipping calculation at 23:216
WARNING: Reached chromosome edge before EHH decayed below 0.01. Skipping calculation at 23:244
WARNING: Reached chromosome edge before EHH decayed below 0.01. Skipping calculation at 23:233
WARNING: Reached chromosome edge before EHH decayed below 0.01. Skipping calculation at 23:245
WARNING: Reached chromosome edge before EHH decayed below 0.01. Skipping calculation at 23:254
WARNING: Reached chromosome edge before EHH decayed below 0.01. Skipping calculation at 23:255
WARNING: Reached chromosome edge before EHH decayed below 0.01. Skipping calculation at 23:256
WARNING: Reached chromosome edge before EHH decayed below 0.01. Skipping calculation at 23:258
WARNING: Reached chromosome edge before EHH decayed below 0.01. Skipping calculation at 23:275
WARNING: Reached chromosome edge before EHH decayed below 0.01. Skipping calculation at 23:276
WARNING: Reached chromosome edge before EHH decayed below 0.01. Skipping calculation at 23:286
WARNING: Reached chromosome edge before EHH decayed below 0.01. Skipping calculation at 23:303
WARNING: Reached chromosome edge before EHH decayed below 0.01. Skipping calculation at 23:320
WARNING: Reached chromosome edge before EHH decayed below 0.01. Skipping calculation at 23:323
WARNING: Reached chromosome edge before EHH decayed below 0.01. Skipping calculation at 23:327
WARNING: Reached chromosome edge before EHH decayed below 0.01. Skipping calculation at 23:341
WARNING: Reached chromosome edge before EHH decayed below 0.01. Skipping calculation at 23:347
WARNING: Reached chromosome edge before EHH decayed below 0.01. Skipping calculation at 23:363
WARNING: Reached chromosome edge before EHH decayed below 0.01. Skipping calculation at 23:390
WARNING: Reached chromosome edge before EHH decayed below 0.01. Skipping calculation at 23:414
WARNING: Reached chromosome edge before EHH decayed below 0.01. Skipping calculation at 23:441
WARNING: Reached chromosome edge before EHH decayed below 0.01. Skipping calculation at 23:489
WARNING: Reached chromosome edge before EHH decayed below 0.01. Skipping calculation at 23:541
WARNING: Reached chromosome edge before EHH decayed below 0.01. Skipping calculation at 23:569
WARNING: Reached chromosome edge before EHH decayed below 0.01. Skipping calculation at 23:573
WARNING: Reached chromosome edge before EHH decayed below 0.01. Skipping calculation at 23:627
WARNING: Reached chromosome edge before EHH decayed below 0.01. Skipping calculation at 23:666
WARNING: Reached chromosome edge before EHH decayed below 0.01. Skipping calculation at 23:791
WARNING: Reached chromosome edge before EHH decayed below 0.01. Skipping calculation at 23:801
WARNING: Reached chromosome edge before EHH decayed below 0.01. Skipping calculation at 23:806
WARNING: Reached chromosome edge before EHH decayed below 0.01. Skipping calculation at 23:815
WARNING: Reached chromosome edge before EHH decayed below 0.01. Skipping calculation at 23:820
WARNING: Reached chromosome edge before EHH decayed below 0.01. Skipping calculation at 23:1082
WARNING: Reached chromosome edge before EHH decayed below 0.01. Skipping calculation at 23:1222
WARNING: Reached chromosome edge before EHH decayed below 0.01. Skipping calculation at 23:1642
WARNING: Reached chromosome edge before EHH decayed below 0.01. Skipping calculation at 23:1647
WARNING: Reached chromosome edge before EHH decayed below 0.01. Skipping calculation at 23:1653
WARNING: Reached chromosome edge before EHH decayed below 0.01. Skipping calculation at 23:1664
WARNING: Reached chromosome edge before EHH decayed below 0.01. Skipping calculation at 23:1671
WARNING: Reached chromosome edge before EHH decayed below 0.01. Skipping calculation at 23:1686
WARNING: Reached chromosome edge before EHH decayed below 0.01. Skipping calculation at 23:1823
WARNING: Reached chromosome edge before EHH decayed below 0.01. Skipping calculation at 23:2178
WARNING: Reached chromosome edge before EHH decayed below 0.01. Skipping calculation at 23:2428
WARNING: Reached chromosome edge before EHH decayed below 0.01. Skipping calculation at 23:52495178
WARNING: Reached chromosome edge before EHH decayed below 0.01. Skipping calculation at 23:52495206
WARNING: Reached chromosome edge before EHH decayed below 0.01. Skipping calculation at 23:52495266
WARNING: Reached chromosome edge before EHH decayed below 0.01. Skipping calculation at 23:52495475
WARNING: Reached chromosome edge before EHH decayed below 0.01. Skipping calculation at 23:52495662
WARNING: Reached chromosome edge before EHH decayed below 0.01. Skipping calculation at 23:52495824
WARNING: Reached chromosome edge before EHH decayed below 0.01. Skipping calculation at 23:52495971
WARNING: Reached chromosome edge before EHH decayed below 0.01. Skipping calculation at 23:52496099
WARNING: Reached chromosome edge before EHH decayed below 0.01. Skipping calculation at 23:52496199
WARNING: Reached chromosome edge before EHH decayed below 0.01. Skipping calculation at 23:52496378
WARNING: Reached chromosome edge before EHH decayed below 0.01. Skipping calculation at 23:52496436
WARNING: Reached chromosome edge before EHH decayed below 0.01. Skipping calculation at 23:52496571
WARNING: Reached chromosome edge before EHH decayed below 0.01. Skipping calculation at 23:52496762
WARNING: Reached chromosome edge before EHH decayed below 0.01. Skipping calculation at 23:52496959
WARNING: Reached chromosome edge before EHH decayed below 0.01. Skipping calculation at 23:52497046
WARNING: Reached chromosome edge before EHH decayed below 0.01. Skipping calculation at 23:52497170
WARNING: Reached chromosome edge before EHH decayed below 0.01. Skipping calculation at 23:52497281
WARNING: Reached chromosome edge before EHH decayed below 0.01. Skipping calculation at 23:52497399
WARNING: Reached chromosome edge before EHH decayed below 0.01. Skipping calculation at 23:52497494
WARNING: Reached chromosome edge before EHH decayed below 0.01. Skipping calculation at 23:52497596
WARNING: Reached chromosome edge before EHH decayed below 0.01. Skipping calculation at 23:52497723
WARNING: Reached chromosome edge before EHH decayed below 0.01. Skipping calculation at 23:52497901
WARNING: Reached chromosome edge before EHH decayed below 0.01. Skipping calculation at 23:52498058
WARNING: Reached chromosome edge before EHH decayed below 0.01. Skipping calculation at 23:52498109
WARNING: Reached chromosome edge before EHH decayed below 0.01. Skipping calculation at 23:52498116
WARNING: Reached chromosome edge before EHH decayed below 0.01. Skipping calculation at 23:52498181
WARNING: Reached chromosome edge before EHH decayed below 0.01. Skipping calculation at 23:52498420
WARNING: Reached chromosome edge before EHH decayed below 0.01. Skipping calculation at 23:52495169
WARNING: Reached chromosome edge before EHH decayed below 0.01. Skipping calculation at 23:52495195
WARNING: Reached chromosome edge before EHH decayed below 0.01. Skipping calculation at 23:52495261
WARNING: Reached chromosome edge before EHH decayed below 0.01. Skipping calculation at 23:52495355
WARNING: Reached chromosome edge before EHH decayed below 0.01. Skipping calculation at 23:52495575
WARNING: Reached chromosome edge before EHH decayed below 0.01. Skipping calculation at 23:52495748
WARNING: Reached chromosome edge before EHH decayed below 0.01. Skipping calculation at 23:52495915
WARNING: Reached chromosome edge before EHH decayed below 0.01. Skipping calculation at 23:52496095
WARNING: Reached chromosome edge before EHH decayed below 0.01. Skipping calculation at 23:52496181
WARNING: Reached chromosome edge before EHH decayed below 0.01. Skipping calculation at 23:52496352
WARNING: Reached chromosome edge before EHH decayed below 0.01. Skipping calculation at 23:52496431
WARNING: Reached chromosome edge before EHH decayed below 0.01. Skipping calculation at 23:52496526
WARNING: Reached chromosome edge before EHH decayed below 0.01. Skipping calculation at 23:52496686
WARNING: Reached chromosome edge before EHH decayed below 0.01. Skipping calculation at 23:52496929
WARNING: Reached chromosome edge before EHH decayed below 0.01. Skipping calculation at 23:52497010
WARNING: Reached chromosome edge before EHH decayed below 0.01. Skipping calculation at 23:52497130
WARNING: Reached chromosome edge before EHH decayed below 0.01. Skipping calculation at 23:52497270
WARNING: Reached chromosome edge before EHH decayed below 0.01. Skipping calculation at 23:52497377
WARNING: Reached chromosome edge before EHH decayed below 0.01. Skipping calculation at 23:52497471
WARNING: Reached chromosome edge before EHH decayed below 0.01. Skipping calculation at 23:52497551
WARNING: Reached chromosome edge before EHH decayed below 0.01. Skipping calculation at 23:52497709
WARNING: Reached chromosome edge before EHH decayed below 0.01. Skipping calculation at 23:52497833
WARNING: Reached chromosome edge before EHH decayed below 0.01. Skipping calculation at 23:52498037
WARNING: Reached chromosome edge before EHH decayed below 0.01. Skipping calculation at 23:52498106
WARNING: Reached chromosome edge before EHH decayed below 0.01. Skipping calculation at 23:52498114
WARNING: Reached chromosome edge before EHH decayed below 0.01. Skipping calculation at 23:52498162
WARNING: Reached chromosome edge before EHH decayed below 0.01. Skipping calculation at 23:52498377
WARNING: Reached chromosome edge before EHH decayed below 0.01. Skipping calculation at 23:52495108
WARNING: Reached chromosome edge before EHH decayed below 0.01. Skipping calculation at 23:52495183
WARNING: Reached chromosome edge before EHH decayed below 0.01. Skipping calculation at 23:52495260
WARNING: Reached chromosome edge before EHH decayed below 0.01. Skipping calculation at 23:52495316
WARNING: Reached chromosome edge before EHH decayed below 0.01. Skipping calculation at 23:52495532
WARNING: Reached chromosome edge before EHH decayed below 0.01. Skipping calculation at 23:52495707
WARNING: Reached chromosome edge before EHH decayed below 0.01. Skipping calculation at 23:52495914
WARNING: Reached chromosome edge before EHH decayed below 0.01. Skipping calculation at 23:52496077
WARNING: Reached chromosome edge before EHH decayed below 0.01. Skipping calculation at 23:52496112
WARNING: Reached chromosome edge before EHH decayed below 0.01. Skipping calculation at 23:52496347
WARNING: Reached chromosome edge before EHH decayed below 0.01. Skipping calculation at 23:52496412
WARNING: Reached chromosome edge before EHH decayed below 0.01. Skipping calculation at 23:52496487
WARNING: Reached chromosome edge before EHH decayed below 0.01. Skipping calculation at 23:52496674
WARNING: Reached chromosome edge before EHH decayed below 0.01. Skipping calculation at 23:52496852
WARNING: Reached chromosome edge before EHH decayed below 0.01. Skipping calculation at 23:52497007
WARNING: Reached chromosome edge before EHH decayed below 0.01. Skipping calculation at 23:52497075
WARNING: Reached chromosome edge before EHH decayed below 0.01. Skipping calculation at 23:52497219
WARNING: Reached chromosome edge before EHH decayed below 0.01. Skipping calculation at 23:52497338
WARNING: Reached chromosome edge before EHH decayed below 0.01. Skipping calculation at 23:52497469
WARNING: Reached chromosome edge before EHH decayed below 0.01. Skipping calculation at 23:52497550
WARNING: Reached chromosome edge before EHH decayed below 0.01. Skipping calculation at 23:52497700
WARNING: Reached chromosome edge before EHH decayed below 0.01. Skipping calculation at 23:52497820
WARNING: Reached chromosome edge before EHH decayed below 0.01. Skipping calculation at 23:52495068
WARNING: Reached chromosome edge before EHH decayed below 0.01. Skipping calculation at 23:52498021
WARNING: Reached chromosome edge before EHH decayed below 0.01. Skipping calculation at 23:52498105
WARNING: Reached chromosome edge before EHH decayed below 0.01. Skipping calculation at 23:52495181
WARNING: Reached chromosome edge before EHH decayed below 0.01. Skipping calculation at 23:52498113
WARNING: Reached chromosome edge before EHH decayed below 0.01. Skipping calculation at 23:52498119
WARNING: Reached chromosome edge before EHH decayed below 0.01. Skipping calculation at 23:52495212
WARNING: Reached chromosome edge before EHH decayed below 0.01. Skipping calculation at 23:52498253
WARNING: Reached chromosome edge before EHH decayed below 0.01. Skipping calculation at 23:52495279
WARNING: Reached chromosome edge before EHH decayed below 0.01. Skipping calculation at 23:52495502
WARNING: Reached chromosome edge before EHH decayed below 0.01. Skipping calculation at 23:52495691
WARNING: Reached chromosome edge before EHH decayed below 0.01. Skipping calculation at 23:52495874
WARNING: Reached chromosome edge before EHH decayed below 0.01. Skipping calculation at 23:52496005
WARNING: Reached chromosome edge before EHH decayed below 0.01. Skipping calculation at 23:52496101
WARNING: Reached chromosome edge before EHH decayed below 0.01. Skipping calculation at 23:52496314
WARNING: Reached chromosome edge before EHH decayed below 0.01. Skipping calculation at 23:52496399
WARNING: Reached chromosome edge before EHH decayed below 0.01. Skipping calculation at 23:52496450
WARNING: Reached chromosome edge before EHH decayed below 0.01. Skipping calculation at 23:52496578
WARNING: Reached chromosome edge before EHH decayed below 0.01. Skipping calculation at 23:52496769
WARNING: Reached chromosome edge before EHH decayed below 0.01. Skipping calculation at 23:52496967
WARNING: Reached chromosome edge before EHH decayed below 0.01. Skipping calculation at 23:52497050
WARNING: Reached chromosome edge before EHH decayed below 0.01. Skipping calculation at 23:52497188
WARNING: Reached chromosome edge before EHH decayed below 0.01. Skipping calculation at 23:52497294
WARNING: Reached chromosome edge before EHH decayed below 0.01. Skipping calculation at 23:52497416
WARNING: Reached chromosome edge before EHH decayed below 0.01. Skipping calculation at 23:52497525
WARNING: Reached chromosome edge before EHH decayed below 0.01. Skipping calculation at 23:52497604
WARNING: Reached chromosome edge before EHH decayed below 0.01. Skipping calculation at 23:52497789
WARNING: Reached chromosome edge before EHH decayed below 0.01. Skipping calculation at 23:52498005
WARNING: Reached chromosome edge before EHH decayed below 0.01. Skipping calculation at 23:52498059
WARNING: Reached chromosome edge before EHH decayed below 0.01. Skipping calculation at 23:52498110
WARNING: Reached chromosome edge before EHH decayed below 0.01. Skipping calculation at 23:52498117
WARNING: Reached chromosome edge before EHH decayed below 0.01. Skipping calculation at 23:52498195
WARNING: Reached chromosome edge before EHH decayed below 0.01. Skipping calculation at 23:52498451
WARNING: Reached chromosome edge before EHH decayed below 0.01. Skipping calculation at 23:52495172
WARNING: Reached chromosome edge before EHH decayed below 0.01. Skipping calculation at 23:52495202
WARNING: Reached chromosome edge before EHH decayed below 0.01. Skipping calculation at 23:52495263
WARNING: Reached chromosome edge before EHH decayed below 0.01. Skipping calculation at 23:52495414
WARNING: Reached chromosome edge before EHH decayed below 0.01. Skipping calculation at 23:52495581
WARNING: Reached chromosome edge before EHH decayed below 0.01. Skipping calculation at 23:52495773
WARNING: Reached chromosome edge before EHH decayed below 0.01. Skipping calculation at 23:52495916
WARNING: Reached chromosome edge before EHH decayed below 0.01. Skipping calculation at 23:52496097
WARNING: Reached chromosome edge before EHH decayed below 0.01. Skipping calculation at 23:52496194
WARNING: Reached chromosome edge before EHH decayed below 0.01. Skipping calculation at 23:52496368
WARNING: Reached chromosome edge before EHH decayed below 0.01. Skipping calculation at 23:52496434
WARNING: Reached chromosome edge before EHH decayed below 0.01. Skipping calculation at 23:52496569
WARNING: Reached chromosome edge before EHH decayed below 0.01. Skipping calculation at 23:52496758
WARNING: Reached chromosome edge before EHH decayed below 0.01. Skipping calculation at 23:52496935
WARNING: Reached chromosome edge before EHH decayed below 0.01. Skipping calculation at 23:52497021
WARNING: Reached chromosome edge before EHH decayed below 0.01. Skipping calculation at 23:52497140
WARNING: Reached chromosome edge before EHH decayed below 0.01. Skipping calculation at 23:52497280
WARNING: Reached chromosome edge before EHH decayed below 0.01. Skipping calculation at 23:52497381
WARNING: Reached chromosome edge before EHH decayed below 0.01. Skipping calculation at 23:52497476
WARNING: Reached chromosome edge before EHH decayed below 0.01. Skipping calculation at 23:52497591
WARNING: Reached chromosome edge before EHH decayed below 0.01. Skipping calculation at 23:52497722
WARNING: Reached chromosome edge before EHH decayed below 0.01. Skipping calculation at 23:52497893
WARNING: Reached chromosome edge before EHH decayed below 0.01. Skipping calculation at 23:52498041
WARNING: Reached chromosome edge before EHH decayed below 0.01. Skipping calculation at 23:52498108
WARNING: Reached chromosome edge before EHH decayed below 0.01. Skipping calculation at 23:52498115
WARNING: Reached chromosome edge before EHH decayed below 0.01. Skipping calculation at 23:52498163
WARNING: Reached chromosome edge before EHH decayed below 0.01. Skipping calculation at 23:52498378
WARNING: Reached chromosome edge before EHH decayed below 0.01. Skipping calculation at 23:52495093
WARNING: Reached chromosome edge before EHH decayed below 0.01. Skipping calculation at 23:52495182
WARNING: Reached chromosome edge before EHH decayed below 0.01. Skipping calculation at 23:52495237
WARNING: Reached chromosome edge before EHH decayed below 0.01. Skipping calculation at 23:52495302
WARNING: Reached chromosome edge before EHH decayed below 0.01. Skipping calculation at 23:52495511
WARNING: Reached chromosome edge before EHH decayed below 0.01. Skipping calculation at 23:52495698
WARNING: Reached chromosome edge before EHH decayed below 0.01. Skipping calculation at 23:52495905
WARNING: Reached chromosome edge before EHH decayed below 0.01. Skipping calculation at 23:52496062
WARNING: Reached chromosome edge before EHH decayed below 0.01. Skipping calculation at 23:52496104
WARNING: Reached chromosome edge before EHH decayed below 0.01. Skipping calculation at 23:52496340
WARNING: Reached chromosome edge before EHH decayed below 0.01. Skipping calculation at 23:52496406
WARNING: Reached chromosome edge before EHH decayed below 0.01. Skipping calculation at 23:52496458
WARNING: Reached chromosome edge before EHH decayed below 0.01. Skipping calculation at 23:52496622
WARNING: Reached chromosome edge before EHH decayed below 0.01. Skipping calculation at 23:52496811
WARNING: Reached chromosome edge before EHH decayed below 0.01. Skipping calculation at 23:52496993
WARNING: Reached chromosome edge before EHH decayed below 0.01. Skipping calculation at 23:52497067
WARNING: Reached chromosome edge before EHH decayed below 0.01. Skipping calculation at 23:52497194
WARNING: Reached chromosome edge before EHH decayed below 0.01. Skipping calculation at 23:52497308
WARNING: Reached chromosome edge before EHH decayed below 0.01. Skipping calculation at 23:52497423
WARNING: Reached chromosome edge before EHH decayed below 0.01. Skipping calculation at 23:52497526
WARNING: Reached chromosome edge before EHH decayed below 0.01. Skipping calculation at 23:52497691
WARNING: Reached chromosome edge before EHH decayed below 0.01. Skipping calculation at 23:52497806
WARNING: Reached chromosome edge before EHH decayed below 0.01. Skipping calculation at 23:52498012
WARNING: Reached chromosome edge before EHH decayed below 0.01. Skipping calculation at 23:52498086
WARNING: Reached chromosome edge before EHH decayed below 0.01. Skipping calculation at 23:52498112
WARNING: Reached chromosome edge before EHH decayed below 0.01. Skipping calculation at 23:52498118
WARNING: Reached chromosome edge before EHH decayed below 0.01. Skipping calculation at 23:52498226
WARNING: Reached chromosome edge before EHH decayed below 0.01. Skipping calculation at 23:52498515
