/stor9000/apps/users/NWSUAF/2013110098/bin/selscan-master/src/selscan --xpehh --vcf Gelbvieh.chr22.vcf --vcf-ref DN.chr22.vcf --map chr22.map --cutoff 0.01 --out DN_Gelbvieh.22.xpehh --threads 6 
v1.1.0b
Calculating XP-EHH.
Input filename: Gelbvieh.chr22.vcf
Reference input filename: DN.chr22.vcf
Map filename: chr22.map
Output file: DN_Gelbvieh.22.xpehh.xpehh.out
Threads: 6
Scale parameter: 20000
Max gap parameter: 200000
EHH cutoff value: 0.01
Alt flag set: no
WARNING: Reached chromosome edge before EHH decayed below 0.01. Skipping calculation at 22:8970
WARNING: Reached chromosome edge before EHH decayed below 0.01. Skipping calculation at 22:8929
WARNING: Reached chromosome edge before EHH decayed below 0.01. Skipping calculation at 22:9030
WARNING: Reached chromosome edge before EHH decayed below 0.01. Skipping calculation at 22:8988
WARNING: Reached chromosome edge before EHH decayed below 0.01. Skipping calculation at 22:9032
WARNING: Reached chromosome edge before EHH decayed below 0.01. Skipping calculation at 22:9708
WARNING: Reached chromosome edge before EHH decayed below 0.01. Skipping calculation at 22:11140
WARNING: Reached chromosome edge before EHH decayed below 0.01. Skipping calculation at 22:9709
WARNING: Reached chromosome edge before EHH decayed below 0.01. Skipping calculation at 22:11549
WARNING: Reached chromosome edge before EHH decayed below 0.01. Skipping calculation at 22:11182
WARNING: Reached chromosome edge before EHH decayed below 0.01. Skipping calculation at 22:12120
WARNING: Reached chromosome edge before EHH decayed below 0.01. Skipping calculation at 22:12218
WARNING: Reached chromosome edge before EHH decayed below 0.01. Skipping calculation at 22:12398
WARNING: Reached chromosome edge before EHH decayed below 0.01. Skipping calculation at 22:12383
WARNING: Reached chromosome edge before EHH decayed below 0.01. Skipping calculation at 22:12516
WARNING: Reached chromosome edge before EHH decayed below 0.01. Skipping calculation at 22:12990
WARNING: Reached chromosome edge before EHH decayed below 0.01. Skipping calculation at 22:13129
WARNING: Reached chromosome edge before EHH decayed below 0.01. Skipping calculation at 22:13133
WARNING: Reached chromosome edge before EHH decayed below 0.01. Skipping calculation at 22:13314
WARNING: Reached chromosome edge before EHH decayed below 0.01. Skipping calculation at 22:13303
WARNING: Reached chromosome edge before EHH decayed below 0.01. Skipping calculation at 22:13333
WARNING: Reached chromosome edge before EHH decayed below 0.01. Skipping calculation at 22:13340
WARNING: Reached chromosome edge before EHH decayed below 0.01. Skipping calculation at 22:13402
WARNING: Reached chromosome edge before EHH decayed below 0.01. Skipping calculation at 22:13409
WARNING: Reached chromosome edge before EHH decayed below 0.01. Skipping calculation at 22:13442
WARNING: Reached chromosome edge before EHH decayed below 0.01. Skipping calculation at 22:13417
WARNING: Reached chromosome edge before EHH decayed below 0.01. Skipping calculation at 22:13453
WARNING: Reached chromosome edge before EHH decayed below 0.01. Skipping calculation at 22:13454
WARNING: Reached chromosome edge before EHH decayed below 0.01. Skipping calculation at 22:13455
WARNING: Reached chromosome edge before EHH decayed below 0.01. Skipping calculation at 22:13456
WARNING: Reached chromosome edge before EHH decayed below 0.01. Skipping calculation at 22:13458
WARNING: Reached chromosome edge before EHH decayed below 0.01. Skipping calculation at 22:13457
WARNING: Reached chromosome edge before EHH decayed below 0.01. Skipping calculation at 22:13461
WARNING: Reached chromosome edge before EHH decayed below 0.01. Skipping calculation at 22:13477
WARNING: Reached chromosome edge before EHH decayed below 0.01. Skipping calculation at 22:13575
WARNING: Reached chromosome edge before EHH decayed below 0.01. Skipping calculation at 22:13652
WARNING: Reached chromosome edge before EHH decayed below 0.01. Skipping calculation at 22:13684
WARNING: Reached chromosome edge before EHH decayed below 0.01. Skipping calculation at 22:13672
WARNING: Reached chromosome edge before EHH decayed below 0.01. Skipping calculation at 22:13704
WARNING: Reached chromosome edge before EHH decayed below 0.01. Skipping calculation at 22:13717
WARNING: Reached chromosome edge before EHH decayed below 0.01. Skipping calculation at 22:13725
WARNING: Reached chromosome edge before EHH decayed below 0.01. Skipping calculation at 22:13835
WARNING: Reached chromosome edge before EHH decayed below 0.01. Skipping calculation at 22:13843
WARNING: Reached chromosome edge before EHH decayed below 0.01. Skipping calculation at 22:13898
WARNING: Reached chromosome edge before EHH decayed below 0.01. Skipping calculation at 22:13905
WARNING: Reached chromosome edge before EHH decayed below 0.01. Skipping calculation at 22:13906
WARNING: Reached chromosome edge before EHH decayed below 0.01. Skipping calculation at 22:13907
WARNING: Reached chromosome edge before EHH decayed below 0.01. Skipping calculation at 22:13908
WARNING: Reached chromosome edge before EHH decayed below 0.01. Skipping calculation at 22:13909
WARNING: Reached chromosome edge before EHH decayed below 0.01. Skipping calculation at 22:13910
WARNING: Reached chromosome edge before EHH decayed below 0.01. Skipping calculation at 22:13911
WARNING: Reached chromosome edge before EHH decayed below 0.01. Skipping calculation at 22:13912
WARNING: Reached chromosome edge before EHH decayed below 0.01. Skipping calculation at 22:13915
WARNING: Reached chromosome edge before EHH decayed below 0.01. Skipping calculation at 22:13948
WARNING: Reached chromosome edge before EHH decayed below 0.01. Skipping calculation at 22:13987
WARNING: Reached chromosome edge before EHH decayed below 0.01. Skipping calculation at 22:14015
WARNING: Reached chromosome edge before EHH decayed below 0.01. Skipping calculation at 22:14124
WARNING: Reached chromosome edge before EHH decayed below 0.01. Skipping calculation at 22:14154
WARNING: Reached chromosome edge before EHH decayed below 0.01. Skipping calculation at 22:14155
WARNING: Reached chromosome edge before EHH decayed below 0.01. Skipping calculation at 22:14156
WARNING: Reached chromosome edge before EHH decayed below 0.01. Skipping calculation at 22:14157
WARNING: Reached chromosome edge before EHH decayed below 0.01. Skipping calculation at 22:14158
WARNING: Reached chromosome edge before EHH decayed below 0.01. Skipping calculation at 22:14159
WARNING: Reached chromosome edge before EHH decayed below 0.01. Skipping calculation at 22:14160
WARNING: Reached chromosome edge before EHH decayed below 0.01. Skipping calculation at 22:14161
WARNING: Reached chromosome edge before EHH decayed below 0.01. Skipping calculation at 22:14162
WARNING: Reached chromosome edge before EHH decayed below 0.01. Skipping calculation at 22:14163
WARNING: Reached chromosome edge before EHH decayed below 0.01. Skipping calculation at 22:14164
WARNING: Reached chromosome edge before EHH decayed below 0.01. Skipping calculation at 22:14165
WARNING: Reached chromosome edge before EHH decayed below 0.01. Skipping calculation at 22:14167
WARNING: Reached chromosome edge before EHH decayed below 0.01. Skipping calculation at 22:14168
WARNING: Reached chromosome edge before EHH decayed below 0.01. Skipping calculation at 22:14169
WARNING: Reached chromosome edge before EHH decayed below 0.01. Skipping calculation at 22:14207
WARNING: Reached chromosome edge before EHH decayed below 0.01. Skipping calculation at 22:14355
WARNING: Reached chromosome edge before EHH decayed below 0.01. Skipping calculation at 22:14363
WARNING: Reached chromosome edge before EHH decayed below 0.01. Skipping calculation at 22:14396
WARNING: Reached chromosome edge before EHH decayed below 0.01. Skipping calculation at 22:14415
WARNING: Reached chromosome edge before EHH decayed below 0.01. Skipping calculation at 22:14482
WARNING: Reached chromosome edge before EHH decayed below 0.01. Skipping calculation at 22:14543
WARNING: Reached chromosome edge before EHH decayed below 0.01. Skipping calculation at 22:14606
WARNING: Reached chromosome edge before EHH decayed below 0.01. Skipping calculation at 22:14608
WARNING: Reached chromosome edge before EHH decayed below 0.01. Skipping calculation at 22:14609
WARNING: Reached chromosome edge before EHH decayed below 0.01. Skipping calculation at 22:14647
WARNING: Reached chromosome edge before EHH decayed below 0.01. Skipping calculation at 22:14653
WARNING: Reached chromosome edge before EHH decayed below 0.01. Skipping calculation at 22:14655
WARNING: Reached chromosome edge before EHH decayed below 0.01. Skipping calculation at 22:14658
WARNING: Reached chromosome edge before EHH decayed below 0.01. Skipping calculation at 22:14661
WARNING: Reached chromosome edge before EHH decayed below 0.01. Skipping calculation at 22:14697
WARNING: Reached chromosome edge before EHH decayed below 0.01. Skipping calculation at 22:14718
WARNING: Reached chromosome edge before EHH decayed below 0.01. Skipping calculation at 22:14736
WARNING: Reached chromosome edge before EHH decayed below 0.01. Skipping calculation at 22:14753
WARNING: Reached chromosome edge before EHH decayed below 0.01. Skipping calculation at 22:14778
WARNING: Reached chromosome edge before EHH decayed below 0.01. Skipping calculation at 22:14847
WARNING: Reached chromosome edge before EHH decayed below 0.01. Skipping calculation at 22:14868
WARNING: Reached chromosome edge before EHH decayed below 0.01. Skipping calculation at 22:14873
WARNING: Reached chromosome edge before EHH decayed below 0.01. Skipping calculation at 22:14877
WARNING: Reached chromosome edge before EHH decayed below 0.01. Skipping calculation at 22:14900
WARNING: Reached chromosome edge before EHH decayed below 0.01. Skipping calculation at 22:14935
WARNING: Reached chromosome edge before EHH decayed below 0.01. Skipping calculation at 22:14956
WARNING: Reached chromosome edge before EHH decayed below 0.01. Skipping calculation at 22:14977
WARNING: Reached chromosome edge before EHH decayed below 0.01. Skipping calculation at 22:15001
WARNING: Reached chromosome edge before EHH decayed below 0.01. Skipping calculation at 22:15004
WARNING: Reached chromosome edge before EHH decayed below 0.01. Skipping calculation at 22:15036
WARNING: Reached chromosome edge before EHH decayed below 0.01. Skipping calculation at 22:15052
WARNING: Reached chromosome edge before EHH decayed below 0.01. Skipping calculation at 22:15062
WARNING: Reached chromosome edge before EHH decayed below 0.01. Skipping calculation at 22:15096
WARNING: Reached chromosome edge before EHH decayed below 0.01. Skipping calculation at 22:15100
WARNING: Reached chromosome edge before EHH decayed below 0.01. Skipping calculation at 22:15101
WARNING: Reached chromosome edge before EHH decayed below 0.01. Skipping calculation at 22:15103
WARNING: Reached chromosome edge before EHH decayed below 0.01. Skipping calculation at 22:15230
WARNING: Reached chromosome edge before EHH decayed below 0.01. Skipping calculation at 22:15245
WARNING: Reached chromosome edge before EHH decayed below 0.01. Skipping calculation at 22:15360
WARNING: Reached chromosome edge before EHH decayed below 0.01. Skipping calculation at 22:15371
WARNING: Reached chromosome edge before EHH decayed below 0.01. Skipping calculation at 22:15445
WARNING: Reached chromosome edge before EHH decayed below 0.01. Skipping calculation at 22:15446
WARNING: Reached chromosome edge before EHH decayed below 0.01. Skipping calculation at 22:15448
WARNING: Reached chromosome edge before EHH decayed below 0.01. Skipping calculation at 22:15449
WARNING: Reached chromosome edge before EHH decayed below 0.01. Skipping calculation at 22:15450
WARNING: Reached chromosome edge before EHH decayed below 0.01. Skipping calculation at 22:15451
WARNING: Reached chromosome edge before EHH decayed below 0.01. Skipping calculation at 22:15452
WARNING: Reached chromosome edge before EHH decayed below 0.01. Skipping calculation at 22:15453
WARNING: Reached chromosome edge before EHH decayed below 0.01. Skipping calculation at 22:15454
WARNING: Reached chromosome edge before EHH decayed below 0.01. Skipping calculation at 22:15455
WARNING: Reached chromosome edge before EHH decayed below 0.01. Skipping calculation at 22:15457
WARNING: Reached chromosome edge before EHH decayed below 0.01. Skipping calculation at 22:15458
WARNING: Reached chromosome edge before EHH decayed below 0.01. Skipping calculation at 22:15462
WARNING: Reached chromosome edge before EHH decayed below 0.01. Skipping calculation at 22:15463
WARNING: Reached chromosome edge before EHH decayed below 0.01. Skipping calculation at 22:15464
WARNING: Reached chromosome edge before EHH decayed below 0.01. Skipping calculation at 22:15465
WARNING: Reached chromosome edge before EHH decayed below 0.01. Skipping calculation at 22:15466
WARNING: Reached chromosome edge before EHH decayed below 0.01. Skipping calculation at 22:15526
WARNING: Reached chromosome edge before EHH decayed below 0.01. Skipping calculation at 22:15527
WARNING: Reached chromosome edge before EHH decayed below 0.01. Skipping calculation at 22:15644
WARNING: Reached chromosome edge before EHH decayed below 0.01. Skipping calculation at 22:15658
WARNING: Reached chromosome edge before EHH decayed below 0.01. Skipping calculation at 22:15926
WARNING: Reached chromosome edge before EHH decayed below 0.01. Skipping calculation at 22:16026
WARNING: Reached chromosome edge before EHH decayed below 0.01. Skipping calculation at 22:16081
WARNING: Reached chromosome edge before EHH decayed below 0.01. Skipping calculation at 22:16083
WARNING: Reached chromosome edge before EHH decayed below 0.01. Skipping calculation at 22:16110
WARNING: Reached chromosome edge before EHH decayed below 0.01. Skipping calculation at 22:16142
WARNING: Reached chromosome edge before EHH decayed below 0.01. Skipping calculation at 22:16221
WARNING: Reached chromosome edge before EHH decayed below 0.01. Skipping calculation at 22:16278
WARNING: Reached chromosome edge before EHH decayed below 0.01. Skipping calculation at 22:16296
WARNING: Reached chromosome edge before EHH decayed below 0.01. Skipping calculation at 22:16372
WARNING: Reached chromosome edge before EHH decayed below 0.01. Skipping calculation at 22:16379
WARNING: Reached chromosome edge before EHH decayed below 0.01. Skipping calculation at 22:16394
WARNING: Reached chromosome edge before EHH decayed below 0.01. Skipping calculation at 22:16395
WARNING: Reached chromosome edge before EHH decayed below 0.01. Skipping calculation at 22:16396
WARNING: Reached chromosome edge before EHH decayed below 0.01. Skipping calculation at 22:16443
WARNING: Reached chromosome edge before EHH decayed below 0.01. Skipping calculation at 22:16531
WARNING: Reached chromosome edge before EHH decayed below 0.01. Skipping calculation at 22:16574
WARNING: Reached chromosome edge before EHH decayed below 0.01. Skipping calculation at 22:16593
WARNING: Reached chromosome edge before EHH decayed below 0.01. Skipping calculation at 22:16600
WARNING: Reached chromosome edge before EHH decayed below 0.01. Skipping calculation at 22:16655
WARNING: Reached chromosome edge before EHH decayed below 0.01. Skipping calculation at 22:16637
WARNING: Reached chromosome edge before EHH decayed below 0.01. Skipping calculation at 22:16658
WARNING: Reached chromosome edge before EHH decayed below 0.01. Skipping calculation at 22:16694
WARNING: Reached chromosome edge before EHH decayed below 0.01. Skipping calculation at 22:16713
WARNING: Reached chromosome edge before EHH decayed below 0.01. Skipping calculation at 22:16720
WARNING: Reached chromosome edge before EHH decayed below 0.01. Skipping calculation at 22:16771
WARNING: Reached chromosome edge before EHH decayed below 0.01. Skipping calculation at 22:16769
WARNING: Reached chromosome edge before EHH decayed below 0.01. Skipping calculation at 22:16823
WARNING: Reached chromosome edge before EHH decayed below 0.01. Skipping calculation at 22:16867
WARNING: Reached chromosome edge before EHH decayed below 0.01. Skipping calculation at 22:16928
WARNING: Reached chromosome edge before EHH decayed below 0.01. Skipping calculation at 22:16965
WARNING: Reached chromosome edge before EHH decayed below 0.01. Skipping calculation at 22:16979
WARNING: Reached chromosome edge before EHH decayed below 0.01. Skipping calculation at 22:16978
WARNING: Reached chromosome edge before EHH decayed below 0.01. Skipping calculation at 22:17024
WARNING: Reached chromosome edge before EHH decayed below 0.01. Skipping calculation at 22:17125
WARNING: Reached chromosome edge before EHH decayed below 0.01. Skipping calculation at 22:17287
WARNING: Reached chromosome edge before EHH decayed below 0.01. Skipping calculation at 22:17293
WARNING: Reached chromosome edge before EHH decayed below 0.01. Skipping calculation at 22:17347
WARNING: Reached chromosome edge before EHH decayed below 0.01. Skipping calculation at 22:17310
WARNING: Reached chromosome edge before EHH decayed below 0.01. Skipping calculation at 22:17352
WARNING: Reached chromosome edge before EHH decayed below 0.01. Skipping calculation at 22:17373
WARNING: Reached chromosome edge before EHH decayed below 0.01. Skipping calculation at 22:17424
WARNING: Reached chromosome edge before EHH decayed below 0.01. Skipping calculation at 22:17445
WARNING: Reached chromosome edge before EHH decayed below 0.01. Skipping calculation at 22:17475
WARNING: Reached chromosome edge before EHH decayed below 0.01. Skipping calculation at 22:17455
WARNING: Reached chromosome edge before EHH decayed below 0.01. Skipping calculation at 22:17476
WARNING: Reached chromosome edge before EHH decayed below 0.01. Skipping calculation at 22:17482
WARNING: Reached chromosome edge before EHH decayed below 0.01. Skipping calculation at 22:17507
WARNING: Reached chromosome edge before EHH decayed below 0.01. Skipping calculation at 22:17595
WARNING: Reached chromosome edge before EHH decayed below 0.01. Skipping calculation at 22:17743
WARNING: Reached chromosome edge before EHH decayed below 0.01. Skipping calculation at 22:17722
WARNING: Reached chromosome edge before EHH decayed below 0.01. Skipping calculation at 22:17792
WARNING: Reached chromosome edge before EHH decayed below 0.01. Skipping calculation at 22:17943
WARNING: Reached chromosome edge before EHH decayed below 0.01. Skipping calculation at 22:17968
WARNING: Reached chromosome edge before EHH decayed below 0.01. Skipping calculation at 22:17988
WARNING: Reached chromosome edge before EHH decayed below 0.01. Skipping calculation at 22:18337
WARNING: Reached chromosome edge before EHH decayed below 0.01. Skipping calculation at 22:18328
WARNING: Reached chromosome edge before EHH decayed below 0.01. Skipping calculation at 22:18354
WARNING: Reached chromosome edge before EHH decayed below 0.01. Skipping calculation at 22:18378
WARNING: Reached chromosome edge before EHH decayed below 0.01. Skipping calculation at 22:18404
WARNING: Reached chromosome edge before EHH decayed below 0.01. Skipping calculation at 22:18544
WARNING: Reached chromosome edge before EHH decayed below 0.01. Skipping calculation at 22:18688
WARNING: Reached chromosome edge before EHH decayed below 0.01. Skipping calculation at 22:18545
WARNING: Reached chromosome edge before EHH decayed below 0.01. Skipping calculation at 22:18713
WARNING: Reached chromosome edge before EHH decayed below 0.01. Skipping calculation at 22:18726
WARNING: Reached chromosome edge before EHH decayed below 0.01. Skipping calculation at 22:18794
WARNING: Reached chromosome edge before EHH decayed below 0.01. Skipping calculation at 22:18804
WARNING: Reached chromosome edge before EHH decayed below 0.01. Skipping calculation at 22:18832
WARNING: Reached chromosome edge before EHH decayed below 0.01. Skipping calculation at 22:18828
WARNING: Reached chromosome edge before EHH decayed below 0.01. Skipping calculation at 22:18838
WARNING: Reached chromosome edge before EHH decayed below 0.01. Skipping calculation at 22:18839
WARNING: Reached chromosome edge before EHH decayed below 0.01. Skipping calculation at 22:18847
WARNING: Reached chromosome edge before EHH decayed below 0.01. Skipping calculation at 22:18969
WARNING: Reached chromosome edge before EHH decayed below 0.01. Skipping calculation at 22:18985
WARNING: Reached chromosome edge before EHH decayed below 0.01. Skipping calculation at 22:18983
WARNING: Reached chromosome edge before EHH decayed below 0.01. Skipping calculation at 22:18994
WARNING: Reached chromosome edge before EHH decayed below 0.01. Skipping calculation at 22:19006
WARNING: Reached chromosome edge before EHH decayed below 0.01. Skipping calculation at 22:19022
WARNING: Reached chromosome edge before EHH decayed below 0.01. Skipping calculation at 22:19060
WARNING: Reached chromosome edge before EHH decayed below 0.01. Skipping calculation at 22:19081
WARNING: Reached chromosome edge before EHH decayed below 0.01. Skipping calculation at 22:19079
WARNING: Reached chromosome edge before EHH decayed below 0.01. Skipping calculation at 22:19103
WARNING: Reached chromosome edge before EHH decayed below 0.01. Skipping calculation at 22:19113
WARNING: Reached chromosome edge before EHH decayed below 0.01. Skipping calculation at 22:19124
WARNING: Reached chromosome edge before EHH decayed below 0.01. Skipping calculation at 22:19161
WARNING: Reached chromosome edge before EHH decayed below 0.01. Skipping calculation at 22:19163
WARNING: Reached chromosome edge before EHH decayed below 0.01. Skipping calculation at 22:19162
WARNING: Reached chromosome edge before EHH decayed below 0.01. Skipping calculation at 22:19164
WARNING: Reached chromosome edge before EHH decayed below 0.01. Skipping calculation at 22:19174
WARNING: Reached chromosome edge before EHH decayed below 0.01. Skipping calculation at 22:19204
WARNING: Reached chromosome edge before EHH decayed below 0.01. Skipping calculation at 22:19207
WARNING: Reached chromosome edge before EHH decayed below 0.01. Skipping calculation at 22:19317
WARNING: Reached chromosome edge before EHH decayed below 0.01. Skipping calculation at 22:19263
WARNING: Reached chromosome edge before EHH decayed below 0.01. Skipping calculation at 22:19329
WARNING: Reached chromosome edge before EHH decayed below 0.01. Skipping calculation at 22:19338
WARNING: Reached chromosome edge before EHH decayed below 0.01. Skipping calculation at 22:19358
WARNING: Reached chromosome edge before EHH decayed below 0.01. Skipping calculation at 22:19373
WARNING: Reached chromosome edge before EHH decayed below 0.01. Skipping calculation at 22:19466
WARNING: Reached chromosome edge before EHH decayed below 0.01. Skipping calculation at 22:19634
WARNING: Reached chromosome edge before EHH decayed below 0.01. Skipping calculation at 22:19430
WARNING: Reached chromosome edge before EHH decayed below 0.01. Skipping calculation at 22:19664
WARNING: Reached chromosome edge before EHH decayed below 0.01. Skipping calculation at 22:19741
WARNING: Reached chromosome edge before EHH decayed below 0.01. Skipping calculation at 22:19753
WARNING: Reached chromosome edge before EHH decayed below 0.01. Skipping calculation at 22:20112
WARNING: Reached chromosome edge before EHH decayed below 0.01. Skipping calculation at 22:20113
WARNING: Reached chromosome edge before EHH decayed below 0.01. Skipping calculation at 22:20114
WARNING: Reached chromosome edge before EHH decayed below 0.01. Skipping calculation at 22:20111
WARNING: Reached chromosome edge before EHH decayed below 0.01. Skipping calculation at 22:20115
WARNING: Reached chromosome edge before EHH decayed below 0.01. Skipping calculation at 22:20120
WARNING: Reached chromosome edge before EHH decayed below 0.01. Skipping calculation at 22:20143
WARNING: Reached chromosome edge before EHH decayed below 0.01. Skipping calculation at 22:20144
WARNING: Reached chromosome edge before EHH decayed below 0.01. Skipping calculation at 22:20145
WARNING: Reached chromosome edge before EHH decayed below 0.01. Skipping calculation at 22:20142
WARNING: Reached chromosome edge before EHH decayed below 0.01. Skipping calculation at 22:20231
WARNING: Reached chromosome edge before EHH decayed below 0.01. Skipping calculation at 22:20146
WARNING: Reached chromosome edge before EHH decayed below 0.01. Skipping calculation at 22:20330
WARNING: Reached chromosome edge before EHH decayed below 0.01. Skipping calculation at 22:20354
WARNING: Reached chromosome edge before EHH decayed below 0.01. Skipping calculation at 22:20356
WARNING: Reached chromosome edge before EHH decayed below 0.01. Skipping calculation at 22:20296
WARNING: Reached chromosome edge before EHH decayed below 0.01. Skipping calculation at 22:20368
WARNING: Reached chromosome edge before EHH decayed below 0.01. Skipping calculation at 22:20377
WARNING: Reached chromosome edge before EHH decayed below 0.01. Skipping calculation at 22:20367
WARNING: Reached chromosome edge before EHH decayed below 0.01. Skipping calculation at 22:20393
WARNING: Reached chromosome edge before EHH decayed below 0.01. Skipping calculation at 22:20414
WARNING: Reached chromosome edge before EHH decayed below 0.01. Skipping calculation at 22:20374
WARNING: Reached chromosome edge before EHH decayed below 0.01. Skipping calculation at 22:20628
WARNING: Reached chromosome edge before EHH decayed below 0.01. Skipping calculation at 22:20700
WARNING: Reached chromosome edge before EHH decayed below 0.01. Skipping calculation at 22:20752
WARNING: Reached chromosome edge before EHH decayed below 0.01. Skipping calculation at 22:20784
WARNING: Reached chromosome edge before EHH decayed below 0.01. Skipping calculation at 22:20538
WARNING: Reached chromosome edge before EHH decayed below 0.01. Skipping calculation at 22:20641
WARNING: Reached chromosome edge before EHH decayed below 0.01. Skipping calculation at 22:20789
WARNING: Reached chromosome edge before EHH decayed below 0.01. Skipping calculation at 22:20791
WARNING: Reached chromosome edge before EHH decayed below 0.01. Skipping calculation at 22:20788
WARNING: Reached chromosome edge before EHH decayed below 0.01. Skipping calculation at 22:20873
WARNING: Reached chromosome edge before EHH decayed below 0.01. Skipping calculation at 22:20903
WARNING: Reached chromosome edge before EHH decayed below 0.01. Skipping calculation at 22:20790
WARNING: Reached chromosome edge before EHH decayed below 0.01. Skipping calculation at 22:20976
WARNING: Reached chromosome edge before EHH decayed below 0.01. Skipping calculation at 22:21060
WARNING: Reached chromosome edge before EHH decayed below 0.01. Skipping calculation at 22:20954
WARNING: Reached chromosome edge before EHH decayed below 0.01. Skipping calculation at 22:21065
WARNING: Reached chromosome edge before EHH decayed below 0.01. Skipping calculation at 22:21074
WARNING: Reached chromosome edge before EHH decayed below 0.01. Skipping calculation at 22:21044
WARNING: Reached chromosome edge before EHH decayed below 0.01. Skipping calculation at 22:21131
WARNING: Reached chromosome edge before EHH decayed below 0.01. Skipping calculation at 22:21133
WARNING: Reached chromosome edge before EHH decayed below 0.01. Skipping calculation at 22:21088
WARNING: Reached chromosome edge before EHH decayed below 0.01. Skipping calculation at 22:21154
WARNING: Reached chromosome edge before EHH decayed below 0.01. Skipping calculation at 22:21218
WARNING: Reached chromosome edge before EHH decayed below 0.01. Skipping calculation at 22:21132
WARNING: Reached chromosome edge before EHH decayed below 0.01. Skipping calculation at 22:21306
WARNING: Reached chromosome edge before EHH decayed below 0.01. Skipping calculation at 22:21359
WARNING: Reached chromosome edge before EHH decayed below 0.01. Skipping calculation at 22:21284
WARNING: Reached chromosome edge before EHH decayed below 0.01. Skipping calculation at 22:21391
WARNING: Reached chromosome edge before EHH decayed below 0.01. Skipping calculation at 22:21577
WARNING: Reached chromosome edge before EHH decayed below 0.01. Skipping calculation at 22:21356
WARNING: Reached chromosome edge before EHH decayed below 0.01. Skipping calculation at 22:21579
WARNING: Reached chromosome edge before EHH decayed below 0.01. Skipping calculation at 22:21626
WARNING: Reached chromosome edge before EHH decayed below 0.01. Skipping calculation at 22:21578
WARNING: Reached chromosome edge before EHH decayed below 0.01. Skipping calculation at 22:21647
WARNING: Reached chromosome edge before EHH decayed below 0.01. Skipping calculation at 22:21646
WARNING: Reached chromosome edge before EHH decayed below 0.01. Skipping calculation at 22:21580
WARNING: Reached chromosome edge before EHH decayed below 0.01. Skipping calculation at 22:21772
WARNING: Reached chromosome edge before EHH decayed below 0.01. Skipping calculation at 22:21792
WARNING: Reached chromosome edge before EHH decayed below 0.01. Skipping calculation at 22:21745
WARNING: Reached chromosome edge before EHH decayed below 0.01. Skipping calculation at 22:21823
WARNING: Reached chromosome edge before EHH decayed below 0.01. Skipping calculation at 22:21807
WARNING: Reached chromosome edge before EHH decayed below 0.01. Skipping calculation at 22:21789
WARNING: Reached chromosome edge before EHH decayed below 0.01. Skipping calculation at 22:21843
WARNING: Reached chromosome edge before EHH decayed below 0.01. Skipping calculation at 22:21864
WARNING: Reached chromosome edge before EHH decayed below 0.01. Skipping calculation at 22:21831
WARNING: Reached chromosome edge before EHH decayed below 0.01. Skipping calculation at 22:21869
WARNING: Reached chromosome edge before EHH decayed below 0.01. Skipping calculation at 22:21868
WARNING: Reached chromosome edge before EHH decayed below 0.01. Skipping calculation at 22:21853
WARNING: Reached chromosome edge before EHH decayed below 0.01. Skipping calculation at 22:21876
WARNING: Reached chromosome edge before EHH decayed below 0.01. Skipping calculation at 22:21893
WARNING: Reached chromosome edge before EHH decayed below 0.01. Skipping calculation at 22:21870
WARNING: Reached chromosome edge before EHH decayed below 0.01. Skipping calculation at 22:21911
WARNING: Reached chromosome edge before EHH decayed below 0.01. Skipping calculation at 22:21896
WARNING: Reached chromosome edge before EHH decayed below 0.01. Skipping calculation at 22:21888
WARNING: Reached chromosome edge before EHH decayed below 0.01. Skipping calculation at 22:21956
WARNING: Reached chromosome edge before EHH decayed below 0.01. Skipping calculation at 22:22234
WARNING: Reached chromosome edge before EHH decayed below 0.01. Skipping calculation at 22:21947
WARNING: Reached chromosome edge before EHH decayed below 0.01. Skipping calculation at 22:22365
WARNING: Reached chromosome edge before EHH decayed below 0.01. Skipping calculation at 22:22337
WARNING: Reached chromosome edge before EHH decayed below 0.01. Skipping calculation at 22:22014
WARNING: Reached chromosome edge before EHH decayed below 0.01. Skipping calculation at 22:22409
WARNING: Reached chromosome edge before EHH decayed below 0.01. Skipping calculation at 22:22476
WARNING: Reached chromosome edge before EHH decayed below 0.01. Skipping calculation at 22:22396
WARNING: Reached chromosome edge before EHH decayed below 0.01. Skipping calculation at 22:22479
WARNING: Reached chromosome edge before EHH decayed below 0.01. Skipping calculation at 22:22478
WARNING: Reached chromosome edge before EHH decayed below 0.01. Skipping calculation at 22:22449
WARNING: Reached chromosome edge before EHH decayed below 0.01. Skipping calculation at 22:22481
WARNING: Reached chromosome edge before EHH decayed below 0.01. Skipping calculation at 22:22483
WARNING: Reached chromosome edge before EHH decayed below 0.01. Skipping calculation at 22:22480
WARNING: Reached chromosome edge before EHH decayed below 0.01. Skipping calculation at 22:22629
WARNING: Reached chromosome edge before EHH decayed below 0.01. Skipping calculation at 22:22583
WARNING: Reached chromosome edge before EHH decayed below 0.01. Skipping calculation at 22:22482
WARNING: Reached chromosome edge before EHH decayed below 0.01. Skipping calculation at 22:22756
WARNING: Reached chromosome edge before EHH decayed below 0.01. Skipping calculation at 22:22865
WARNING: Reached chromosome edge before EHH decayed below 0.01. Skipping calculation at 22:22717
WARNING: Reached chromosome edge before EHH decayed below 0.01. Skipping calculation at 22:22894
WARNING: Reached chromosome edge before EHH decayed below 0.01. Skipping calculation at 22:22884
WARNING: Reached chromosome edge before EHH decayed below 0.01. Skipping calculation at 22:22792
WARNING: Reached chromosome edge before EHH decayed below 0.01. Skipping calculation at 22:23066
WARNING: Reached chromosome edge before EHH decayed below 0.01. Skipping calculation at 22:23133
WARNING: Reached chromosome edge before EHH decayed below 0.01. Skipping calculation at 22:22948
WARNING: Reached chromosome edge before EHH decayed below 0.01. Skipping calculation at 22:23186
WARNING: Reached chromosome edge before EHH decayed below 0.01. Skipping calculation at 22:23161
WARNING: Reached chromosome edge before EHH decayed below 0.01. Skipping calculation at 22:23084
WARNING: Reached chromosome edge before EHH decayed below 0.01. Skipping calculation at 22:23214
WARNING: Reached chromosome edge before EHH decayed below 0.01. Skipping calculation at 22:23225
WARNING: Reached chromosome edge before EHH decayed below 0.01. Skipping calculation at 22:23201
WARNING: Reached chromosome edge before EHH decayed below 0.01. Skipping calculation at 22:23356
WARNING: Reached chromosome edge before EHH decayed below 0.01. Skipping calculation at 22:23234
WARNING: Reached chromosome edge before EHH decayed below 0.01. Skipping calculation at 22:23216
WARNING: Reached chromosome edge before EHH decayed below 0.01. Skipping calculation at 22:23507
WARNING: Reached chromosome edge before EHH decayed below 0.01. Skipping calculation at 22:23533
WARNING: Reached chromosome edge before EHH decayed below 0.01. Skipping calculation at 22:23391
WARNING: Reached chromosome edge before EHH decayed below 0.01. Skipping calculation at 22:23535
WARNING: Reached chromosome edge before EHH decayed below 0.01. Skipping calculation at 22:23534
WARNING: Reached chromosome edge before EHH decayed below 0.01. Skipping calculation at 22:23532
WARNING: Reached chromosome edge before EHH decayed below 0.01. Skipping calculation at 22:23537
WARNING: Reached chromosome edge before EHH decayed below 0.01. Skipping calculation at 22:23539
WARNING: Reached chromosome edge before EHH decayed below 0.01. Skipping calculation at 22:23536
WARNING: Reached chromosome edge before EHH decayed below 0.01. Skipping calculation at 22:23629
WARNING: Reached chromosome edge before EHH decayed below 0.01. Skipping calculation at 22:23575
WARNING: Reached chromosome edge before EHH decayed below 0.01. Skipping calculation at 22:23538
WARNING: Reached chromosome edge before EHH decayed below 0.01. Skipping calculation at 22:23830
WARNING: Reached chromosome edge before EHH decayed below 0.01. Skipping calculation at 22:23880
WARNING: Reached chromosome edge before EHH decayed below 0.01. Skipping calculation at 22:23740
WARNING: Reached chromosome edge before EHH decayed below 0.01. Skipping calculation at 22:23898
WARNING: Reached chromosome edge before EHH decayed below 0.01. Skipping calculation at 22:23894
WARNING: Reached chromosome edge before EHH decayed below 0.01. Skipping calculation at 22:23834
WARNING: Reached chromosome edge before EHH decayed below 0.01. Skipping calculation at 22:23963
WARNING: Reached chromosome edge before EHH decayed below 0.01. Skipping calculation at 22:24024
WARNING: Reached chromosome edge before EHH decayed below 0.01. Skipping calculation at 22:23935
WARNING: Reached chromosome edge before EHH decayed below 0.01. Skipping calculation at 22:24161
WARNING: Reached chromosome edge before EHH decayed below 0.01. Skipping calculation at 22:24130
WARNING: Reached chromosome edge before EHH decayed below 0.01. Skipping calculation at 22:23964
WARNING: Reached chromosome edge before EHH decayed below 0.01. Skipping calculation at 22:24244
WARNING: Reached chromosome edge before EHH decayed below 0.01. Skipping calculation at 22:24315
WARNING: Reached chromosome edge before EHH decayed below 0.01. Skipping calculation at 22:24242
WARNING: Reached chromosome edge before EHH decayed below 0.01. Skipping calculation at 22:24460
WARNING: Reached chromosome edge before EHH decayed below 0.01. Skipping calculation at 22:24449
WARNING: Reached chromosome edge before EHH decayed below 0.01. Skipping calculation at 22:24265
WARNING: Reached chromosome edge before EHH decayed below 0.01. Skipping calculation at 22:24525
WARNING: Reached chromosome edge before EHH decayed below 0.01. Skipping calculation at 22:24538
WARNING: Reached chromosome edge before EHH decayed below 0.01. Skipping calculation at 22:24509
WARNING: Reached chromosome edge before EHH decayed below 0.01. Skipping calculation at 22:24634
WARNING: Reached chromosome edge before EHH decayed below 0.01. Skipping calculation at 22:24620
WARNING: Reached chromosome edge before EHH decayed below 0.01. Skipping calculation at 22:24532
WARNING: Reached chromosome edge before EHH decayed below 0.01. Skipping calculation at 22:24653
WARNING: Reached chromosome edge before EHH decayed below 0.01. Skipping calculation at 22:24724
WARNING: Reached chromosome edge before EHH decayed below 0.01. Skipping calculation at 22:24635
WARNING: Reached chromosome edge before EHH decayed below 0.01. Skipping calculation at 22:24768
WARNING: Reached chromosome edge before EHH decayed below 0.01. Skipping calculation at 22:24731
WARNING: Reached chromosome edge before EHH decayed below 0.01. Skipping calculation at 22:24715
WARNING: Reached chromosome edge before EHH decayed below 0.01. Skipping calculation at 22:24877
WARNING: Reached chromosome edge before EHH decayed below 0.01. Skipping calculation at 22:24923
WARNING: Reached chromosome edge before EHH decayed below 0.01. Skipping calculation at 22:24840
WARNING: Reached chromosome edge before EHH decayed below 0.01. Skipping calculation at 22:24939
WARNING: Reached chromosome edge before EHH decayed below 0.01. Skipping calculation at 22:24936
WARNING: Reached chromosome edge before EHH decayed below 0.01. Skipping calculation at 22:24912
WARNING: Reached chromosome edge before EHH decayed below 0.01. Skipping calculation at 22:24954
WARNING: Reached chromosome edge before EHH decayed below 0.01. Skipping calculation at 22:25123
WARNING: Reached chromosome edge before EHH decayed below 0.01. Skipping calculation at 22:24940
WARNING: Reached chromosome edge before EHH decayed below 0.01. Skipping calculation at 22:25155
WARNING: Reached chromosome edge before EHH decayed below 0.01. Skipping calculation at 22:25138
WARNING: Reached chromosome edge before EHH decayed below 0.01. Skipping calculation at 22:24977
WARNING: Reached chromosome edge before EHH decayed below 0.01. Skipping calculation at 22:25181
WARNING: Reached chromosome edge before EHH decayed below 0.01. Skipping calculation at 22:25167
WARNING: Reached chromosome edge before EHH decayed below 0.01. Skipping calculation at 22:25235
WARNING: Reached chromosome edge before EHH decayed below 0.01. Skipping calculation at 22:25314
WARNING: Reached chromosome edge before EHH decayed below 0.01. Skipping calculation at 22:25254
WARNING: Reached chromosome edge before EHH decayed below 0.01. Skipping calculation at 22:25190
WARNING: Reached chromosome edge before EHH decayed below 0.01. Skipping calculation at 22:25364
WARNING: Reached chromosome edge before EHH decayed below 0.01. Skipping calculation at 22:25317
WARNING: Reached chromosome edge before EHH decayed below 0.01. Skipping calculation at 22:25415
WARNING: Reached chromosome edge before EHH decayed below 0.01. Skipping calculation at 22:25526
WARNING: Reached chromosome edge before EHH decayed below 0.01. Skipping calculation at 22:25504
WARNING: Reached chromosome edge before EHH decayed below 0.01. Skipping calculation at 22:25387
WARNING: Reached chromosome edge before EHH decayed below 0.01. Skipping calculation at 22:25579
WARNING: Reached chromosome edge before EHH decayed below 0.01. Skipping calculation at 22:25550
WARNING: Reached chromosome edge before EHH decayed below 0.01. Skipping calculation at 22:25628
WARNING: Reached chromosome edge before EHH decayed below 0.01. Skipping calculation at 22:25706
WARNING: Reached chromosome edge before EHH decayed below 0.01. Skipping calculation at 22:25705
WARNING: Reached chromosome edge before EHH decayed below 0.01. Skipping calculation at 22:25613
WARNING: Reached chromosome edge before EHH decayed below 0.01. Skipping calculation at 22:25841
WARNING: Reached chromosome edge before EHH decayed below 0.01. Skipping calculation at 22:25803
WARNING: Reached chromosome edge before EHH decayed below 0.01. Skipping calculation at 22:25714
WARNING: Reached chromosome edge before EHH decayed below 0.01. Skipping calculation at 22:25843
WARNING: Reached chromosome edge before EHH decayed below 0.01. Skipping calculation at 22:25842
WARNING: Reached chromosome edge before EHH decayed below 0.01. Skipping calculation at 22:25804
WARNING: Reached chromosome edge before EHH decayed below 0.01. Skipping calculation at 22:26240
WARNING: Reached chromosome edge before EHH decayed below 0.01. Skipping calculation at 22:25844
WARNING: Reached chromosome edge before EHH decayed below 0.01. Skipping calculation at 22:25850
WARNING: Reached chromosome edge before EHH decayed below 0.01. Skipping calculation at 22:26300
WARNING: Reached chromosome edge before EHH decayed below 0.01. Skipping calculation at 22:26204
WARNING: Reached chromosome edge before EHH decayed below 0.01. Skipping calculation at 22:26311
WARNING: Reached chromosome edge before EHH decayed below 0.01. Skipping calculation at 22:26694
WARNING: Reached chromosome edge before EHH decayed below 0.01. Skipping calculation at 22:26484
WARNING: Reached chromosome edge before EHH decayed below 0.01. Skipping calculation at 22:26618
WARNING: Reached chromosome edge before EHH decayed below 0.01. Skipping calculation at 22:26712
WARNING: Reached chromosome edge before EHH decayed below 0.01. Skipping calculation at 22:26523
WARNING: Reached chromosome edge before EHH decayed below 0.01. Skipping calculation at 22:26713
WARNING: Reached chromosome edge before EHH decayed below 0.01. Skipping calculation at 22:26772
WARNING: Reached chromosome edge before EHH decayed below 0.01. Skipping calculation at 22:26755
WARNING: Reached chromosome edge before EHH decayed below 0.01. Skipping calculation at 22:26768
WARNING: Reached chromosome edge before EHH decayed below 0.01. Skipping calculation at 22:26777
WARNING: Reached chromosome edge before EHH decayed below 0.01. Skipping calculation at 22:26805
WARNING: Reached chromosome edge before EHH decayed below 0.01. Skipping calculation at 22:26756
WARNING: Reached chromosome edge before EHH decayed below 0.01. Skipping calculation at 22:27201
WARNING: Reached chromosome edge before EHH decayed below 0.01. Skipping calculation at 22:26924
WARNING: Reached chromosome edge before EHH decayed below 0.01. Skipping calculation at 22:27019
WARNING: Reached chromosome edge before EHH decayed below 0.01. Skipping calculation at 22:27202
WARNING: Reached chromosome edge before EHH decayed below 0.01. Skipping calculation at 22:27203
WARNING: Reached chromosome edge before EHH decayed below 0.01. Skipping calculation at 22:27209
WARNING: Reached chromosome edge before EHH decayed below 0.01. Skipping calculation at 22:27205
WARNING: Reached chromosome edge before EHH decayed below 0.01. Skipping calculation at 22:26978
WARNING: Reached chromosome edge before EHH decayed below 0.01. Skipping calculation at 22:27207
WARNING: Reached chromosome edge before EHH decayed below 0.01. Skipping calculation at 22:27210
WARNING: Reached chromosome edge before EHH decayed below 0.01. Skipping calculation at 22:27211
WARNING: Reached chromosome edge before EHH decayed below 0.01. Skipping calculation at 22:27346
WARNING: Reached chromosome edge before EHH decayed below 0.01. Skipping calculation at 22:27227
WARNING: Reached chromosome edge before EHH decayed below 0.01. Skipping calculation at 22:27327
WARNING: Reached chromosome edge before EHH decayed below 0.01. Skipping calculation at 22:27347
WARNING: Reached chromosome edge before EHH decayed below 0.01. Skipping calculation at 22:27206
WARNING: Reached chromosome edge before EHH decayed below 0.01. Skipping calculation at 22:27365
WARNING: Reached chromosome edge before EHH decayed below 0.01. Skipping calculation at 22:27361
WARNING: Reached chromosome edge before EHH decayed below 0.01. Skipping calculation at 22:27359
WARNING: Reached chromosome edge before EHH decayed below 0.01. Skipping calculation at 22:27364
WARNING: Reached chromosome edge before EHH decayed below 0.01. Skipping calculation at 22:27367
WARNING: Reached chromosome edge before EHH decayed below 0.01. Skipping calculation at 22:27257
WARNING: Reached chromosome edge before EHH decayed below 0.01. Skipping calculation at 22:27561
WARNING: Reached chromosome edge before EHH decayed below 0.01. Skipping calculation at 22:27386
WARNING: Reached chromosome edge before EHH decayed below 0.01. Skipping calculation at 22:27519
WARNING: Reached chromosome edge before EHH decayed below 0.01. Skipping calculation at 22:27590
WARNING: Reached chromosome edge before EHH decayed below 0.01. Skipping calculation at 22:27379
WARNING: Reached chromosome edge before EHH decayed below 0.01. Skipping calculation at 22:27362
WARNING: Reached chromosome edge before EHH decayed below 0.01. Skipping calculation at 22:27652
WARNING: Reached chromosome edge before EHH decayed below 0.01. Skipping calculation at 22:27697
WARNING: Reached chromosome edge before EHH decayed below 0.01. Skipping calculation at 22:27684
WARNING: Reached chromosome edge before EHH decayed below 0.01. Skipping calculation at 22:27619
WARNING: Reached chromosome edge before EHH decayed below 0.01. Skipping calculation at 22:27728
WARNING: Reached chromosome edge before EHH decayed below 0.01. Skipping calculation at 22:27479
WARNING: Reached chromosome edge before EHH decayed below 0.01. Skipping calculation at 22:27842
WARNING: Reached chromosome edge before EHH decayed below 0.01. Skipping calculation at 22:27764
WARNING: Reached chromosome edge before EHH decayed below 0.01. Skipping calculation at 22:27821
WARNING: Reached chromosome edge before EHH decayed below 0.01. Skipping calculation at 22:27860
WARNING: Reached chromosome edge before EHH decayed below 0.01. Skipping calculation at 22:27763
WARNING: Reached chromosome edge before EHH decayed below 0.01. Skipping calculation at 22:27663
WARNING: Reached chromosome edge before EHH decayed below 0.01. Skipping calculation at 22:27878
WARNING: Reached chromosome edge before EHH decayed below 0.01. Skipping calculation at 22:28111
WARNING: Reached chromosome edge before EHH decayed below 0.01. Skipping calculation at 22:27957
WARNING: Reached chromosome edge before EHH decayed below 0.01. Skipping calculation at 22:27874
WARNING: Reached chromosome edge before EHH decayed below 0.01. Skipping calculation at 22:28155
WARNING: Reached chromosome edge before EHH decayed below 0.01. Skipping calculation at 22:27798
WARNING: Reached chromosome edge before EHH decayed below 0.01. Skipping calculation at 22:28336
WARNING: Reached chromosome edge before EHH decayed below 0.01. Skipping calculation at 22:28484
WARNING: Reached chromosome edge before EHH decayed below 0.01. Skipping calculation at 22:28444
WARNING: Reached chromosome edge before EHH decayed below 0.01. Skipping calculation at 22:28332
WARNING: Reached chromosome edge before EHH decayed below 0.01. Skipping calculation at 22:28522
WARNING: Reached chromosome edge before EHH decayed below 0.01. Skipping calculation at 22:27900
WARNING: Reached chromosome edge before EHH decayed below 0.01. Skipping calculation at 22:28663
WARNING: Reached chromosome edge before EHH decayed below 0.01. Skipping calculation at 22:28554
WARNING: Reached chromosome edge before EHH decayed below 0.01. Skipping calculation at 22:28551
WARNING: Reached chromosome edge before EHH decayed below 0.01. Skipping calculation at 22:28652
WARNING: Reached chromosome edge before EHH decayed below 0.01. Skipping calculation at 22:28676
WARNING: Reached chromosome edge before EHH decayed below 0.01. Skipping calculation at 22:28395
WARNING: Reached chromosome edge before EHH decayed below 0.01. Skipping calculation at 22:28808
WARNING: Reached chromosome edge before EHH decayed below 0.01. Skipping calculation at 22:28786
WARNING: Reached chromosome edge before EHH decayed below 0.01. Skipping calculation at 22:28804
WARNING: Reached chromosome edge before EHH decayed below 0.01. Skipping calculation at 22:28774
WARNING: Reached chromosome edge before EHH decayed below 0.01. Skipping calculation at 22:28907
WARNING: Reached chromosome edge before EHH decayed below 0.01. Skipping calculation at 22:28601
WARNING: Reached chromosome edge before EHH decayed below 0.01. Skipping calculation at 22:29162
WARNING: Reached chromosome edge before EHH decayed below 0.01. Skipping calculation at 22:28914
WARNING: Reached chromosome edge before EHH decayed below 0.01. Skipping calculation at 22:28908
WARNING: Reached chromosome edge before EHH decayed below 0.01. Skipping calculation at 22:28931
WARNING: Reached chromosome edge before EHH decayed below 0.01. Skipping calculation at 22:28789
WARNING: Reached chromosome edge before EHH decayed below 0.01. Skipping calculation at 22:29249
WARNING: Reached chromosome edge before EHH decayed below 0.01. Skipping calculation at 22:29372
WARNING: Reached chromosome edge before EHH decayed below 0.01. Skipping calculation at 22:29331
WARNING: Reached chromosome edge before EHH decayed below 0.01. Skipping calculation at 22:29304
WARNING: Reached chromosome edge before EHH decayed below 0.01. Skipping calculation at 22:29350
WARNING: Reached chromosome edge before EHH decayed below 0.01. Skipping calculation at 22:28924
WARNING: Reached chromosome edge before EHH decayed below 0.01. Skipping calculation at 22:29437
WARNING: Reached chromosome edge before EHH decayed below 0.01. Skipping calculation at 22:29657
WARNING: Reached chromosome edge before EHH decayed below 0.01. Skipping calculation at 22:29498
WARNING: Reached chromosome edge before EHH decayed below 0.01. Skipping calculation at 22:29456
WARNING: Reached chromosome edge before EHH decayed below 0.01. Skipping calculation at 22:29547
WARNING: Reached chromosome edge before EHH decayed below 0.01. Skipping calculation at 22:29348
WARNING: Reached chromosome edge before EHH decayed below 0.01. Skipping calculation at 22:29658
WARNING: Reached chromosome edge before EHH decayed below 0.01. Skipping calculation at 22:29795
WARNING: Reached chromosome edge before EHH decayed below 0.01. Skipping calculation at 22:29960
WARNING: Reached chromosome edge before EHH decayed below 0.01. Skipping calculation at 22:29698
WARNING: Reached chromosome edge before EHH decayed below 0.01. Skipping calculation at 22:29915
WARNING: Reached chromosome edge before EHH decayed below 0.01. Skipping calculation at 22:29525
WARNING: Reached chromosome edge before EHH decayed below 0.01. Skipping calculation at 22:29974
WARNING: Reached chromosome edge before EHH decayed below 0.01. Skipping calculation at 22:30049
WARNING: Reached chromosome edge before EHH decayed below 0.01. Skipping calculation at 22:30101
WARNING: Reached chromosome edge before EHH decayed below 0.01. Skipping calculation at 22:30021
WARNING: Reached chromosome edge before EHH decayed below 0.01. Skipping calculation at 22:29908
WARNING: Reached chromosome edge before EHH decayed below 0.01. Skipping calculation at 22:30093
WARNING: Reached chromosome edge before EHH decayed below 0.01. Skipping calculation at 22:30136
WARNING: Reached chromosome edge before EHH decayed below 0.01. Skipping calculation at 22:30145
WARNING: Reached chromosome edge before EHH decayed below 0.01. Skipping calculation at 22:30177
WARNING: Reached chromosome edge before EHH decayed below 0.01. Skipping calculation at 22:30066
WARNING: Reached chromosome edge before EHH decayed below 0.01. Skipping calculation at 22:30174
WARNING: Reached chromosome edge before EHH decayed below 0.01. Skipping calculation at 22:30138
WARNING: Reached chromosome edge before EHH decayed below 0.01. Skipping calculation at 22:30191
WARNING: Reached chromosome edge before EHH decayed below 0.01. Skipping calculation at 22:30288
WARNING: Reached chromosome edge before EHH decayed below 0.01. Skipping calculation at 22:30364
WARNING: Reached chromosome edge before EHH decayed below 0.01. Skipping calculation at 22:30158
WARNING: Reached chromosome edge before EHH decayed below 0.01. Skipping calculation at 22:30332
WARNING: Reached chromosome edge before EHH decayed below 0.01. Skipping calculation at 22:30250
WARNING: Reached chromosome edge before EHH decayed below 0.01. Skipping calculation at 22:30371
WARNING: Reached chromosome edge before EHH decayed below 0.01. Skipping calculation at 22:30401
WARNING: Reached chromosome edge before EHH decayed below 0.01. Skipping calculation at 22:30415
WARNING: Reached chromosome edge before EHH decayed below 0.01. Skipping calculation at 22:30295
WARNING: Reached chromosome edge before EHH decayed below 0.01. Skipping calculation at 22:30414
WARNING: Reached chromosome edge before EHH decayed below 0.01. Skipping calculation at 22:30388
WARNING: Reached chromosome edge before EHH decayed below 0.01. Skipping calculation at 22:30423
WARNING: Reached chromosome edge before EHH decayed below 0.01. Skipping calculation at 22:30462
WARNING: Reached chromosome edge before EHH decayed below 0.01. Skipping calculation at 22:30487
WARNING: Reached chromosome edge before EHH decayed below 0.01. Skipping calculation at 22:30402
WARNING: Reached chromosome edge before EHH decayed below 0.01. Skipping calculation at 22:30472
WARNING: Reached chromosome edge before EHH decayed below 0.01. Skipping calculation at 22:30438
WARNING: Reached chromosome edge before EHH decayed below 0.01. Skipping calculation at 22:30546
WARNING: Reached chromosome edge before EHH decayed below 0.01. Skipping calculation at 22:30557
WARNING: Reached chromosome edge before EHH decayed below 0.01. Skipping calculation at 22:30768
WARNING: Reached chromosome edge before EHH decayed below 0.01. Skipping calculation at 22:30470
WARNING: Reached chromosome edge before EHH decayed below 0.01. Skipping calculation at 22:30754
WARNING: Reached chromosome edge before EHH decayed below 0.01. Skipping calculation at 22:30555
WARNING: Reached chromosome edge before EHH decayed below 0.01. Skipping calculation at 22:30769
WARNING: Reached chromosome edge before EHH decayed below 0.01. Skipping calculation at 22:30814
WARNING: Reached chromosome edge before EHH decayed below 0.01. Skipping calculation at 22:31010
WARNING: Reached chromosome edge before EHH decayed below 0.01. Skipping calculation at 22:31008
WARNING: Reached chromosome edge before EHH decayed below 0.01. Skipping calculation at 22:30724
WARNING: Reached chromosome edge before EHH decayed below 0.01. Skipping calculation at 22:30790
WARNING: Reached chromosome edge before EHH decayed below 0.01. Skipping calculation at 22:31058
WARNING: Reached chromosome edge before EHH decayed below 0.01. Skipping calculation at 22:31250
WARNING: Reached chromosome edge before EHH decayed below 0.01. Skipping calculation at 22:30994
WARNING: Reached chromosome edge before EHH decayed below 0.01. Skipping calculation at 22:31480
WARNING: Reached chromosome edge before EHH decayed below 0.01. Skipping calculation at 22:31458
WARNING: Reached chromosome edge before EHH decayed below 0.01. Skipping calculation at 22:31135
WARNING: Reached chromosome edge before EHH decayed below 0.01. Skipping calculation at 22:31485
WARNING: Reached chromosome edge before EHH decayed below 0.01. Skipping calculation at 22:31251
WARNING: Reached chromosome edge before EHH decayed below 0.01. Skipping calculation at 22:60765340
WARNING: Reached chromosome edge before EHH decayed below 0.01. Skipping calculation at 22:60765429
WARNING: Reached chromosome edge before EHH decayed below 0.01. Skipping calculation at 22:60765556
WARNING: Reached chromosome edge before EHH decayed below 0.01. Skipping calculation at 22:60765641
WARNING: Reached chromosome edge before EHH decayed below 0.01. Skipping calculation at 22:60765759
WARNING: Reached chromosome edge before EHH decayed below 0.01. Skipping calculation at 22:60765812
WARNING: Reached chromosome edge before EHH decayed below 0.01. Skipping calculation at 22:60765843
WARNING: Reached chromosome edge before EHH decayed below 0.01. Skipping calculation at 22:60766155
WARNING: Reached chromosome edge before EHH decayed below 0.01. Skipping calculation at 22:60766273
WARNING: Reached chromosome edge before EHH decayed below 0.01. Skipping calculation at 22:60766337
WARNING: Reached chromosome edge before EHH decayed below 0.01. Skipping calculation at 22:60766474
WARNING: Reached chromosome edge before EHH decayed below 0.01. Skipping calculation at 22:60766619
WARNING: Reached chromosome edge before EHH decayed below 0.01. Skipping calculation at 22:60766698
WARNING: Reached chromosome edge before EHH decayed below 0.01. Skipping calculation at 22:60768859
WARNING: Reached chromosome edge before EHH decayed below 0.01. Skipping calculation at 22:60769369
WARNING: Reached chromosome edge before EHH decayed below 0.01. Skipping calculation at 22:60765318
WARNING: Reached chromosome edge before EHH decayed below 0.01. Skipping calculation at 22:60765352
WARNING: Reached chromosome edge before EHH decayed below 0.01. Skipping calculation at 22:60765474
WARNING: Reached chromosome edge before EHH decayed below 0.01. Skipping calculation at 22:60765576
WARNING: Reached chromosome edge before EHH decayed below 0.01. Skipping calculation at 22:60765644
WARNING: Reached chromosome edge before EHH decayed below 0.01. Skipping calculation at 22:60765775
WARNING: Reached chromosome edge before EHH decayed below 0.01. Skipping calculation at 22:60765819
WARNING: Reached chromosome edge before EHH decayed below 0.01. Skipping calculation at 22:60765884
WARNING: Reached chromosome edge before EHH decayed below 0.01. Skipping calculation at 22:60766236
WARNING: Reached chromosome edge before EHH decayed below 0.01. Skipping calculation at 22:60766324
WARNING: Reached chromosome edge before EHH decayed below 0.01. Skipping calculation at 22:60766341
WARNING: Reached chromosome edge before EHH decayed below 0.01. Skipping calculation at 22:60766497
WARNING: Reached chromosome edge before EHH decayed below 0.01. Skipping calculation at 22:60766633
WARNING: Reached chromosome edge before EHH decayed below 0.01. Skipping calculation at 22:60766717
WARNING: Reached chromosome edge before EHH decayed below 0.01. Skipping calculation at 22:60769329
WARNING: Reached chromosome edge before EHH decayed below 0.01. Skipping calculation at 22:60769384
WARNING: Reached chromosome edge before EHH decayed below 0.01. Skipping calculation at 22:60765328
WARNING: Reached chromosome edge before EHH decayed below 0.01. Skipping calculation at 22:60765368
WARNING: Reached chromosome edge before EHH decayed below 0.01. Skipping calculation at 22:60765476
WARNING: Reached chromosome edge before EHH decayed below 0.01. Skipping calculation at 22:60765580
WARNING: Reached chromosome edge before EHH decayed below 0.01. Skipping calculation at 22:60765647
WARNING: Reached chromosome edge before EHH decayed below 0.01. Skipping calculation at 22:60765787
WARNING: Reached chromosome edge before EHH decayed below 0.01. Skipping calculation at 22:60765827
WARNING: Reached chromosome edge before EHH decayed below 0.01. Skipping calculation at 22:60765890
WARNING: Reached chromosome edge before EHH decayed below 0.01. Skipping calculation at 22:60766240
WARNING: Reached chromosome edge before EHH decayed below 0.01. Skipping calculation at 22:60766334
WARNING: Reached chromosome edge before EHH decayed below 0.01. Skipping calculation at 22:60766342
WARNING: Reached chromosome edge before EHH decayed below 0.01. Skipping calculation at 22:60766564
WARNING: Reached chromosome edge before EHH decayed below 0.01. Skipping calculation at 22:60766658
WARNING: Reached chromosome edge before EHH decayed below 0.01. Skipping calculation at 22:60766735
WARNING: Reached chromosome edge before EHH decayed below 0.01. Skipping calculation at 22:60769343
WARNING: Reached chromosome edge before EHH decayed below 0.01. Skipping calculation at 22:60765303
WARNING: Reached chromosome edge before EHH decayed below 0.01. Skipping calculation at 22:60765343
WARNING: Reached chromosome edge before EHH decayed below 0.01. Skipping calculation at 22:60765431
WARNING: Reached chromosome edge before EHH decayed below 0.01. Skipping calculation at 22:60765571
WARNING: Reached chromosome edge before EHH decayed below 0.01. Skipping calculation at 22:60765642
WARNING: Reached chromosome edge before EHH decayed below 0.01. Skipping calculation at 22:60765766
WARNING: Reached chromosome edge before EHH decayed below 0.01. Skipping calculation at 22:60765814
WARNING: Reached chromosome edge before EHH decayed below 0.01. Skipping calculation at 22:60765857
WARNING: Reached chromosome edge before EHH decayed below 0.01. Skipping calculation at 22:60766162
WARNING: Reached chromosome edge before EHH decayed below 0.01. Skipping calculation at 22:60766290
WARNING: Reached chromosome edge before EHH decayed below 0.01. Skipping calculation at 22:60766338
WARNING: Reached chromosome edge before EHH decayed below 0.01. Skipping calculation at 22:60766489
WARNING: Reached chromosome edge before EHH decayed below 0.01. Skipping calculation at 22:60766620
WARNING: Reached chromosome edge before EHH decayed below 0.01. Skipping calculation at 22:60766704
WARNING: Reached chromosome edge before EHH decayed below 0.01. Skipping calculation at 22:60769324
WARNING: Reached chromosome edge before EHH decayed below 0.01. Skipping calculation at 22:60769380
WARNING: Reached chromosome edge before EHH decayed below 0.01. Skipping calculation at 22:60765335
WARNING: Reached chromosome edge before EHH decayed below 0.01. Skipping calculation at 22:60765374
WARNING: Reached chromosome edge before EHH decayed below 0.01. Skipping calculation at 22:60765514
WARNING: Reached chromosome edge before EHH decayed below 0.01. Skipping calculation at 22:60765588
WARNING: Reached chromosome edge before EHH decayed below 0.01. Skipping calculation at 22:60765703
WARNING: Reached chromosome edge before EHH decayed below 0.01. Skipping calculation at 22:60765799
WARNING: Reached chromosome edge before EHH decayed below 0.01. Skipping calculation at 22:60765834
WARNING: Reached chromosome edge before EHH decayed below 0.01. Skipping calculation at 22:60765896
WARNING: Reached chromosome edge before EHH decayed below 0.01. Skipping calculation at 22:60766262
WARNING: Reached chromosome edge before EHH decayed below 0.01. Skipping calculation at 22:60766335
WARNING: Reached chromosome edge before EHH decayed below 0.01. Skipping calculation at 22:60766389
WARNING: Reached chromosome edge before EHH decayed below 0.01. Skipping calculation at 22:60766581
WARNING: Reached chromosome edge before EHH decayed below 0.01. Skipping calculation at 22:60766672
WARNING: Reached chromosome edge before EHH decayed below 0.01. Skipping calculation at 22:60766737
WARNING: Reached chromosome edge before EHH decayed below 0.01. Skipping calculation at 22:60769362
WARNING: Reached chromosome edge before EHH decayed below 0.01. Skipping calculation at 22:60765338
WARNING: Reached chromosome edge before EHH decayed below 0.01. Skipping calculation at 22:60765389
WARNING: Reached chromosome edge before EHH decayed below 0.01. Skipping calculation at 22:60765555
WARNING: Reached chromosome edge before EHH decayed below 0.01. Skipping calculation at 22:60765630
WARNING: Reached chromosome edge before EHH decayed below 0.01. Skipping calculation at 22:60765731
WARNING: Reached chromosome edge before EHH decayed below 0.01. Skipping calculation at 22:60765805
WARNING: Reached chromosome edge before EHH decayed below 0.01. Skipping calculation at 22:60765841
WARNING: Reached chromosome edge before EHH decayed below 0.01. Skipping calculation at 22:60765968
WARNING: Reached chromosome edge before EHH decayed below 0.01. Skipping calculation at 22:60766271
WARNING: Reached chromosome edge before EHH decayed below 0.01. Skipping calculation at 22:60766336
WARNING: Reached chromosome edge before EHH decayed below 0.01. Skipping calculation at 22:60766467
WARNING: Reached chromosome edge before EHH decayed below 0.01. Skipping calculation at 22:60766593
WARNING: Reached chromosome edge before EHH decayed below 0.01. Skipping calculation at 22:60766678
WARNING: Reached chromosome edge before EHH decayed below 0.01. Skipping calculation at 22:60766760
WARNING: Reached chromosome edge before EHH decayed below 0.01. Skipping calculation at 22:60769363
