/stor9000/apps/users/NWSUAF/2013110098/bin/selscan-master/src/selscan --xpehh --vcf Gelbvieh.chr29.vcf --vcf-ref DN.chr29.vcf --map chr29.map --cutoff 0.01 --out DN_Gelbvieh.29.xpehh --threads 6 
v1.1.0b
Calculating XP-EHH.
Input filename: Gelbvieh.chr29.vcf
Reference input filename: DN.chr29.vcf
Map filename: chr29.map
Output file: DN_Gelbvieh.29.xpehh.xpehh.out
Threads: 6
Scale parameter: 20000
Max gap parameter: 200000
EHH cutoff value: 0.01
Alt flag set: no
WARNING: Reached chromosome edge before EHH decayed below 0.01. Skipping calculation at 29:20587
WARNING: Reached chromosome edge before EHH decayed below 0.01. Skipping calculation at 29:20612
WARNING: Reached chromosome edge before EHH decayed below 0.01. Skipping calculation at 29:20634
WARNING: Reached chromosome edge before EHH decayed below 0.01. Skipping calculation at 29:20758
WARNING: Reached chromosome edge before EHH decayed below 0.01. Skipping calculation at 29:20757
WARNING: Reached chromosome edge before EHH decayed below 0.01. Skipping calculation at 29:9857
WARNING: Reached chromosome edge before EHH decayed below 0.01. Skipping calculation at 29:20981
WARNING: Reached chromosome edge before EHH decayed below 0.01. Skipping calculation at 29:21120
WARNING: Reached chromosome edge before EHH decayed below 0.01. Skipping calculation at 29:20831
WARNING: Reached chromosome edge before EHH decayed below 0.01. Skipping calculation at 29:21124
WARNING: Reached chromosome edge before EHH decayed below 0.01. Skipping calculation at 29:27095
WARNING: Reached chromosome edge before EHH decayed below 0.01. Skipping calculation at 29:27100
WARNING: Reached chromosome edge before EHH decayed below 0.01. Skipping calculation at 29:27139
WARNING: Reached chromosome edge before EHH decayed below 0.01. Skipping calculation at 29:27109
WARNING: Reached chromosome edge before EHH decayed below 0.01. Skipping calculation at 29:27208
WARNING: Reached chromosome edge before EHH decayed below 0.01. Skipping calculation at 29:27271
WARNING: Reached chromosome edge before EHH decayed below 0.01. Skipping calculation at 29:27339
WARNING: Reached chromosome edge before EHH decayed below 0.01. Skipping calculation at 29:27357
WARNING: Reached chromosome edge before EHH decayed below 0.01. Skipping calculation at 29:27360
WARNING: Reached chromosome edge before EHH decayed below 0.01. Skipping calculation at 29:27392
WARNING: Reached chromosome edge before EHH decayed below 0.01. Skipping calculation at 29:27433
WARNING: Reached chromosome edge before EHH decayed below 0.01. Skipping calculation at 29:27463
WARNING: Reached chromosome edge before EHH decayed below 0.01. Skipping calculation at 29:27505
WARNING: Reached chromosome edge before EHH decayed below 0.01. Skipping calculation at 29:27520
WARNING: Reached chromosome edge before EHH decayed below 0.01. Skipping calculation at 29:27526
WARNING: Reached chromosome edge before EHH decayed below 0.01. Skipping calculation at 29:27530
WARNING: Reached chromosome edge before EHH decayed below 0.01. Skipping calculation at 29:27573
WARNING: Reached chromosome edge before EHH decayed below 0.01. Skipping calculation at 29:27577
WARNING: Reached chromosome edge before EHH decayed below 0.01. Skipping calculation at 29:27585
WARNING: Reached chromosome edge before EHH decayed below 0.01. Skipping calculation at 29:27586
WARNING: Reached chromosome edge before EHH decayed below 0.01. Skipping calculation at 29:27619
WARNING: Reached chromosome edge before EHH decayed below 0.01. Skipping calculation at 29:27631
WARNING: Reached chromosome edge before EHH decayed below 0.01. Skipping calculation at 29:27639
WARNING: Reached chromosome edge before EHH decayed below 0.01. Skipping calculation at 29:27659
WARNING: Reached chromosome edge before EHH decayed below 0.01. Skipping calculation at 29:27669
WARNING: Reached chromosome edge before EHH decayed below 0.01. Skipping calculation at 29:27670
WARNING: Reached chromosome edge before EHH decayed below 0.01. Skipping calculation at 29:27682
WARNING: Reached chromosome edge before EHH decayed below 0.01. Skipping calculation at 29:27727
WARNING: Reached chromosome edge before EHH decayed below 0.01. Skipping calculation at 29:27733
WARNING: Reached chromosome edge before EHH decayed below 0.01. Skipping calculation at 29:27762
WARNING: Reached chromosome edge before EHH decayed below 0.01. Skipping calculation at 29:27767
WARNING: Reached chromosome edge before EHH decayed below 0.01. Skipping calculation at 29:51081318
WARNING: Reached chromosome edge before EHH decayed below 0.01. Skipping calculation at 29:51081414
WARNING: Reached chromosome edge before EHH decayed below 0.01. Skipping calculation at 29:51081484
WARNING: Reached chromosome edge before EHH decayed below 0.01. Skipping calculation at 29:51081679
WARNING: Reached chromosome edge before EHH decayed below 0.01. Skipping calculation at 29:51081747
WARNING: Reached chromosome edge before EHH decayed below 0.01. Skipping calculation at 29:51081819
WARNING: Reached chromosome edge before EHH decayed below 0.01. Skipping calculation at 29:51081905
WARNING: Reached chromosome edge before EHH decayed below 0.01. Skipping calculation at 29:51082005
WARNING: Reached chromosome edge before EHH decayed below 0.01. Skipping calculation at 29:51082206
WARNING: Reached chromosome edge before EHH decayed below 0.01. Skipping calculation at 29:51082300
WARNING: Reached chromosome edge before EHH decayed below 0.01. Skipping calculation at 29:51082460
WARNING: Reached chromosome edge before EHH decayed below 0.01. Skipping calculation at 29:51082624
WARNING: Reached chromosome edge before EHH decayed below 0.01. Skipping calculation at 29:51082806
WARNING: Reached chromosome edge before EHH decayed below 0.01. Skipping calculation at 29:51082879
WARNING: Reached chromosome edge before EHH decayed below 0.01. Skipping calculation at 29:51082980
WARNING: Reached chromosome edge before EHH decayed below 0.01. Skipping calculation at 29:51083116
WARNING: Reached chromosome edge before EHH decayed below 0.01. Skipping calculation at 29:51083214
WARNING: Reached chromosome edge before EHH decayed below 0.01. Skipping calculation at 29:51083337
WARNING: Reached chromosome edge before EHH decayed below 0.01. Skipping calculation at 29:51083429
WARNING: Reached chromosome edge before EHH decayed below 0.01. Skipping calculation at 29:51083469
WARNING: Reached chromosome edge before EHH decayed below 0.01. Skipping calculation at 29:51083511
WARNING: Reached chromosome edge before EHH decayed below 0.01. Skipping calculation at 29:51083517
WARNING: Reached chromosome edge before EHH decayed below 0.01. Skipping calculation at 29:51083634
WARNING: Reached chromosome edge before EHH decayed below 0.01. Skipping calculation at 29:51083740
WARNING: Reached chromosome edge before EHH decayed below 0.01. Skipping calculation at 29:51083838
WARNING: Reached chromosome edge before EHH decayed below 0.01. Skipping calculation at 29:51083959
WARNING: Reached chromosome edge before EHH decayed below 0.01. Skipping calculation at 29:51084097
WARNING: Reached chromosome edge before EHH decayed below 0.01. Skipping calculation at 29:51084150
WARNING: Reached chromosome edge before EHH decayed below 0.01. Skipping calculation at 29:51084204
WARNING: Reached chromosome edge before EHH decayed below 0.01. Skipping calculation at 29:51084261
WARNING: Reached chromosome edge before EHH decayed below 0.01. Skipping calculation at 29:51084365
WARNING: Reached chromosome edge before EHH decayed below 0.01. Skipping calculation at 29:51084471
WARNING: Reached chromosome edge before EHH decayed below 0.01. Skipping calculation at 29:51084604
WARNING: Reached chromosome edge before EHH decayed below 0.01. Skipping calculation at 29:51084610
WARNING: Reached chromosome edge before EHH decayed below 0.01. Skipping calculation at 29:51084656
WARNING: Reached chromosome edge before EHH decayed below 0.01. Skipping calculation at 29:51084873
WARNING: Reached chromosome edge before EHH decayed below 0.01. Skipping calculation at 29:51084933
WARNING: Reached chromosome edge before EHH decayed below 0.01. Skipping calculation at 29:51085131
WARNING: Reached chromosome edge before EHH decayed below 0.01. Skipping calculation at 29:51085383
WARNING: Reached chromosome edge before EHH decayed below 0.01. Skipping calculation at 29:51085448
WARNING: Reached chromosome edge before EHH decayed below 0.01. Skipping calculation at 29:51085577
WARNING: Reached chromosome edge before EHH decayed below 0.01. Skipping calculation at 29:51085715
WARNING: Reached chromosome edge before EHH decayed below 0.01. Skipping calculation at 29:51085826
WARNING: Reached chromosome edge before EHH decayed below 0.01. Skipping calculation at 29:51085833
WARNING: Reached chromosome edge before EHH decayed below 0.01. Skipping calculation at 29:51086000
WARNING: Reached chromosome edge before EHH decayed below 0.01. Skipping calculation at 29:51086219
WARNING: Reached chromosome edge before EHH decayed below 0.01. Skipping calculation at 29:51086263
WARNING: Reached chromosome edge before EHH decayed below 0.01. Skipping calculation at 29:51086412
WARNING: Reached chromosome edge before EHH decayed below 0.01. Skipping calculation at 29:51086518
WARNING: Reached chromosome edge before EHH decayed below 0.01. Skipping calculation at 29:51086605
WARNING: Reached chromosome edge before EHH decayed below 0.01. Skipping calculation at 29:51086611
WARNING: Reached chromosome edge before EHH decayed below 0.01. Skipping calculation at 29:51086653
WARNING: Reached chromosome edge before EHH decayed below 0.01. Skipping calculation at 29:51086714
WARNING: Reached chromosome edge before EHH decayed below 0.01. Skipping calculation at 29:51086722
WARNING: Reached chromosome edge before EHH decayed below 0.01. Skipping calculation at 29:51086728
WARNING: Reached chromosome edge before EHH decayed below 0.01. Skipping calculation at 29:51086735
WARNING: Reached chromosome edge before EHH decayed below 0.01. Skipping calculation at 29:51086742
WARNING: Reached chromosome edge before EHH decayed below 0.01. Skipping calculation at 29:51086898
WARNING: Reached chromosome edge before EHH decayed below 0.01. Skipping calculation at 29:51086904
WARNING: Reached chromosome edge before EHH decayed below 0.01. Skipping calculation at 29:51086911
WARNING: Reached chromosome edge before EHH decayed below 0.01. Skipping calculation at 29:51086948
WARNING: Reached chromosome edge before EHH decayed below 0.01. Skipping calculation at 29:51086957
WARNING: Reached chromosome edge before EHH decayed below 0.01. Skipping calculation at 29:51087024
WARNING: Reached chromosome edge before EHH decayed below 0.01. Skipping calculation at 29:51087030
WARNING: Reached chromosome edge before EHH decayed below 0.01. Skipping calculation at 29:51087036
WARNING: Reached chromosome edge before EHH decayed below 0.01. Skipping calculation at 29:51087074
WARNING: Reached chromosome edge before EHH decayed below 0.01. Skipping calculation at 29:51087096
WARNING: Reached chromosome edge before EHH decayed below 0.01. Skipping calculation at 29:51087103
WARNING: Reached chromosome edge before EHH decayed below 0.01. Skipping calculation at 29:51087114
WARNING: Reached chromosome edge before EHH decayed below 0.01. Skipping calculation at 29:51087144
WARNING: Reached chromosome edge before EHH decayed below 0.01. Skipping calculation at 29:51087190
WARNING: Reached chromosome edge before EHH decayed below 0.01. Skipping calculation at 29:51087292
WARNING: Reached chromosome edge before EHH decayed below 0.01. Skipping calculation at 29:51087325
WARNING: Reached chromosome edge before EHH decayed below 0.01. Skipping calculation at 29:51087366
WARNING: Reached chromosome edge before EHH decayed below 0.01. Skipping calculation at 29:51087475
WARNING: Reached chromosome edge before EHH decayed below 0.01. Skipping calculation at 29:51087555
WARNING: Reached chromosome edge before EHH decayed below 0.01. Skipping calculation at 29:51087759
WARNING: Reached chromosome edge before EHH decayed below 0.01. Skipping calculation at 29:51087971
WARNING: Reached chromosome edge before EHH decayed below 0.01. Skipping calculation at 29:51088132
WARNING: Reached chromosome edge before EHH decayed below 0.01. Skipping calculation at 29:51088269
WARNING: Reached chromosome edge before EHH decayed below 0.01. Skipping calculation at 29:51088403
WARNING: Reached chromosome edge before EHH decayed below 0.01. Skipping calculation at 29:51088596
WARNING: Reached chromosome edge before EHH decayed below 0.01. Skipping calculation at 29:51088805
WARNING: Reached chromosome edge before EHH decayed below 0.01. Skipping calculation at 29:51088908
WARNING: Reached chromosome edge before EHH decayed below 0.01. Skipping calculation at 29:51089028
WARNING: Reached chromosome edge before EHH decayed below 0.01. Skipping calculation at 29:51089192
WARNING: Reached chromosome edge before EHH decayed below 0.01. Skipping calculation at 29:51089206
WARNING: Reached chromosome edge before EHH decayed below 0.01. Skipping calculation at 29:51089212
WARNING: Reached chromosome edge before EHH decayed below 0.01. Skipping calculation at 29:51089219
WARNING: Reached chromosome edge before EHH decayed below 0.01. Skipping calculation at 29:51089295
WARNING: Reached chromosome edge before EHH decayed below 0.01. Skipping calculation at 29:51089482
WARNING: Reached chromosome edge before EHH decayed below 0.01. Skipping calculation at 29:51089583
WARNING: Reached chromosome edge before EHH decayed below 0.01. Skipping calculation at 29:51089685
WARNING: Reached chromosome edge before EHH decayed below 0.01. Skipping calculation at 29:51089785
WARNING: Reached chromosome edge before EHH decayed below 0.01. Skipping calculation at 29:51089898
WARNING: Reached chromosome edge before EHH decayed below 0.01. Skipping calculation at 29:51089980
WARNING: Reached chromosome edge before EHH decayed below 0.01. Skipping calculation at 29:51090089
WARNING: Reached chromosome edge before EHH decayed below 0.01. Skipping calculation at 29:51090185
WARNING: Reached chromosome edge before EHH decayed below 0.01. Skipping calculation at 29:51090271
WARNING: Reached chromosome edge before EHH decayed below 0.01. Skipping calculation at 29:51090359
WARNING: Reached chromosome edge before EHH decayed below 0.01. Skipping calculation at 29:51090691
WARNING: Reached chromosome edge before EHH decayed below 0.01. Skipping calculation at 29:51090779
WARNING: Reached chromosome edge before EHH decayed below 0.01. Skipping calculation at 29:51090926
WARNING: Reached chromosome edge before EHH decayed below 0.01. Skipping calculation at 29:51091072
WARNING: Reached chromosome edge before EHH decayed below 0.01. Skipping calculation at 29:51091187
WARNING: Reached chromosome edge before EHH decayed below 0.01. Skipping calculation at 29:51091371
WARNING: Reached chromosome edge before EHH decayed below 0.01. Skipping calculation at 29:51091435
WARNING: Reached chromosome edge before EHH decayed below 0.01. Skipping calculation at 29:51091565
WARNING: Reached chromosome edge before EHH decayed below 0.01. Skipping calculation at 29:51091656
WARNING: Reached chromosome edge before EHH decayed below 0.01. Skipping calculation at 29:51091754
WARNING: Reached chromosome edge before EHH decayed below 0.01. Skipping calculation at 29:51091824
WARNING: Reached chromosome edge before EHH decayed below 0.01. Skipping calculation at 29:51091832
WARNING: Reached chromosome edge before EHH decayed below 0.01. Skipping calculation at 29:51092053
WARNING: Reached chromosome edge before EHH decayed below 0.01. Skipping calculation at 29:51092136
WARNING: Reached chromosome edge before EHH decayed below 0.01. Skipping calculation at 29:51092480
WARNING: Reached chromosome edge before EHH decayed below 0.01. Skipping calculation at 29:51092599
WARNING: Reached chromosome edge before EHH decayed below 0.01. Skipping calculation at 29:51092636
WARNING: Reached chromosome edge before EHH decayed below 0.01. Skipping calculation at 29:51092743
WARNING: Reached chromosome edge before EHH decayed below 0.01. Skipping calculation at 29:51093043
WARNING: Reached chromosome edge before EHH decayed below 0.01. Skipping calculation at 29:51093236
WARNING: Reached chromosome edge before EHH decayed below 0.01. Skipping calculation at 29:51093294
WARNING: Reached chromosome edge before EHH decayed below 0.01. Skipping calculation at 29:51093445
WARNING: Reached chromosome edge before EHH decayed below 0.01. Skipping calculation at 29:51093576
WARNING: Reached chromosome edge before EHH decayed below 0.01. Skipping calculation at 29:51097435
WARNING: Reached chromosome edge before EHH decayed below 0.01. Skipping calculation at 29:51081214
WARNING: Reached chromosome edge before EHH decayed below 0.01. Skipping calculation at 29:51081328
WARNING: Reached chromosome edge before EHH decayed below 0.01. Skipping calculation at 29:51081418
WARNING: Reached chromosome edge before EHH decayed below 0.01. Skipping calculation at 29:51081540
WARNING: Reached chromosome edge before EHH decayed below 0.01. Skipping calculation at 29:51081688
WARNING: Reached chromosome edge before EHH decayed below 0.01. Skipping calculation at 29:51081754
WARNING: Reached chromosome edge before EHH decayed below 0.01. Skipping calculation at 29:51081849
WARNING: Reached chromosome edge before EHH decayed below 0.01. Skipping calculation at 29:51081915
WARNING: Reached chromosome edge before EHH decayed below 0.01. Skipping calculation at 29:51082010
WARNING: Reached chromosome edge before EHH decayed below 0.01. Skipping calculation at 29:51082232
WARNING: Reached chromosome edge before EHH decayed below 0.01. Skipping calculation at 29:51082307
WARNING: Reached chromosome edge before EHH decayed below 0.01. Skipping calculation at 29:51082483
WARNING: Reached chromosome edge before EHH decayed below 0.01. Skipping calculation at 29:51082636
WARNING: Reached chromosome edge before EHH decayed below 0.01. Skipping calculation at 29:51082826
WARNING: Reached chromosome edge before EHH decayed below 0.01. Skipping calculation at 29:51082907
WARNING: Reached chromosome edge before EHH decayed below 0.01. Skipping calculation at 29:51083044
WARNING: Reached chromosome edge before EHH decayed below 0.01. Skipping calculation at 29:51083129
WARNING: Reached chromosome edge before EHH decayed below 0.01. Skipping calculation at 29:51083221
WARNING: Reached chromosome edge before EHH decayed below 0.01. Skipping calculation at 29:51083361
WARNING: Reached chromosome edge before EHH decayed below 0.01. Skipping calculation at 29:51083441
WARNING: Reached chromosome edge before EHH decayed below 0.01. Skipping calculation at 29:51083473
WARNING: Reached chromosome edge before EHH decayed below 0.01. Skipping calculation at 29:51083512
WARNING: Reached chromosome edge before EHH decayed below 0.01. Skipping calculation at 29:51083518
WARNING: Reached chromosome edge before EHH decayed below 0.01. Skipping calculation at 29:51083672
WARNING: Reached chromosome edge before EHH decayed below 0.01. Skipping calculation at 29:51083750
WARNING: Reached chromosome edge before EHH decayed below 0.01. Skipping calculation at 29:51083839
WARNING: Reached chromosome edge before EHH decayed below 0.01. Skipping calculation at 29:51083966
WARNING: Reached chromosome edge before EHH decayed below 0.01. Skipping calculation at 29:51084104
WARNING: Reached chromosome edge before EHH decayed below 0.01. Skipping calculation at 29:51084168
WARNING: Reached chromosome edge before EHH decayed below 0.01. Skipping calculation at 29:51084212
WARNING: Reached chromosome edge before EHH decayed below 0.01. Skipping calculation at 29:51084266
WARNING: Reached chromosome edge before EHH decayed below 0.01. Skipping calculation at 29:51084403
WARNING: Reached chromosome edge before EHH decayed below 0.01. Skipping calculation at 29:51084472
WARNING: Reached chromosome edge before EHH decayed below 0.01. Skipping calculation at 29:51084605
WARNING: Reached chromosome edge before EHH decayed below 0.01. Skipping calculation at 29:51084611
WARNING: Reached chromosome edge before EHH decayed below 0.01. Skipping calculation at 29:51084696
WARNING: Reached chromosome edge before EHH decayed below 0.01. Skipping calculation at 29:51084878
WARNING: Reached chromosome edge before EHH decayed below 0.01. Skipping calculation at 29:51084976
WARNING: Reached chromosome edge before EHH decayed below 0.01. Skipping calculation at 29:51085210
WARNING: Reached chromosome edge before EHH decayed below 0.01. Skipping calculation at 29:51085421
WARNING: Reached chromosome edge before EHH decayed below 0.01. Skipping calculation at 29:51085458
WARNING: Reached chromosome edge before EHH decayed below 0.01. Skipping calculation at 29:51085597
WARNING: Reached chromosome edge before EHH decayed below 0.01. Skipping calculation at 29:51085742
WARNING: Reached chromosome edge before EHH decayed below 0.01. Skipping calculation at 29:51085827
WARNING: Reached chromosome edge before EHH decayed below 0.01. Skipping calculation at 29:51085838
WARNING: Reached chromosome edge before EHH decayed below 0.01. Skipping calculation at 29:51086034
WARNING: Reached chromosome edge before EHH decayed below 0.01. Skipping calculation at 29:51086220
WARNING: Reached chromosome edge before EHH decayed below 0.01. Skipping calculation at 29:51086298
WARNING: Reached chromosome edge before EHH decayed below 0.01. Skipping calculation at 29:51086425
WARNING: Reached chromosome edge before EHH decayed below 0.01. Skipping calculation at 29:51086519
WARNING: Reached chromosome edge before EHH decayed below 0.01. Skipping calculation at 29:51086606
WARNING: Reached chromosome edge before EHH decayed below 0.01. Skipping calculation at 29:51086612
WARNING: Reached chromosome edge before EHH decayed below 0.01. Skipping calculation at 29:51086708
WARNING: Reached chromosome edge before EHH decayed below 0.01. Skipping calculation at 29:51086716
WARNING: Reached chromosome edge before EHH decayed below 0.01. Skipping calculation at 29:51086723
WARNING: Reached chromosome edge before EHH decayed below 0.01. Skipping calculation at 29:51086729
WARNING: Reached chromosome edge before EHH decayed below 0.01. Skipping calculation at 29:51086736
WARNING: Reached chromosome edge before EHH decayed below 0.01. Skipping calculation at 29:51086850
WARNING: Reached chromosome edge before EHH decayed below 0.01. Skipping calculation at 29:51086899
WARNING: Reached chromosome edge before EHH decayed below 0.01. Skipping calculation at 29:51086906
WARNING: Reached chromosome edge before EHH decayed below 0.01. Skipping calculation at 29:51086912
WARNING: Reached chromosome edge before EHH decayed below 0.01. Skipping calculation at 29:51086949
WARNING: Reached chromosome edge before EHH decayed below 0.01. Skipping calculation at 29:51086967
WARNING: Reached chromosome edge before EHH decayed below 0.01. Skipping calculation at 29:51087025
WARNING: Reached chromosome edge before EHH decayed below 0.01. Skipping calculation at 29:51087031
WARNING: Reached chromosome edge before EHH decayed below 0.01. Skipping calculation at 29:51087038
WARNING: Reached chromosome edge before EHH decayed below 0.01. Skipping calculation at 29:51087075
WARNING: Reached chromosome edge before EHH decayed below 0.01. Skipping calculation at 29:51087098
WARNING: Reached chromosome edge before EHH decayed below 0.01. Skipping calculation at 29:51087104
WARNING: Reached chromosome edge before EHH decayed below 0.01. Skipping calculation at 29:51087115
WARNING: Reached chromosome edge before EHH decayed below 0.01. Skipping calculation at 29:51087156
WARNING: Reached chromosome edge before EHH decayed below 0.01. Skipping calculation at 29:51087193
WARNING: Reached chromosome edge before EHH decayed below 0.01. Skipping calculation at 29:51087294
WARNING: Reached chromosome edge before EHH decayed below 0.01. Skipping calculation at 29:51087326
WARNING: Reached chromosome edge before EHH decayed below 0.01. Skipping calculation at 29:51087368
WARNING: Reached chromosome edge before EHH decayed below 0.01. Skipping calculation at 29:51087476
WARNING: Reached chromosome edge before EHH decayed below 0.01. Skipping calculation at 29:51087629
WARNING: Reached chromosome edge before EHH decayed below 0.01. Skipping calculation at 29:51087773
WARNING: Reached chromosome edge before EHH decayed below 0.01. Skipping calculation at 29:51087998
WARNING: Reached chromosome edge before EHH decayed below 0.01. Skipping calculation at 29:51088133
WARNING: Reached chromosome edge before EHH decayed below 0.01. Skipping calculation at 29:51088311
WARNING: Reached chromosome edge before EHH decayed below 0.01. Skipping calculation at 29:51088409
WARNING: Reached chromosome edge before EHH decayed below 0.01. Skipping calculation at 29:51088598
WARNING: Reached chromosome edge before EHH decayed below 0.01. Skipping calculation at 29:51088832
WARNING: Reached chromosome edge before EHH decayed below 0.01. Skipping calculation at 29:51088914
WARNING: Reached chromosome edge before EHH decayed below 0.01. Skipping calculation at 29:51089038
WARNING: Reached chromosome edge before EHH decayed below 0.01. Skipping calculation at 29:51089201
WARNING: Reached chromosome edge before EHH decayed below 0.01. Skipping calculation at 29:51089207
WARNING: Reached chromosome edge before EHH decayed below 0.01. Skipping calculation at 29:51089214
WARNING: Reached chromosome edge before EHH decayed below 0.01. Skipping calculation at 29:51089220
WARNING: Reached chromosome edge before EHH decayed below 0.01. Skipping calculation at 29:51089296
WARNING: Reached chromosome edge before EHH decayed below 0.01. Skipping calculation at 29:51089503
WARNING: Reached chromosome edge before EHH decayed below 0.01. Skipping calculation at 29:51089593
WARNING: Reached chromosome edge before EHH decayed below 0.01. Skipping calculation at 29:51089720
WARNING: Reached chromosome edge before EHH decayed below 0.01. Skipping calculation at 29:51089810
WARNING: Reached chromosome edge before EHH decayed below 0.01. Skipping calculation at 29:51089918
WARNING: Reached chromosome edge before EHH decayed below 0.01. Skipping calculation at 29:51089981
WARNING: Reached chromosome edge before EHH decayed below 0.01. Skipping calculation at 29:51090146
WARNING: Reached chromosome edge before EHH decayed below 0.01. Skipping calculation at 29:51090208
WARNING: Reached chromosome edge before EHH decayed below 0.01. Skipping calculation at 29:51090301
WARNING: Reached chromosome edge before EHH decayed below 0.01. Skipping calculation at 29:51090373
WARNING: Reached chromosome edge before EHH decayed below 0.01. Skipping calculation at 29:51090696
WARNING: Reached chromosome edge before EHH decayed below 0.01. Skipping calculation at 29:51090802
WARNING: Reached chromosome edge before EHH decayed below 0.01. Skipping calculation at 29:51090943
WARNING: Reached chromosome edge before EHH decayed below 0.01. Skipping calculation at 29:51091087
WARNING: Reached chromosome edge before EHH decayed below 0.01. Skipping calculation at 29:51091193
WARNING: Reached chromosome edge before EHH decayed below 0.01. Skipping calculation at 29:51091375
WARNING: Reached chromosome edge before EHH decayed below 0.01. Skipping calculation at 29:51091450
WARNING: Reached chromosome edge before EHH decayed below 0.01. Skipping calculation at 29:51091584
WARNING: Reached chromosome edge before EHH decayed below 0.01. Skipping calculation at 29:51091669
WARNING: Reached chromosome edge before EHH decayed below 0.01. Skipping calculation at 29:51091772
WARNING: Reached chromosome edge before EHH decayed below 0.01. Skipping calculation at 29:51091825
WARNING: Reached chromosome edge before EHH decayed below 0.01. Skipping calculation at 29:51091833
WARNING: Reached chromosome edge before EHH decayed below 0.01. Skipping calculation at 29:51092070
WARNING: Reached chromosome edge before EHH decayed below 0.01. Skipping calculation at 29:51092146
WARNING: Reached chromosome edge before EHH decayed below 0.01. Skipping calculation at 29:51092535
WARNING: Reached chromosome edge before EHH decayed below 0.01. Skipping calculation at 29:51092600
WARNING: Reached chromosome edge before EHH decayed below 0.01. Skipping calculation at 29:51092637
WARNING: Reached chromosome edge before EHH decayed below 0.01. Skipping calculation at 29:51092888
WARNING: Reached chromosome edge before EHH decayed below 0.01. Skipping calculation at 29:51093046
WARNING: Reached chromosome edge before EHH decayed below 0.01. Skipping calculation at 29:51093238
WARNING: Reached chromosome edge before EHH decayed below 0.01. Skipping calculation at 29:51093300
WARNING: Reached chromosome edge before EHH decayed below 0.01. Skipping calculation at 29:51093495
WARNING: Reached chromosome edge before EHH decayed below 0.01. Skipping calculation at 29:51093601
WARNING: Reached chromosome edge before EHH decayed below 0.01. Skipping calculation at 29:51081268
WARNING: Reached chromosome edge before EHH decayed below 0.01. Skipping calculation at 29:51081341
WARNING: Reached chromosome edge before EHH decayed below 0.01. Skipping calculation at 29:51081429
WARNING: Reached chromosome edge before EHH decayed below 0.01. Skipping calculation at 29:51081548
WARNING: Reached chromosome edge before EHH decayed below 0.01. Skipping calculation at 29:51081704
WARNING: Reached chromosome edge before EHH decayed below 0.01. Skipping calculation at 29:51081755
WARNING: Reached chromosome edge before EHH decayed below 0.01. Skipping calculation at 29:51081872
WARNING: Reached chromosome edge before EHH decayed below 0.01. Skipping calculation at 29:51081925
WARNING: Reached chromosome edge before EHH decayed below 0.01. Skipping calculation at 29:51082065
WARNING: Reached chromosome edge before EHH decayed below 0.01. Skipping calculation at 29:51082256
WARNING: Reached chromosome edge before EHH decayed below 0.01. Skipping calculation at 29:51082316
WARNING: Reached chromosome edge before EHH decayed below 0.01. Skipping calculation at 29:51082513
WARNING: Reached chromosome edge before EHH decayed below 0.01. Skipping calculation at 29:51082647
WARNING: Reached chromosome edge before EHH decayed below 0.01. Skipping calculation at 29:51082842
WARNING: Reached chromosome edge before EHH decayed below 0.01. Skipping calculation at 29:51082933
WARNING: Reached chromosome edge before EHH decayed below 0.01. Skipping calculation at 29:51083045
WARNING: Reached chromosome edge before EHH decayed below 0.01. Skipping calculation at 29:51083143
WARNING: Reached chromosome edge before EHH decayed below 0.01. Skipping calculation at 29:51083305
WARNING: Reached chromosome edge before EHH decayed below 0.01. Skipping calculation at 29:51083367
WARNING: Reached chromosome edge before EHH decayed below 0.01. Skipping calculation at 29:51083445
WARNING: Reached chromosome edge before EHH decayed below 0.01. Skipping calculation at 29:51083480
WARNING: Reached chromosome edge before EHH decayed below 0.01. Skipping calculation at 29:51083513
WARNING: Reached chromosome edge before EHH decayed below 0.01. Skipping calculation at 29:51083519
WARNING: Reached chromosome edge before EHH decayed below 0.01. Skipping calculation at 29:51083682
WARNING: Reached chromosome edge before EHH decayed below 0.01. Skipping calculation at 29:51083776
WARNING: Reached chromosome edge before EHH decayed below 0.01. Skipping calculation at 29:51083891
WARNING: Reached chromosome edge before EHH decayed below 0.01. Skipping calculation at 29:51083970
WARNING: Reached chromosome edge before EHH decayed below 0.01. Skipping calculation at 29:51084105
WARNING: Reached chromosome edge before EHH decayed below 0.01. Skipping calculation at 29:51084169
WARNING: Reached chromosome edge before EHH decayed below 0.01. Skipping calculation at 29:51084232
WARNING: Reached chromosome edge before EHH decayed below 0.01. Skipping calculation at 29:51084275
WARNING: Reached chromosome edge before EHH decayed below 0.01. Skipping calculation at 29:51084421
WARNING: Reached chromosome edge before EHH decayed below 0.01. Skipping calculation at 29:51084486
WARNING: Reached chromosome edge before EHH decayed below 0.01. Skipping calculation at 29:51084606
WARNING: Reached chromosome edge before EHH decayed below 0.01. Skipping calculation at 29:51084612
WARNING: Reached chromosome edge before EHH decayed below 0.01. Skipping calculation at 29:51084791
WARNING: Reached chromosome edge before EHH decayed below 0.01. Skipping calculation at 29:51084882
WARNING: Reached chromosome edge before EHH decayed below 0.01. Skipping calculation at 29:51084979
WARNING: Reached chromosome edge before EHH decayed below 0.01. Skipping calculation at 29:51085217
WARNING: Reached chromosome edge before EHH decayed below 0.01. Skipping calculation at 29:51085434
WARNING: Reached chromosome edge before EHH decayed below 0.01. Skipping calculation at 29:51085466
WARNING: Reached chromosome edge before EHH decayed below 0.01. Skipping calculation at 29:51085625
WARNING: Reached chromosome edge before EHH decayed below 0.01. Skipping calculation at 29:51085774
WARNING: Reached chromosome edge before EHH decayed below 0.01. Skipping calculation at 29:51085828
WARNING: Reached chromosome edge before EHH decayed below 0.01. Skipping calculation at 29:51085934
WARNING: Reached chromosome edge before EHH decayed below 0.01. Skipping calculation at 29:51086156
WARNING: Reached chromosome edge before EHH decayed below 0.01. Skipping calculation at 29:51086224
WARNING: Reached chromosome edge before EHH decayed below 0.01. Skipping calculation at 29:51086309
WARNING: Reached chromosome edge before EHH decayed below 0.01. Skipping calculation at 29:51086431
WARNING: Reached chromosome edge before EHH decayed below 0.01. Skipping calculation at 29:51086572
WARNING: Reached chromosome edge before EHH decayed below 0.01. Skipping calculation at 29:51086607
WARNING: Reached chromosome edge before EHH decayed below 0.01. Skipping calculation at 29:51086613
WARNING: Reached chromosome edge before EHH decayed below 0.01. Skipping calculation at 29:51086709
WARNING: Reached chromosome edge before EHH decayed below 0.01. Skipping calculation at 29:51086717
WARNING: Reached chromosome edge before EHH decayed below 0.01. Skipping calculation at 29:51086724
WARNING: Reached chromosome edge before EHH decayed below 0.01. Skipping calculation at 29:51086731
WARNING: Reached chromosome edge before EHH decayed below 0.01. Skipping calculation at 29:51086737
WARNING: Reached chromosome edge before EHH decayed below 0.01. Skipping calculation at 29:51086856
WARNING: Reached chromosome edge before EHH decayed below 0.01. Skipping calculation at 29:51086900
WARNING: Reached chromosome edge before EHH decayed below 0.01. Skipping calculation at 29:51086907
WARNING: Reached chromosome edge before EHH decayed below 0.01. Skipping calculation at 29:51086920
WARNING: Reached chromosome edge before EHH decayed below 0.01. Skipping calculation at 29:51086951
WARNING: Reached chromosome edge before EHH decayed below 0.01. Skipping calculation at 29:51087016
WARNING: Reached chromosome edge before EHH decayed below 0.01. Skipping calculation at 29:51087026
WARNING: Reached chromosome edge before EHH decayed below 0.01. Skipping calculation at 29:51087032
WARNING: Reached chromosome edge before EHH decayed below 0.01. Skipping calculation at 29:51087039
WARNING: Reached chromosome edge before EHH decayed below 0.01. Skipping calculation at 29:51087076
WARNING: Reached chromosome edge before EHH decayed below 0.01. Skipping calculation at 29:51087099
WARNING: Reached chromosome edge before EHH decayed below 0.01. Skipping calculation at 29:51087105
WARNING: Reached chromosome edge before EHH decayed below 0.01. Skipping calculation at 29:51087116
WARNING: Reached chromosome edge before EHH decayed below 0.01. Skipping calculation at 29:51087171
WARNING: Reached chromosome edge before EHH decayed below 0.01. Skipping calculation at 29:51087213
WARNING: Reached chromosome edge before EHH decayed below 0.01. Skipping calculation at 29:51087301
WARNING: Reached chromosome edge before EHH decayed below 0.01. Skipping calculation at 29:51087327
WARNING: Reached chromosome edge before EHH decayed below 0.01. Skipping calculation at 29:51087369
WARNING: Reached chromosome edge before EHH decayed below 0.01. Skipping calculation at 29:51087491
WARNING: Reached chromosome edge before EHH decayed below 0.01. Skipping calculation at 29:51087640
WARNING: Reached chromosome edge before EHH decayed below 0.01. Skipping calculation at 29:51087830
WARNING: Reached chromosome edge before EHH decayed below 0.01. Skipping calculation at 29:51088041
WARNING: Reached chromosome edge before EHH decayed below 0.01. Skipping calculation at 29:51088188
WARNING: Reached chromosome edge before EHH decayed below 0.01. Skipping calculation at 29:51088363
WARNING: Reached chromosome edge before EHH decayed below 0.01. Skipping calculation at 29:51088447
WARNING: Reached chromosome edge before EHH decayed below 0.01. Skipping calculation at 29:51088599
WARNING: Reached chromosome edge before EHH decayed below 0.01. Skipping calculation at 29:51088883
WARNING: Reached chromosome edge before EHH decayed below 0.01. Skipping calculation at 29:51088931
WARNING: Reached chromosome edge before EHH decayed below 0.01. Skipping calculation at 29:51089039
WARNING: Reached chromosome edge before EHH decayed below 0.01. Skipping calculation at 29:51089202
WARNING: Reached chromosome edge before EHH decayed below 0.01. Skipping calculation at 29:51089208
WARNING: Reached chromosome edge before EHH decayed below 0.01. Skipping calculation at 29:51089215
WARNING: Reached chromosome edge before EHH decayed below 0.01. Skipping calculation at 29:51089237
WARNING: Reached chromosome edge before EHH decayed below 0.01. Skipping calculation at 29:51089327
WARNING: Reached chromosome edge before EHH decayed below 0.01. Skipping calculation at 29:51089521
WARNING: Reached chromosome edge before EHH decayed below 0.01. Skipping calculation at 29:51089662
WARNING: Reached chromosome edge before EHH decayed below 0.01. Skipping calculation at 29:51089727
WARNING: Reached chromosome edge before EHH decayed below 0.01. Skipping calculation at 29:51089827
WARNING: Reached chromosome edge before EHH decayed below 0.01. Skipping calculation at 29:51089931
WARNING: Reached chromosome edge before EHH decayed below 0.01. Skipping calculation at 29:51089995
WARNING: Reached chromosome edge before EHH decayed below 0.01. Skipping calculation at 29:51090147
WARNING: Reached chromosome edge before EHH decayed below 0.01. Skipping calculation at 29:51090216
WARNING: Reached chromosome edge before EHH decayed below 0.01. Skipping calculation at 29:51090308
WARNING: Reached chromosome edge before EHH decayed below 0.01. Skipping calculation at 29:51090524
WARNING: Reached chromosome edge before EHH decayed below 0.01. Skipping calculation at 29:51090723
WARNING: Reached chromosome edge before EHH decayed below 0.01. Skipping calculation at 29:51090891
WARNING: Reached chromosome edge before EHH decayed below 0.01. Skipping calculation at 29:51090946
WARNING: Reached chromosome edge before EHH decayed below 0.01. Skipping calculation at 29:51091111
WARNING: Reached chromosome edge before EHH decayed below 0.01. Skipping calculation at 29:51091214
WARNING: Reached chromosome edge before EHH decayed below 0.01. Skipping calculation at 29:51091403
WARNING: Reached chromosome edge before EHH decayed below 0.01. Skipping calculation at 29:51091462
WARNING: Reached chromosome edge before EHH decayed below 0.01. Skipping calculation at 29:51091591
WARNING: Reached chromosome edge before EHH decayed below 0.01. Skipping calculation at 29:51091734
WARNING: Reached chromosome edge before EHH decayed below 0.01. Skipping calculation at 29:51091777
WARNING: Reached chromosome edge before EHH decayed below 0.01. Skipping calculation at 29:51091826
WARNING: Reached chromosome edge before EHH decayed below 0.01. Skipping calculation at 29:51091834
WARNING: Reached chromosome edge before EHH decayed below 0.01. Skipping calculation at 29:51092092
WARNING: Reached chromosome edge before EHH decayed below 0.01. Skipping calculation at 29:51092206
WARNING: Reached chromosome edge before EHH decayed below 0.01. Skipping calculation at 29:51092595
WARNING: Reached chromosome edge before EHH decayed below 0.01. Skipping calculation at 29:51092601
WARNING: Reached chromosome edge before EHH decayed below 0.01. Skipping calculation at 29:51092666
WARNING: Reached chromosome edge before EHH decayed below 0.01. Skipping calculation at 29:51092890
WARNING: Reached chromosome edge before EHH decayed below 0.01. Skipping calculation at 29:51093048
WARNING: Reached chromosome edge before EHH decayed below 0.01. Skipping calculation at 29:51093265
WARNING: Reached chromosome edge before EHH decayed below 0.01. Skipping calculation at 29:51093303
WARNING: Reached chromosome edge before EHH decayed below 0.01. Skipping calculation at 29:51093514
WARNING: Reached chromosome edge before EHH decayed below 0.01. Skipping calculation at 29:51093627
WARNING: Reached chromosome edge before EHH decayed below 0.01. Skipping calculation at 29:51081294
WARNING: Reached chromosome edge before EHH decayed below 0.01. Skipping calculation at 29:51081405
WARNING: Reached chromosome edge before EHH decayed below 0.01. Skipping calculation at 29:51081465
WARNING: Reached chromosome edge before EHH decayed below 0.01. Skipping calculation at 29:51081577
WARNING: Reached chromosome edge before EHH decayed below 0.01. Skipping calculation at 29:51081716
WARNING: Reached chromosome edge before EHH decayed below 0.01. Skipping calculation at 29:51081787
WARNING: Reached chromosome edge before EHH decayed below 0.01. Skipping calculation at 29:51081890
WARNING: Reached chromosome edge before EHH decayed below 0.01. Skipping calculation at 29:51081978
WARNING: Reached chromosome edge before EHH decayed below 0.01. Skipping calculation at 29:51082179
WARNING: Reached chromosome edge before EHH decayed below 0.01. Skipping calculation at 29:51082280
WARNING: Reached chromosome edge before EHH decayed below 0.01. Skipping calculation at 29:51082412
WARNING: Reached chromosome edge before EHH decayed below 0.01. Skipping calculation at 29:51082546
WARNING: Reached chromosome edge before EHH decayed below 0.01. Skipping calculation at 29:51082674
WARNING: Reached chromosome edge before EHH decayed below 0.01. Skipping calculation at 29:51082848
WARNING: Reached chromosome edge before EHH decayed below 0.01. Skipping calculation at 29:51082961
WARNING: Reached chromosome edge before EHH decayed below 0.01. Skipping calculation at 29:51083089
WARNING: Reached chromosome edge before EHH decayed below 0.01. Skipping calculation at 29:51083175
WARNING: Reached chromosome edge before EHH decayed below 0.01. Skipping calculation at 29:51083330
WARNING: Reached chromosome edge before EHH decayed below 0.01. Skipping calculation at 29:51083401
WARNING: Reached chromosome edge before EHH decayed below 0.01. Skipping calculation at 29:51083454
WARNING: Reached chromosome edge before EHH decayed below 0.01. Skipping calculation at 29:51083490
WARNING: Reached chromosome edge before EHH decayed below 0.01. Skipping calculation at 29:51083515
WARNING: Reached chromosome edge before EHH decayed below 0.01. Skipping calculation at 29:51083598
WARNING: Reached chromosome edge before EHH decayed below 0.01. Skipping calculation at 29:51083724
WARNING: Reached chromosome edge before EHH decayed below 0.01. Skipping calculation at 29:51083806
WARNING: Reached chromosome edge before EHH decayed below 0.01. Skipping calculation at 29:51083932
WARNING: Reached chromosome edge before EHH decayed below 0.01. Skipping calculation at 29:51084056
WARNING: Reached chromosome edge before EHH decayed below 0.01. Skipping calculation at 29:51084121
WARNING: Reached chromosome edge before EHH decayed below 0.01. Skipping calculation at 29:51084183
WARNING: Reached chromosome edge before EHH decayed below 0.01. Skipping calculation at 29:51084242
WARNING: Reached chromosome edge before EHH decayed below 0.01. Skipping calculation at 29:51084321
WARNING: Reached chromosome edge before EHH decayed below 0.01. Skipping calculation at 29:51084456
WARNING: Reached chromosome edge before EHH decayed below 0.01. Skipping calculation at 29:51084602
WARNING: Reached chromosome edge before EHH decayed below 0.01. Skipping calculation at 29:51084608
WARNING: Reached chromosome edge before EHH decayed below 0.01. Skipping calculation at 29:51084614
WARNING: Reached chromosome edge before EHH decayed below 0.01. Skipping calculation at 29:51084815
WARNING: Reached chromosome edge before EHH decayed below 0.01. Skipping calculation at 29:51084893
WARNING: Reached chromosome edge before EHH decayed below 0.01. Skipping calculation at 29:51085001
WARNING: Reached chromosome edge before EHH decayed below 0.01. Skipping calculation at 29:51085279
WARNING: Reached chromosome edge before EHH decayed below 0.01. Skipping calculation at 29:51085438
WARNING: Reached chromosome edge before EHH decayed below 0.01. Skipping calculation at 29:51085500
WARNING: Reached chromosome edge before EHH decayed below 0.01. Skipping calculation at 29:51085666
WARNING: Reached chromosome edge before EHH decayed below 0.01. Skipping calculation at 29:51085818
WARNING: Reached chromosome edge before EHH decayed below 0.01. Skipping calculation at 29:51085830
WARNING: Reached chromosome edge before EHH decayed below 0.01. Skipping calculation at 29:51085946
WARNING: Reached chromosome edge before EHH decayed below 0.01. Skipping calculation at 29:51086167
WARNING: Reached chromosome edge before EHH decayed below 0.01. Skipping calculation at 29:51086254
WARNING: Reached chromosome edge before EHH decayed below 0.01. Skipping calculation at 29:51086363
WARNING: Reached chromosome edge before EHH decayed below 0.01. Skipping calculation at 29:51086473
WARNING: Reached chromosome edge before EHH decayed below 0.01. Skipping calculation at 29:51086600
WARNING: Reached chromosome edge before EHH decayed below 0.01. Skipping calculation at 29:51086609
WARNING: Reached chromosome edge before EHH decayed below 0.01. Skipping calculation at 29:51086615
WARNING: Reached chromosome edge before EHH decayed below 0.01. Skipping calculation at 29:51086711
WARNING: Reached chromosome edge before EHH decayed below 0.01. Skipping calculation at 29:51086719
WARNING: Reached chromosome edge before EHH decayed below 0.01. Skipping calculation at 29:51086726
WARNING: Reached chromosome edge before EHH decayed below 0.01. Skipping calculation at 29:51086733
WARNING: Reached chromosome edge before EHH decayed below 0.01. Skipping calculation at 29:51086739
WARNING: Reached chromosome edge before EHH decayed below 0.01. Skipping calculation at 29:51086869
WARNING: Reached chromosome edge before EHH decayed below 0.01. Skipping calculation at 29:51086902
WARNING: Reached chromosome edge before EHH decayed below 0.01. Skipping calculation at 29:51086909
WARNING: Reached chromosome edge before EHH decayed below 0.01. Skipping calculation at 29:51086942
WARNING: Reached chromosome edge before EHH decayed below 0.01. Skipping calculation at 29:51086953
WARNING: Reached chromosome edge before EHH decayed below 0.01. Skipping calculation at 29:51087021
WARNING: Reached chromosome edge before EHH decayed below 0.01. Skipping calculation at 29:51087028
WARNING: Reached chromosome edge before EHH decayed below 0.01. Skipping calculation at 29:51087034
WARNING: Reached chromosome edge before EHH decayed below 0.01. Skipping calculation at 29:51087064
WARNING: Reached chromosome edge before EHH decayed below 0.01. Skipping calculation at 29:51087094
WARNING: Reached chromosome edge before EHH decayed below 0.01. Skipping calculation at 29:51087101
WARNING: Reached chromosome edge before EHH decayed below 0.01. Skipping calculation at 29:51087107
WARNING: Reached chromosome edge before EHH decayed below 0.01. Skipping calculation at 29:51087121
WARNING: Reached chromosome edge before EHH decayed below 0.01. Skipping calculation at 29:51087188
WARNING: Reached chromosome edge before EHH decayed below 0.01. Skipping calculation at 29:51087246
WARNING: Reached chromosome edge before EHH decayed below 0.01. Skipping calculation at 29:51087303
WARNING: Reached chromosome edge before EHH decayed below 0.01. Skipping calculation at 29:51087329
WARNING: Reached chromosome edge before EHH decayed below 0.01. Skipping calculation at 29:51087446
WARNING: Reached chromosome edge before EHH decayed below 0.01. Skipping calculation at 29:51087512
WARNING: Reached chromosome edge before EHH decayed below 0.01. Skipping calculation at 29:51087711
WARNING: Reached chromosome edge before EHH decayed below 0.01. Skipping calculation at 29:51087844
WARNING: Reached chromosome edge before EHH decayed below 0.01. Skipping calculation at 29:51088066
WARNING: Reached chromosome edge before EHH decayed below 0.01. Skipping calculation at 29:51088246
WARNING: Reached chromosome edge before EHH decayed below 0.01. Skipping calculation at 29:51088401
WARNING: Reached chromosome edge before EHH decayed below 0.01. Skipping calculation at 29:51088557
WARNING: Reached chromosome edge before EHH decayed below 0.01. Skipping calculation at 29:51088656
WARNING: Reached chromosome edge before EHH decayed below 0.01. Skipping calculation at 29:51088892
WARNING: Reached chromosome edge before EHH decayed below 0.01. Skipping calculation at 29:51088959
WARNING: Reached chromosome edge before EHH decayed below 0.01. Skipping calculation at 29:51089150
WARNING: Reached chromosome edge before EHH decayed below 0.01. Skipping calculation at 29:51089204
WARNING: Reached chromosome edge before EHH decayed below 0.01. Skipping calculation at 29:51089210
WARNING: Reached chromosome edge before EHH decayed below 0.01. Skipping calculation at 29:51089217
WARNING: Reached chromosome edge before EHH decayed below 0.01. Skipping calculation at 29:51089287
WARNING: Reached chromosome edge before EHH decayed below 0.01. Skipping calculation at 29:51089373
WARNING: Reached chromosome edge before EHH decayed below 0.01. Skipping calculation at 29:51089540
WARNING: Reached chromosome edge before EHH decayed below 0.01. Skipping calculation at 29:51089676
WARNING: Reached chromosome edge before EHH decayed below 0.01. Skipping calculation at 29:51089769
WARNING: Reached chromosome edge before EHH decayed below 0.01. Skipping calculation at 29:51089854
WARNING: Reached chromosome edge before EHH decayed below 0.01. Skipping calculation at 29:51089935
WARNING: Reached chromosome edge before EHH decayed below 0.01. Skipping calculation at 29:51090060
WARNING: Reached chromosome edge before EHH decayed below 0.01. Skipping calculation at 29:51090169
WARNING: Reached chromosome edge before EHH decayed below 0.01. Skipping calculation at 29:51090256
WARNING: Reached chromosome edge before EHH decayed below 0.01. Skipping calculation at 29:51090323
WARNING: Reached chromosome edge before EHH decayed below 0.01. Skipping calculation at 29:51090557
WARNING: Reached chromosome edge before EHH decayed below 0.01. Skipping calculation at 29:51090764
WARNING: Reached chromosome edge before EHH decayed below 0.01. Skipping calculation at 29:51090906
WARNING: Reached chromosome edge before EHH decayed below 0.01. Skipping calculation at 29:51091005
WARNING: Reached chromosome edge before EHH decayed below 0.01. Skipping calculation at 29:51091179
WARNING: Reached chromosome edge before EHH decayed below 0.01. Skipping calculation at 29:51091358
WARNING: Reached chromosome edge before EHH decayed below 0.01. Skipping calculation at 29:51091429
WARNING: Reached chromosome edge before EHH decayed below 0.01. Skipping calculation at 29:51091492
WARNING: Reached chromosome edge before EHH decayed below 0.01. Skipping calculation at 29:51091596
WARNING: Reached chromosome edge before EHH decayed below 0.01. Skipping calculation at 29:51091748
WARNING: Reached chromosome edge before EHH decayed below 0.01. Skipping calculation at 29:51091807
WARNING: Reached chromosome edge before EHH decayed below 0.01. Skipping calculation at 29:51091830
WARNING: Reached chromosome edge before EHH decayed below 0.01. Skipping calculation at 29:51091848
WARNING: Reached chromosome edge before EHH decayed below 0.01. Skipping calculation at 29:51092117
WARNING: Reached chromosome edge before EHH decayed below 0.01. Skipping calculation at 29:51092478
WARNING: Reached chromosome edge before EHH decayed below 0.01. Skipping calculation at 29:51092597
WARNING: Reached chromosome edge before EHH decayed below 0.01. Skipping calculation at 29:51092632
WARNING: Reached chromosome edge before EHH decayed below 0.01. Skipping calculation at 29:51092668
WARNING: Reached chromosome edge before EHH decayed below 0.01. Skipping calculation at 29:51093016
WARNING: Reached chromosome edge before EHH decayed below 0.01. Skipping calculation at 29:51093110
WARNING: Reached chromosome edge before EHH decayed below 0.01. Skipping calculation at 29:51093276
WARNING: Reached chromosome edge before EHH decayed below 0.01. Skipping calculation at 29:51093321
WARNING: Reached chromosome edge before EHH decayed below 0.01. Skipping calculation at 29:51093574
WARNING: Reached chromosome edge before EHH decayed below 0.01. Skipping calculation at 29:51093670
WARNING: Reached chromosome edge before EHH decayed below 0.01. Skipping calculation at 29:51081278
WARNING: Reached chromosome edge before EHH decayed below 0.01. Skipping calculation at 29:51081390
WARNING: Reached chromosome edge before EHH decayed below 0.01. Skipping calculation at 29:51081453
WARNING: Reached chromosome edge before EHH decayed below 0.01. Skipping calculation at 29:51081573
WARNING: Reached chromosome edge before EHH decayed below 0.01. Skipping calculation at 29:51081708
WARNING: Reached chromosome edge before EHH decayed below 0.01. Skipping calculation at 29:51081767
WARNING: Reached chromosome edge before EHH decayed below 0.01. Skipping calculation at 29:51081874
WARNING: Reached chromosome edge before EHH decayed below 0.01. Skipping calculation at 29:51081944
WARNING: Reached chromosome edge before EHH decayed below 0.01. Skipping calculation at 29:51082127
WARNING: Reached chromosome edge before EHH decayed below 0.01. Skipping calculation at 29:51082266
WARNING: Reached chromosome edge before EHH decayed below 0.01. Skipping calculation at 29:51082328
WARNING: Reached chromosome edge before EHH decayed below 0.01. Skipping calculation at 29:51082528
WARNING: Reached chromosome edge before EHH decayed below 0.01. Skipping calculation at 29:51082667
WARNING: Reached chromosome edge before EHH decayed below 0.01. Skipping calculation at 29:51082847
WARNING: Reached chromosome edge before EHH decayed below 0.01. Skipping calculation at 29:51082956
WARNING: Reached chromosome edge before EHH decayed below 0.01. Skipping calculation at 29:51083053
WARNING: Reached chromosome edge before EHH decayed below 0.01. Skipping calculation at 29:51083144
WARNING: Reached chromosome edge before EHH decayed below 0.01. Skipping calculation at 29:51083318
WARNING: Reached chromosome edge before EHH decayed below 0.01. Skipping calculation at 29:51083392
WARNING: Reached chromosome edge before EHH decayed below 0.01. Skipping calculation at 29:51083448
WARNING: Reached chromosome edge before EHH decayed below 0.01. Skipping calculation at 29:51083481
WARNING: Reached chromosome edge before EHH decayed below 0.01. Skipping calculation at 29:51083514
WARNING: Reached chromosome edge before EHH decayed below 0.01. Skipping calculation at 29:51083540
WARNING: Reached chromosome edge before EHH decayed below 0.01. Skipping calculation at 29:51083695
WARNING: Reached chromosome edge before EHH decayed below 0.01. Skipping calculation at 29:51083788
WARNING: Reached chromosome edge before EHH decayed below 0.01. Skipping calculation at 29:51083892
WARNING: Reached chromosome edge before EHH decayed below 0.01. Skipping calculation at 29:51084034
WARNING: Reached chromosome edge before EHH decayed below 0.01. Skipping calculation at 29:51084108
WARNING: Reached chromosome edge before EHH decayed below 0.01. Skipping calculation at 29:51084178
WARNING: Reached chromosome edge before EHH decayed below 0.01. Skipping calculation at 29:51084234
WARNING: Reached chromosome edge before EHH decayed below 0.01. Skipping calculation at 29:51084301
WARNING: Reached chromosome edge before EHH decayed below 0.01. Skipping calculation at 29:51084422
WARNING: Reached chromosome edge before EHH decayed below 0.01. Skipping calculation at 29:51084537
WARNING: Reached chromosome edge before EHH decayed below 0.01. Skipping calculation at 29:51084607
WARNING: Reached chromosome edge before EHH decayed below 0.01. Skipping calculation at 29:51084613
WARNING: Reached chromosome edge before EHH decayed below 0.01. Skipping calculation at 29:51084814
WARNING: Reached chromosome edge before EHH decayed below 0.01. Skipping calculation at 29:51084890
WARNING: Reached chromosome edge before EHH decayed below 0.01. Skipping calculation at 29:51084982
WARNING: Reached chromosome edge before EHH decayed below 0.01. Skipping calculation at 29:51085243
WARNING: Reached chromosome edge before EHH decayed below 0.01. Skipping calculation at 29:51085436
WARNING: Reached chromosome edge before EHH decayed below 0.01. Skipping calculation at 29:51085495
WARNING: Reached chromosome edge before EHH decayed below 0.01. Skipping calculation at 29:51085651
WARNING: Reached chromosome edge before EHH decayed below 0.01. Skipping calculation at 29:51085817
WARNING: Reached chromosome edge before EHH decayed below 0.01. Skipping calculation at 29:51085829
WARNING: Reached chromosome edge before EHH decayed below 0.01. Skipping calculation at 29:51085945
WARNING: Reached chromosome edge before EHH decayed below 0.01. Skipping calculation at 29:51086161
WARNING: Reached chromosome edge before EHH decayed below 0.01. Skipping calculation at 29:51086229
WARNING: Reached chromosome edge before EHH decayed below 0.01. Skipping calculation at 29:51086326
WARNING: Reached chromosome edge before EHH decayed below 0.01. Skipping calculation at 29:51086445
WARNING: Reached chromosome edge before EHH decayed below 0.01. Skipping calculation at 29:51086578
WARNING: Reached chromosome edge before EHH decayed below 0.01. Skipping calculation at 29:51086608
WARNING: Reached chromosome edge before EHH decayed below 0.01. Skipping calculation at 29:51086614
WARNING: Reached chromosome edge before EHH decayed below 0.01. Skipping calculation at 29:51086710
WARNING: Reached chromosome edge before EHH decayed below 0.01. Skipping calculation at 29:51086718
WARNING: Reached chromosome edge before EHH decayed below 0.01. Skipping calculation at 29:51086725
WARNING: Reached chromosome edge before EHH decayed below 0.01. Skipping calculation at 29:51086732
WARNING: Reached chromosome edge before EHH decayed below 0.01. Skipping calculation at 29:51086738
WARNING: Reached chromosome edge before EHH decayed below 0.01. Skipping calculation at 29:51086859
WARNING: Reached chromosome edge before EHH decayed below 0.01. Skipping calculation at 29:51086901
WARNING: Reached chromosome edge before EHH decayed below 0.01. Skipping calculation at 29:51086908
WARNING: Reached chromosome edge before EHH decayed below 0.01. Skipping calculation at 29:51086939
WARNING: Reached chromosome edge before EHH decayed below 0.01. Skipping calculation at 29:51086952
WARNING: Reached chromosome edge before EHH decayed below 0.01. Skipping calculation at 29:51087019
WARNING: Reached chromosome edge before EHH decayed below 0.01. Skipping calculation at 29:51087027
WARNING: Reached chromosome edge before EHH decayed below 0.01. Skipping calculation at 29:51087033
WARNING: Reached chromosome edge before EHH decayed below 0.01. Skipping calculation at 29:51087057
WARNING: Reached chromosome edge before EHH decayed below 0.01. Skipping calculation at 29:51087093
WARNING: Reached chromosome edge before EHH decayed below 0.01. Skipping calculation at 29:51087100
WARNING: Reached chromosome edge before EHH decayed below 0.01. Skipping calculation at 29:51087106
WARNING: Reached chromosome edge before EHH decayed below 0.01. Skipping calculation at 29:51087117
WARNING: Reached chromosome edge before EHH decayed below 0.01. Skipping calculation at 29:51087187
WARNING: Reached chromosome edge before EHH decayed below 0.01. Skipping calculation at 29:51087226
WARNING: Reached chromosome edge before EHH decayed below 0.01. Skipping calculation at 29:51087302
WARNING: Reached chromosome edge before EHH decayed below 0.01. Skipping calculation at 29:51087328
WARNING: Reached chromosome edge before EHH decayed below 0.01. Skipping calculation at 29:51087393
WARNING: Reached chromosome edge before EHH decayed below 0.01. Skipping calculation at 29:51087504
WARNING: Reached chromosome edge before EHH decayed below 0.01. Skipping calculation at 29:51087676
WARNING: Reached chromosome edge before EHH decayed below 0.01. Skipping calculation at 29:51087840
WARNING: Reached chromosome edge before EHH decayed below 0.01. Skipping calculation at 29:51088042
WARNING: Reached chromosome edge before EHH decayed below 0.01. Skipping calculation at 29:51088226
WARNING: Reached chromosome edge before EHH decayed below 0.01. Skipping calculation at 29:51088400
WARNING: Reached chromosome edge before EHH decayed below 0.01. Skipping calculation at 29:51088454
WARNING: Reached chromosome edge before EHH decayed below 0.01. Skipping calculation at 29:51088604
WARNING: Reached chromosome edge before EHH decayed below 0.01. Skipping calculation at 29:51088885
WARNING: Reached chromosome edge before EHH decayed below 0.01. Skipping calculation at 29:51088956
WARNING: Reached chromosome edge before EHH decayed below 0.01. Skipping calculation at 29:51089070
WARNING: Reached chromosome edge before EHH decayed below 0.01. Skipping calculation at 29:51089203
WARNING: Reached chromosome edge before EHH decayed below 0.01. Skipping calculation at 29:51089209
WARNING: Reached chromosome edge before EHH decayed below 0.01. Skipping calculation at 29:51089216
WARNING: Reached chromosome edge before EHH decayed below 0.01. Skipping calculation at 29:51089274
WARNING: Reached chromosome edge before EHH decayed below 0.01. Skipping calculation at 29:51089365
WARNING: Reached chromosome edge before EHH decayed below 0.01. Skipping calculation at 29:51089537
WARNING: Reached chromosome edge before EHH decayed below 0.01. Skipping calculation at 29:51089675
WARNING: Reached chromosome edge before EHH decayed below 0.01. Skipping calculation at 29:51089744
WARNING: Reached chromosome edge before EHH decayed below 0.01. Skipping calculation at 29:51089842
WARNING: Reached chromosome edge before EHH decayed below 0.01. Skipping calculation at 29:51089932
WARNING: Reached chromosome edge before EHH decayed below 0.01. Skipping calculation at 29:51090021
WARNING: Reached chromosome edge before EHH decayed below 0.01. Skipping calculation at 29:51090155
WARNING: Reached chromosome edge before EHH decayed below 0.01. Skipping calculation at 29:51090255
WARNING: Reached chromosome edge before EHH decayed below 0.01. Skipping calculation at 29:51090322
WARNING: Reached chromosome edge before EHH decayed below 0.01. Skipping calculation at 29:51090531
WARNING: Reached chromosome edge before EHH decayed below 0.01. Skipping calculation at 29:51090762
WARNING: Reached chromosome edge before EHH decayed below 0.01. Skipping calculation at 29:51090901
WARNING: Reached chromosome edge before EHH decayed below 0.01. Skipping calculation at 29:51090951
WARNING: Reached chromosome edge before EHH decayed below 0.01. Skipping calculation at 29:51091140
WARNING: Reached chromosome edge before EHH decayed below 0.01. Skipping calculation at 29:51091349
WARNING: Reached chromosome edge before EHH decayed below 0.01. Skipping calculation at 29:51091405
WARNING: Reached chromosome edge before EHH decayed below 0.01. Skipping calculation at 29:51091483
WARNING: Reached chromosome edge before EHH decayed below 0.01. Skipping calculation at 29:51091592
WARNING: Reached chromosome edge before EHH decayed below 0.01. Skipping calculation at 29:51091736
WARNING: Reached chromosome edge before EHH decayed below 0.01. Skipping calculation at 29:51091802
WARNING: Reached chromosome edge before EHH decayed below 0.01. Skipping calculation at 29:51091828
WARNING: Reached chromosome edge before EHH decayed below 0.01. Skipping calculation at 29:51091835
WARNING: Reached chromosome edge before EHH decayed below 0.01. Skipping calculation at 29:51092113
WARNING: Reached chromosome edge before EHH decayed below 0.01. Skipping calculation at 29:51092280
WARNING: Reached chromosome edge before EHH decayed below 0.01. Skipping calculation at 29:51092596
WARNING: Reached chromosome edge before EHH decayed below 0.01. Skipping calculation at 29:51092628
WARNING: Reached chromosome edge before EHH decayed below 0.01. Skipping calculation at 29:51092667
WARNING: Reached chromosome edge before EHH decayed below 0.01. Skipping calculation at 29:51092982
WARNING: Reached chromosome edge before EHH decayed below 0.01. Skipping calculation at 29:51093108
WARNING: Reached chromosome edge before EHH decayed below 0.01. Skipping calculation at 29:51093271
WARNING: Reached chromosome edge before EHH decayed below 0.01. Skipping calculation at 29:51093308
WARNING: Reached chromosome edge before EHH decayed below 0.01. Skipping calculation at 29:51093548
WARNING: Reached chromosome edge before EHH decayed below 0.01. Skipping calculation at 29:51093651
WARNING: Reached chromosome edge before EHH decayed below 0.01. Skipping calculation at 29:51081307
WARNING: Reached chromosome edge before EHH decayed below 0.01. Skipping calculation at 29:51081407
WARNING: Reached chromosome edge before EHH decayed below 0.01. Skipping calculation at 29:51081476
WARNING: Reached chromosome edge before EHH decayed below 0.01. Skipping calculation at 29:51081605
WARNING: Reached chromosome edge before EHH decayed below 0.01. Skipping calculation at 29:51081720
WARNING: Reached chromosome edge before EHH decayed below 0.01. Skipping calculation at 29:51081809
WARNING: Reached chromosome edge before EHH decayed below 0.01. Skipping calculation at 29:51081894
WARNING: Reached chromosome edge before EHH decayed below 0.01. Skipping calculation at 29:51081982
WARNING: Reached chromosome edge before EHH decayed below 0.01. Skipping calculation at 29:51082183
WARNING: Reached chromosome edge before EHH decayed below 0.01. Skipping calculation at 29:51082295
WARNING: Reached chromosome edge before EHH decayed below 0.01. Skipping calculation at 29:51082445
WARNING: Reached chromosome edge before EHH decayed below 0.01. Skipping calculation at 29:51082591
WARNING: Reached chromosome edge before EHH decayed below 0.01. Skipping calculation at 29:51082746
WARNING: Reached chromosome edge before EHH decayed below 0.01. Skipping calculation at 29:51082878
WARNING: Reached chromosome edge before EHH decayed below 0.01. Skipping calculation at 29:51082972
WARNING: Reached chromosome edge before EHH decayed below 0.01. Skipping calculation at 29:51083090
WARNING: Reached chromosome edge before EHH decayed below 0.01. Skipping calculation at 29:51083204
WARNING: Reached chromosome edge before EHH decayed below 0.01. Skipping calculation at 29:51083332
WARNING: Reached chromosome edge before EHH decayed below 0.01. Skipping calculation at 29:51083410
WARNING: Reached chromosome edge before EHH decayed below 0.01. Skipping calculation at 29:51083468
WARNING: Reached chromosome edge before EHH decayed below 0.01. Skipping calculation at 29:51083491
WARNING: Reached chromosome edge before EHH decayed below 0.01. Skipping calculation at 29:51083516
WARNING: Reached chromosome edge before EHH decayed below 0.01. Skipping calculation at 29:51083610
WARNING: Reached chromosome edge before EHH decayed below 0.01. Skipping calculation at 29:51083727
WARNING: Reached chromosome edge before EHH decayed below 0.01. Skipping calculation at 29:51083828
WARNING: Reached chromosome edge before EHH decayed below 0.01. Skipping calculation at 29:51083953
WARNING: Reached chromosome edge before EHH decayed below 0.01. Skipping calculation at 29:51084078
WARNING: Reached chromosome edge before EHH decayed below 0.01. Skipping calculation at 29:51084147
WARNING: Reached chromosome edge before EHH decayed below 0.01. Skipping calculation at 29:51084201
WARNING: Reached chromosome edge before EHH decayed below 0.01. Skipping calculation at 29:51084243
WARNING: Reached chromosome edge before EHH decayed below 0.01. Skipping calculation at 29:51084343
WARNING: Reached chromosome edge before EHH decayed below 0.01. Skipping calculation at 29:51084470
WARNING: Reached chromosome edge before EHH decayed below 0.01. Skipping calculation at 29:51084603
WARNING: Reached chromosome edge before EHH decayed below 0.01. Skipping calculation at 29:51084609
WARNING: Reached chromosome edge before EHH decayed below 0.01. Skipping calculation at 29:51084621
WARNING: Reached chromosome edge before EHH decayed below 0.01. Skipping calculation at 29:51084820
WARNING: Reached chromosome edge before EHH decayed below 0.01. Skipping calculation at 29:51084931
WARNING: Reached chromosome edge before EHH decayed below 0.01. Skipping calculation at 29:51085054
WARNING: Reached chromosome edge before EHH decayed below 0.01. Skipping calculation at 29:51085330
WARNING: Reached chromosome edge before EHH decayed below 0.01. Skipping calculation at 29:51085443
WARNING: Reached chromosome edge before EHH decayed below 0.01. Skipping calculation at 29:51085555
WARNING: Reached chromosome edge before EHH decayed below 0.01. Skipping calculation at 29:51085705
WARNING: Reached chromosome edge before EHH decayed below 0.01. Skipping calculation at 29:51085825
WARNING: Reached chromosome edge before EHH decayed below 0.01. Skipping calculation at 29:51085831
WARNING: Reached chromosome edge before EHH decayed below 0.01. Skipping calculation at 29:51085998
WARNING: Reached chromosome edge before EHH decayed below 0.01. Skipping calculation at 29:51086218
WARNING: Reached chromosome edge before EHH decayed below 0.01. Skipping calculation at 29:51086262
WARNING: Reached chromosome edge before EHH decayed below 0.01. Skipping calculation at 29:51086398
WARNING: Reached chromosome edge before EHH decayed below 0.01. Skipping calculation at 29:51086505
WARNING: Reached chromosome edge before EHH decayed below 0.01. Skipping calculation at 29:51086604
WARNING: Reached chromosome edge before EHH decayed below 0.01. Skipping calculation at 29:51086610
WARNING: Reached chromosome edge before EHH decayed below 0.01. Skipping calculation at 29:51086636
WARNING: Reached chromosome edge before EHH decayed below 0.01. Skipping calculation at 29:51086712
WARNING: Reached chromosome edge before EHH decayed below 0.01. Skipping calculation at 29:51086720
WARNING: Reached chromosome edge before EHH decayed below 0.01. Skipping calculation at 29:51086727
WARNING: Reached chromosome edge before EHH decayed below 0.01. Skipping calculation at 29:51086734
WARNING: Reached chromosome edge before EHH decayed below 0.01. Skipping calculation at 29:51086740
WARNING: Reached chromosome edge before EHH decayed below 0.01. Skipping calculation at 29:51086871
WARNING: Reached chromosome edge before EHH decayed below 0.01. Skipping calculation at 29:51086903
WARNING: Reached chromosome edge before EHH decayed below 0.01. Skipping calculation at 29:51086910
WARNING: Reached chromosome edge before EHH decayed below 0.01. Skipping calculation at 29:51086943
WARNING: Reached chromosome edge before EHH decayed below 0.01. Skipping calculation at 29:51086954
WARNING: Reached chromosome edge before EHH decayed below 0.01. Skipping calculation at 29:51087023
WARNING: Reached chromosome edge before EHH decayed below 0.01. Skipping calculation at 29:51087029
WARNING: Reached chromosome edge before EHH decayed below 0.01. Skipping calculation at 29:51087035
WARNING: Reached chromosome edge before EHH decayed below 0.01. Skipping calculation at 29:51087073
WARNING: Reached chromosome edge before EHH decayed below 0.01. Skipping calculation at 29:51087095
WARNING: Reached chromosome edge before EHH decayed below 0.01. Skipping calculation at 29:51087102
WARNING: Reached chromosome edge before EHH decayed below 0.01. Skipping calculation at 29:51087108
WARNING: Reached chromosome edge before EHH decayed below 0.01. Skipping calculation at 29:51087125
WARNING: Reached chromosome edge before EHH decayed below 0.01. Skipping calculation at 29:51087189
WARNING: Reached chromosome edge before EHH decayed below 0.01. Skipping calculation at 29:51087257
WARNING: Reached chromosome edge before EHH decayed below 0.01. Skipping calculation at 29:51087304
WARNING: Reached chromosome edge before EHH decayed below 0.01. Skipping calculation at 29:51087330
WARNING: Reached chromosome edge before EHH decayed below 0.01. Skipping calculation at 29:51087458
WARNING: Reached chromosome edge before EHH decayed below 0.01. Skipping calculation at 29:51087542
WARNING: Reached chromosome edge before EHH decayed below 0.01. Skipping calculation at 29:51087742
WARNING: Reached chromosome edge before EHH decayed below 0.01. Skipping calculation at 29:51087898
WARNING: Reached chromosome edge before EHH decayed below 0.01. Skipping calculation at 29:51088076
WARNING: Reached chromosome edge before EHH decayed below 0.01. Skipping calculation at 29:51088267
WARNING: Reached chromosome edge before EHH decayed below 0.01. Skipping calculation at 29:51088402
WARNING: Reached chromosome edge before EHH decayed below 0.01. Skipping calculation at 29:51088565
WARNING: Reached chromosome edge before EHH decayed below 0.01. Skipping calculation at 29:51088688
WARNING: Reached chromosome edge before EHH decayed below 0.01. Skipping calculation at 29:51088903
WARNING: Reached chromosome edge before EHH decayed below 0.01. Skipping calculation at 29:51088990
WARNING: Reached chromosome edge before EHH decayed below 0.01. Skipping calculation at 29:51089188
WARNING: Reached chromosome edge before EHH decayed below 0.01. Skipping calculation at 29:51089205
WARNING: Reached chromosome edge before EHH decayed below 0.01. Skipping calculation at 29:51089211
WARNING: Reached chromosome edge before EHH decayed below 0.01. Skipping calculation at 29:51089218
WARNING: Reached chromosome edge before EHH decayed below 0.01. Skipping calculation at 29:51089288
WARNING: Reached chromosome edge before EHH decayed below 0.01. Skipping calculation at 29:51089432
WARNING: Reached chromosome edge before EHH decayed below 0.01. Skipping calculation at 29:51089578
WARNING: Reached chromosome edge before EHH decayed below 0.01. Skipping calculation at 29:51089684
WARNING: Reached chromosome edge before EHH decayed below 0.01. Skipping calculation at 29:51089783
WARNING: Reached chromosome edge before EHH decayed below 0.01. Skipping calculation at 29:51089871
WARNING: Reached chromosome edge before EHH decayed below 0.01. Skipping calculation at 29:51089972
WARNING: Reached chromosome edge before EHH decayed below 0.01. Skipping calculation at 29:51090087
WARNING: Reached chromosome edge before EHH decayed below 0.01. Skipping calculation at 29:51090179
WARNING: Reached chromosome edge before EHH decayed below 0.01. Skipping calculation at 29:51090270
WARNING: Reached chromosome edge before EHH decayed below 0.01. Skipping calculation at 29:51090328
WARNING: Reached chromosome edge before EHH decayed below 0.01. Skipping calculation at 29:51090661
WARNING: Reached chromosome edge before EHH decayed below 0.01. Skipping calculation at 29:51090777
WARNING: Reached chromosome edge before EHH decayed below 0.01. Skipping calculation at 29:51090916
WARNING: Reached chromosome edge before EHH decayed below 0.01. Skipping calculation at 29:51091018
WARNING: Reached chromosome edge before EHH decayed below 0.01. Skipping calculation at 29:51091185
WARNING: Reached chromosome edge before EHH decayed below 0.01. Skipping calculation at 29:51091370
WARNING: Reached chromosome edge before EHH decayed below 0.01. Skipping calculation at 29:51091434
WARNING: Reached chromosome edge before EHH decayed below 0.01. Skipping calculation at 29:51091528
WARNING: Reached chromosome edge before EHH decayed below 0.01. Skipping calculation at 29:51091652
WARNING: Reached chromosome edge before EHH decayed below 0.01. Skipping calculation at 29:51091752
WARNING: Reached chromosome edge before EHH decayed below 0.01. Skipping calculation at 29:51091823
WARNING: Reached chromosome edge before EHH decayed below 0.01. Skipping calculation at 29:51091831
WARNING: Reached chromosome edge before EHH decayed below 0.01. Skipping calculation at 29:51091853
WARNING: Reached chromosome edge before EHH decayed below 0.01. Skipping calculation at 29:51092129
WARNING: Reached chromosome edge before EHH decayed below 0.01. Skipping calculation at 29:51092479
WARNING: Reached chromosome edge before EHH decayed below 0.01. Skipping calculation at 29:51092598
WARNING: Reached chromosome edge before EHH decayed below 0.01. Skipping calculation at 29:51092633
WARNING: Reached chromosome edge before EHH decayed below 0.01. Skipping calculation at 29:51092704
WARNING: Reached chromosome edge before EHH decayed below 0.01. Skipping calculation at 29:51093035
WARNING: Reached chromosome edge before EHH decayed below 0.01. Skipping calculation at 29:51093191
WARNING: Reached chromosome edge before EHH decayed below 0.01. Skipping calculation at 29:51093287
WARNING: Reached chromosome edge before EHH decayed below 0.01. Skipping calculation at 29:51093385
WARNING: Reached chromosome edge before EHH decayed below 0.01. Skipping calculation at 29:51093575
WARNING: Reached chromosome edge before EHH decayed below 0.01. Skipping calculation at 29:51093685
