/stor9000/apps/users/NWSUAF/2013110098/bin/selscan-master/src/selscan --xpehh --vcf Gelbvieh.chr16.vcf --vcf-ref DN.chr16.vcf --map chr16.map --cutoff 0.01 --out DN_Gelbvieh.16.xpehh --threads 6 
v1.1.0b
Calculating XP-EHH.
Input filename: Gelbvieh.chr16.vcf
Reference input filename: DN.chr16.vcf
Map filename: chr16.map
Output file: DN_Gelbvieh.16.xpehh.xpehh.out
Threads: 6
Scale parameter: 20000
Max gap parameter: 200000
EHH cutoff value: 0.01
Alt flag set: no
WARNING: Reached chromosome edge before EHH decayed below 0.01. Skipping calculation at 16:5160
WARNING: Reached chromosome edge before EHH decayed below 0.01. Skipping calculation at 16:20352
WARNING: Reached chromosome edge before EHH decayed below 0.01. Skipping calculation at 16:20353
WARNING: Reached chromosome edge before EHH decayed below 0.01. Skipping calculation at 16:20356
WARNING: Reached chromosome edge before EHH decayed below 0.01. Skipping calculation at 16:19830
WARNING: Reached chromosome edge before EHH decayed below 0.01. Skipping calculation at 16:3306
WARNING: Reached chromosome edge before EHH decayed below 0.01. Skipping calculation at 16:20359
WARNING: Reached chromosome edge before EHH decayed below 0.01. Skipping calculation at 16:20357
WARNING: Reached chromosome edge before EHH decayed below 0.01. Skipping calculation at 16:20361
WARNING: Reached chromosome edge before EHH decayed below 0.01. Skipping calculation at 16:20362
WARNING: Reached chromosome edge before EHH decayed below 0.01. Skipping calculation at 16:20360
WARNING: Reached chromosome edge before EHH decayed below 0.01. Skipping calculation at 16:20364
WARNING: Reached chromosome edge before EHH decayed below 0.01. Skipping calculation at 16:20367
WARNING: Reached chromosome edge before EHH decayed below 0.01. Skipping calculation at 16:20365
WARNING: Reached chromosome edge before EHH decayed below 0.01. Skipping calculation at 16:20369
WARNING: Reached chromosome edge before EHH decayed below 0.01. Skipping calculation at 16:20368
WARNING: Reached chromosome edge before EHH decayed below 0.01. Skipping calculation at 16:20370
WARNING: Reached chromosome edge before EHH decayed below 0.01. Skipping calculation at 16:20371
WARNING: Reached chromosome edge before EHH decayed below 0.01. Skipping calculation at 16:20374
WARNING: Reached chromosome edge before EHH decayed below 0.01. Skipping calculation at 16:20373
WARNING: Reached chromosome edge before EHH decayed below 0.01. Skipping calculation at 16:20376
WARNING: Reached chromosome edge before EHH decayed below 0.01. Skipping calculation at 16:20377
WARNING: Reached chromosome edge before EHH decayed below 0.01. Skipping calculation at 16:20378
WARNING: Reached chromosome edge before EHH decayed below 0.01. Skipping calculation at 16:20380
WARNING: Reached chromosome edge before EHH decayed below 0.01. Skipping calculation at 16:20379
WARNING: Reached chromosome edge before EHH decayed below 0.01. Skipping calculation at 16:20375
WARNING: Reached chromosome edge before EHH decayed below 0.01. Skipping calculation at 16:20382
WARNING: Reached chromosome edge before EHH decayed below 0.01. Skipping calculation at 16:20383
WARNING: Reached chromosome edge before EHH decayed below 0.01. Skipping calculation at 16:20384
WARNING: Reached chromosome edge before EHH decayed below 0.01. Skipping calculation at 16:20381
WARNING: Reached chromosome edge before EHH decayed below 0.01. Skipping calculation at 16:20386
WARNING: Reached chromosome edge before EHH decayed below 0.01. Skipping calculation at 16:20385
WARNING: Reached chromosome edge before EHH decayed below 0.01. Skipping calculation at 16:20389
WARNING: Reached chromosome edge before EHH decayed below 0.01. Skipping calculation at 16:20390
WARNING: Reached chromosome edge before EHH decayed below 0.01. Skipping calculation at 16:20391
WARNING: Reached chromosome edge before EHH decayed below 0.01. Skipping calculation at 16:20387
WARNING: Reached chromosome edge before EHH decayed below 0.01. Skipping calculation at 16:20392
WARNING: Reached chromosome edge before EHH decayed below 0.01. Skipping calculation at 16:20393
WARNING: Reached chromosome edge before EHH decayed below 0.01. Skipping calculation at 16:20395
WARNING: Reached chromosome edge before EHH decayed below 0.01. Skipping calculation at 16:20396
WARNING: Reached chromosome edge before EHH decayed below 0.01. Skipping calculation at 16:20397
WARNING: Reached chromosome edge before EHH decayed below 0.01. Skipping calculation at 16:20394
WARNING: Reached chromosome edge before EHH decayed below 0.01. Skipping calculation at 16:20398
WARNING: Reached chromosome edge before EHH decayed below 0.01. Skipping calculation at 16:20399
WARNING: Reached chromosome edge before EHH decayed below 0.01. Skipping calculation at 16:20401
WARNING: Reached chromosome edge before EHH decayed below 0.01. Skipping calculation at 16:20402
WARNING: Reached chromosome edge before EHH decayed below 0.01. Skipping calculation at 16:20403
WARNING: Reached chromosome edge before EHH decayed below 0.01. Skipping calculation at 16:20400
WARNING: Reached chromosome edge before EHH decayed below 0.01. Skipping calculation at 16:20404
WARNING: Reached chromosome edge before EHH decayed below 0.01. Skipping calculation at 16:20405
WARNING: Reached chromosome edge before EHH decayed below 0.01. Skipping calculation at 16:20407
WARNING: Reached chromosome edge before EHH decayed below 0.01. Skipping calculation at 16:20409
WARNING: Reached chromosome edge before EHH decayed below 0.01. Skipping calculation at 16:20410
WARNING: Reached chromosome edge before EHH decayed below 0.01. Skipping calculation at 16:20406
WARNING: Reached chromosome edge before EHH decayed below 0.01. Skipping calculation at 16:20411
WARNING: Reached chromosome edge before EHH decayed below 0.01. Skipping calculation at 16:20413
WARNING: Reached chromosome edge before EHH decayed below 0.01. Skipping calculation at 16:20415
WARNING: Reached chromosome edge before EHH decayed below 0.01. Skipping calculation at 16:20416
WARNING: Reached chromosome edge before EHH decayed below 0.01. Skipping calculation at 16:20417
WARNING: Reached chromosome edge before EHH decayed below 0.01. Skipping calculation at 16:20414
WARNING: Reached chromosome edge before EHH decayed below 0.01. Skipping calculation at 16:20418
WARNING: Reached chromosome edge before EHH decayed below 0.01. Skipping calculation at 16:20419
WARNING: Reached chromosome edge before EHH decayed below 0.01. Skipping calculation at 16:20421
WARNING: Reached chromosome edge before EHH decayed below 0.01. Skipping calculation at 16:20422
WARNING: Reached chromosome edge before EHH decayed below 0.01. Skipping calculation at 16:20420
WARNING: Reached chromosome edge before EHH decayed below 0.01. Skipping calculation at 16:20423
WARNING: Reached chromosome edge before EHH decayed below 0.01. Skipping calculation at 16:20424
WARNING: Reached chromosome edge before EHH decayed below 0.01. Skipping calculation at 16:20426
WARNING: Reached chromosome edge before EHH decayed below 0.01. Skipping calculation at 16:20454
WARNING: Reached chromosome edge before EHH decayed below 0.01. Skipping calculation at 16:20455
WARNING: Reached chromosome edge before EHH decayed below 0.01. Skipping calculation at 16:20453
WARNING: Reached chromosome edge before EHH decayed below 0.01. Skipping calculation at 16:21191
WARNING: Reached chromosome edge before EHH decayed below 0.01. Skipping calculation at 16:21192
WARNING: Reached chromosome edge before EHH decayed below 0.01. Skipping calculation at 16:21194
WARNING: Reached chromosome edge before EHH decayed below 0.01. Skipping calculation at 16:21198
WARNING: Reached chromosome edge before EHH decayed below 0.01. Skipping calculation at 16:21597
WARNING: Reached chromosome edge before EHH decayed below 0.01. Skipping calculation at 16:21195
WARNING: Reached chromosome edge before EHH decayed below 0.01. Skipping calculation at 16:21855
WARNING: Reached chromosome edge before EHH decayed below 0.01. Skipping calculation at 16:21856
WARNING: Reached chromosome edge before EHH decayed below 0.01. Skipping calculation at 16:22548
WARNING: Reached chromosome edge before EHH decayed below 0.01. Skipping calculation at 16:22561
WARNING: Reached chromosome edge before EHH decayed below 0.01. Skipping calculation at 16:22589
WARNING: Reached chromosome edge before EHH decayed below 0.01. Skipping calculation at 16:22691
WARNING: Reached chromosome edge before EHH decayed below 0.01. Skipping calculation at 16:22948
WARNING: Reached chromosome edge before EHH decayed below 0.01. Skipping calculation at 16:23003
WARNING: Reached chromosome edge before EHH decayed below 0.01. Skipping calculation at 16:22983
WARNING: Reached chromosome edge before EHH decayed below 0.01. Skipping calculation at 16:23334
WARNING: Reached chromosome edge before EHH decayed below 0.01. Skipping calculation at 16:23363
WARNING: Reached chromosome edge before EHH decayed below 0.01. Skipping calculation at 16:23365
WARNING: Reached chromosome edge before EHH decayed below 0.01. Skipping calculation at 16:23370
WARNING: Reached chromosome edge before EHH decayed below 0.01. Skipping calculation at 16:23377
WARNING: Reached chromosome edge before EHH decayed below 0.01. Skipping calculation at 16:23371
WARNING: Reached chromosome edge before EHH decayed below 0.01. Skipping calculation at 16:23385
WARNING: Reached chromosome edge before EHH decayed below 0.01. Skipping calculation at 16:23386
WARNING: Reached chromosome edge before EHH decayed below 0.01. Skipping calculation at 16:23389
WARNING: Reached chromosome edge before EHH decayed below 0.01. Skipping calculation at 16:23390
WARNING: Reached chromosome edge before EHH decayed below 0.01. Skipping calculation at 16:23400
WARNING: Reached chromosome edge before EHH decayed below 0.01. Skipping calculation at 16:23819
WARNING: Reached chromosome edge before EHH decayed below 0.01. Skipping calculation at 16:23851
WARNING: Reached chromosome edge before EHH decayed below 0.01. Skipping calculation at 16:23853
WARNING: Reached chromosome edge before EHH decayed below 0.01. Skipping calculation at 16:23894
WARNING: Reached chromosome edge before EHH decayed below 0.01. Skipping calculation at 16:23911
WARNING: Reached chromosome edge before EHH decayed below 0.01. Skipping calculation at 16:23913
WARNING: Reached chromosome edge before EHH decayed below 0.01. Skipping calculation at 16:23916
WARNING: Reached chromosome edge before EHH decayed below 0.01. Skipping calculation at 16:23918
WARNING: Reached chromosome edge before EHH decayed below 0.01. Skipping calculation at 16:23921
WARNING: Reached chromosome edge before EHH decayed below 0.01. Skipping calculation at 16:23923
WARNING: Reached chromosome edge before EHH decayed below 0.01. Skipping calculation at 16:23929
WARNING: Reached chromosome edge before EHH decayed below 0.01. Skipping calculation at 16:23930
WARNING: Reached chromosome edge before EHH decayed below 0.01. Skipping calculation at 16:23931
WARNING: Reached chromosome edge before EHH decayed below 0.01. Skipping calculation at 16:23934
WARNING: Reached chromosome edge before EHH decayed below 0.01. Skipping calculation at 16:23952
WARNING: Reached chromosome edge before EHH decayed below 0.01. Skipping calculation at 16:23984
WARNING: Reached chromosome edge before EHH decayed below 0.01. Skipping calculation at 16:23993
WARNING: Reached chromosome edge before EHH decayed below 0.01. Skipping calculation at 16:23998
WARNING: Reached chromosome edge before EHH decayed below 0.01. Skipping calculation at 16:23991
WARNING: Reached chromosome edge before EHH decayed below 0.01. Skipping calculation at 16:24000
WARNING: Reached chromosome edge before EHH decayed below 0.01. Skipping calculation at 16:24037
WARNING: Reached chromosome edge before EHH decayed below 0.01. Skipping calculation at 16:26364
WARNING: Reached chromosome edge before EHH decayed below 0.01. Skipping calculation at 16:43225
WARNING: Reached chromosome edge before EHH decayed below 0.01. Skipping calculation at 16:49705
WARNING: Reached chromosome edge before EHH decayed below 0.01. Skipping calculation at 16:30498
WARNING: Reached chromosome edge before EHH decayed below 0.01. Skipping calculation at 16:49708
WARNING: Reached chromosome edge before EHH decayed below 0.01. Skipping calculation at 16:49709
WARNING: Reached chromosome edge before EHH decayed below 0.01. Skipping calculation at 16:49710
WARNING: Reached chromosome edge before EHH decayed below 0.01. Skipping calculation at 16:49712
WARNING: Reached chromosome edge before EHH decayed below 0.01. Skipping calculation at 16:49714
WARNING: Reached chromosome edge before EHH decayed below 0.01. Skipping calculation at 16:49711
WARNING: Reached chromosome edge before EHH decayed below 0.01. Skipping calculation at 16:49715
WARNING: Reached chromosome edge before EHH decayed below 0.01. Skipping calculation at 16:49717
WARNING: Reached chromosome edge before EHH decayed below 0.01. Skipping calculation at 16:49718
WARNING: Reached chromosome edge before EHH decayed below 0.01. Skipping calculation at 16:49720
WARNING: Reached chromosome edge before EHH decayed below 0.01. Skipping calculation at 16:49722
WARNING: Reached chromosome edge before EHH decayed below 0.01. Skipping calculation at 16:49719
WARNING: Reached chromosome edge before EHH decayed below 0.01. Skipping calculation at 16:49723
WARNING: Reached chromosome edge before EHH decayed below 0.01. Skipping calculation at 16:49724
WARNING: Reached chromosome edge before EHH decayed below 0.01. Skipping calculation at 16:49725
WARNING: Reached chromosome edge before EHH decayed below 0.01. Skipping calculation at 16:49727
WARNING: Reached chromosome edge before EHH decayed below 0.01. Skipping calculation at 16:49728
WARNING: Reached chromosome edge before EHH decayed below 0.01. Skipping calculation at 16:49726
WARNING: Reached chromosome edge before EHH decayed below 0.01. Skipping calculation at 16:49730
WARNING: Reached chromosome edge before EHH decayed below 0.01. Skipping calculation at 16:49732
WARNING: Reached chromosome edge before EHH decayed below 0.01. Skipping calculation at 16:49731
WARNING: Reached chromosome edge before EHH decayed below 0.01. Skipping calculation at 16:49734
WARNING: Reached chromosome edge before EHH decayed below 0.01. Skipping calculation at 16:49735
WARNING: Reached chromosome edge before EHH decayed below 0.01. Skipping calculation at 16:49733
WARNING: Reached chromosome edge before EHH decayed below 0.01. Skipping calculation at 16:49736
WARNING: Reached chromosome edge before EHH decayed below 0.01. Skipping calculation at 16:49738
WARNING: Reached chromosome edge before EHH decayed below 0.01. Skipping calculation at 16:49796
WARNING: Reached chromosome edge before EHH decayed below 0.01. Skipping calculation at 16:49737
WARNING: Reached chromosome edge before EHH decayed below 0.01. Skipping calculation at 16:49820
WARNING: Reached chromosome edge before EHH decayed below 0.01. Skipping calculation at 16:49742
WARNING: Reached chromosome edge before EHH decayed below 0.01. Skipping calculation at 16:51216
WARNING: Reached chromosome edge before EHH decayed below 0.01. Skipping calculation at 16:50197
WARNING: Reached chromosome edge before EHH decayed below 0.01. Skipping calculation at 16:51574
WARNING: Reached chromosome edge before EHH decayed below 0.01. Skipping calculation at 16:51590
WARNING: Reached chromosome edge before EHH decayed below 0.01. Skipping calculation at 16:51272
WARNING: Reached chromosome edge before EHH decayed below 0.01. Skipping calculation at 16:50239
WARNING: Reached chromosome edge before EHH decayed below 0.01. Skipping calculation at 16:51854
WARNING: Reached chromosome edge before EHH decayed below 0.01. Skipping calculation at 16:51857
WARNING: Reached chromosome edge before EHH decayed below 0.01. Skipping calculation at 16:51597
WARNING: Reached chromosome edge before EHH decayed below 0.01. Skipping calculation at 16:51864
WARNING: Reached chromosome edge before EHH decayed below 0.01. Skipping calculation at 16:51855
WARNING: Reached chromosome edge before EHH decayed below 0.01. Skipping calculation at 16:51853
WARNING: Reached chromosome edge before EHH decayed below 0.01. Skipping calculation at 16:51909
WARNING: Reached chromosome edge before EHH decayed below 0.01. Skipping calculation at 16:51911
WARNING: Reached chromosome edge before EHH decayed below 0.01. Skipping calculation at 16:51910
WARNING: Reached chromosome edge before EHH decayed below 0.01. Skipping calculation at 16:51977
WARNING: Reached chromosome edge before EHH decayed below 0.01. Skipping calculation at 16:51908
WARNING: Reached chromosome edge before EHH decayed below 0.01. Skipping calculation at 16:51865
WARNING: Reached chromosome edge before EHH decayed below 0.01. Skipping calculation at 16:52091
WARNING: Reached chromosome edge before EHH decayed below 0.01. Skipping calculation at 16:52125
WARNING: Reached chromosome edge before EHH decayed below 0.01. Skipping calculation at 16:52216
WARNING: Reached chromosome edge before EHH decayed below 0.01. Skipping calculation at 16:52105
WARNING: Reached chromosome edge before EHH decayed below 0.01. Skipping calculation at 16:52004
WARNING: Reached chromosome edge before EHH decayed below 0.01. Skipping calculation at 16:51978
WARNING: Reached chromosome edge before EHH decayed below 0.01. Skipping calculation at 16:52263
WARNING: Reached chromosome edge before EHH decayed below 0.01. Skipping calculation at 16:52404
WARNING: Reached chromosome edge before EHH decayed below 0.01. Skipping calculation at 16:52444
WARNING: Reached chromosome edge before EHH decayed below 0.01. Skipping calculation at 16:52257
WARNING: Reached chromosome edge before EHH decayed below 0.01. Skipping calculation at 16:52418
WARNING: Reached chromosome edge before EHH decayed below 0.01. Skipping calculation at 16:52231
WARNING: Reached chromosome edge before EHH decayed below 0.01. Skipping calculation at 16:52481
WARNING: Reached chromosome edge before EHH decayed below 0.01. Skipping calculation at 16:52482
WARNING: Reached chromosome edge before EHH decayed below 0.01. Skipping calculation at 16:52484
WARNING: Reached chromosome edge before EHH decayed below 0.01. Skipping calculation at 16:52480
WARNING: Reached chromosome edge before EHH decayed below 0.01. Skipping calculation at 16:52483
WARNING: Reached chromosome edge before EHH decayed below 0.01. Skipping calculation at 16:52491
WARNING: Reached chromosome edge before EHH decayed below 0.01. Skipping calculation at 16:52479
WARNING: Reached chromosome edge before EHH decayed below 0.01. Skipping calculation at 16:52492
WARNING: Reached chromosome edge before EHH decayed below 0.01. Skipping calculation at 16:52488
WARNING: Reached chromosome edge before EHH decayed below 0.01. Skipping calculation at 16:52496
WARNING: Reached chromosome edge before EHH decayed below 0.01. Skipping calculation at 16:52495
WARNING: Reached chromosome edge before EHH decayed below 0.01. Skipping calculation at 16:52500
WARNING: Reached chromosome edge before EHH decayed below 0.01. Skipping calculation at 16:52501
WARNING: Reached chromosome edge before EHH decayed below 0.01. Skipping calculation at 16:52486
WARNING: Reached chromosome edge before EHH decayed below 0.01. Skipping calculation at 16:52512
WARNING: Reached chromosome edge before EHH decayed below 0.01. Skipping calculation at 16:52507
WARNING: Reached chromosome edge before EHH decayed below 0.01. Skipping calculation at 16:52499
WARNING: Reached chromosome edge before EHH decayed below 0.01. Skipping calculation at 16:52532
WARNING: Reached chromosome edge before EHH decayed below 0.01. Skipping calculation at 16:52533
WARNING: Reached chromosome edge before EHH decayed below 0.01. Skipping calculation at 16:52540
WARNING: Reached chromosome edge before EHH decayed below 0.01. Skipping calculation at 16:52498
WARNING: Reached chromosome edge before EHH decayed below 0.01. Skipping calculation at 16:52536
WARNING: Reached chromosome edge before EHH decayed below 0.01. Skipping calculation at 16:52527
WARNING: Reached chromosome edge before EHH decayed below 0.01. Skipping calculation at 16:52568
WARNING: Reached chromosome edge before EHH decayed below 0.01. Skipping calculation at 16:52569
WARNING: Reached chromosome edge before EHH decayed below 0.01. Skipping calculation at 16:52698
WARNING: Reached chromosome edge before EHH decayed below 0.01. Skipping calculation at 16:52513
WARNING: Reached chromosome edge before EHH decayed below 0.01. Skipping calculation at 16:52582
WARNING: Reached chromosome edge before EHH decayed below 0.01. Skipping calculation at 16:52785
WARNING: Reached chromosome edge before EHH decayed below 0.01. Skipping calculation at 16:52567
WARNING: Reached chromosome edge before EHH decayed below 0.01. Skipping calculation at 16:52824
WARNING: Reached chromosome edge before EHH decayed below 0.01. Skipping calculation at 16:52557
WARNING: Reached chromosome edge before EHH decayed below 0.01. Skipping calculation at 16:52846
WARNING: Reached chromosome edge before EHH decayed below 0.01. Skipping calculation at 16:52828
WARNING: Reached chromosome edge before EHH decayed below 0.01. Skipping calculation at 16:52896
WARNING: Reached chromosome edge before EHH decayed below 0.01. Skipping calculation at 16:52754
WARNING: Reached chromosome edge before EHH decayed below 0.01. Skipping calculation at 16:52725
WARNING: Reached chromosome edge before EHH decayed below 0.01. Skipping calculation at 16:52902
WARNING: Reached chromosome edge before EHH decayed below 0.01. Skipping calculation at 16:52916
WARNING: Reached chromosome edge before EHH decayed below 0.01. Skipping calculation at 16:52934
WARNING: Reached chromosome edge before EHH decayed below 0.01. Skipping calculation at 16:52906
WARNING: Reached chromosome edge before EHH decayed below 0.01. Skipping calculation at 16:52853
WARNING: Reached chromosome edge before EHH decayed below 0.01. Skipping calculation at 16:52941
WARNING: Reached chromosome edge before EHH decayed below 0.01. Skipping calculation at 16:52995
WARNING: Reached chromosome edge before EHH decayed below 0.01. Skipping calculation at 16:52860
WARNING: Reached chromosome edge before EHH decayed below 0.01. Skipping calculation at 16:53298
WARNING: Reached chromosome edge before EHH decayed below 0.01. Skipping calculation at 16:52944
WARNING: Reached chromosome edge before EHH decayed below 0.01. Skipping calculation at 16:52932
WARNING: Reached chromosome edge before EHH decayed below 0.01. Skipping calculation at 16:53304
WARNING: Reached chromosome edge before EHH decayed below 0.01. Skipping calculation at 16:53676
WARNING: Reached chromosome edge before EHH decayed below 0.01. Skipping calculation at 16:52933
WARNING: Reached chromosome edge before EHH decayed below 0.01. Skipping calculation at 16:54290
WARNING: Reached chromosome edge before EHH decayed below 0.01. Skipping calculation at 16:53322
WARNING: Reached chromosome edge before EHH decayed below 0.01. Skipping calculation at 16:52997
WARNING: Reached chromosome edge before EHH decayed below 0.01. Skipping calculation at 16:54394
WARNING: Reached chromosome edge before EHH decayed below 0.01. Skipping calculation at 16:53003
WARNING: Reached chromosome edge before EHH decayed below 0.01. Skipping calculation at 16:54396
WARNING: Reached chromosome edge before EHH decayed below 0.01. Skipping calculation at 16:54414
WARNING: Reached chromosome edge before EHH decayed below 0.01. Skipping calculation at 16:53895
WARNING: Reached chromosome edge before EHH decayed below 0.01. Skipping calculation at 16:55628
WARNING: Reached chromosome edge before EHH decayed below 0.01. Skipping calculation at 16:54395
WARNING: Reached chromosome edge before EHH decayed below 0.01. Skipping calculation at 16:53931
WARNING: Reached chromosome edge before EHH decayed below 0.01. Skipping calculation at 16:55651
WARNING: Reached chromosome edge before EHH decayed below 0.01. Skipping calculation at 16:55668
WARNING: Reached chromosome edge before EHH decayed below 0.01. Skipping calculation at 16:54398
WARNING: Reached chromosome edge before EHH decayed below 0.01. Skipping calculation at 16:58797
WARNING: Reached chromosome edge before EHH decayed below 0.01. Skipping calculation at 16:55638
WARNING: Reached chromosome edge before EHH decayed below 0.01. Skipping calculation at 16:54413
WARNING: Reached chromosome edge before EHH decayed below 0.01. Skipping calculation at 16:58859
WARNING: Reached chromosome edge before EHH decayed below 0.01. Skipping calculation at 16:55662
WARNING: Reached chromosome edge before EHH decayed below 0.01. Skipping calculation at 16:58968
WARNING: Reached chromosome edge before EHH decayed below 0.01. Skipping calculation at 16:58983
WARNING: Reached chromosome edge before EHH decayed below 0.01. Skipping calculation at 16:55663
WARNING: Reached chromosome edge before EHH decayed below 0.01. Skipping calculation at 16:58826
WARNING: Reached chromosome edge before EHH decayed below 0.01. Skipping calculation at 16:58860
WARNING: Reached chromosome edge before EHH decayed below 0.01. Skipping calculation at 16:59048
WARNING: Reached chromosome edge before EHH decayed below 0.01. Skipping calculation at 16:59084
WARNING: Reached chromosome edge before EHH decayed below 0.01. Skipping calculation at 16:59089
WARNING: Reached chromosome edge before EHH decayed below 0.01. Skipping calculation at 16:58959
WARNING: Reached chromosome edge before EHH decayed below 0.01. Skipping calculation at 16:59053
WARNING: Reached chromosome edge before EHH decayed below 0.01. Skipping calculation at 16:58998
WARNING: Reached chromosome edge before EHH decayed below 0.01. Skipping calculation at 16:59154
WARNING: Reached chromosome edge before EHH decayed below 0.01. Skipping calculation at 16:59520
WARNING: Reached chromosome edge before EHH decayed below 0.01. Skipping calculation at 16:59576
WARNING: Reached chromosome edge before EHH decayed below 0.01. Skipping calculation at 16:59077
WARNING: Reached chromosome edge before EHH decayed below 0.01. Skipping calculation at 16:59097
WARNING: Reached chromosome edge before EHH decayed below 0.01. Skipping calculation at 16:59612
WARNING: Reached chromosome edge before EHH decayed below 0.01. Skipping calculation at 16:59163
WARNING: Reached chromosome edge before EHH decayed below 0.01. Skipping calculation at 16:59633
WARNING: Reached chromosome edge before EHH decayed below 0.01. Skipping calculation at 16:59643
WARNING: Reached chromosome edge before EHH decayed below 0.01. Skipping calculation at 16:59189
WARNING: Reached chromosome edge before EHH decayed below 0.01. Skipping calculation at 16:59602
WARNING: Reached chromosome edge before EHH decayed below 0.01. Skipping calculation at 16:59628
WARNING: Reached chromosome edge before EHH decayed below 0.01. Skipping calculation at 16:59668
WARNING: Reached chromosome edge before EHH decayed below 0.01. Skipping calculation at 16:59688
WARNING: Reached chromosome edge before EHH decayed below 0.01. Skipping calculation at 16:59630
WARNING: Reached chromosome edge before EHH decayed below 0.01. Skipping calculation at 16:59724
WARNING: Reached chromosome edge before EHH decayed below 0.01. Skipping calculation at 16:59679
WARNING: Reached chromosome edge before EHH decayed below 0.01. Skipping calculation at 16:59665
WARNING: Reached chromosome edge before EHH decayed below 0.01. Skipping calculation at 16:59892
WARNING: Reached chromosome edge before EHH decayed below 0.01. Skipping calculation at 16:59791
WARNING: Reached chromosome edge before EHH decayed below 0.01. Skipping calculation at 16:59686
WARNING: Reached chromosome edge before EHH decayed below 0.01. Skipping calculation at 16:59895
WARNING: Reached chromosome edge before EHH decayed below 0.01. Skipping calculation at 16:59858
WARNING: Reached chromosome edge before EHH decayed below 0.01. Skipping calculation at 16:59738
WARNING: Reached chromosome edge before EHH decayed below 0.01. Skipping calculation at 16:60060
WARNING: Reached chromosome edge before EHH decayed below 0.01. Skipping calculation at 16:59889
WARNING: Reached chromosome edge before EHH decayed below 0.01. Skipping calculation at 16:60502
WARNING: Reached chromosome edge before EHH decayed below 0.01. Skipping calculation at 16:60527
WARNING: Reached chromosome edge before EHH decayed below 0.01. Skipping calculation at 16:60109
WARNING: Reached chromosome edge before EHH decayed below 0.01. Skipping calculation at 16:59925
WARNING: Reached chromosome edge before EHH decayed below 0.01. Skipping calculation at 16:60619
WARNING: Reached chromosome edge before EHH decayed below 0.01. Skipping calculation at 16:60121
WARNING: Reached chromosome edge before EHH decayed below 0.01. Skipping calculation at 16:60658
WARNING: Reached chromosome edge before EHH decayed below 0.01. Skipping calculation at 16:60622
WARNING: Reached chromosome edge before EHH decayed below 0.01. Skipping calculation at 16:60673
WARNING: Reached chromosome edge before EHH decayed below 0.01. Skipping calculation at 16:60585
WARNING: Reached chromosome edge before EHH decayed below 0.01. Skipping calculation at 16:60706
WARNING: Reached chromosome edge before EHH decayed below 0.01. Skipping calculation at 16:60638
WARNING: Reached chromosome edge before EHH decayed below 0.01. Skipping calculation at 16:61003
WARNING: Reached chromosome edge before EHH decayed below 0.01. Skipping calculation at 16:60942
WARNING: Reached chromosome edge before EHH decayed below 0.01. Skipping calculation at 16:61018
WARNING: Reached chromosome edge before EHH decayed below 0.01. Skipping calculation at 16:60680
WARNING: Reached chromosome edge before EHH decayed below 0.01. Skipping calculation at 16:61002
WARNING: Reached chromosome edge before EHH decayed below 0.01. Skipping calculation at 16:73896
WARNING: Reached chromosome edge before EHH decayed below 0.01. Skipping calculation at 16:76132
WARNING: Reached chromosome edge before EHH decayed below 0.01. Skipping calculation at 16:73902
WARNING: Reached chromosome edge before EHH decayed below 0.01. Skipping calculation at 16:76179
WARNING: Reached chromosome edge before EHH decayed below 0.01. Skipping calculation at 16:73883
WARNING: Reached chromosome edge before EHH decayed below 0.01. Skipping calculation at 16:73912
WARNING: Reached chromosome edge before EHH decayed below 0.01. Skipping calculation at 16:76204
WARNING: Reached chromosome edge before EHH decayed below 0.01. Skipping calculation at 16:76439
WARNING: Reached chromosome edge before EHH decayed below 0.01. Skipping calculation at 16:76227
WARNING: Reached chromosome edge before EHH decayed below 0.01. Skipping calculation at 16:77200
WARNING: Reached chromosome edge before EHH decayed below 0.01. Skipping calculation at 16:76181
WARNING: Reached chromosome edge before EHH decayed below 0.01. Skipping calculation at 16:76334
WARNING: Reached chromosome edge before EHH decayed below 0.01. Skipping calculation at 16:77319
WARNING: Reached chromosome edge before EHH decayed below 0.01. Skipping calculation at 16:77322
WARNING: Reached chromosome edge before EHH decayed below 0.01. Skipping calculation at 16:77320
WARNING: Reached chromosome edge before EHH decayed below 0.01. Skipping calculation at 16:77323
WARNING: Reached chromosome edge before EHH decayed below 0.01. Skipping calculation at 16:77316
WARNING: Reached chromosome edge before EHH decayed below 0.01. Skipping calculation at 16:77321
WARNING: Reached chromosome edge before EHH decayed below 0.01. Skipping calculation at 16:77332
WARNING: Reached chromosome edge before EHH decayed below 0.01. Skipping calculation at 16:80368
WARNING: Reached chromosome edge before EHH decayed below 0.01. Skipping calculation at 16:77335
WARNING: Reached chromosome edge before EHH decayed below 0.01. Skipping calculation at 16:77326
WARNING: Reached chromosome edge before EHH decayed below 0.01. Skipping calculation at 16:88235
WARNING: Reached chromosome edge before EHH decayed below 0.01. Skipping calculation at 16:80365
WARNING: Reached chromosome edge before EHH decayed below 0.01. Skipping calculation at 16:88242
WARNING: Reached chromosome edge before EHH decayed below 0.01. Skipping calculation at 16:88313
WARNING: Reached chromosome edge before EHH decayed below 0.01. Skipping calculation at 16:88250
WARNING: Reached chromosome edge before EHH decayed below 0.01. Skipping calculation at 16:88329
WARNING: Reached chromosome edge before EHH decayed below 0.01. Skipping calculation at 16:88241
WARNING: Reached chromosome edge before EHH decayed below 0.01. Skipping calculation at 16:88312
WARNING: Reached chromosome edge before EHH decayed below 0.01. Skipping calculation at 16:88331
WARNING: Reached chromosome edge before EHH decayed below 0.01. Skipping calculation at 16:88356
WARNING: Reached chromosome edge before EHH decayed below 0.01. Skipping calculation at 16:88332
WARNING: Reached chromosome edge before EHH decayed below 0.01. Skipping calculation at 16:88363
WARNING: Reached chromosome edge before EHH decayed below 0.01. Skipping calculation at 16:88330
WARNING: Reached chromosome edge before EHH decayed below 0.01. Skipping calculation at 16:88354
WARNING: Reached chromosome edge before EHH decayed below 0.01. Skipping calculation at 16:88368
WARNING: Reached chromosome edge before EHH decayed below 0.01. Skipping calculation at 16:88376
WARNING: Reached chromosome edge before EHH decayed below 0.01. Skipping calculation at 16:88377
WARNING: Reached chromosome edge before EHH decayed below 0.01. Skipping calculation at 16:88366
WARNING: Reached chromosome edge before EHH decayed below 0.01. Skipping calculation at 16:88374
WARNING: Reached chromosome edge before EHH decayed below 0.01. Skipping calculation at 16:88369
WARNING: Reached chromosome edge before EHH decayed below 0.01. Skipping calculation at 16:88380
WARNING: Reached chromosome edge before EHH decayed below 0.01. Skipping calculation at 16:88455
WARNING: Reached chromosome edge before EHH decayed below 0.01. Skipping calculation at 16:88456
WARNING: Reached chromosome edge before EHH decayed below 0.01. Skipping calculation at 16:88379
WARNING: Reached chromosome edge before EHH decayed below 0.01. Skipping calculation at 16:88382
WARNING: Reached chromosome edge before EHH decayed below 0.01. Skipping calculation at 16:88451
WARNING: Reached chromosome edge before EHH decayed below 0.01. Skipping calculation at 16:88562
WARNING: Reached chromosome edge before EHH decayed below 0.01. Skipping calculation at 16:88603
WARNING: Reached chromosome edge before EHH decayed below 0.01. Skipping calculation at 16:88459
WARNING: Reached chromosome edge before EHH decayed below 0.01. Skipping calculation at 16:90509
WARNING: Reached chromosome edge before EHH decayed below 0.01. Skipping calculation at 16:88569
WARNING: Reached chromosome edge before EHH decayed below 0.01. Skipping calculation at 16:88588
WARNING: Reached chromosome edge before EHH decayed below 0.01. Skipping calculation at 16:90538
WARNING: Reached chromosome edge before EHH decayed below 0.01. Skipping calculation at 16:90628
WARNING: Reached chromosome edge before EHH decayed below 0.01. Skipping calculation at 16:90524
WARNING: Reached chromosome edge before EHH decayed below 0.01. Skipping calculation at 16:90629
WARNING: Reached chromosome edge before EHH decayed below 0.01. Skipping calculation at 16:90623
WARNING: Reached chromosome edge before EHH decayed below 0.01. Skipping calculation at 16:90627
WARNING: Reached chromosome edge before EHH decayed below 0.01. Skipping calculation at 16:90717
WARNING: Reached chromosome edge before EHH decayed below 0.01. Skipping calculation at 16:90857
WARNING: Reached chromosome edge before EHH decayed below 0.01. Skipping calculation at 16:90650
WARNING: Reached chromosome edge before EHH decayed below 0.01. Skipping calculation at 16:90872
WARNING: Reached chromosome edge before EHH decayed below 0.01. Skipping calculation at 16:90840
WARNING: Reached chromosome edge before EHH decayed below 0.01. Skipping calculation at 16:90849
WARNING: Reached chromosome edge before EHH decayed below 0.01. Skipping calculation at 16:90878
WARNING: Reached chromosome edge before EHH decayed below 0.01. Skipping calculation at 16:90904
WARNING: Reached chromosome edge before EHH decayed below 0.01. Skipping calculation at 16:90926
WARNING: Reached chromosome edge before EHH decayed below 0.01. Skipping calculation at 16:90897
WARNING: Reached chromosome edge before EHH decayed below 0.01. Skipping calculation at 16:90876
WARNING: Reached chromosome edge before EHH decayed below 0.01. Skipping calculation at 16:90898
WARNING: Reached chromosome edge before EHH decayed below 0.01. Skipping calculation at 16:90932
WARNING: Reached chromosome edge before EHH decayed below 0.01. Skipping calculation at 16:90939
WARNING: Reached chromosome edge before EHH decayed below 0.01. Skipping calculation at 16:90941
WARNING: Reached chromosome edge before EHH decayed below 0.01. Skipping calculation at 16:90933
WARNING: Reached chromosome edge before EHH decayed below 0.01. Skipping calculation at 16:90946
WARNING: Reached chromosome edge before EHH decayed below 0.01. Skipping calculation at 16:90938
WARNING: Reached chromosome edge before EHH decayed below 0.01. Skipping calculation at 16:90927
WARNING: Reached chromosome edge before EHH decayed below 0.01. Skipping calculation at 16:90954
WARNING: Reached chromosome edge before EHH decayed below 0.01. Skipping calculation at 16:90957
WARNING: Reached chromosome edge before EHH decayed below 0.01. Skipping calculation at 16:90948
WARNING: Reached chromosome edge before EHH decayed below 0.01. Skipping calculation at 16:90959
WARNING: Reached chromosome edge before EHH decayed below 0.01. Skipping calculation at 16:90951
WARNING: Reached chromosome edge before EHH decayed below 0.01. Skipping calculation at 16:90974
WARNING: Reached chromosome edge before EHH decayed below 0.01. Skipping calculation at 16:90945
WARNING: Reached chromosome edge before EHH decayed below 0.01. Skipping calculation at 16:90981
WARNING: Reached chromosome edge before EHH decayed below 0.01. Skipping calculation at 16:90960
WARNING: Reached chromosome edge before EHH decayed below 0.01. Skipping calculation at 16:91021
WARNING: Reached chromosome edge before EHH decayed below 0.01. Skipping calculation at 16:90964
WARNING: Reached chromosome edge before EHH decayed below 0.01. Skipping calculation at 16:91086
WARNING: Reached chromosome edge before EHH decayed below 0.01. Skipping calculation at 16:90958
WARNING: Reached chromosome edge before EHH decayed below 0.01. Skipping calculation at 16:91023
WARNING: Reached chromosome edge before EHH decayed below 0.01. Skipping calculation at 16:93438
WARNING: Reached chromosome edge before EHH decayed below 0.01. Skipping calculation at 16:96993
WARNING: Reached chromosome edge before EHH decayed below 0.01. Skipping calculation at 16:91080
WARNING: Reached chromosome edge before EHH decayed below 0.01. Skipping calculation at 16:97050
WARNING: Reached chromosome edge before EHH decayed below 0.01. Skipping calculation at 16:91008
WARNING: Reached chromosome edge before EHH decayed below 0.01. Skipping calculation at 16:97003
WARNING: Reached chromosome edge before EHH decayed below 0.01. Skipping calculation at 16:97079
WARNING: Reached chromosome edge before EHH decayed below 0.01. Skipping calculation at 16:97259
WARNING: Reached chromosome edge before EHH decayed below 0.01. Skipping calculation at 16:97281
WARNING: Reached chromosome edge before EHH decayed below 0.01. Skipping calculation at 16:97029
WARNING: Reached chromosome edge before EHH decayed below 0.01. Skipping calculation at 16:96983
WARNING: Reached chromosome edge before EHH decayed below 0.01. Skipping calculation at 16:97269
WARNING: Reached chromosome edge before EHH decayed below 0.01. Skipping calculation at 16:97292
WARNING: Reached chromosome edge before EHH decayed below 0.01. Skipping calculation at 16:97368
WARNING: Reached chromosome edge before EHH decayed below 0.01. Skipping calculation at 16:100586
WARNING: Reached chromosome edge before EHH decayed below 0.01. Skipping calculation at 16:97278
WARNING: Reached chromosome edge before EHH decayed below 0.01. Skipping calculation at 16:97386
WARNING: Reached chromosome edge before EHH decayed below 0.01. Skipping calculation at 16:100587
WARNING: Reached chromosome edge before EHH decayed below 0.01. Skipping calculation at 16:97080
WARNING: Reached chromosome edge before EHH decayed below 0.01. Skipping calculation at 16:100589
WARNING: Reached chromosome edge before EHH decayed below 0.01. Skipping calculation at 16:100605
WARNING: Reached chromosome edge before EHH decayed below 0.01. Skipping calculation at 16:100592
WARNING: Reached chromosome edge before EHH decayed below 0.01. Skipping calculation at 16:100521
WARNING: Reached chromosome edge before EHH decayed below 0.01. Skipping calculation at 16:100621
WARNING: Reached chromosome edge before EHH decayed below 0.01. Skipping calculation at 16:101174
WARNING: Reached chromosome edge before EHH decayed below 0.01. Skipping calculation at 16:97334
WARNING: Reached chromosome edge before EHH decayed below 0.01. Skipping calculation at 16:101199
WARNING: Reached chromosome edge before EHH decayed below 0.01. Skipping calculation at 16:101200
WARNING: Reached chromosome edge before EHH decayed below 0.01. Skipping calculation at 16:101182
WARNING: Reached chromosome edge before EHH decayed below 0.01. Skipping calculation at 16:100595
WARNING: Reached chromosome edge before EHH decayed below 0.01. Skipping calculation at 16:101397
WARNING: Reached chromosome edge before EHH decayed below 0.01. Skipping calculation at 16:100588
WARNING: Reached chromosome edge before EHH decayed below 0.01. Skipping calculation at 16:103290
WARNING: Reached chromosome edge before EHH decayed below 0.01. Skipping calculation at 16:103294
WARNING: Reached chromosome edge before EHH decayed below 0.01. Skipping calculation at 16:103238
WARNING: Reached chromosome edge before EHH decayed below 0.01. Skipping calculation at 16:101183
WARNING: Reached chromosome edge before EHH decayed below 0.01. Skipping calculation at 16:101146
WARNING: Reached chromosome edge before EHH decayed below 0.01. Skipping calculation at 16:103318
WARNING: Reached chromosome edge before EHH decayed below 0.01. Skipping calculation at 16:103554
WARNING: Reached chromosome edge before EHH decayed below 0.01. Skipping calculation at 16:103562
WARNING: Reached chromosome edge before EHH decayed below 0.01. Skipping calculation at 16:103367
WARNING: Reached chromosome edge before EHH decayed below 0.01. Skipping calculation at 16:103258
WARNING: Reached chromosome edge before EHH decayed below 0.01. Skipping calculation at 16:101203
WARNING: Reached chromosome edge before EHH decayed below 0.01. Skipping calculation at 16:103593
WARNING: Reached chromosome edge before EHH decayed below 0.01. Skipping calculation at 16:103603
WARNING: Reached chromosome edge before EHH decayed below 0.01. Skipping calculation at 16:103613
WARNING: Reached chromosome edge before EHH decayed below 0.01. Skipping calculation at 16:103597
WARNING: Reached chromosome edge before EHH decayed below 0.01. Skipping calculation at 16:103529
WARNING: Reached chromosome edge before EHH decayed below 0.01. Skipping calculation at 16:103308
WARNING: Reached chromosome edge before EHH decayed below 0.01. Skipping calculation at 16:103619
WARNING: Reached chromosome edge before EHH decayed below 0.01. Skipping calculation at 16:103634
WARNING: Reached chromosome edge before EHH decayed below 0.01. Skipping calculation at 16:103620
WARNING: Reached chromosome edge before EHH decayed below 0.01. Skipping calculation at 16:103642
WARNING: Reached chromosome edge before EHH decayed below 0.01. Skipping calculation at 16:103599
WARNING: Reached chromosome edge before EHH decayed below 0.01. Skipping calculation at 16:103588
WARNING: Reached chromosome edge before EHH decayed below 0.01. Skipping calculation at 16:103654
WARNING: Reached chromosome edge before EHH decayed below 0.01. Skipping calculation at 16:103666
WARNING: Reached chromosome edge before EHH decayed below 0.01. Skipping calculation at 16:103633
WARNING: Reached chromosome edge before EHH decayed below 0.01. Skipping calculation at 16:103658
WARNING: Reached chromosome edge before EHH decayed below 0.01. Skipping calculation at 16:103667
WARNING: Reached chromosome edge before EHH decayed below 0.01. Skipping calculation at 16:103618
WARNING: Reached chromosome edge before EHH decayed below 0.01. Skipping calculation at 16:103688
WARNING: Reached chromosome edge before EHH decayed below 0.01. Skipping calculation at 16:104391
WARNING: Reached chromosome edge before EHH decayed below 0.01. Skipping calculation at 16:103663
WARNING: Reached chromosome edge before EHH decayed below 0.01. Skipping calculation at 16:103694
WARNING: Reached chromosome edge before EHH decayed below 0.01. Skipping calculation at 16:104411
WARNING: Reached chromosome edge before EHH decayed below 0.01. Skipping calculation at 16:104456
WARNING: Reached chromosome edge before EHH decayed below 0.01. Skipping calculation at 16:103653
WARNING: Reached chromosome edge before EHH decayed below 0.01. Skipping calculation at 16:104499
WARNING: Reached chromosome edge before EHH decayed below 0.01. Skipping calculation at 16:104384
WARNING: Reached chromosome edge before EHH decayed below 0.01. Skipping calculation at 16:104465
WARNING: Reached chromosome edge before EHH decayed below 0.01. Skipping calculation at 16:104535
WARNING: Reached chromosome edge before EHH decayed below 0.01. Skipping calculation at 16:104519
WARNING: Reached chromosome edge before EHH decayed below 0.01. Skipping calculation at 16:103684
WARNING: Reached chromosome edge before EHH decayed below 0.01. Skipping calculation at 16:104735
WARNING: Reached chromosome edge before EHH decayed below 0.01. Skipping calculation at 16:104483
WARNING: Reached chromosome edge before EHH decayed below 0.01. Skipping calculation at 16:104548
WARNING: Reached chromosome edge before EHH decayed below 0.01. Skipping calculation at 16:105072
WARNING: Reached chromosome edge before EHH decayed below 0.01. Skipping calculation at 16:104811
WARNING: Reached chromosome edge before EHH decayed below 0.01. Skipping calculation at 16:104432
WARNING: Reached chromosome edge before EHH decayed below 0.01. Skipping calculation at 16:106200
WARNING: Reached chromosome edge before EHH decayed below 0.01. Skipping calculation at 16:104659
WARNING: Reached chromosome edge before EHH decayed below 0.01. Skipping calculation at 16:106195
WARNING: Reached chromosome edge before EHH decayed below 0.01. Skipping calculation at 16:106207
WARNING: Reached chromosome edge before EHH decayed below 0.01. Skipping calculation at 16:106202
WARNING: Reached chromosome edge before EHH decayed below 0.01. Skipping calculation at 16:104526
WARNING: Reached chromosome edge before EHH decayed below 0.01. Skipping calculation at 16:106216
WARNING: Reached chromosome edge before EHH decayed below 0.01. Skipping calculation at 16:106198
WARNING: Reached chromosome edge before EHH decayed below 0.01. Skipping calculation at 16:106209
WARNING: Reached chromosome edge before EHH decayed below 0.01. Skipping calculation at 16:106224
WARNING: Reached chromosome edge before EHH decayed below 0.01. Skipping calculation at 16:106218
WARNING: Reached chromosome edge before EHH decayed below 0.01. Skipping calculation at 16:104846
WARNING: Reached chromosome edge before EHH decayed below 0.01. Skipping calculation at 16:106266
WARNING: Reached chromosome edge before EHH decayed below 0.01. Skipping calculation at 16:106215
WARNING: Reached chromosome edge before EHH decayed below 0.01. Skipping calculation at 16:106231
WARNING: Reached chromosome edge before EHH decayed below 0.01. Skipping calculation at 16:106342
WARNING: Reached chromosome edge before EHH decayed below 0.01. Skipping calculation at 16:106276
WARNING: Reached chromosome edge before EHH decayed below 0.01. Skipping calculation at 16:106203
WARNING: Reached chromosome edge before EHH decayed below 0.01. Skipping calculation at 16:106347
WARNING: Reached chromosome edge before EHH decayed below 0.01. Skipping calculation at 16:106245
WARNING: Reached chromosome edge before EHH decayed below 0.01. Skipping calculation at 16:106345
WARNING: Reached chromosome edge before EHH decayed below 0.01. Skipping calculation at 16:106355
WARNING: Reached chromosome edge before EHH decayed below 0.01. Skipping calculation at 16:106353
WARNING: Reached chromosome edge before EHH decayed below 0.01. Skipping calculation at 16:106220
WARNING: Reached chromosome edge before EHH decayed below 0.01. Skipping calculation at 16:106358
WARNING: Reached chromosome edge before EHH decayed below 0.01. Skipping calculation at 16:106346
WARNING: Reached chromosome edge before EHH decayed below 0.01. Skipping calculation at 16:106356
WARNING: Reached chromosome edge before EHH decayed below 0.01. Skipping calculation at 16:106368
WARNING: Reached chromosome edge before EHH decayed below 0.01. Skipping calculation at 16:106363
WARNING: Reached chromosome edge before EHH decayed below 0.01. Skipping calculation at 16:106307
WARNING: Reached chromosome edge before EHH decayed below 0.01. Skipping calculation at 16:106374
WARNING: Reached chromosome edge before EHH decayed below 0.01. Skipping calculation at 16:106357
WARNING: Reached chromosome edge before EHH decayed below 0.01. Skipping calculation at 16:106369
WARNING: Reached chromosome edge before EHH decayed below 0.01. Skipping calculation at 16:106471
WARNING: Reached chromosome edge before EHH decayed below 0.01. Skipping calculation at 16:106354
WARNING: Reached chromosome edge before EHH decayed below 0.01. Skipping calculation at 16:106451
WARNING: Reached chromosome edge before EHH decayed below 0.01. Skipping calculation at 16:106487
WARNING: Reached chromosome edge before EHH decayed below 0.01. Skipping calculation at 16:106372
WARNING: Reached chromosome edge before EHH decayed below 0.01. Skipping calculation at 16:106482
WARNING: Reached chromosome edge before EHH decayed below 0.01. Skipping calculation at 16:106367
WARNING: Reached chromosome edge before EHH decayed below 0.01. Skipping calculation at 16:106507
WARNING: Reached chromosome edge before EHH decayed below 0.01. Skipping calculation at 16:106491
WARNING: Reached chromosome edge before EHH decayed below 0.01. Skipping calculation at 16:106522
WARNING: Reached chromosome edge before EHH decayed below 0.01. Skipping calculation at 16:106483
WARNING: Reached chromosome edge before EHH decayed below 0.01. Skipping calculation at 16:106528
WARNING: Reached chromosome edge before EHH decayed below 0.01. Skipping calculation at 16:106508
WARNING: Reached chromosome edge before EHH decayed below 0.01. Skipping calculation at 16:106453
WARNING: Reached chromosome edge before EHH decayed below 0.01. Skipping calculation at 16:106523
WARNING: Reached chromosome edge before EHH decayed below 0.01. Skipping calculation at 16:106539
WARNING: Reached chromosome edge before EHH decayed below 0.01. Skipping calculation at 16:106513
WARNING: Reached chromosome edge before EHH decayed below 0.01. Skipping calculation at 16:106529
WARNING: Reached chromosome edge before EHH decayed below 0.01. Skipping calculation at 16:106540
WARNING: Reached chromosome edge before EHH decayed below 0.01. Skipping calculation at 16:106605
WARNING: Reached chromosome edge before EHH decayed below 0.01. Skipping calculation at 16:106505
WARNING: Reached chromosome edge before EHH decayed below 0.01. Skipping calculation at 16:106625
WARNING: Reached chromosome edge before EHH decayed below 0.01. Skipping calculation at 16:106538
WARNING: Reached chromosome edge before EHH decayed below 0.01. Skipping calculation at 16:106611
WARNING: Reached chromosome edge before EHH decayed below 0.01. Skipping calculation at 16:106524
WARNING: Reached chromosome edge before EHH decayed below 0.01. Skipping calculation at 16:106628
WARNING: Reached chromosome edge before EHH decayed below 0.01. Skipping calculation at 16:106636
WARNING: Reached chromosome edge before EHH decayed below 0.01. Skipping calculation at 16:106642
WARNING: Reached chromosome edge before EHH decayed below 0.01. Skipping calculation at 16:106612
WARNING: Reached chromosome edge before EHH decayed below 0.01. Skipping calculation at 16:106545
WARNING: Reached chromosome edge before EHH decayed below 0.01. Skipping calculation at 16:106637
WARNING: Reached chromosome edge before EHH decayed below 0.01. Skipping calculation at 16:106643
WARNING: Reached chromosome edge before EHH decayed below 0.01. Skipping calculation at 16:106646
WARNING: Reached chromosome edge before EHH decayed below 0.01. Skipping calculation at 16:107564
WARNING: Reached chromosome edge before EHH decayed below 0.01. Skipping calculation at 16:106639
WARNING: Reached chromosome edge before EHH decayed below 0.01. Skipping calculation at 16:106629
WARNING: Reached chromosome edge before EHH decayed below 0.01. Skipping calculation at 16:106649
WARNING: Reached chromosome edge before EHH decayed below 0.01. Skipping calculation at 16:107579
WARNING: Reached chromosome edge before EHH decayed below 0.01. Skipping calculation at 16:110475
WARNING: Reached chromosome edge before EHH decayed below 0.01. Skipping calculation at 16:107616
WARNING: Reached chromosome edge before EHH decayed below 0.01. Skipping calculation at 16:106651
WARNING: Reached chromosome edge before EHH decayed below 0.01. Skipping calculation at 16:106645
WARNING: Reached chromosome edge before EHH decayed below 0.01. Skipping calculation at 16:110421
WARNING: Reached chromosome edge before EHH decayed below 0.01. Skipping calculation at 16:110480
WARNING: Reached chromosome edge before EHH decayed below 0.01. Skipping calculation at 16:110830
WARNING: Reached chromosome edge before EHH decayed below 0.01. Skipping calculation at 16:110540
WARNING: Reached chromosome edge before EHH decayed below 0.01. Skipping calculation at 16:110437
WARNING: Reached chromosome edge before EHH decayed below 0.01. Skipping calculation at 16:107610
WARNING: Reached chromosome edge before EHH decayed below 0.01. Skipping calculation at 16:110779
WARNING: Reached chromosome edge before EHH decayed below 0.01. Skipping calculation at 16:110836
WARNING: Reached chromosome edge before EHH decayed below 0.01. Skipping calculation at 16:134417
WARNING: Reached chromosome edge before EHH decayed below 0.01. Skipping calculation at 16:134399
WARNING: Reached chromosome edge before EHH decayed below 0.01. Skipping calculation at 16:110784
WARNING: Reached chromosome edge before EHH decayed below 0.01. Skipping calculation at 16:110532
WARNING: Reached chromosome edge before EHH decayed below 0.01. Skipping calculation at 16:134407
WARNING: Reached chromosome edge before EHH decayed below 0.01. Skipping calculation at 16:182614
WARNING: Reached chromosome edge before EHH decayed below 0.01. Skipping calculation at 16:183000
WARNING: Reached chromosome edge before EHH decayed below 0.01. Skipping calculation at 16:182704
WARNING: Reached chromosome edge before EHH decayed below 0.01. Skipping calculation at 16:134414
WARNING: Reached chromosome edge before EHH decayed below 0.01. Skipping calculation at 16:134392
WARNING: Reached chromosome edge before EHH decayed below 0.01. Skipping calculation at 16:182983
WARNING: Reached chromosome edge before EHH decayed below 0.01. Skipping calculation at 16:183005
WARNING: Reached chromosome edge before EHH decayed below 0.01. Skipping calculation at 16:183980
WARNING: Reached chromosome edge before EHH decayed below 0.01. Skipping calculation at 16:183047
WARNING: Reached chromosome edge before EHH decayed below 0.01. Skipping calculation at 16:182989
WARNING: Reached chromosome edge before EHH decayed below 0.01. Skipping calculation at 16:182633
WARNING: Reached chromosome edge before EHH decayed below 0.01. Skipping calculation at 16:183061
WARNING: Reached chromosome edge before EHH decayed below 0.01. Skipping calculation at 16:183997
WARNING: Reached chromosome edge before EHH decayed below 0.01. Skipping calculation at 16:184091
WARNING: Reached chromosome edge before EHH decayed below 0.01. Skipping calculation at 16:184037
WARNING: Reached chromosome edge before EHH decayed below 0.01. Skipping calculation at 16:183066
WARNING: Reached chromosome edge before EHH decayed below 0.01. Skipping calculation at 16:183012
WARNING: Reached chromosome edge before EHH decayed below 0.01. Skipping calculation at 16:184075
WARNING: Reached chromosome edge before EHH decayed below 0.01. Skipping calculation at 16:184096
WARNING: Reached chromosome edge before EHH decayed below 0.01. Skipping calculation at 16:184195
WARNING: Reached chromosome edge before EHH decayed below 0.01. Skipping calculation at 16:184116
WARNING: Reached chromosome edge before EHH decayed below 0.01. Skipping calculation at 16:184088
WARNING: Reached chromosome edge before EHH decayed below 0.01. Skipping calculation at 16:184030
WARNING: Reached chromosome edge before EHH decayed below 0.01. Skipping calculation at 16:184126
WARNING: Reached chromosome edge before EHH decayed below 0.01. Skipping calculation at 16:184363
WARNING: Reached chromosome edge before EHH decayed below 0.01. Skipping calculation at 16:185592
WARNING: Reached chromosome edge before EHH decayed below 0.01. Skipping calculation at 16:185511
WARNING: Reached chromosome edge before EHH decayed below 0.01. Skipping calculation at 16:184115
WARNING: Reached chromosome edge before EHH decayed below 0.01. Skipping calculation at 16:184145
WARNING: Reached chromosome edge before EHH decayed below 0.01. Skipping calculation at 16:185566
WARNING: Reached chromosome edge before EHH decayed below 0.01. Skipping calculation at 16:185647
WARNING: Reached chromosome edge before EHH decayed below 0.01. Skipping calculation at 16:186123
WARNING: Reached chromosome edge before EHH decayed below 0.01. Skipping calculation at 16:186039
WARNING: Reached chromosome edge before EHH decayed below 0.01. Skipping calculation at 16:185499
WARNING: Reached chromosome edge before EHH decayed below 0.01. Skipping calculation at 16:185567
WARNING: Reached chromosome edge before EHH decayed below 0.01. Skipping calculation at 16:186067
WARNING: Reached chromosome edge before EHH decayed below 0.01. Skipping calculation at 16:186129
WARNING: Reached chromosome edge before EHH decayed below 0.01. Skipping calculation at 16:186163
WARNING: Reached chromosome edge before EHH decayed below 0.01. Skipping calculation at 16:186138
WARNING: Reached chromosome edge before EHH decayed below 0.01. Skipping calculation at 16:185867
WARNING: Reached chromosome edge before EHH decayed below 0.01. Skipping calculation at 16:186119
WARNING: Reached chromosome edge before EHH decayed below 0.01. Skipping calculation at 16:186143
WARNING: Reached chromosome edge before EHH decayed below 0.01. Skipping calculation at 16:186166
WARNING: Reached chromosome edge before EHH decayed below 0.01. Skipping calculation at 16:186236
WARNING: Reached chromosome edge before EHH decayed below 0.01. Skipping calculation at 16:186191
WARNING: Reached chromosome edge before EHH decayed below 0.01. Skipping calculation at 16:186135
WARNING: Reached chromosome edge before EHH decayed below 0.01. Skipping calculation at 16:186162
WARNING: Reached chromosome edge before EHH decayed below 0.01. Skipping calculation at 16:186225
WARNING: Reached chromosome edge before EHH decayed below 0.01. Skipping calculation at 16:186325
WARNING: Reached chromosome edge before EHH decayed below 0.01. Skipping calculation at 16:186382
WARNING: Reached chromosome edge before EHH decayed below 0.01. Skipping calculation at 16:186350
WARNING: Reached chromosome edge before EHH decayed below 0.01. Skipping calculation at 16:186190
WARNING: Reached chromosome edge before EHH decayed below 0.01. Skipping calculation at 16:186227
WARNING: Reached chromosome edge before EHH decayed below 0.01. Skipping calculation at 16:186366
WARNING: Reached chromosome edge before EHH decayed below 0.01. Skipping calculation at 16:186420
WARNING: Reached chromosome edge before EHH decayed below 0.01. Skipping calculation at 16:186935
WARNING: Reached chromosome edge before EHH decayed below 0.01. Skipping calculation at 16:186502
WARNING: Reached chromosome edge before EHH decayed below 0.01. Skipping calculation at 16:186334
WARNING: Reached chromosome edge before EHH decayed below 0.01. Skipping calculation at 16:186372
WARNING: Reached chromosome edge before EHH decayed below 0.01. Skipping calculation at 16:186524
WARNING: Reached chromosome edge before EHH decayed below 0.01. Skipping calculation at 16:187051
WARNING: Reached chromosome edge before EHH decayed below 0.01. Skipping calculation at 16:186949
WARNING: Reached chromosome edge before EHH decayed below 0.01. Skipping calculation at 16:186977
WARNING: Reached chromosome edge before EHH decayed below 0.01. Skipping calculation at 16:186471
WARNING: Reached chromosome edge before EHH decayed below 0.01. Skipping calculation at 16:186994
WARNING: Reached chromosome edge before EHH decayed below 0.01. Skipping calculation at 16:186926
WARNING: Reached chromosome edge before EHH decayed below 0.01. Skipping calculation at 16:187060
WARNING: Reached chromosome edge before EHH decayed below 0.01. Skipping calculation at 16:187063
WARNING: Reached chromosome edge before EHH decayed below 0.01. Skipping calculation at 16:187052
WARNING: Reached chromosome edge before EHH decayed below 0.01. Skipping calculation at 16:186971
WARNING: Reached chromosome edge before EHH decayed below 0.01. Skipping calculation at 16:187061
WARNING: Reached chromosome edge before EHH decayed below 0.01. Skipping calculation at 16:187048
WARNING: Reached chromosome edge before EHH decayed below 0.01. Skipping calculation at 16:187067
WARNING: Reached chromosome edge before EHH decayed below 0.01. Skipping calculation at 16:187054
WARNING: Reached chromosome edge before EHH decayed below 0.01. Skipping calculation at 16:187072
WARNING: Reached chromosome edge before EHH decayed below 0.01. Skipping calculation at 16:187065
WARNING: Reached chromosome edge before EHH decayed below 0.01. Skipping calculation at 16:187068
WARNING: Reached chromosome edge before EHH decayed below 0.01. Skipping calculation at 16:187062
WARNING: Reached chromosome edge before EHH decayed below 0.01. Skipping calculation at 16:187086
WARNING: Reached chromosome edge before EHH decayed below 0.01. Skipping calculation at 16:187119
WARNING: Reached chromosome edge before EHH decayed below 0.01. Skipping calculation at 16:187075
WARNING: Reached chromosome edge before EHH decayed below 0.01. Skipping calculation at 16:187066
WARNING: Reached chromosome edge before EHH decayed below 0.01. Skipping calculation at 16:187089
WARNING: Reached chromosome edge before EHH decayed below 0.01. Skipping calculation at 16:187070
WARNING: Reached chromosome edge before EHH decayed below 0.01. Skipping calculation at 16:188723
WARNING: Reached chromosome edge before EHH decayed below 0.01. Skipping calculation at 16:188737
WARNING: Reached chromosome edge before EHH decayed below 0.01. Skipping calculation at 16:187156
WARNING: Reached chromosome edge before EHH decayed below 0.01. Skipping calculation at 16:187083
WARNING: Reached chromosome edge before EHH decayed below 0.01. Skipping calculation at 16:187117
WARNING: Reached chromosome edge before EHH decayed below 0.01. Skipping calculation at 16:188735
WARNING: Reached chromosome edge before EHH decayed below 0.01. Skipping calculation at 16:188748
WARNING: Reached chromosome edge before EHH decayed below 0.01. Skipping calculation at 16:188796
WARNING: Reached chromosome edge before EHH decayed below 0.01. Skipping calculation at 16:188738
WARNING: Reached chromosome edge before EHH decayed below 0.01. Skipping calculation at 16:187210
WARNING: Reached chromosome edge before EHH decayed below 0.01. Skipping calculation at 16:188736
WARNING: Reached chromosome edge before EHH decayed below 0.01. Skipping calculation at 16:188753
WARNING: Reached chromosome edge before EHH decayed below 0.01. Skipping calculation at 16:188869
WARNING: Reached chromosome edge before EHH decayed below 0.01. Skipping calculation at 16:188892
WARNING: Reached chromosome edge before EHH decayed below 0.01. Skipping calculation at 16:188834
WARNING: Reached chromosome edge before EHH decayed below 0.01. Skipping calculation at 16:188744
WARNING: Reached chromosome edge before EHH decayed below 0.01. Skipping calculation at 16:188754
WARNING: Reached chromosome edge before EHH decayed below 0.01. Skipping calculation at 16:188870
WARNING: Reached chromosome edge before EHH decayed below 0.01. Skipping calculation at 16:188965
WARNING: Reached chromosome edge before EHH decayed below 0.01. Skipping calculation at 16:189041
WARNING: Reached chromosome edge before EHH decayed below 0.01. Skipping calculation at 16:188899
WARNING: Reached chromosome edge before EHH decayed below 0.01. Skipping calculation at 16:188867
WARNING: Reached chromosome edge before EHH decayed below 0.01. Skipping calculation at 16:188891
WARNING: Reached chromosome edge before EHH decayed below 0.01. Skipping calculation at 16:188976
WARNING: Reached chromosome edge before EHH decayed below 0.01. Skipping calculation at 16:189129
WARNING: Reached chromosome edge before EHH decayed below 0.01. Skipping calculation at 16:189270
WARNING: Reached chromosome edge before EHH decayed below 0.01. Skipping calculation at 16:189042
WARNING: Reached chromosome edge before EHH decayed below 0.01. Skipping calculation at 16:188929
WARNING: Reached chromosome edge before EHH decayed below 0.01. Skipping calculation at 16:189040
WARNING: Reached chromosome edge before EHH decayed below 0.01. Skipping calculation at 16:189194
WARNING: Reached chromosome edge before EHH decayed below 0.01. Skipping calculation at 16:189365
WARNING: Reached chromosome edge before EHH decayed below 0.01. Skipping calculation at 16:189277
WARNING: Reached chromosome edge before EHH decayed below 0.01. Skipping calculation at 16:189309
WARNING: Reached chromosome edge before EHH decayed below 0.01. Skipping calculation at 16:189043
WARNING: Reached chromosome edge before EHH decayed below 0.01. Skipping calculation at 16:189225
WARNING: Reached chromosome edge before EHH decayed below 0.01. Skipping calculation at 16:189312
WARNING: Reached chromosome edge before EHH decayed below 0.01. Skipping calculation at 16:189465
WARNING: Reached chromosome edge before EHH decayed below 0.01. Skipping calculation at 16:189401
WARNING: Reached chromosome edge before EHH decayed below 0.01. Skipping calculation at 16:189462
WARNING: Reached chromosome edge before EHH decayed below 0.01. Skipping calculation at 16:189289
WARNING: Reached chromosome edge before EHH decayed below 0.01. Skipping calculation at 16:189315
WARNING: Reached chromosome edge before EHH decayed below 0.01. Skipping calculation at 16:189463
WARNING: Reached chromosome edge before EHH decayed below 0.01. Skipping calculation at 16:189472
WARNING: Reached chromosome edge before EHH decayed below 0.01. Skipping calculation at 16:189466
WARNING: Reached chromosome edge before EHH decayed below 0.01. Skipping calculation at 16:189468
WARNING: Reached chromosome edge before EHH decayed below 0.01. Skipping calculation at 16:189461
WARNING: Reached chromosome edge before EHH decayed below 0.01. Skipping calculation at 16:189464
WARNING: Reached chromosome edge before EHH decayed below 0.01. Skipping calculation at 16:189470
WARNING: Reached chromosome edge before EHH decayed below 0.01. Skipping calculation at 16:189484
WARNING: Reached chromosome edge before EHH decayed below 0.01. Skipping calculation at 16:189473
WARNING: Reached chromosome edge before EHH decayed below 0.01. Skipping calculation at 16:189467
WARNING: Reached chromosome edge before EHH decayed below 0.01. Skipping calculation at 16:189475
WARNING: Reached chromosome edge before EHH decayed below 0.01. Skipping calculation at 16:189471
WARNING: Reached chromosome edge before EHH decayed below 0.01. Skipping calculation at 16:189476
WARNING: Reached chromosome edge before EHH decayed below 0.01. Skipping calculation at 16:189487
WARNING: Reached chromosome edge before EHH decayed below 0.01. Skipping calculation at 16:189497
WARNING: Reached chromosome edge before EHH decayed below 0.01. Skipping calculation at 16:189474
WARNING: Reached chromosome edge before EHH decayed below 0.01. Skipping calculation at 16:189493
WARNING: Reached chromosome edge before EHH decayed below 0.01. Skipping calculation at 16:189479
WARNING: Reached chromosome edge before EHH decayed below 0.01. Skipping calculation at 16:189494
WARNING: Reached chromosome edge before EHH decayed below 0.01. Skipping calculation at 16:189620
WARNING: Reached chromosome edge before EHH decayed below 0.01. Skipping calculation at 16:189498
WARNING: Reached chromosome edge before EHH decayed below 0.01. Skipping calculation at 16:189490
WARNING: Reached chromosome edge before EHH decayed below 0.01. Skipping calculation at 16:189510
WARNING: Reached chromosome edge before EHH decayed below 0.01. Skipping calculation at 16:189495
WARNING: Reached chromosome edge before EHH decayed below 0.01. Skipping calculation at 16:189549
WARNING: Reached chromosome edge before EHH decayed below 0.01. Skipping calculation at 16:189499
WARNING: Reached chromosome edge before EHH decayed below 0.01. Skipping calculation at 16:189600
WARNING: Reached chromosome edge before EHH decayed below 0.01. Skipping calculation at 16:80994874
WARNING: Reached chromosome edge before EHH decayed below 0.01. Skipping calculation at 16:80995149
WARNING: Reached chromosome edge before EHH decayed below 0.01. Skipping calculation at 16:80995342
WARNING: Reached chromosome edge before EHH decayed below 0.01. Skipping calculation at 16:80995502
WARNING: Reached chromosome edge before EHH decayed below 0.01. Skipping calculation at 16:80995735
WARNING: Reached chromosome edge before EHH decayed below 0.01. Skipping calculation at 16:80995869
WARNING: Reached chromosome edge before EHH decayed below 0.01. Skipping calculation at 16:80996371
WARNING: Reached chromosome edge before EHH decayed below 0.01. Skipping calculation at 16:80996619
WARNING: Reached chromosome edge before EHH decayed below 0.01. Skipping calculation at 16:80996862
WARNING: Reached chromosome edge before EHH decayed below 0.01. Skipping calculation at 16:80997115
WARNING: Reached chromosome edge before EHH decayed below 0.01. Skipping calculation at 16:80997397
WARNING: Reached chromosome edge before EHH decayed below 0.01. Skipping calculation at 16:80997984
WARNING: Reached chromosome edge before EHH decayed below 0.01. Skipping calculation at 16:80998236
WARNING: Reached chromosome edge before EHH decayed below 0.01. Skipping calculation at 16:80998531
WARNING: Reached chromosome edge before EHH decayed below 0.01. Skipping calculation at 16:80998764
WARNING: Reached chromosome edge before EHH decayed below 0.01. Skipping calculation at 16:80999060
WARNING: Reached chromosome edge before EHH decayed below 0.01. Skipping calculation at 16:80999304
WARNING: Reached chromosome edge before EHH decayed below 0.01. Skipping calculation at 16:80999677
WARNING: Reached chromosome edge before EHH decayed below 0.01. Skipping calculation at 16:80999997
WARNING: Reached chromosome edge before EHH decayed below 0.01. Skipping calculation at 16:81000661
WARNING: Reached chromosome edge before EHH decayed below 0.01. Skipping calculation at 16:81001166
WARNING: Reached chromosome edge before EHH decayed below 0.01. Skipping calculation at 16:81001371
WARNING: Reached chromosome edge before EHH decayed below 0.01. Skipping calculation at 16:81001505
WARNING: Reached chromosome edge before EHH decayed below 0.01. Skipping calculation at 16:81001511
WARNING: Reached chromosome edge before EHH decayed below 0.01. Skipping calculation at 16:81001949
WARNING: Reached chromosome edge before EHH decayed below 0.01. Skipping calculation at 16:81002233
WARNING: Reached chromosome edge before EHH decayed below 0.01. Skipping calculation at 16:81002382
WARNING: Reached chromosome edge before EHH decayed below 0.01. Skipping calculation at 16:81003016
WARNING: Reached chromosome edge before EHH decayed below 0.01. Skipping calculation at 16:81003345
WARNING: Reached chromosome edge before EHH decayed below 0.01. Skipping calculation at 16:81004347
WARNING: Reached chromosome edge before EHH decayed below 0.01. Skipping calculation at 16:81004785
WARNING: Reached chromosome edge before EHH decayed below 0.01. Skipping calculation at 16:81005125
WARNING: Reached chromosome edge before EHH decayed below 0.01. Skipping calculation at 16:80995140
WARNING: Reached chromosome edge before EHH decayed below 0.01. Skipping calculation at 16:80995320
WARNING: Reached chromosome edge before EHH decayed below 0.01. Skipping calculation at 16:80995463
WARNING: Reached chromosome edge before EHH decayed below 0.01. Skipping calculation at 16:80995701
WARNING: Reached chromosome edge before EHH decayed below 0.01. Skipping calculation at 16:80995847
WARNING: Reached chromosome edge before EHH decayed below 0.01. Skipping calculation at 16:80996118
WARNING: Reached chromosome edge before EHH decayed below 0.01. Skipping calculation at 16:80996464
WARNING: Reached chromosome edge before EHH decayed below 0.01. Skipping calculation at 16:80996793
WARNING: Reached chromosome edge before EHH decayed below 0.01. Skipping calculation at 16:80996996
WARNING: Reached chromosome edge before EHH decayed below 0.01. Skipping calculation at 16:80997235
WARNING: Reached chromosome edge before EHH decayed below 0.01. Skipping calculation at 16:80997618
WARNING: Reached chromosome edge before EHH decayed below 0.01. Skipping calculation at 16:80998174
WARNING: Reached chromosome edge before EHH decayed below 0.01. Skipping calculation at 16:80998429
WARNING: Reached chromosome edge before EHH decayed below 0.01. Skipping calculation at 16:80998687
WARNING: Reached chromosome edge before EHH decayed below 0.01. Skipping calculation at 16:80999000
WARNING: Reached chromosome edge before EHH decayed below 0.01. Skipping calculation at 16:80999237
WARNING: Reached chromosome edge before EHH decayed below 0.01. Skipping calculation at 16:80999548
WARNING: Reached chromosome edge before EHH decayed below 0.01. Skipping calculation at 16:80999857
WARNING: Reached chromosome edge before EHH decayed below 0.01. Skipping calculation at 16:81000114
WARNING: Reached chromosome edge before EHH decayed below 0.01. Skipping calculation at 16:81000682
WARNING: Reached chromosome edge before EHH decayed below 0.01. Skipping calculation at 16:81001359
WARNING: Reached chromosome edge before EHH decayed below 0.01. Skipping calculation at 16:81001503
WARNING: Reached chromosome edge before EHH decayed below 0.01. Skipping calculation at 16:81001509
WARNING: Reached chromosome edge before EHH decayed below 0.01. Skipping calculation at 16:81001732
WARNING: Reached chromosome edge before EHH decayed below 0.01. Skipping calculation at 16:81002159
WARNING: Reached chromosome edge before EHH decayed below 0.01. Skipping calculation at 16:81002318
WARNING: Reached chromosome edge before EHH decayed below 0.01. Skipping calculation at 16:81002726
WARNING: Reached chromosome edge before EHH decayed below 0.01. Skipping calculation at 16:81003315
WARNING: Reached chromosome edge before EHH decayed below 0.01. Skipping calculation at 16:81004345
WARNING: Reached chromosome edge before EHH decayed below 0.01. Skipping calculation at 16:81004783
WARNING: Reached chromosome edge before EHH decayed below 0.01. Skipping calculation at 16:81004789
WARNING: Reached chromosome edge before EHH decayed below 0.01. Skipping calculation at 16:80995012
WARNING: Reached chromosome edge before EHH decayed below 0.01. Skipping calculation at 16:80995252
WARNING: Reached chromosome edge before EHH decayed below 0.01. Skipping calculation at 16:80995369
WARNING: Reached chromosome edge before EHH decayed below 0.01. Skipping calculation at 16:80995616
WARNING: Reached chromosome edge before EHH decayed below 0.01. Skipping calculation at 16:80995750
WARNING: Reached chromosome edge before EHH decayed below 0.01. Skipping calculation at 16:80995901
WARNING: Reached chromosome edge before EHH decayed below 0.01. Skipping calculation at 16:80996397
WARNING: Reached chromosome edge before EHH decayed below 0.01. Skipping calculation at 16:80996711
WARNING: Reached chromosome edge before EHH decayed below 0.01. Skipping calculation at 16:80996934
WARNING: Reached chromosome edge before EHH decayed below 0.01. Skipping calculation at 16:80997154
WARNING: Reached chromosome edge before EHH decayed below 0.01. Skipping calculation at 16:80997410
WARNING: Reached chromosome edge before EHH decayed below 0.01. Skipping calculation at 16:80998112
WARNING: Reached chromosome edge before EHH decayed below 0.01. Skipping calculation at 16:80998279
WARNING: Reached chromosome edge before EHH decayed below 0.01. Skipping calculation at 16:80998534
WARNING: Reached chromosome edge before EHH decayed below 0.01. Skipping calculation at 16:80998771
WARNING: Reached chromosome edge before EHH decayed below 0.01. Skipping calculation at 16:80999135
WARNING: Reached chromosome edge before EHH decayed below 0.01. Skipping calculation at 16:80995138
WARNING: Reached chromosome edge before EHH decayed below 0.01. Skipping calculation at 16:80999311
WARNING: Reached chromosome edge before EHH decayed below 0.01. Skipping calculation at 16:80995257
WARNING: Reached chromosome edge before EHH decayed below 0.01. Skipping calculation at 16:80999679
WARNING: Reached chromosome edge before EHH decayed below 0.01. Skipping calculation at 16:80995395
WARNING: Reached chromosome edge before EHH decayed below 0.01. Skipping calculation at 16:81000111
WARNING: Reached chromosome edge before EHH decayed below 0.01. Skipping calculation at 16:80995617
WARNING: Reached chromosome edge before EHH decayed below 0.01. Skipping calculation at 16:81000678
WARNING: Reached chromosome edge before EHH decayed below 0.01. Skipping calculation at 16:80995793
WARNING: Reached chromosome edge before EHH decayed below 0.01. Skipping calculation at 16:81001175
WARNING: Reached chromosome edge before EHH decayed below 0.01. Skipping calculation at 16:80995954
WARNING: Reached chromosome edge before EHH decayed below 0.01. Skipping calculation at 16:81001390
WARNING: Reached chromosome edge before EHH decayed below 0.01. Skipping calculation at 16:81001506
WARNING: Reached chromosome edge before EHH decayed below 0.01. Skipping calculation at 16:80996413
WARNING: Reached chromosome edge before EHH decayed below 0.01. Skipping calculation at 16:81001512
WARNING: Reached chromosome edge before EHH decayed below 0.01. Skipping calculation at 16:81002020
WARNING: Reached chromosome edge before EHH decayed below 0.01. Skipping calculation at 16:81002235
WARNING: Reached chromosome edge before EHH decayed below 0.01. Skipping calculation at 16:80996729
WARNING: Reached chromosome edge before EHH decayed below 0.01. Skipping calculation at 16:81002616
WARNING: Reached chromosome edge before EHH decayed below 0.01. Skipping calculation at 16:81003035
WARNING: Reached chromosome edge before EHH decayed below 0.01. Skipping calculation at 16:81003412
WARNING: Reached chromosome edge before EHH decayed below 0.01. Skipping calculation at 16:81004349
WARNING: Reached chromosome edge before EHH decayed below 0.01. Skipping calculation at 16:81004786
WARNING: Reached chromosome edge before EHH decayed below 0.01. Skipping calculation at 16:81005147
WARNING: Reached chromosome edge before EHH decayed below 0.01. Skipping calculation at 16:80996976
WARNING: Reached chromosome edge before EHH decayed below 0.01. Skipping calculation at 16:80997185
WARNING: Reached chromosome edge before EHH decayed below 0.01. Skipping calculation at 16:80997498
WARNING: Reached chromosome edge before EHH decayed below 0.01. Skipping calculation at 16:80998115
WARNING: Reached chromosome edge before EHH decayed below 0.01. Skipping calculation at 16:80998311
WARNING: Reached chromosome edge before EHH decayed below 0.01. Skipping calculation at 16:80998574
WARNING: Reached chromosome edge before EHH decayed below 0.01. Skipping calculation at 16:80998779
WARNING: Reached chromosome edge before EHH decayed below 0.01. Skipping calculation at 16:80999155
WARNING: Reached chromosome edge before EHH decayed below 0.01. Skipping calculation at 16:80999339
WARNING: Reached chromosome edge before EHH decayed below 0.01. Skipping calculation at 16:80999781
WARNING: Reached chromosome edge before EHH decayed below 0.01. Skipping calculation at 16:81000112
WARNING: Reached chromosome edge before EHH decayed below 0.01. Skipping calculation at 16:81000680
WARNING: Reached chromosome edge before EHH decayed below 0.01. Skipping calculation at 16:81001177
WARNING: Reached chromosome edge before EHH decayed below 0.01. Skipping calculation at 16:81001408
WARNING: Reached chromosome edge before EHH decayed below 0.01. Skipping calculation at 16:81001507
WARNING: Reached chromosome edge before EHH decayed below 0.01. Skipping calculation at 16:81001513
WARNING: Reached chromosome edge before EHH decayed below 0.01. Skipping calculation at 16:81002071
WARNING: Reached chromosome edge before EHH decayed below 0.01. Skipping calculation at 16:81002251
WARNING: Reached chromosome edge before EHH decayed below 0.01. Skipping calculation at 16:81002618
WARNING: Reached chromosome edge before EHH decayed below 0.01. Skipping calculation at 16:81003223
WARNING: Reached chromosome edge before EHH decayed below 0.01. Skipping calculation at 16:81003442
WARNING: Reached chromosome edge before EHH decayed below 0.01. Skipping calculation at 16:81004740
WARNING: Reached chromosome edge before EHH decayed below 0.01. Skipping calculation at 16:81004787
WARNING: Reached chromosome edge before EHH decayed below 0.01. Skipping calculation at 16:80994833
WARNING: Reached chromosome edge before EHH decayed below 0.01. Skipping calculation at 16:80995141
WARNING: Reached chromosome edge before EHH decayed below 0.01. Skipping calculation at 16:80995324
WARNING: Reached chromosome edge before EHH decayed below 0.01. Skipping calculation at 16:80995480
WARNING: Reached chromosome edge before EHH decayed below 0.01. Skipping calculation at 16:80995732
WARNING: Reached chromosome edge before EHH decayed below 0.01. Skipping calculation at 16:80995854
WARNING: Reached chromosome edge before EHH decayed below 0.01. Skipping calculation at 16:80996167
WARNING: Reached chromosome edge before EHH decayed below 0.01. Skipping calculation at 16:80996472
WARNING: Reached chromosome edge before EHH decayed below 0.01. Skipping calculation at 16:80996811
WARNING: Reached chromosome edge before EHH decayed below 0.01. Skipping calculation at 16:80997084
WARNING: Reached chromosome edge before EHH decayed below 0.01. Skipping calculation at 16:80997242
WARNING: Reached chromosome edge before EHH decayed below 0.01. Skipping calculation at 16:80997676
WARNING: Reached chromosome edge before EHH decayed below 0.01. Skipping calculation at 16:80998179
WARNING: Reached chromosome edge before EHH decayed below 0.01. Skipping calculation at 16:80998498
WARNING: Reached chromosome edge before EHH decayed below 0.01. Skipping calculation at 16:80998689
WARNING: Reached chromosome edge before EHH decayed below 0.01. Skipping calculation at 16:80999047
WARNING: Reached chromosome edge before EHH decayed below 0.01. Skipping calculation at 16:80999247
WARNING: Reached chromosome edge before EHH decayed below 0.01. Skipping calculation at 16:80999676
WARNING: Reached chromosome edge before EHH decayed below 0.01. Skipping calculation at 16:80999888
WARNING: Reached chromosome edge before EHH decayed below 0.01. Skipping calculation at 16:81000115
WARNING: Reached chromosome edge before EHH decayed below 0.01. Skipping calculation at 16:81000871
WARNING: Reached chromosome edge before EHH decayed below 0.01. Skipping calculation at 16:81001370
WARNING: Reached chromosome edge before EHH decayed below 0.01. Skipping calculation at 16:81001504
WARNING: Reached chromosome edge before EHH decayed below 0.01. Skipping calculation at 16:81001510
WARNING: Reached chromosome edge before EHH decayed below 0.01. Skipping calculation at 16:81001813
WARNING: Reached chromosome edge before EHH decayed below 0.01. Skipping calculation at 16:81002160
WARNING: Reached chromosome edge before EHH decayed below 0.01. Skipping calculation at 16:81002325
WARNING: Reached chromosome edge before EHH decayed below 0.01. Skipping calculation at 16:81002856
WARNING: Reached chromosome edge before EHH decayed below 0.01. Skipping calculation at 16:81003339
WARNING: Reached chromosome edge before EHH decayed below 0.01. Skipping calculation at 16:81004346
WARNING: Reached chromosome edge before EHH decayed below 0.01. Skipping calculation at 16:81004784
WARNING: Reached chromosome edge before EHH decayed below 0.01. Skipping calculation at 16:81004790
WARNING: Reached chromosome edge before EHH decayed below 0.01. Skipping calculation at 16:80995139
WARNING: Reached chromosome edge before EHH decayed below 0.01. Skipping calculation at 16:80995300
WARNING: Reached chromosome edge before EHH decayed below 0.01. Skipping calculation at 16:80995454
WARNING: Reached chromosome edge before EHH decayed below 0.01. Skipping calculation at 16:80995648
WARNING: Reached chromosome edge before EHH decayed below 0.01. Skipping calculation at 16:80995831
WARNING: Reached chromosome edge before EHH decayed below 0.01. Skipping calculation at 16:80995967
WARNING: Reached chromosome edge before EHH decayed below 0.01. Skipping calculation at 16:80996457
WARNING: Reached chromosome edge before EHH decayed below 0.01. Skipping calculation at 16:80996787
WARNING: Reached chromosome edge before EHH decayed below 0.01. Skipping calculation at 16:80996988
WARNING: Reached chromosome edge before EHH decayed below 0.01. Skipping calculation at 16:80997234
WARNING: Reached chromosome edge before EHH decayed below 0.01. Skipping calculation at 16:80997565
WARNING: Reached chromosome edge before EHH decayed below 0.01. Skipping calculation at 16:80998122
WARNING: Reached chromosome edge before EHH decayed below 0.01. Skipping calculation at 16:80998428
WARNING: Reached chromosome edge before EHH decayed below 0.01. Skipping calculation at 16:80998671
WARNING: Reached chromosome edge before EHH decayed below 0.01. Skipping calculation at 16:80998941
WARNING: Reached chromosome edge before EHH decayed below 0.01. Skipping calculation at 16:80999232
WARNING: Reached chromosome edge before EHH decayed below 0.01. Skipping calculation at 16:80999347
WARNING: Reached chromosome edge before EHH decayed below 0.01. Skipping calculation at 16:80999782
WARNING: Reached chromosome edge before EHH decayed below 0.01. Skipping calculation at 16:81000113
WARNING: Reached chromosome edge before EHH decayed below 0.01. Skipping calculation at 16:81000681
WARNING: Reached chromosome edge before EHH decayed below 0.01. Skipping calculation at 16:81001260
WARNING: Reached chromosome edge before EHH decayed below 0.01. Skipping calculation at 16:81001502
WARNING: Reached chromosome edge before EHH decayed below 0.01. Skipping calculation at 16:81001508
WARNING: Reached chromosome edge before EHH decayed below 0.01. Skipping calculation at 16:81001698
WARNING: Reached chromosome edge before EHH decayed below 0.01. Skipping calculation at 16:81002152
WARNING: Reached chromosome edge before EHH decayed below 0.01. Skipping calculation at 16:81002311
WARNING: Reached chromosome edge before EHH decayed below 0.01. Skipping calculation at 16:81002681
WARNING: Reached chromosome edge before EHH decayed below 0.01. Skipping calculation at 16:81003264
WARNING: Reached chromosome edge before EHH decayed below 0.01. Skipping calculation at 16:81004294
WARNING: Reached chromosome edge before EHH decayed below 0.01. Skipping calculation at 16:81004782
WARNING: Reached chromosome edge before EHH decayed below 0.01. Skipping calculation at 16:81004788
