/stor9000/apps/users/NWSUAF/2013110098/bin/selscan-master/src/selscan --xpehh --vcf Gelbvieh.chr13.vcf --vcf-ref DN.chr13.vcf --map chr13.map --cutoff 0.01 --out DN_Gelbvieh.13.xpehh --threads 6 
v1.1.0b
Calculating XP-EHH.
Input filename: Gelbvieh.chr13.vcf
Reference input filename: DN.chr13.vcf
Map filename: chr13.map
Output file: DN_Gelbvieh.13.xpehh.xpehh.out
Threads: 6
Scale parameter: 20000
Max gap parameter: 200000
EHH cutoff value: 0.01
Alt flag set: no
WARNING: Reached chromosome edge before EHH decayed below 0.01. Skipping calculation at 13:811
WARNING: Reached chromosome edge before EHH decayed below 0.01. Skipping calculation at 13:817
WARNING: Reached chromosome edge before EHH decayed below 0.01. Skipping calculation at 13:838
WARNING: Reached chromosome edge before EHH decayed below 0.01. Skipping calculation at 13:773
WARNING: Reached chromosome edge before EHH decayed below 0.01. Skipping calculation at 13:842
WARNING: Reached chromosome edge before EHH decayed below 0.01. Skipping calculation at 13:901
WARNING: Reached chromosome edge before EHH decayed below 0.01. Skipping calculation at 13:990
WARNING: Reached chromosome edge before EHH decayed below 0.01. Skipping calculation at 13:986
WARNING: Reached chromosome edge before EHH decayed below 0.01. Skipping calculation at 13:1007
WARNING: Reached chromosome edge before EHH decayed below 0.01. Skipping calculation at 13:1044
WARNING: Reached chromosome edge before EHH decayed below 0.01. Skipping calculation at 13:1052
WARNING: Reached chromosome edge before EHH decayed below 0.01. Skipping calculation at 13:1112
WARNING: Reached chromosome edge before EHH decayed below 0.01. Skipping calculation at 13:1134
WARNING: Reached chromosome edge before EHH decayed below 0.01. Skipping calculation at 13:1135
WARNING: Reached chromosome edge before EHH decayed below 0.01. Skipping calculation at 13:1195
WARNING: Reached chromosome edge before EHH decayed below 0.01. Skipping calculation at 13:1202
WARNING: Reached chromosome edge before EHH decayed below 0.01. Skipping calculation at 13:1216
WARNING: Reached chromosome edge before EHH decayed below 0.01. Skipping calculation at 13:1255
WARNING: Reached chromosome edge before EHH decayed below 0.01. Skipping calculation at 13:1269
WARNING: Reached chromosome edge before EHH decayed below 0.01. Skipping calculation at 13:1276
WARNING: Reached chromosome edge before EHH decayed below 0.01. Skipping calculation at 13:1277
WARNING: Reached chromosome edge before EHH decayed below 0.01. Skipping calculation at 13:1282
WARNING: Reached chromosome edge before EHH decayed below 0.01. Skipping calculation at 13:1283
WARNING: Reached chromosome edge before EHH decayed below 0.01. Skipping calculation at 13:1284
WARNING: Reached chromosome edge before EHH decayed below 0.01. Skipping calculation at 13:1287
WARNING: Reached chromosome edge before EHH decayed below 0.01. Skipping calculation at 13:1288
WARNING: Reached chromosome edge before EHH decayed below 0.01. Skipping calculation at 13:1291
WARNING: Reached chromosome edge before EHH decayed below 0.01. Skipping calculation at 13:1295
WARNING: Reached chromosome edge before EHH decayed below 0.01. Skipping calculation at 13:1298
WARNING: Reached chromosome edge before EHH decayed below 0.01. Skipping calculation at 13:1339
WARNING: Reached chromosome edge before EHH decayed below 0.01. Skipping calculation at 13:1353
WARNING: Reached chromosome edge before EHH decayed below 0.01. Skipping calculation at 13:1361
WARNING: Reached chromosome edge before EHH decayed below 0.01. Skipping calculation at 13:1410
WARNING: Reached chromosome edge before EHH decayed below 0.01. Skipping calculation at 13:1440
WARNING: Reached chromosome edge before EHH decayed below 0.01. Skipping calculation at 13:1470
WARNING: Reached chromosome edge before EHH decayed below 0.01. Skipping calculation at 13:1473
WARNING: Reached chromosome edge before EHH decayed below 0.01. Skipping calculation at 13:1480
WARNING: Reached chromosome edge before EHH decayed below 0.01. Skipping calculation at 13:1498
WARNING: Reached chromosome edge before EHH decayed below 0.01. Skipping calculation at 13:1532
WARNING: Reached chromosome edge before EHH decayed below 0.01. Skipping calculation at 13:1557
WARNING: Reached chromosome edge before EHH decayed below 0.01. Skipping calculation at 13:1583
WARNING: Reached chromosome edge before EHH decayed below 0.01. Skipping calculation at 13:1586
WARNING: Reached chromosome edge before EHH decayed below 0.01. Skipping calculation at 13:1631
WARNING: Reached chromosome edge before EHH decayed below 0.01. Skipping calculation at 13:1632
WARNING: Reached chromosome edge before EHH decayed below 0.01. Skipping calculation at 13:1633
WARNING: Reached chromosome edge before EHH decayed below 0.01. Skipping calculation at 13:1634
WARNING: Reached chromosome edge before EHH decayed below 0.01. Skipping calculation at 13:1635
WARNING: Reached chromosome edge before EHH decayed below 0.01. Skipping calculation at 13:1636
WARNING: Reached chromosome edge before EHH decayed below 0.01. Skipping calculation at 13:1637
WARNING: Reached chromosome edge before EHH decayed below 0.01. Skipping calculation at 13:1638
WARNING: Reached chromosome edge before EHH decayed below 0.01. Skipping calculation at 13:1639
WARNING: Reached chromosome edge before EHH decayed below 0.01. Skipping calculation at 13:1640
WARNING: Reached chromosome edge before EHH decayed below 0.01. Skipping calculation at 13:1641
WARNING: Reached chromosome edge before EHH decayed below 0.01. Skipping calculation at 13:1642
WARNING: Reached chromosome edge before EHH decayed below 0.01. Skipping calculation at 13:1643
WARNING: Reached chromosome edge before EHH decayed below 0.01. Skipping calculation at 13:1644
WARNING: Reached chromosome edge before EHH decayed below 0.01. Skipping calculation at 13:1645
WARNING: Reached chromosome edge before EHH decayed below 0.01. Skipping calculation at 13:1646
WARNING: Reached chromosome edge before EHH decayed below 0.01. Skipping calculation at 13:1647
WARNING: Reached chromosome edge before EHH decayed below 0.01. Skipping calculation at 13:1648
WARNING: Reached chromosome edge before EHH decayed below 0.01. Skipping calculation at 13:1649
WARNING: Reached chromosome edge before EHH decayed below 0.01. Skipping calculation at 13:1651
WARNING: Reached chromosome edge before EHH decayed below 0.01. Skipping calculation at 13:1670
WARNING: Reached chromosome edge before EHH decayed below 0.01. Skipping calculation at 13:1684
WARNING: Reached chromosome edge before EHH decayed below 0.01. Skipping calculation at 13:1698
WARNING: Reached chromosome edge before EHH decayed below 0.01. Skipping calculation at 13:1725
WARNING: Reached chromosome edge before EHH decayed below 0.01. Skipping calculation at 13:1760
WARNING: Reached chromosome edge before EHH decayed below 0.01. Skipping calculation at 13:1774
WARNING: Reached chromosome edge before EHH decayed below 0.01. Skipping calculation at 13:1821
WARNING: Reached chromosome edge before EHH decayed below 0.01. Skipping calculation at 13:1839
WARNING: Reached chromosome edge before EHH decayed below 0.01. Skipping calculation at 13:1844
WARNING: Reached chromosome edge before EHH decayed below 0.01. Skipping calculation at 13:1845
WARNING: Reached chromosome edge before EHH decayed below 0.01. Skipping calculation at 13:1848
WARNING: Reached chromosome edge before EHH decayed below 0.01. Skipping calculation at 13:1860
WARNING: Reached chromosome edge before EHH decayed below 0.01. Skipping calculation at 13:1862
WARNING: Reached chromosome edge before EHH decayed below 0.01. Skipping calculation at 13:1863
WARNING: Reached chromosome edge before EHH decayed below 0.01. Skipping calculation at 13:1866
WARNING: Reached chromosome edge before EHH decayed below 0.01. Skipping calculation at 13:1867
WARNING: Reached chromosome edge before EHH decayed below 0.01. Skipping calculation at 13:1868
WARNING: Reached chromosome edge before EHH decayed below 0.01. Skipping calculation at 13:1869
WARNING: Reached chromosome edge before EHH decayed below 0.01. Skipping calculation at 13:1871
WARNING: Reached chromosome edge before EHH decayed below 0.01. Skipping calculation at 13:1872
WARNING: Reached chromosome edge before EHH decayed below 0.01. Skipping calculation at 13:1874
WARNING: Reached chromosome edge before EHH decayed below 0.01. Skipping calculation at 13:1875
WARNING: Reached chromosome edge before EHH decayed below 0.01. Skipping calculation at 13:1877
WARNING: Reached chromosome edge before EHH decayed below 0.01. Skipping calculation at 13:1876
WARNING: Reached chromosome edge before EHH decayed below 0.01. Skipping calculation at 13:1879
WARNING: Reached chromosome edge before EHH decayed below 0.01. Skipping calculation at 13:1880
WARNING: Reached chromosome edge before EHH decayed below 0.01. Skipping calculation at 13:1881
WARNING: Reached chromosome edge before EHH decayed below 0.01. Skipping calculation at 13:1882
WARNING: Reached chromosome edge before EHH decayed below 0.01. Skipping calculation at 13:1884
WARNING: Reached chromosome edge before EHH decayed below 0.01. Skipping calculation at 13:1890
WARNING: Reached chromosome edge before EHH decayed below 0.01. Skipping calculation at 13:1891
WARNING: Reached chromosome edge before EHH decayed below 0.01. Skipping calculation at 13:1892
WARNING: Reached chromosome edge before EHH decayed below 0.01. Skipping calculation at 13:1893
WARNING: Reached chromosome edge before EHH decayed below 0.01. Skipping calculation at 13:1894
WARNING: Reached chromosome edge before EHH decayed below 0.01. Skipping calculation at 13:1896
WARNING: Reached chromosome edge before EHH decayed below 0.01. Skipping calculation at 13:1897
WARNING: Reached chromosome edge before EHH decayed below 0.01. Skipping calculation at 13:1899
WARNING: Reached chromosome edge before EHH decayed below 0.01. Skipping calculation at 13:1901
WARNING: Reached chromosome edge before EHH decayed below 0.01. Skipping calculation at 13:1900
WARNING: Reached chromosome edge before EHH decayed below 0.01. Skipping calculation at 13:1903
WARNING: Reached chromosome edge before EHH decayed below 0.01. Skipping calculation at 13:60168
WARNING: Reached chromosome edge before EHH decayed below 0.01. Skipping calculation at 13:60169
WARNING: Reached chromosome edge before EHH decayed below 0.01. Skipping calculation at 13:60221
WARNING: Reached chromosome edge before EHH decayed below 0.01. Skipping calculation at 13:60286
WARNING: Reached chromosome edge before EHH decayed below 0.01. Skipping calculation at 13:60314
WARNING: Reached chromosome edge before EHH decayed below 0.01. Skipping calculation at 13:60280
WARNING: Reached chromosome edge before EHH decayed below 0.01. Skipping calculation at 13:64690
WARNING: Reached chromosome edge before EHH decayed below 0.01. Skipping calculation at 13:64715
WARNING: Reached chromosome edge before EHH decayed below 0.01. Skipping calculation at 13:69964
WARNING: Reached chromosome edge before EHH decayed below 0.01. Skipping calculation at 13:69982
WARNING: Reached chromosome edge before EHH decayed below 0.01. Skipping calculation at 13:69983
WARNING: Reached chromosome edge before EHH decayed below 0.01. Skipping calculation at 13:69981
WARNING: Reached chromosome edge before EHH decayed below 0.01. Skipping calculation at 13:69985
WARNING: Reached chromosome edge before EHH decayed below 0.01. Skipping calculation at 13:69988
WARNING: Reached chromosome edge before EHH decayed below 0.01. Skipping calculation at 13:69989
WARNING: Reached chromosome edge before EHH decayed below 0.01. Skipping calculation at 13:73511
WARNING: Reached chromosome edge before EHH decayed below 0.01. Skipping calculation at 13:73512
WARNING: Reached chromosome edge before EHH decayed below 0.01. Skipping calculation at 13:69991
WARNING: Reached chromosome edge before EHH decayed below 0.01. Skipping calculation at 13:73513
WARNING: Reached chromosome edge before EHH decayed below 0.01. Skipping calculation at 13:73514
WARNING: Reached chromosome edge before EHH decayed below 0.01. Skipping calculation at 13:73515
WARNING: Reached chromosome edge before EHH decayed below 0.01. Skipping calculation at 13:73519
WARNING: Reached chromosome edge before EHH decayed below 0.01. Skipping calculation at 13:73521
WARNING: Reached chromosome edge before EHH decayed below 0.01. Skipping calculation at 13:73523
WARNING: Reached chromosome edge before EHH decayed below 0.01. Skipping calculation at 13:73525
WARNING: Reached chromosome edge before EHH decayed below 0.01. Skipping calculation at 13:73516
WARNING: Reached chromosome edge before EHH decayed below 0.01. Skipping calculation at 13:73526
WARNING: Reached chromosome edge before EHH decayed below 0.01. Skipping calculation at 13:73530
WARNING: Reached chromosome edge before EHH decayed below 0.01. Skipping calculation at 13:73532
WARNING: Reached chromosome edge before EHH decayed below 0.01. Skipping calculation at 13:73533
WARNING: Reached chromosome edge before EHH decayed below 0.01. Skipping calculation at 13:73538
WARNING: Reached chromosome edge before EHH decayed below 0.01. Skipping calculation at 13:73527
WARNING: Reached chromosome edge before EHH decayed below 0.01. Skipping calculation at 13:73540
WARNING: Reached chromosome edge before EHH decayed below 0.01. Skipping calculation at 13:73542
WARNING: Reached chromosome edge before EHH decayed below 0.01. Skipping calculation at 13:73544
WARNING: Reached chromosome edge before EHH decayed below 0.01. Skipping calculation at 13:73548
WARNING: Reached chromosome edge before EHH decayed below 0.01. Skipping calculation at 13:73549
WARNING: Reached chromosome edge before EHH decayed below 0.01. Skipping calculation at 13:73541
WARNING: Reached chromosome edge before EHH decayed below 0.01. Skipping calculation at 13:73552
WARNING: Reached chromosome edge before EHH decayed below 0.01. Skipping calculation at 13:73576
WARNING: Reached chromosome edge before EHH decayed below 0.01. Skipping calculation at 13:73577
WARNING: Reached chromosome edge before EHH decayed below 0.01. Skipping calculation at 13:73578
WARNING: Reached chromosome edge before EHH decayed below 0.01. Skipping calculation at 13:73580
WARNING: Reached chromosome edge before EHH decayed below 0.01. Skipping calculation at 13:73553
WARNING: Reached chromosome edge before EHH decayed below 0.01. Skipping calculation at 13:73581
WARNING: Reached chromosome edge before EHH decayed below 0.01. Skipping calculation at 13:73584
WARNING: Reached chromosome edge before EHH decayed below 0.01. Skipping calculation at 13:73585
WARNING: Reached chromosome edge before EHH decayed below 0.01. Skipping calculation at 13:73586
WARNING: Reached chromosome edge before EHH decayed below 0.01. Skipping calculation at 13:73588
WARNING: Reached chromosome edge before EHH decayed below 0.01. Skipping calculation at 13:73582
WARNING: Reached chromosome edge before EHH decayed below 0.01. Skipping calculation at 13:73589
WARNING: Reached chromosome edge before EHH decayed below 0.01. Skipping calculation at 13:73594
WARNING: Reached chromosome edge before EHH decayed below 0.01. Skipping calculation at 13:73595
WARNING: Reached chromosome edge before EHH decayed below 0.01. Skipping calculation at 13:73596
WARNING: Reached chromosome edge before EHH decayed below 0.01. Skipping calculation at 13:73597
WARNING: Reached chromosome edge before EHH decayed below 0.01. Skipping calculation at 13:73592
WARNING: Reached chromosome edge before EHH decayed below 0.01. Skipping calculation at 13:80780
WARNING: Reached chromosome edge before EHH decayed below 0.01. Skipping calculation at 13:81017
WARNING: Reached chromosome edge before EHH decayed below 0.01. Skipping calculation at 13:81031
WARNING: Reached chromosome edge before EHH decayed below 0.01. Skipping calculation at 13:81049
WARNING: Reached chromosome edge before EHH decayed below 0.01. Skipping calculation at 13:81701
WARNING: Reached chromosome edge before EHH decayed below 0.01. Skipping calculation at 13:80961
WARNING: Reached chromosome edge before EHH decayed below 0.01. Skipping calculation at 13:83445198
WARNING: Reached chromosome edge before EHH decayed below 0.01. Skipping calculation at 13:83445498
WARNING: Reached chromosome edge before EHH decayed below 0.01. Skipping calculation at 13:83445544
WARNING: Reached chromosome edge before EHH decayed below 0.01. Skipping calculation at 13:83445595
WARNING: Reached chromosome edge before EHH decayed below 0.01. Skipping calculation at 13:83445763
WARNING: Reached chromosome edge before EHH decayed below 0.01. Skipping calculation at 13:83446011
WARNING: Reached chromosome edge before EHH decayed below 0.01. Skipping calculation at 13:83446170
WARNING: Reached chromosome edge before EHH decayed below 0.01. Skipping calculation at 13:83446511
WARNING: Reached chromosome edge before EHH decayed below 0.01. Skipping calculation at 13:83446521
WARNING: Reached chromosome edge before EHH decayed below 0.01. Skipping calculation at 13:83446528
WARNING: Reached chromosome edge before EHH decayed below 0.01. Skipping calculation at 13:83446534
WARNING: Reached chromosome edge before EHH decayed below 0.01. Skipping calculation at 13:83446540
WARNING: Reached chromosome edge before EHH decayed below 0.01. Skipping calculation at 13:83446693
WARNING: Reached chromosome edge before EHH decayed below 0.01. Skipping calculation at 13:83446808
WARNING: Reached chromosome edge before EHH decayed below 0.01. Skipping calculation at 13:83446936
WARNING: Reached chromosome edge before EHH decayed below 0.01. Skipping calculation at 13:83447024
WARNING: Reached chromosome edge before EHH decayed below 0.01. Skipping calculation at 13:83447265
WARNING: Reached chromosome edge before EHH decayed below 0.01. Skipping calculation at 13:83447328
WARNING: Reached chromosome edge before EHH decayed below 0.01. Skipping calculation at 13:83447824
WARNING: Reached chromosome edge before EHH decayed below 0.01. Skipping calculation at 13:83447983
WARNING: Reached chromosome edge before EHH decayed below 0.01. Skipping calculation at 13:83448278
WARNING: Reached chromosome edge before EHH decayed below 0.01. Skipping calculation at 13:83448370
WARNING: Reached chromosome edge before EHH decayed below 0.01. Skipping calculation at 13:83448431
WARNING: Reached chromosome edge before EHH decayed below 0.01. Skipping calculation at 13:83448519
WARNING: Reached chromosome edge before EHH decayed below 0.01. Skipping calculation at 13:83448833
WARNING: Reached chromosome edge before EHH decayed below 0.01. Skipping calculation at 13:83448840
WARNING: Reached chromosome edge before EHH decayed below 0.01. Skipping calculation at 13:83449178
WARNING: Reached chromosome edge before EHH decayed below 0.01. Skipping calculation at 13:83449354
WARNING: Reached chromosome edge before EHH decayed below 0.01. Skipping calculation at 13:83449418
WARNING: Reached chromosome edge before EHH decayed below 0.01. Skipping calculation at 13:83449684
WARNING: Reached chromosome edge before EHH decayed below 0.01. Skipping calculation at 13:83450119
WARNING: Reached chromosome edge before EHH decayed below 0.01. Skipping calculation at 13:83450324
WARNING: Reached chromosome edge before EHH decayed below 0.01. Skipping calculation at 13:83450680
WARNING: Reached chromosome edge before EHH decayed below 0.01. Skipping calculation at 13:83450804
WARNING: Reached chromosome edge before EHH decayed below 0.01. Skipping calculation at 13:83451016
WARNING: Reached chromosome edge before EHH decayed below 0.01. Skipping calculation at 13:83451158
WARNING: Reached chromosome edge before EHH decayed below 0.01. Skipping calculation at 13:83451248
WARNING: Reached chromosome edge before EHH decayed below 0.01. Skipping calculation at 13:83451507
WARNING: Reached chromosome edge before EHH decayed below 0.01. Skipping calculation at 13:83451666
WARNING: Reached chromosome edge before EHH decayed below 0.01. Skipping calculation at 13:83452039
WARNING: Reached chromosome edge before EHH decayed below 0.01. Skipping calculation at 13:83452195
WARNING: Reached chromosome edge before EHH decayed below 0.01. Skipping calculation at 13:83452545
WARNING: Reached chromosome edge before EHH decayed below 0.01. Skipping calculation at 13:83452743
WARNING: Reached chromosome edge before EHH decayed below 0.01. Skipping calculation at 13:83452869
WARNING: Reached chromosome edge before EHH decayed below 0.01. Skipping calculation at 13:83453282
WARNING: Reached chromosome edge before EHH decayed below 0.01. Skipping calculation at 13:83453491
WARNING: Reached chromosome edge before EHH decayed below 0.01. Skipping calculation at 13:83453648
WARNING: Reached chromosome edge before EHH decayed below 0.01. Skipping calculation at 13:83453740
WARNING: Reached chromosome edge before EHH decayed below 0.01. Skipping calculation at 13:83454001
WARNING: Reached chromosome edge before EHH decayed below 0.01. Skipping calculation at 13:83454077
WARNING: Reached chromosome edge before EHH decayed below 0.01. Skipping calculation at 13:83454296
WARNING: Reached chromosome edge before EHH decayed below 0.01. Skipping calculation at 13:83454360
WARNING: Reached chromosome edge before EHH decayed below 0.01. Skipping calculation at 13:83454727
WARNING: Reached chromosome edge before EHH decayed below 0.01. Skipping calculation at 13:83455215
WARNING: Reached chromosome edge before EHH decayed below 0.01. Skipping calculation at 13:83455466
WARNING: Reached chromosome edge before EHH decayed below 0.01. Skipping calculation at 13:83455693
WARNING: Reached chromosome edge before EHH decayed below 0.01. Skipping calculation at 13:83455786
WARNING: Reached chromosome edge before EHH decayed below 0.01. Skipping calculation at 13:83455835
WARNING: Reached chromosome edge before EHH decayed below 0.01. Skipping calculation at 13:83455904
WARNING: Reached chromosome edge before EHH decayed below 0.01. Skipping calculation at 13:83455971
WARNING: Reached chromosome edge before EHH decayed below 0.01. Skipping calculation at 13:83456003
WARNING: Reached chromosome edge before EHH decayed below 0.01. Skipping calculation at 13:83456059
WARNING: Reached chromosome edge before EHH decayed below 0.01. Skipping calculation at 13:83456211
WARNING: Reached chromosome edge before EHH decayed below 0.01. Skipping calculation at 13:83456463
WARNING: Reached chromosome edge before EHH decayed below 0.01. Skipping calculation at 13:83456600
WARNING: Reached chromosome edge before EHH decayed below 0.01. Skipping calculation at 13:83456760
WARNING: Reached chromosome edge before EHH decayed below 0.01. Skipping calculation at 13:83456768
WARNING: Reached chromosome edge before EHH decayed below 0.01. Skipping calculation at 13:83456774
WARNING: Reached chromosome edge before EHH decayed below 0.01. Skipping calculation at 13:83456782
WARNING: Reached chromosome edge before EHH decayed below 0.01. Skipping calculation at 13:83457012
WARNING: Reached chromosome edge before EHH decayed below 0.01. Skipping calculation at 13:83457055
WARNING: Reached chromosome edge before EHH decayed below 0.01. Skipping calculation at 13:83457115
WARNING: Reached chromosome edge before EHH decayed below 0.01. Skipping calculation at 13:83457164
WARNING: Reached chromosome edge before EHH decayed below 0.01. Skipping calculation at 13:83457229
WARNING: Reached chromosome edge before EHH decayed below 0.01. Skipping calculation at 13:83457253
WARNING: Reached chromosome edge before EHH decayed below 0.01. Skipping calculation at 13:83457278
WARNING: Reached chromosome edge before EHH decayed below 0.01. Skipping calculation at 13:83457397
WARNING: Reached chromosome edge before EHH decayed below 0.01. Skipping calculation at 13:83457485
WARNING: Reached chromosome edge before EHH decayed below 0.01. Skipping calculation at 13:83457631
WARNING: Reached chromosome edge before EHH decayed below 0.01. Skipping calculation at 13:83457777
WARNING: Reached chromosome edge before EHH decayed below 0.01. Skipping calculation at 13:83457988
WARNING: Reached chromosome edge before EHH decayed below 0.01. Skipping calculation at 13:83458152
WARNING: Reached chromosome edge before EHH decayed below 0.01. Skipping calculation at 13:83458438
WARNING: Reached chromosome edge before EHH decayed below 0.01. Skipping calculation at 13:83458535
WARNING: Reached chromosome edge before EHH decayed below 0.01. Skipping calculation at 13:83458882
WARNING: Reached chromosome edge before EHH decayed below 0.01. Skipping calculation at 13:83459384
WARNING: Reached chromosome edge before EHH decayed below 0.01. Skipping calculation at 13:83459512
WARNING: Reached chromosome edge before EHH decayed below 0.01. Skipping calculation at 13:83459708
WARNING: Reached chromosome edge before EHH decayed below 0.01. Skipping calculation at 13:83459905
WARNING: Reached chromosome edge before EHH decayed below 0.01. Skipping calculation at 13:83460081
WARNING: Reached chromosome edge before EHH decayed below 0.01. Skipping calculation at 13:83460093
WARNING: Reached chromosome edge before EHH decayed below 0.01. Skipping calculation at 13:83460318
WARNING: Reached chromosome edge before EHH decayed below 0.01. Skipping calculation at 13:83460591
WARNING: Reached chromosome edge before EHH decayed below 0.01. Skipping calculation at 13:83460661
WARNING: Reached chromosome edge before EHH decayed below 0.01. Skipping calculation at 13:83461034
WARNING: Reached chromosome edge before EHH decayed below 0.01. Skipping calculation at 13:83461290
WARNING: Reached chromosome edge before EHH decayed below 0.01. Skipping calculation at 13:83461596
WARNING: Reached chromosome edge before EHH decayed below 0.01. Skipping calculation at 13:83461719
WARNING: Reached chromosome edge before EHH decayed below 0.01. Skipping calculation at 13:83461788
WARNING: Reached chromosome edge before EHH decayed below 0.01. Skipping calculation at 13:83461895
WARNING: Reached chromosome edge before EHH decayed below 0.01. Skipping calculation at 13:83462032
WARNING: Reached chromosome edge before EHH decayed below 0.01. Skipping calculation at 13:83462068
WARNING: Reached chromosome edge before EHH decayed below 0.01. Skipping calculation at 13:83462127
WARNING: Reached chromosome edge before EHH decayed below 0.01. Skipping calculation at 13:83462279
WARNING: Reached chromosome edge before EHH decayed below 0.01. Skipping calculation at 13:83462572
WARNING: Reached chromosome edge before EHH decayed below 0.01. Skipping calculation at 13:83462711
WARNING: Reached chromosome edge before EHH decayed below 0.01. Skipping calculation at 13:83462880
WARNING: Reached chromosome edge before EHH decayed below 0.01. Skipping calculation at 13:83463173
WARNING: Reached chromosome edge before EHH decayed below 0.01. Skipping calculation at 13:83463404
WARNING: Reached chromosome edge before EHH decayed below 0.01. Skipping calculation at 13:83463596
WARNING: Reached chromosome edge before EHH decayed below 0.01. Skipping calculation at 13:83463745
WARNING: Reached chromosome edge before EHH decayed below 0.01. Skipping calculation at 13:83463831
WARNING: Reached chromosome edge before EHH decayed below 0.01. Skipping calculation at 13:83463962
WARNING: Reached chromosome edge before EHH decayed below 0.01. Skipping calculation at 13:83464115
WARNING: Reached chromosome edge before EHH decayed below 0.01. Skipping calculation at 13:83464460
WARNING: Reached chromosome edge before EHH decayed below 0.01. Skipping calculation at 13:83464733
WARNING: Reached chromosome edge before EHH decayed below 0.01. Skipping calculation at 13:83464927
WARNING: Reached chromosome edge before EHH decayed below 0.01. Skipping calculation at 13:83465047
WARNING: Reached chromosome edge before EHH decayed below 0.01. Skipping calculation at 13:83465189
WARNING: Reached chromosome edge before EHH decayed below 0.01. Skipping calculation at 13:83465305
WARNING: Reached chromosome edge before EHH decayed below 0.01. Skipping calculation at 13:83465656
WARNING: Reached chromosome edge before EHH decayed below 0.01. Skipping calculation at 13:83466117
WARNING: Reached chromosome edge before EHH decayed below 0.01. Skipping calculation at 13:83466372
WARNING: Reached chromosome edge before EHH decayed below 0.01. Skipping calculation at 13:83466548
WARNING: Reached chromosome edge before EHH decayed below 0.01. Skipping calculation at 13:83466908
WARNING: Reached chromosome edge before EHH decayed below 0.01. Skipping calculation at 13:83445282
WARNING: Reached chromosome edge before EHH decayed below 0.01. Skipping calculation at 13:83445499
WARNING: Reached chromosome edge before EHH decayed below 0.01. Skipping calculation at 13:83445550
WARNING: Reached chromosome edge before EHH decayed below 0.01. Skipping calculation at 13:83445610
WARNING: Reached chromosome edge before EHH decayed below 0.01. Skipping calculation at 13:83445797
WARNING: Reached chromosome edge before EHH decayed below 0.01. Skipping calculation at 13:83446016
WARNING: Reached chromosome edge before EHH decayed below 0.01. Skipping calculation at 13:83446286
WARNING: Reached chromosome edge before EHH decayed below 0.01. Skipping calculation at 13:83446516
WARNING: Reached chromosome edge before EHH decayed below 0.01. Skipping calculation at 13:83446522
WARNING: Reached chromosome edge before EHH decayed below 0.01. Skipping calculation at 13:83446529
WARNING: Reached chromosome edge before EHH decayed below 0.01. Skipping calculation at 13:83446535
WARNING: Reached chromosome edge before EHH decayed below 0.01. Skipping calculation at 13:83446595
WARNING: Reached chromosome edge before EHH decayed below 0.01. Skipping calculation at 13:83446705
WARNING: Reached chromosome edge before EHH decayed below 0.01. Skipping calculation at 13:83446809
WARNING: Reached chromosome edge before EHH decayed below 0.01. Skipping calculation at 13:83446937
WARNING: Reached chromosome edge before EHH decayed below 0.01. Skipping calculation at 13:83447027
WARNING: Reached chromosome edge before EHH decayed below 0.01. Skipping calculation at 13:83447267
WARNING: Reached chromosome edge before EHH decayed below 0.01. Skipping calculation at 13:83447345
WARNING: Reached chromosome edge before EHH decayed below 0.01. Skipping calculation at 13:83447835
WARNING: Reached chromosome edge before EHH decayed below 0.01. Skipping calculation at 13:83447985
WARNING: Reached chromosome edge before EHH decayed below 0.01. Skipping calculation at 13:83448302
WARNING: Reached chromosome edge before EHH decayed below 0.01. Skipping calculation at 13:83448380
WARNING: Reached chromosome edge before EHH decayed below 0.01. Skipping calculation at 13:83448466
WARNING: Reached chromosome edge before EHH decayed below 0.01. Skipping calculation at 13:83448610
WARNING: Reached chromosome edge before EHH decayed below 0.01. Skipping calculation at 13:83448834
WARNING: Reached chromosome edge before EHH decayed below 0.01. Skipping calculation at 13:83448896
WARNING: Reached chromosome edge before EHH decayed below 0.01. Skipping calculation at 13:83449205
WARNING: Reached chromosome edge before EHH decayed below 0.01. Skipping calculation at 13:83449360
WARNING: Reached chromosome edge before EHH decayed below 0.01. Skipping calculation at 13:83449542
WARNING: Reached chromosome edge before EHH decayed below 0.01. Skipping calculation at 13:83449916
WARNING: Reached chromosome edge before EHH decayed below 0.01. Skipping calculation at 13:83450122
WARNING: Reached chromosome edge before EHH decayed below 0.01. Skipping calculation at 13:83450325
WARNING: Reached chromosome edge before EHH decayed below 0.01. Skipping calculation at 13:83450681
WARNING: Reached chromosome edge before EHH decayed below 0.01. Skipping calculation at 13:83450808
WARNING: Reached chromosome edge before EHH decayed below 0.01. Skipping calculation at 13:83451053
WARNING: Reached chromosome edge before EHH decayed below 0.01. Skipping calculation at 13:83451175
WARNING: Reached chromosome edge before EHH decayed below 0.01. Skipping calculation at 13:83451355
WARNING: Reached chromosome edge before EHH decayed below 0.01. Skipping calculation at 13:83451544
WARNING: Reached chromosome edge before EHH decayed below 0.01. Skipping calculation at 13:83451670
WARNING: Reached chromosome edge before EHH decayed below 0.01. Skipping calculation at 13:83452042
WARNING: Reached chromosome edge before EHH decayed below 0.01. Skipping calculation at 13:83452206
WARNING: Reached chromosome edge before EHH decayed below 0.01. Skipping calculation at 13:83452548
WARNING: Reached chromosome edge before EHH decayed below 0.01. Skipping calculation at 13:83452815
WARNING: Reached chromosome edge before EHH decayed below 0.01. Skipping calculation at 13:83452980
WARNING: Reached chromosome edge before EHH decayed below 0.01. Skipping calculation at 13:83453291
WARNING: Reached chromosome edge before EHH decayed below 0.01. Skipping calculation at 13:83453509
WARNING: Reached chromosome edge before EHH decayed below 0.01. Skipping calculation at 13:83453662
WARNING: Reached chromosome edge before EHH decayed below 0.01. Skipping calculation at 13:83453947
WARNING: Reached chromosome edge before EHH decayed below 0.01. Skipping calculation at 13:83454004
WARNING: Reached chromosome edge before EHH decayed below 0.01. Skipping calculation at 13:83454088
WARNING: Reached chromosome edge before EHH decayed below 0.01. Skipping calculation at 13:83454310
WARNING: Reached chromosome edge before EHH decayed below 0.01. Skipping calculation at 13:83454371
WARNING: Reached chromosome edge before EHH decayed below 0.01. Skipping calculation at 13:83454743
WARNING: Reached chromosome edge before EHH decayed below 0.01. Skipping calculation at 13:83455216
WARNING: Reached chromosome edge before EHH decayed below 0.01. Skipping calculation at 13:83455476
WARNING: Reached chromosome edge before EHH decayed below 0.01. Skipping calculation at 13:83455706
WARNING: Reached chromosome edge before EHH decayed below 0.01. Skipping calculation at 13:83455789
WARNING: Reached chromosome edge before EHH decayed below 0.01. Skipping calculation at 13:83455838
WARNING: Reached chromosome edge before EHH decayed below 0.01. Skipping calculation at 13:83455911
WARNING: Reached chromosome edge before EHH decayed below 0.01. Skipping calculation at 13:83455976
WARNING: Reached chromosome edge before EHH decayed below 0.01. Skipping calculation at 13:83456006
WARNING: Reached chromosome edge before EHH decayed below 0.01. Skipping calculation at 13:83456076
WARNING: Reached chromosome edge before EHH decayed below 0.01. Skipping calculation at 13:83456224
WARNING: Reached chromosome edge before EHH decayed below 0.01. Skipping calculation at 13:83456474
WARNING: Reached chromosome edge before EHH decayed below 0.01. Skipping calculation at 13:83456655
WARNING: Reached chromosome edge before EHH decayed below 0.01. Skipping calculation at 13:83456761
WARNING: Reached chromosome edge before EHH decayed below 0.01. Skipping calculation at 13:83456769
WARNING: Reached chromosome edge before EHH decayed below 0.01. Skipping calculation at 13:83456775
WARNING: Reached chromosome edge before EHH decayed below 0.01. Skipping calculation at 13:83456783
WARNING: Reached chromosome edge before EHH decayed below 0.01. Skipping calculation at 13:83457017
WARNING: Reached chromosome edge before EHH decayed below 0.01. Skipping calculation at 13:83457061
WARNING: Reached chromosome edge before EHH decayed below 0.01. Skipping calculation at 13:83457131
WARNING: Reached chromosome edge before EHH decayed below 0.01. Skipping calculation at 13:83457174
WARNING: Reached chromosome edge before EHH decayed below 0.01. Skipping calculation at 13:83457230
WARNING: Reached chromosome edge before EHH decayed below 0.01. Skipping calculation at 13:83457256
WARNING: Reached chromosome edge before EHH decayed below 0.01. Skipping calculation at 13:83457288
WARNING: Reached chromosome edge before EHH decayed below 0.01. Skipping calculation at 13:83457442
WARNING: Reached chromosome edge before EHH decayed below 0.01. Skipping calculation at 13:83457498
WARNING: Reached chromosome edge before EHH decayed below 0.01. Skipping calculation at 13:83457657
WARNING: Reached chromosome edge before EHH decayed below 0.01. Skipping calculation at 13:83457845
WARNING: Reached chromosome edge before EHH decayed below 0.01. Skipping calculation at 13:83458013
WARNING: Reached chromosome edge before EHH decayed below 0.01. Skipping calculation at 13:83458178
WARNING: Reached chromosome edge before EHH decayed below 0.01. Skipping calculation at 13:83458457
WARNING: Reached chromosome edge before EHH decayed below 0.01. Skipping calculation at 13:83458666
WARNING: Reached chromosome edge before EHH decayed below 0.01. Skipping calculation at 13:83459058
WARNING: Reached chromosome edge before EHH decayed below 0.01. Skipping calculation at 13:83459387
WARNING: Reached chromosome edge before EHH decayed below 0.01. Skipping calculation at 13:83459557
WARNING: Reached chromosome edge before EHH decayed below 0.01. Skipping calculation at 13:83459742
WARNING: Reached chromosome edge before EHH decayed below 0.01. Skipping calculation at 13:83459962
WARNING: Reached chromosome edge before EHH decayed below 0.01. Skipping calculation at 13:83460086
WARNING: Reached chromosome edge before EHH decayed below 0.01. Skipping calculation at 13:83460094
WARNING: Reached chromosome edge before EHH decayed below 0.01. Skipping calculation at 13:83460393
WARNING: Reached chromosome edge before EHH decayed below 0.01. Skipping calculation at 13:83460607
WARNING: Reached chromosome edge before EHH decayed below 0.01. Skipping calculation at 13:83460685
WARNING: Reached chromosome edge before EHH decayed below 0.01. Skipping calculation at 13:83461068
WARNING: Reached chromosome edge before EHH decayed below 0.01. Skipping calculation at 13:83461359
WARNING: Reached chromosome edge before EHH decayed below 0.01. Skipping calculation at 13:83461600
WARNING: Reached chromosome edge before EHH decayed below 0.01. Skipping calculation at 13:83461732
WARNING: Reached chromosome edge before EHH decayed below 0.01. Skipping calculation at 13:83461804
WARNING: Reached chromosome edge before EHH decayed below 0.01. Skipping calculation at 13:83461896
WARNING: Reached chromosome edge before EHH decayed below 0.01. Skipping calculation at 13:83462063
WARNING: Reached chromosome edge before EHH decayed below 0.01. Skipping calculation at 13:83462069
WARNING: Reached chromosome edge before EHH decayed below 0.01. Skipping calculation at 13:83462164
WARNING: Reached chromosome edge before EHH decayed below 0.01. Skipping calculation at 13:83462353
WARNING: Reached chromosome edge before EHH decayed below 0.01. Skipping calculation at 13:83462632
WARNING: Reached chromosome edge before EHH decayed below 0.01. Skipping calculation at 13:83462727
WARNING: Reached chromosome edge before EHH decayed below 0.01. Skipping calculation at 13:83462965
WARNING: Reached chromosome edge before EHH decayed below 0.01. Skipping calculation at 13:83463175
WARNING: Reached chromosome edge before EHH decayed below 0.01. Skipping calculation at 13:83463449
WARNING: Reached chromosome edge before EHH decayed below 0.01. Skipping calculation at 13:83463636
WARNING: Reached chromosome edge before EHH decayed below 0.01. Skipping calculation at 13:83463789
WARNING: Reached chromosome edge before EHH decayed below 0.01. Skipping calculation at 13:83463835
WARNING: Reached chromosome edge before EHH decayed below 0.01. Skipping calculation at 13:83463980
WARNING: Reached chromosome edge before EHH decayed below 0.01. Skipping calculation at 13:83464127
WARNING: Reached chromosome edge before EHH decayed below 0.01. Skipping calculation at 13:83464469
WARNING: Reached chromosome edge before EHH decayed below 0.01. Skipping calculation at 13:83464742
WARNING: Reached chromosome edge before EHH decayed below 0.01. Skipping calculation at 13:83464929
WARNING: Reached chromosome edge before EHH decayed below 0.01. Skipping calculation at 13:83465080
WARNING: Reached chromosome edge before EHH decayed below 0.01. Skipping calculation at 13:83465198
WARNING: Reached chromosome edge before EHH decayed below 0.01. Skipping calculation at 13:83465439
WARNING: Reached chromosome edge before EHH decayed below 0.01. Skipping calculation at 13:83465711
WARNING: Reached chromosome edge before EHH decayed below 0.01. Skipping calculation at 13:83466131
WARNING: Reached chromosome edge before EHH decayed below 0.01. Skipping calculation at 13:83466389
WARNING: Reached chromosome edge before EHH decayed below 0.01. Skipping calculation at 13:83466557
WARNING: Reached chromosome edge before EHH decayed below 0.01. Skipping calculation at 13:83466924
WARNING: Reached chromosome edge before EHH decayed below 0.01. Skipping calculation at 13:83445449
WARNING: Reached chromosome edge before EHH decayed below 0.01. Skipping calculation at 13:83445502
WARNING: Reached chromosome edge before EHH decayed below 0.01. Skipping calculation at 13:83445566
WARNING: Reached chromosome edge before EHH decayed below 0.01. Skipping calculation at 13:83445620
WARNING: Reached chromosome edge before EHH decayed below 0.01. Skipping calculation at 13:83445897
WARNING: Reached chromosome edge before EHH decayed below 0.01. Skipping calculation at 13:83446084
WARNING: Reached chromosome edge before EHH decayed below 0.01. Skipping calculation at 13:83446390
WARNING: Reached chromosome edge before EHH decayed below 0.01. Skipping calculation at 13:83446518
WARNING: Reached chromosome edge before EHH decayed below 0.01. Skipping calculation at 13:83446524
WARNING: Reached chromosome edge before EHH decayed below 0.01. Skipping calculation at 13:83446531
WARNING: Reached chromosome edge before EHH decayed below 0.01. Skipping calculation at 13:83446537
WARNING: Reached chromosome edge before EHH decayed below 0.01. Skipping calculation at 13:83446608
WARNING: Reached chromosome edge before EHH decayed below 0.01. Skipping calculation at 13:83446746
WARNING: Reached chromosome edge before EHH decayed below 0.01. Skipping calculation at 13:83446903
WARNING: Reached chromosome edge before EHH decayed below 0.01. Skipping calculation at 13:83446975
WARNING: Reached chromosome edge before EHH decayed below 0.01. Skipping calculation at 13:83447038
WARNING: Reached chromosome edge before EHH decayed below 0.01. Skipping calculation at 13:83447284
WARNING: Reached chromosome edge before EHH decayed below 0.01. Skipping calculation at 13:83447598
WARNING: Reached chromosome edge before EHH decayed below 0.01. Skipping calculation at 13:83447891
WARNING: Reached chromosome edge before EHH decayed below 0.01. Skipping calculation at 13:83448178
WARNING: Reached chromosome edge before EHH decayed below 0.01. Skipping calculation at 13:83448324
WARNING: Reached chromosome edge before EHH decayed below 0.01. Skipping calculation at 13:83448399
WARNING: Reached chromosome edge before EHH decayed below 0.01. Skipping calculation at 13:83448486
WARNING: Reached chromosome edge before EHH decayed below 0.01. Skipping calculation at 13:83448659
WARNING: Reached chromosome edge before EHH decayed below 0.01. Skipping calculation at 13:83448837
WARNING: Reached chromosome edge before EHH decayed below 0.01. Skipping calculation at 13:83449077
WARNING: Reached chromosome edge before EHH decayed below 0.01. Skipping calculation at 13:83449238
WARNING: Reached chromosome edge before EHH decayed below 0.01. Skipping calculation at 13:83449401
WARNING: Reached chromosome edge before EHH decayed below 0.01. Skipping calculation at 13:83449583
WARNING: Reached chromosome edge before EHH decayed below 0.01. Skipping calculation at 13:83449936
WARNING: Reached chromosome edge before EHH decayed below 0.01. Skipping calculation at 13:83450206
WARNING: Reached chromosome edge before EHH decayed below 0.01. Skipping calculation at 13:83450549
WARNING: Reached chromosome edge before EHH decayed below 0.01. Skipping calculation at 13:83450683
WARNING: Reached chromosome edge before EHH decayed below 0.01. Skipping calculation at 13:83450860
WARNING: Reached chromosome edge before EHH decayed below 0.01. Skipping calculation at 13:83451120
WARNING: Reached chromosome edge before EHH decayed below 0.01. Skipping calculation at 13:83451181
WARNING: Reached chromosome edge before EHH decayed below 0.01. Skipping calculation at 13:83451391
WARNING: Reached chromosome edge before EHH decayed below 0.01. Skipping calculation at 13:83451595
WARNING: Reached chromosome edge before EHH decayed below 0.01. Skipping calculation at 13:83451846
WARNING: Reached chromosome edge before EHH decayed below 0.01. Skipping calculation at 13:83452109
WARNING: Reached chromosome edge before EHH decayed below 0.01. Skipping calculation at 13:83452250
WARNING: Reached chromosome edge before EHH decayed below 0.01. Skipping calculation at 13:83452555
WARNING: Reached chromosome edge before EHH decayed below 0.01. Skipping calculation at 13:83452859
WARNING: Reached chromosome edge before EHH decayed below 0.01. Skipping calculation at 13:83453008
WARNING: Reached chromosome edge before EHH decayed below 0.01. Skipping calculation at 13:83453356
WARNING: Reached chromosome edge before EHH decayed below 0.01. Skipping calculation at 13:83453559
WARNING: Reached chromosome edge before EHH decayed below 0.01. Skipping calculation at 13:83453690
WARNING: Reached chromosome edge before EHH decayed below 0.01. Skipping calculation at 13:83453976
WARNING: Reached chromosome edge before EHH decayed below 0.01. Skipping calculation at 13:83454054
WARNING: Reached chromosome edge before EHH decayed below 0.01. Skipping calculation at 13:83454167
WARNING: Reached chromosome edge before EHH decayed below 0.01. Skipping calculation at 13:83454321
WARNING: Reached chromosome edge before EHH decayed below 0.01. Skipping calculation at 13:83454648
WARNING: Reached chromosome edge before EHH decayed below 0.01. Skipping calculation at 13:83454914
WARNING: Reached chromosome edge before EHH decayed below 0.01. Skipping calculation at 13:83455218
WARNING: Reached chromosome edge before EHH decayed below 0.01. Skipping calculation at 13:83455521
WARNING: Reached chromosome edge before EHH decayed below 0.01. Skipping calculation at 13:83455735
WARNING: Reached chromosome edge before EHH decayed below 0.01. Skipping calculation at 13:83455804
WARNING: Reached chromosome edge before EHH decayed below 0.01. Skipping calculation at 13:83455849
WARNING: Reached chromosome edge before EHH decayed below 0.01. Skipping calculation at 13:83455940
WARNING: Reached chromosome edge before EHH decayed below 0.01. Skipping calculation at 13:83455990
WARNING: Reached chromosome edge before EHH decayed below 0.01. Skipping calculation at 13:83456031
WARNING: Reached chromosome edge before EHH decayed below 0.01. Skipping calculation at 13:83456111
WARNING: Reached chromosome edge before EHH decayed below 0.01. Skipping calculation at 13:83456309
WARNING: Reached chromosome edge before EHH decayed below 0.01. Skipping calculation at 13:83456541
WARNING: Reached chromosome edge before EHH decayed below 0.01. Skipping calculation at 13:83456757
WARNING: Reached chromosome edge before EHH decayed below 0.01. Skipping calculation at 13:83456763
WARNING: Reached chromosome edge before EHH decayed below 0.01. Skipping calculation at 13:83456771
WARNING: Reached chromosome edge before EHH decayed below 0.01. Skipping calculation at 13:83456778
WARNING: Reached chromosome edge before EHH decayed below 0.01. Skipping calculation at 13:83456858
WARNING: Reached chromosome edge before EHH decayed below 0.01. Skipping calculation at 13:83457027
WARNING: Reached chromosome edge before EHH decayed below 0.01. Skipping calculation at 13:83457093
WARNING: Reached chromosome edge before EHH decayed below 0.01. Skipping calculation at 13:83457152
WARNING: Reached chromosome edge before EHH decayed below 0.01. Skipping calculation at 13:83457181
WARNING: Reached chromosome edge before EHH decayed below 0.01. Skipping calculation at 13:83457235
WARNING: Reached chromosome edge before EHH decayed below 0.01. Skipping calculation at 13:83457269
WARNING: Reached chromosome edge before EHH decayed below 0.01. Skipping calculation at 13:83457344
WARNING: Reached chromosome edge before EHH decayed below 0.01. Skipping calculation at 13:83457466
WARNING: Reached chromosome edge before EHH decayed below 0.01. Skipping calculation at 13:83457622
WARNING: Reached chromosome edge before EHH decayed below 0.01. Skipping calculation at 13:83457664
WARNING: Reached chromosome edge before EHH decayed below 0.01. Skipping calculation at 13:83457883
WARNING: Reached chromosome edge before EHH decayed below 0.01. Skipping calculation at 13:83458045
WARNING: Reached chromosome edge before EHH decayed below 0.01. Skipping calculation at 13:83458305
WARNING: Reached chromosome edge before EHH decayed below 0.01. Skipping calculation at 13:83458473
WARNING: Reached chromosome edge before EHH decayed below 0.01. Skipping calculation at 13:83458708
WARNING: Reached chromosome edge before EHH decayed below 0.01. Skipping calculation at 13:83459146
WARNING: Reached chromosome edge before EHH decayed below 0.01. Skipping calculation at 13:83459428
WARNING: Reached chromosome edge before EHH decayed below 0.01. Skipping calculation at 13:83459657
WARNING: Reached chromosome edge before EHH decayed below 0.01. Skipping calculation at 13:83459746
WARNING: Reached chromosome edge before EHH decayed below 0.01. Skipping calculation at 13:83460060
WARNING: Reached chromosome edge before EHH decayed below 0.01. Skipping calculation at 13:83460088
WARNING: Reached chromosome edge before EHH decayed below 0.01. Skipping calculation at 13:83460097
WARNING: Reached chromosome edge before EHH decayed below 0.01. Skipping calculation at 13:83460481
WARNING: Reached chromosome edge before EHH decayed below 0.01. Skipping calculation at 13:83460634
WARNING: Reached chromosome edge before EHH decayed below 0.01. Skipping calculation at 13:83460741
WARNING: Reached chromosome edge before EHH decayed below 0.01. Skipping calculation at 13:83461125
WARNING: Reached chromosome edge before EHH decayed below 0.01. Skipping calculation at 13:83461407
WARNING: Reached chromosome edge before EHH decayed below 0.01. Skipping calculation at 13:83461622
WARNING: Reached chromosome edge before EHH decayed below 0.01. Skipping calculation at 13:83461739
WARNING: Reached chromosome edge before EHH decayed below 0.01. Skipping calculation at 13:83461816
WARNING: Reached chromosome edge before EHH decayed below 0.01. Skipping calculation at 13:83461968
WARNING: Reached chromosome edge before EHH decayed below 0.01. Skipping calculation at 13:83462065
WARNING: Reached chromosome edge before EHH decayed below 0.01. Skipping calculation at 13:83462071
WARNING: Reached chromosome edge before EHH decayed below 0.01. Skipping calculation at 13:83462220
WARNING: Reached chromosome edge before EHH decayed below 0.01. Skipping calculation at 13:83462487
WARNING: Reached chromosome edge before EHH decayed below 0.01. Skipping calculation at 13:83462639
WARNING: Reached chromosome edge before EHH decayed below 0.01. Skipping calculation at 13:83462806
WARNING: Reached chromosome edge before EHH decayed below 0.01. Skipping calculation at 13:83463056
WARNING: Reached chromosome edge before EHH decayed below 0.01. Skipping calculation at 13:83463216
WARNING: Reached chromosome edge before EHH decayed below 0.01. Skipping calculation at 13:83463473
WARNING: Reached chromosome edge before EHH decayed below 0.01. Skipping calculation at 13:83463717
WARNING: Reached chromosome edge before EHH decayed below 0.01. Skipping calculation at 13:83463794
WARNING: Reached chromosome edge before EHH decayed below 0.01. Skipping calculation at 13:83463848
WARNING: Reached chromosome edge before EHH decayed below 0.01. Skipping calculation at 13:83464020
WARNING: Reached chromosome edge before EHH decayed below 0.01. Skipping calculation at 13:83464168
WARNING: Reached chromosome edge before EHH decayed below 0.01. Skipping calculation at 13:83464665
WARNING: Reached chromosome edge before EHH decayed below 0.01. Skipping calculation at 13:83464789
WARNING: Reached chromosome edge before EHH decayed below 0.01. Skipping calculation at 13:83464961
WARNING: Reached chromosome edge before EHH decayed below 0.01. Skipping calculation at 13:83465085
WARNING: Reached chromosome edge before EHH decayed below 0.01. Skipping calculation at 13:83465208
WARNING: Reached chromosome edge before EHH decayed below 0.01. Skipping calculation at 13:83465481
WARNING: Reached chromosome edge before EHH decayed below 0.01. Skipping calculation at 13:83465837
WARNING: Reached chromosome edge before EHH decayed below 0.01. Skipping calculation at 13:83466284
WARNING: Reached chromosome edge before EHH decayed below 0.01. Skipping calculation at 13:83466487
WARNING: Reached chromosome edge before EHH decayed below 0.01. Skipping calculation at 13:83466736
WARNING: Reached chromosome edge before EHH decayed below 0.01. Skipping calculation at 13:83467004
WARNING: Reached chromosome edge before EHH decayed below 0.01. Skipping calculation at 13:83445495
WARNING: Reached chromosome edge before EHH decayed below 0.01. Skipping calculation at 13:83445506
WARNING: Reached chromosome edge before EHH decayed below 0.01. Skipping calculation at 13:83445575
WARNING: Reached chromosome edge before EHH decayed below 0.01. Skipping calculation at 13:83445626
WARNING: Reached chromosome edge before EHH decayed below 0.01. Skipping calculation at 13:83445964
WARNING: Reached chromosome edge before EHH decayed below 0.01. Skipping calculation at 13:83446090
WARNING: Reached chromosome edge before EHH decayed below 0.01. Skipping calculation at 13:83446391
WARNING: Reached chromosome edge before EHH decayed below 0.01. Skipping calculation at 13:83446519
WARNING: Reached chromosome edge before EHH decayed below 0.01. Skipping calculation at 13:83446525
WARNING: Reached chromosome edge before EHH decayed below 0.01. Skipping calculation at 13:83446532
WARNING: Reached chromosome edge before EHH decayed below 0.01. Skipping calculation at 13:83446538
WARNING: Reached chromosome edge before EHH decayed below 0.01. Skipping calculation at 13:83446664
WARNING: Reached chromosome edge before EHH decayed below 0.01. Skipping calculation at 13:83446767
WARNING: Reached chromosome edge before EHH decayed below 0.01. Skipping calculation at 13:83446908
WARNING: Reached chromosome edge before EHH decayed below 0.01. Skipping calculation at 13:83446976
WARNING: Reached chromosome edge before EHH decayed below 0.01. Skipping calculation at 13:83447256
WARNING: Reached chromosome edge before EHH decayed below 0.01. Skipping calculation at 13:83447302
WARNING: Reached chromosome edge before EHH decayed below 0.01. Skipping calculation at 13:83447605
WARNING: Reached chromosome edge before EHH decayed below 0.01. Skipping calculation at 13:83447925
WARNING: Reached chromosome edge before EHH decayed below 0.01. Skipping calculation at 13:83448208
WARNING: Reached chromosome edge before EHH decayed below 0.01. Skipping calculation at 13:83448325
WARNING: Reached chromosome edge before EHH decayed below 0.01. Skipping calculation at 13:83448420
WARNING: Reached chromosome edge before EHH decayed below 0.01. Skipping calculation at 13:83448494
WARNING: Reached chromosome edge before EHH decayed below 0.01. Skipping calculation at 13:83448751
WARNING: Reached chromosome edge before EHH decayed below 0.01. Skipping calculation at 13:83448838
WARNING: Reached chromosome edge before EHH decayed below 0.01. Skipping calculation at 13:83449111
WARNING: Reached chromosome edge before EHH decayed below 0.01. Skipping calculation at 13:83449280
WARNING: Reached chromosome edge before EHH decayed below 0.01. Skipping calculation at 13:83449405
WARNING: Reached chromosome edge before EHH decayed below 0.01. Skipping calculation at 13:83449627
WARNING: Reached chromosome edge before EHH decayed below 0.01. Skipping calculation at 13:83449964
WARNING: Reached chromosome edge before EHH decayed below 0.01. Skipping calculation at 13:83450311
WARNING: Reached chromosome edge before EHH decayed below 0.01. Skipping calculation at 13:83450579
WARNING: Reached chromosome edge before EHH decayed below 0.01. Skipping calculation at 13:83450684
WARNING: Reached chromosome edge before EHH decayed below 0.01. Skipping calculation at 13:83450963
WARNING: Reached chromosome edge before EHH decayed below 0.01. Skipping calculation at 13:83451121
WARNING: Reached chromosome edge before EHH decayed below 0.01. Skipping calculation at 13:83451183
WARNING: Reached chromosome edge before EHH decayed below 0.01. Skipping calculation at 13:83451430
WARNING: Reached chromosome edge before EHH decayed below 0.01. Skipping calculation at 13:83451607
WARNING: Reached chromosome edge before EHH decayed below 0.01. Skipping calculation at 13:83451857
WARNING: Reached chromosome edge before EHH decayed below 0.01. Skipping calculation at 13:83452155
WARNING: Reached chromosome edge before EHH decayed below 0.01. Skipping calculation at 13:83452258
WARNING: Reached chromosome edge before EHH decayed below 0.01. Skipping calculation at 13:83452623
WARNING: Reached chromosome edge before EHH decayed below 0.01. Skipping calculation at 13:83452860
WARNING: Reached chromosome edge before EHH decayed below 0.01. Skipping calculation at 13:83453067
WARNING: Reached chromosome edge before EHH decayed below 0.01. Skipping calculation at 13:83453376
WARNING: Reached chromosome edge before EHH decayed below 0.01. Skipping calculation at 13:83453603
WARNING: Reached chromosome edge before EHH decayed below 0.01. Skipping calculation at 13:83453696
WARNING: Reached chromosome edge before EHH decayed below 0.01. Skipping calculation at 13:83453982
WARNING: Reached chromosome edge before EHH decayed below 0.01. Skipping calculation at 13:83454055
WARNING: Reached chromosome edge before EHH decayed below 0.01. Skipping calculation at 13:83454205
WARNING: Reached chromosome edge before EHH decayed below 0.01. Skipping calculation at 13:83454352
WARNING: Reached chromosome edge before EHH decayed below 0.01. Skipping calculation at 13:83454681
WARNING: Reached chromosome edge before EHH decayed below 0.01. Skipping calculation at 13:83455015
WARNING: Reached chromosome edge before EHH decayed below 0.01. Skipping calculation at 13:83455422
WARNING: Reached chromosome edge before EHH decayed below 0.01. Skipping calculation at 13:83455571
WARNING: Reached chromosome edge before EHH decayed below 0.01. Skipping calculation at 13:83455758
WARNING: Reached chromosome edge before EHH decayed below 0.01. Skipping calculation at 13:83455832
WARNING: Reached chromosome edge before EHH decayed below 0.01. Skipping calculation at 13:83455880
WARNING: Reached chromosome edge before EHH decayed below 0.01. Skipping calculation at 13:83455953
WARNING: Reached chromosome edge before EHH decayed below 0.01. Skipping calculation at 13:83455991
WARNING: Reached chromosome edge before EHH decayed below 0.01. Skipping calculation at 13:83456045
WARNING: Reached chromosome edge before EHH decayed below 0.01. Skipping calculation at 13:83456163
WARNING: Reached chromosome edge before EHH decayed below 0.01. Skipping calculation at 13:83456408
WARNING: Reached chromosome edge before EHH decayed below 0.01. Skipping calculation at 13:83456582
WARNING: Reached chromosome edge before EHH decayed below 0.01. Skipping calculation at 13:83456758
WARNING: Reached chromosome edge before EHH decayed below 0.01. Skipping calculation at 13:83456764
WARNING: Reached chromosome edge before EHH decayed below 0.01. Skipping calculation at 13:83456772
WARNING: Reached chromosome edge before EHH decayed below 0.01. Skipping calculation at 13:83456779
WARNING: Reached chromosome edge before EHH decayed below 0.01. Skipping calculation at 13:83456898
WARNING: Reached chromosome edge before EHH decayed below 0.01. Skipping calculation at 13:83457028
WARNING: Reached chromosome edge before EHH decayed below 0.01. Skipping calculation at 13:83457102
WARNING: Reached chromosome edge before EHH decayed below 0.01. Skipping calculation at 13:83457160
WARNING: Reached chromosome edge before EHH decayed below 0.01. Skipping calculation at 13:83457198
WARNING: Reached chromosome edge before EHH decayed below 0.01. Skipping calculation at 13:83457246
WARNING: Reached chromosome edge before EHH decayed below 0.01. Skipping calculation at 13:83457270
WARNING: Reached chromosome edge before EHH decayed below 0.01. Skipping calculation at 13:83457366
WARNING: Reached chromosome edge before EHH decayed below 0.01. Skipping calculation at 13:83457467
WARNING: Reached chromosome edge before EHH decayed below 0.01. Skipping calculation at 13:83457623
WARNING: Reached chromosome edge before EHH decayed below 0.01. Skipping calculation at 13:83457665
WARNING: Reached chromosome edge before EHH decayed below 0.01. Skipping calculation at 13:83457908
WARNING: Reached chromosome edge before EHH decayed below 0.01. Skipping calculation at 13:83458057
WARNING: Reached chromosome edge before EHH decayed below 0.01. Skipping calculation at 13:83458395
WARNING: Reached chromosome edge before EHH decayed below 0.01. Skipping calculation at 13:83458492
WARNING: Reached chromosome edge before EHH decayed below 0.01. Skipping calculation at 13:83458763
WARNING: Reached chromosome edge before EHH decayed below 0.01. Skipping calculation at 13:83459340
WARNING: Reached chromosome edge before EHH decayed below 0.01. Skipping calculation at 13:83459432
WARNING: Reached chromosome edge before EHH decayed below 0.01. Skipping calculation at 13:83459665
WARNING: Reached chromosome edge before EHH decayed below 0.01. Skipping calculation at 13:83459771
WARNING: Reached chromosome edge before EHH decayed below 0.01. Skipping calculation at 13:83460078
WARNING: Reached chromosome edge before EHH decayed below 0.01. Skipping calculation at 13:83460091
WARNING: Reached chromosome edge before EHH decayed below 0.01. Skipping calculation at 13:83460147
WARNING: Reached chromosome edge before EHH decayed below 0.01. Skipping calculation at 13:83460524
WARNING: Reached chromosome edge before EHH decayed below 0.01. Skipping calculation at 13:83460635
WARNING: Reached chromosome edge before EHH decayed below 0.01. Skipping calculation at 13:83460877
WARNING: Reached chromosome edge before EHH decayed below 0.01. Skipping calculation at 13:83461135
WARNING: Reached chromosome edge before EHH decayed below 0.01. Skipping calculation at 13:83461480
WARNING: Reached chromosome edge before EHH decayed below 0.01. Skipping calculation at 13:83461646
WARNING: Reached chromosome edge before EHH decayed below 0.01. Skipping calculation at 13:83461759
WARNING: Reached chromosome edge before EHH decayed below 0.01. Skipping calculation at 13:83461893
WARNING: Reached chromosome edge before EHH decayed below 0.01. Skipping calculation at 13:83461989
WARNING: Reached chromosome edge before EHH decayed below 0.01. Skipping calculation at 13:83462066
WARNING: Reached chromosome edge before EHH decayed below 0.01. Skipping calculation at 13:83462088
WARNING: Reached chromosome edge before EHH decayed below 0.01. Skipping calculation at 13:83462221
WARNING: Reached chromosome edge before EHH decayed below 0.01. Skipping calculation at 13:83462513
WARNING: Reached chromosome edge before EHH decayed below 0.01. Skipping calculation at 13:83462683
WARNING: Reached chromosome edge before EHH decayed below 0.01. Skipping calculation at 13:83462807
WARNING: Reached chromosome edge before EHH decayed below 0.01. Skipping calculation at 13:83463113
WARNING: Reached chromosome edge before EHH decayed below 0.01. Skipping calculation at 13:83463328
WARNING: Reached chromosome edge before EHH decayed below 0.01. Skipping calculation at 13:83463508
WARNING: Reached chromosome edge before EHH decayed below 0.01. Skipping calculation at 13:83463722
WARNING: Reached chromosome edge before EHH decayed below 0.01. Skipping calculation at 13:83463796
WARNING: Reached chromosome edge before EHH decayed below 0.01. Skipping calculation at 13:83463859
WARNING: Reached chromosome edge before EHH decayed below 0.01. Skipping calculation at 13:83464035
WARNING: Reached chromosome edge before EHH decayed below 0.01. Skipping calculation at 13:83464177
WARNING: Reached chromosome edge before EHH decayed below 0.01. Skipping calculation at 13:83464706
WARNING: Reached chromosome edge before EHH decayed below 0.01. Skipping calculation at 13:83464818
WARNING: Reached chromosome edge before EHH decayed below 0.01. Skipping calculation at 13:83465002
WARNING: Reached chromosome edge before EHH decayed below 0.01. Skipping calculation at 13:83465159
WARNING: Reached chromosome edge before EHH decayed below 0.01. Skipping calculation at 13:83465242
WARNING: Reached chromosome edge before EHH decayed below 0.01. Skipping calculation at 13:83465500
WARNING: Reached chromosome edge before EHH decayed below 0.01. Skipping calculation at 13:83465908
WARNING: Reached chromosome edge before EHH decayed below 0.01. Skipping calculation at 13:83466309
WARNING: Reached chromosome edge before EHH decayed below 0.01. Skipping calculation at 13:83466505
WARNING: Reached chromosome edge before EHH decayed below 0.01. Skipping calculation at 13:83466752
WARNING: Reached chromosome edge before EHH decayed below 0.01. Skipping calculation at 13:83467008
WARNING: Reached chromosome edge before EHH decayed below 0.01. Skipping calculation at 13:83445295
WARNING: Reached chromosome edge before EHH decayed below 0.01. Skipping calculation at 13:83445500
WARNING: Reached chromosome edge before EHH decayed below 0.01. Skipping calculation at 13:83445562
WARNING: Reached chromosome edge before EHH decayed below 0.01. Skipping calculation at 13:83445619
WARNING: Reached chromosome edge before EHH decayed below 0.01. Skipping calculation at 13:83445800
WARNING: Reached chromosome edge before EHH decayed below 0.01. Skipping calculation at 13:83446042
WARNING: Reached chromosome edge before EHH decayed below 0.01. Skipping calculation at 13:83446320
WARNING: Reached chromosome edge before EHH decayed below 0.01. Skipping calculation at 13:83446517
WARNING: Reached chromosome edge before EHH decayed below 0.01. Skipping calculation at 13:83446523
WARNING: Reached chromosome edge before EHH decayed below 0.01. Skipping calculation at 13:83446530
WARNING: Reached chromosome edge before EHH decayed below 0.01. Skipping calculation at 13:83446536
WARNING: Reached chromosome edge before EHH decayed below 0.01. Skipping calculation at 13:83446597
WARNING: Reached chromosome edge before EHH decayed below 0.01. Skipping calculation at 13:83446716
WARNING: Reached chromosome edge before EHH decayed below 0.01. Skipping calculation at 13:83446892
WARNING: Reached chromosome edge before EHH decayed below 0.01. Skipping calculation at 13:83446952
WARNING: Reached chromosome edge before EHH decayed below 0.01. Skipping calculation at 13:83447033
WARNING: Reached chromosome edge before EHH decayed below 0.01. Skipping calculation at 13:83447278
WARNING: Reached chromosome edge before EHH decayed below 0.01. Skipping calculation at 13:83447352
WARNING: Reached chromosome edge before EHH decayed below 0.01. Skipping calculation at 13:83447857
WARNING: Reached chromosome edge before EHH decayed below 0.01. Skipping calculation at 13:83447987
WARNING: Reached chromosome edge before EHH decayed below 0.01. Skipping calculation at 13:83448323
WARNING: Reached chromosome edge before EHH decayed below 0.01. Skipping calculation at 13:83448388
WARNING: Reached chromosome edge before EHH decayed below 0.01. Skipping calculation at 13:83448482
WARNING: Reached chromosome edge before EHH decayed below 0.01. Skipping calculation at 13:83448615
WARNING: Reached chromosome edge before EHH decayed below 0.01. Skipping calculation at 13:83448835
WARNING: Reached chromosome edge before EHH decayed below 0.01. Skipping calculation at 13:83449024
WARNING: Reached chromosome edge before EHH decayed below 0.01. Skipping calculation at 13:83449237
WARNING: Reached chromosome edge before EHH decayed below 0.01. Skipping calculation at 13:83449398
WARNING: Reached chromosome edge before EHH decayed below 0.01. Skipping calculation at 13:83449565
WARNING: Reached chromosome edge before EHH decayed below 0.01. Skipping calculation at 13:83449917
WARNING: Reached chromosome edge before EHH decayed below 0.01. Skipping calculation at 13:83450130
WARNING: Reached chromosome edge before EHH decayed below 0.01. Skipping calculation at 13:83450360
WARNING: Reached chromosome edge before EHH decayed below 0.01. Skipping calculation at 13:83450682
WARNING: Reached chromosome edge before EHH decayed below 0.01. Skipping calculation at 13:83450857
WARNING: Reached chromosome edge before EHH decayed below 0.01. Skipping calculation at 13:83451061
WARNING: Reached chromosome edge before EHH decayed below 0.01. Skipping calculation at 13:83451180
WARNING: Reached chromosome edge before EHH decayed below 0.01. Skipping calculation at 13:83451359
WARNING: Reached chromosome edge before EHH decayed below 0.01. Skipping calculation at 13:83451586
WARNING: Reached chromosome edge before EHH decayed below 0.01. Skipping calculation at 13:83451819
WARNING: Reached chromosome edge before EHH decayed below 0.01. Skipping calculation at 13:83452079
WARNING: Reached chromosome edge before EHH decayed below 0.01. Skipping calculation at 13:83452239
WARNING: Reached chromosome edge before EHH decayed below 0.01. Skipping calculation at 13:83452550
WARNING: Reached chromosome edge before EHH decayed below 0.01. Skipping calculation at 13:83452832
WARNING: Reached chromosome edge before EHH decayed below 0.01. Skipping calculation at 13:83452993
WARNING: Reached chromosome edge before EHH decayed below 0.01. Skipping calculation at 13:83453293
WARNING: Reached chromosome edge before EHH decayed below 0.01. Skipping calculation at 13:83453523
WARNING: Reached chromosome edge before EHH decayed below 0.01. Skipping calculation at 13:83453668
WARNING: Reached chromosome edge before EHH decayed below 0.01. Skipping calculation at 13:83453975
WARNING: Reached chromosome edge before EHH decayed below 0.01. Skipping calculation at 13:83454012
WARNING: Reached chromosome edge before EHH decayed below 0.01. Skipping calculation at 13:83454107
WARNING: Reached chromosome edge before EHH decayed below 0.01. Skipping calculation at 13:83454315
WARNING: Reached chromosome edge before EHH decayed below 0.01. Skipping calculation at 13:83454507
WARNING: Reached chromosome edge before EHH decayed below 0.01. Skipping calculation at 13:83454779
WARNING: Reached chromosome edge before EHH decayed below 0.01. Skipping calculation at 13:83455217
WARNING: Reached chromosome edge before EHH decayed below 0.01. Skipping calculation at 13:83455508
WARNING: Reached chromosome edge before EHH decayed below 0.01. Skipping calculation at 13:83455728
WARNING: Reached chromosome edge before EHH decayed below 0.01. Skipping calculation at 13:83455795
WARNING: Reached chromosome edge before EHH decayed below 0.01. Skipping calculation at 13:83455840
WARNING: Reached chromosome edge before EHH decayed below 0.01. Skipping calculation at 13:83455913
WARNING: Reached chromosome edge before EHH decayed below 0.01. Skipping calculation at 13:83455989
WARNING: Reached chromosome edge before EHH decayed below 0.01. Skipping calculation at 13:83456016
WARNING: Reached chromosome edge before EHH decayed below 0.01. Skipping calculation at 13:83456080
WARNING: Reached chromosome edge before EHH decayed below 0.01. Skipping calculation at 13:83456231
WARNING: Reached chromosome edge before EHH decayed below 0.01. Skipping calculation at 13:83456540
WARNING: Reached chromosome edge before EHH decayed below 0.01. Skipping calculation at 13:83456675
WARNING: Reached chromosome edge before EHH decayed below 0.01. Skipping calculation at 13:83456762
WARNING: Reached chromosome edge before EHH decayed below 0.01. Skipping calculation at 13:83456770
WARNING: Reached chromosome edge before EHH decayed below 0.01. Skipping calculation at 13:83456776
WARNING: Reached chromosome edge before EHH decayed below 0.01. Skipping calculation at 13:83456851
WARNING: Reached chromosome edge before EHH decayed below 0.01. Skipping calculation at 13:83457024
WARNING: Reached chromosome edge before EHH decayed below 0.01. Skipping calculation at 13:83457070
WARNING: Reached chromosome edge before EHH decayed below 0.01. Skipping calculation at 13:83457144
WARNING: Reached chromosome edge before EHH decayed below 0.01. Skipping calculation at 13:83457177
WARNING: Reached chromosome edge before EHH decayed below 0.01. Skipping calculation at 13:83457231
WARNING: Reached chromosome edge before EHH decayed below 0.01. Skipping calculation at 13:83457259
WARNING: Reached chromosome edge before EHH decayed below 0.01. Skipping calculation at 13:83457329
WARNING: Reached chromosome edge before EHH decayed below 0.01. Skipping calculation at 13:83457456
WARNING: Reached chromosome edge before EHH decayed below 0.01. Skipping calculation at 13:83457500
WARNING: Reached chromosome edge before EHH decayed below 0.01. Skipping calculation at 13:83457660
WARNING: Reached chromosome edge before EHH decayed below 0.01. Skipping calculation at 13:83457855
WARNING: Reached chromosome edge before EHH decayed below 0.01. Skipping calculation at 13:83458017
WARNING: Reached chromosome edge before EHH decayed below 0.01. Skipping calculation at 13:83458274
WARNING: Reached chromosome edge before EHH decayed below 0.01. Skipping calculation at 13:83458458
WARNING: Reached chromosome edge before EHH decayed below 0.01. Skipping calculation at 13:83458686
WARNING: Reached chromosome edge before EHH decayed below 0.01. Skipping calculation at 13:83459074
WARNING: Reached chromosome edge before EHH decayed below 0.01. Skipping calculation at 13:83459389
WARNING: Reached chromosome edge before EHH decayed below 0.01. Skipping calculation at 13:83459563
WARNING: Reached chromosome edge before EHH decayed below 0.01. Skipping calculation at 13:83459743
WARNING: Reached chromosome edge before EHH decayed below 0.01. Skipping calculation at 13:83460052
WARNING: Reached chromosome edge before EHH decayed below 0.01. Skipping calculation at 13:83460087
WARNING: Reached chromosome edge before EHH decayed below 0.01. Skipping calculation at 13:83460095
WARNING: Reached chromosome edge before EHH decayed below 0.01. Skipping calculation at 13:83460417
WARNING: Reached chromosome edge before EHH decayed below 0.01. Skipping calculation at 13:83460618
WARNING: Reached chromosome edge before EHH decayed below 0.01. Skipping calculation at 13:83460708
WARNING: Reached chromosome edge before EHH decayed below 0.01. Skipping calculation at 13:83461107
WARNING: Reached chromosome edge before EHH decayed below 0.01. Skipping calculation at 13:83461376
WARNING: Reached chromosome edge before EHH decayed below 0.01. Skipping calculation at 13:83461620
WARNING: Reached chromosome edge before EHH decayed below 0.01. Skipping calculation at 13:83461736
WARNING: Reached chromosome edge before EHH decayed below 0.01. Skipping calculation at 13:83461808
WARNING: Reached chromosome edge before EHH decayed below 0.01. Skipping calculation at 13:83461897
WARNING: Reached chromosome edge before EHH decayed below 0.01. Skipping calculation at 13:83462064
WARNING: Reached chromosome edge before EHH decayed below 0.01. Skipping calculation at 13:83462070
WARNING: Reached chromosome edge before EHH decayed below 0.01. Skipping calculation at 13:83462215
WARNING: Reached chromosome edge before EHH decayed below 0.01. Skipping calculation at 13:83462399
WARNING: Reached chromosome edge before EHH decayed below 0.01. Skipping calculation at 13:83462635
WARNING: Reached chromosome edge before EHH decayed below 0.01. Skipping calculation at 13:83462803
WARNING: Reached chromosome edge before EHH decayed below 0.01. Skipping calculation at 13:83462991
WARNING: Reached chromosome edge before EHH decayed below 0.01. Skipping calculation at 13:83463176
WARNING: Reached chromosome edge before EHH decayed below 0.01. Skipping calculation at 13:83463453
WARNING: Reached chromosome edge before EHH decayed below 0.01. Skipping calculation at 13:83463691
WARNING: Reached chromosome edge before EHH decayed below 0.01. Skipping calculation at 13:83463790
WARNING: Reached chromosome edge before EHH decayed below 0.01. Skipping calculation at 13:83463841
WARNING: Reached chromosome edge before EHH decayed below 0.01. Skipping calculation at 13:83464000
WARNING: Reached chromosome edge before EHH decayed below 0.01. Skipping calculation at 13:83464130
WARNING: Reached chromosome edge before EHH decayed below 0.01. Skipping calculation at 13:83464487
WARNING: Reached chromosome edge before EHH decayed below 0.01. Skipping calculation at 13:83464780
WARNING: Reached chromosome edge before EHH decayed below 0.01. Skipping calculation at 13:83464935
WARNING: Reached chromosome edge before EHH decayed below 0.01. Skipping calculation at 13:83465081
WARNING: Reached chromosome edge before EHH decayed below 0.01. Skipping calculation at 13:83465201
WARNING: Reached chromosome edge before EHH decayed below 0.01. Skipping calculation at 13:83465459
WARNING: Reached chromosome edge before EHH decayed below 0.01. Skipping calculation at 13:83465794
WARNING: Reached chromosome edge before EHH decayed below 0.01. Skipping calculation at 13:83466135
WARNING: Reached chromosome edge before EHH decayed below 0.01. Skipping calculation at 13:83466412
WARNING: Reached chromosome edge before EHH decayed below 0.01. Skipping calculation at 13:83466712
WARNING: Reached chromosome edge before EHH decayed below 0.01. Skipping calculation at 13:83466997
WARNING: Reached chromosome edge before EHH decayed below 0.01. Skipping calculation at 13:83445197
WARNING: Reached chromosome edge before EHH decayed below 0.01. Skipping calculation at 13:83445497
WARNING: Reached chromosome edge before EHH decayed below 0.01. Skipping calculation at 13:83445516
WARNING: Reached chromosome edge before EHH decayed below 0.01. Skipping calculation at 13:83445582
WARNING: Reached chromosome edge before EHH decayed below 0.01. Skipping calculation at 13:83445627
WARNING: Reached chromosome edge before EHH decayed below 0.01. Skipping calculation at 13:83445983
WARNING: Reached chromosome edge before EHH decayed below 0.01. Skipping calculation at 13:83446091
WARNING: Reached chromosome edge before EHH decayed below 0.01. Skipping calculation at 13:83446392
WARNING: Reached chromosome edge before EHH decayed below 0.01. Skipping calculation at 13:83446520
WARNING: Reached chromosome edge before EHH decayed below 0.01. Skipping calculation at 13:83446527
WARNING: Reached chromosome edge before EHH decayed below 0.01. Skipping calculation at 13:83446533
WARNING: Reached chromosome edge before EHH decayed below 0.01. Skipping calculation at 13:83446539
WARNING: Reached chromosome edge before EHH decayed below 0.01. Skipping calculation at 13:83446671
WARNING: Reached chromosome edge before EHH decayed below 0.01. Skipping calculation at 13:83446802
WARNING: Reached chromosome edge before EHH decayed below 0.01. Skipping calculation at 13:83446917
WARNING: Reached chromosome edge before EHH decayed below 0.01. Skipping calculation at 13:83447001
WARNING: Reached chromosome edge before EHH decayed below 0.01. Skipping calculation at 13:83447264
WARNING: Reached chromosome edge before EHH decayed below 0.01. Skipping calculation at 13:83447311
WARNING: Reached chromosome edge before EHH decayed below 0.01. Skipping calculation at 13:83447768
WARNING: Reached chromosome edge before EHH decayed below 0.01. Skipping calculation at 13:83447932
WARNING: Reached chromosome edge before EHH decayed below 0.01. Skipping calculation at 13:83448232
WARNING: Reached chromosome edge before EHH decayed below 0.01. Skipping calculation at 13:83448355
WARNING: Reached chromosome edge before EHH decayed below 0.01. Skipping calculation at 13:83448430
WARNING: Reached chromosome edge before EHH decayed below 0.01. Skipping calculation at 13:83448518
WARNING: Reached chromosome edge before EHH decayed below 0.01. Skipping calculation at 13:83448832
WARNING: Reached chromosome edge before EHH decayed below 0.01. Skipping calculation at 13:83448839
WARNING: Reached chromosome edge before EHH decayed below 0.01. Skipping calculation at 13:83449175
WARNING: Reached chromosome edge before EHH decayed below 0.01. Skipping calculation at 13:83449292
WARNING: Reached chromosome edge before EHH decayed below 0.01. Skipping calculation at 13:83449407
WARNING: Reached chromosome edge before EHH decayed below 0.01. Skipping calculation at 13:83449671
WARNING: Reached chromosome edge before EHH decayed below 0.01. Skipping calculation at 13:83450113
WARNING: Reached chromosome edge before EHH decayed below 0.01. Skipping calculation at 13:83450323
WARNING: Reached chromosome edge before EHH decayed below 0.01. Skipping calculation at 13:83450660
WARNING: Reached chromosome edge before EHH decayed below 0.01. Skipping calculation at 13:83450749
WARNING: Reached chromosome edge before EHH decayed below 0.01. Skipping calculation at 13:83450975
WARNING: Reached chromosome edge before EHH decayed below 0.01. Skipping calculation at 13:83451125
WARNING: Reached chromosome edge before EHH decayed below 0.01. Skipping calculation at 13:83451234
WARNING: Reached chromosome edge before EHH decayed below 0.01. Skipping calculation at 13:83451478
WARNING: Reached chromosome edge before EHH decayed below 0.01. Skipping calculation at 13:83451612
WARNING: Reached chromosome edge before EHH decayed below 0.01. Skipping calculation at 13:83451985
WARNING: Reached chromosome edge before EHH decayed below 0.01. Skipping calculation at 13:83452183
WARNING: Reached chromosome edge before EHH decayed below 0.01. Skipping calculation at 13:83452473
WARNING: Reached chromosome edge before EHH decayed below 0.01. Skipping calculation at 13:83452668
WARNING: Reached chromosome edge before EHH decayed below 0.01. Skipping calculation at 13:83452861
WARNING: Reached chromosome edge before EHH decayed below 0.01. Skipping calculation at 13:83453086
WARNING: Reached chromosome edge before EHH decayed below 0.01. Skipping calculation at 13:83453407
WARNING: Reached chromosome edge before EHH decayed below 0.01. Skipping calculation at 13:83453647
WARNING: Reached chromosome edge before EHH decayed below 0.01. Skipping calculation at 13:83453705
WARNING: Reached chromosome edge before EHH decayed below 0.01. Skipping calculation at 13:83453995
WARNING: Reached chromosome edge before EHH decayed below 0.01. Skipping calculation at 13:83454056
WARNING: Reached chromosome edge before EHH decayed below 0.01. Skipping calculation at 13:83454225
WARNING: Reached chromosome edge before EHH decayed below 0.01. Skipping calculation at 13:83454356
WARNING: Reached chromosome edge before EHH decayed below 0.01. Skipping calculation at 13:83454691
WARNING: Reached chromosome edge before EHH decayed below 0.01. Skipping calculation at 13:83455049
WARNING: Reached chromosome edge before EHH decayed below 0.01. Skipping calculation at 13:83455457
WARNING: Reached chromosome edge before EHH decayed below 0.01. Skipping calculation at 13:83455620
WARNING: Reached chromosome edge before EHH decayed below 0.01. Skipping calculation at 13:83455780
WARNING: Reached chromosome edge before EHH decayed below 0.01. Skipping calculation at 13:83455834
WARNING: Reached chromosome edge before EHH decayed below 0.01. Skipping calculation at 13:83455902
WARNING: Reached chromosome edge before EHH decayed below 0.01. Skipping calculation at 13:83455969
WARNING: Reached chromosome edge before EHH decayed below 0.01. Skipping calculation at 13:83455999
WARNING: Reached chromosome edge before EHH decayed below 0.01. Skipping calculation at 13:83456047
WARNING: Reached chromosome edge before EHH decayed below 0.01. Skipping calculation at 13:83456193
WARNING: Reached chromosome edge before EHH decayed below 0.01. Skipping calculation at 13:83456449
WARNING: Reached chromosome edge before EHH decayed below 0.01. Skipping calculation at 13:83456598
WARNING: Reached chromosome edge before EHH decayed below 0.01. Skipping calculation at 13:83456759
WARNING: Reached chromosome edge before EHH decayed below 0.01. Skipping calculation at 13:83456766
WARNING: Reached chromosome edge before EHH decayed below 0.01. Skipping calculation at 13:83456773
WARNING: Reached chromosome edge before EHH decayed below 0.01. Skipping calculation at 13:83456781
WARNING: Reached chromosome edge before EHH decayed below 0.01. Skipping calculation at 13:83457000
WARNING: Reached chromosome edge before EHH decayed below 0.01. Skipping calculation at 13:83457029
WARNING: Reached chromosome edge before EHH decayed below 0.01. Skipping calculation at 13:83457109
WARNING: Reached chromosome edge before EHH decayed below 0.01. Skipping calculation at 13:83457163
WARNING: Reached chromosome edge before EHH decayed below 0.01. Skipping calculation at 13:83457215
WARNING: Reached chromosome edge before EHH decayed below 0.01. Skipping calculation at 13:83457252
WARNING: Reached chromosome edge before EHH decayed below 0.01. Skipping calculation at 13:83457271
WARNING: Reached chromosome edge before EHH decayed below 0.01. Skipping calculation at 13:83457392
WARNING: Reached chromosome edge before EHH decayed below 0.01. Skipping calculation at 13:83457483
WARNING: Reached chromosome edge before EHH decayed below 0.01. Skipping calculation at 13:83457629
WARNING: Reached chromosome edge before EHH decayed below 0.01. Skipping calculation at 13:83457711
WARNING: Reached chromosome edge before EHH decayed below 0.01. Skipping calculation at 13:83457976
WARNING: Reached chromosome edge before EHH decayed below 0.01. Skipping calculation at 13:83458125
WARNING: Reached chromosome edge before EHH decayed below 0.01. Skipping calculation at 13:83458396
WARNING: Reached chromosome edge before EHH decayed below 0.01. Skipping calculation at 13:83458503
WARNING: Reached chromosome edge before EHH decayed below 0.01. Skipping calculation at 13:83458820
WARNING: Reached chromosome edge before EHH decayed below 0.01. Skipping calculation at 13:83459379
WARNING: Reached chromosome edge before EHH decayed below 0.01. Skipping calculation at 13:83459470
WARNING: Reached chromosome edge before EHH decayed below 0.01. Skipping calculation at 13:83459703
WARNING: Reached chromosome edge before EHH decayed below 0.01. Skipping calculation at 13:83459792
WARNING: Reached chromosome edge before EHH decayed below 0.01. Skipping calculation at 13:83460080
WARNING: Reached chromosome edge before EHH decayed below 0.01. Skipping calculation at 13:83460092
WARNING: Reached chromosome edge before EHH decayed below 0.01. Skipping calculation at 13:83460221
WARNING: Reached chromosome edge before EHH decayed below 0.01. Skipping calculation at 13:83460559
WARNING: Reached chromosome edge before EHH decayed below 0.01. Skipping calculation at 13:83460639
WARNING: Reached chromosome edge before EHH decayed below 0.01. Skipping calculation at 13:83461007
WARNING: Reached chromosome edge before EHH decayed below 0.01. Skipping calculation at 13:83461243
WARNING: Reached chromosome edge before EHH decayed below 0.01. Skipping calculation at 13:83461584
WARNING: Reached chromosome edge before EHH decayed below 0.01. Skipping calculation at 13:83461701
WARNING: Reached chromosome edge before EHH decayed below 0.01. Skipping calculation at 13:83461767
WARNING: Reached chromosome edge before EHH decayed below 0.01. Skipping calculation at 13:83461894
WARNING: Reached chromosome edge before EHH decayed below 0.01. Skipping calculation at 13:83461997
WARNING: Reached chromosome edge before EHH decayed below 0.01. Skipping calculation at 13:83462067
WARNING: Reached chromosome edge before EHH decayed below 0.01. Skipping calculation at 13:83462108
WARNING: Reached chromosome edge before EHH decayed below 0.01. Skipping calculation at 13:83462227
WARNING: Reached chromosome edge before EHH decayed below 0.01. Skipping calculation at 13:83462538
WARNING: Reached chromosome edge before EHH decayed below 0.01. Skipping calculation at 13:83462689
WARNING: Reached chromosome edge before EHH decayed below 0.01. Skipping calculation at 13:83462849
WARNING: Reached chromosome edge before EHH decayed below 0.01. Skipping calculation at 13:83463149
WARNING: Reached chromosome edge before EHH decayed below 0.01. Skipping calculation at 13:83463397
WARNING: Reached chromosome edge before EHH decayed below 0.01. Skipping calculation at 13:83463579
WARNING: Reached chromosome edge before EHH decayed below 0.01. Skipping calculation at 13:83463730
WARNING: Reached chromosome edge before EHH decayed below 0.01. Skipping calculation at 13:83463827
WARNING: Reached chromosome edge before EHH decayed below 0.01. Skipping calculation at 13:83463958
WARNING: Reached chromosome edge before EHH decayed below 0.01. Skipping calculation at 13:83464072
WARNING: Reached chromosome edge before EHH decayed below 0.01. Skipping calculation at 13:83464188
WARNING: Reached chromosome edge before EHH decayed below 0.01. Skipping calculation at 13:83464724
WARNING: Reached chromosome edge before EHH decayed below 0.01. Skipping calculation at 13:83464912
WARNING: Reached chromosome edge before EHH decayed below 0.01. Skipping calculation at 13:83465005
WARNING: Reached chromosome edge before EHH decayed below 0.01. Skipping calculation at 13:83465187
WARNING: Reached chromosome edge before EHH decayed below 0.01. Skipping calculation at 13:83465273
WARNING: Reached chromosome edge before EHH decayed below 0.01. Skipping calculation at 13:83465625
WARNING: Reached chromosome edge before EHH decayed below 0.01. Skipping calculation at 13:83465935
WARNING: Reached chromosome edge before EHH decayed below 0.01. Skipping calculation at 13:83466350
WARNING: Reached chromosome edge before EHH decayed below 0.01. Skipping calculation at 13:83466534
WARNING: Reached chromosome edge before EHH decayed below 0.01. Skipping calculation at 13:83466830
WARNING: Reached chromosome edge before EHH decayed below 0.01. Skipping calculation at 13:83467071
