/stor9000/apps/users/NWSUAF/2013110098/bin/selscan-master/src/selscan --xpehh --vcf Gelbvieh.chr25.vcf --vcf-ref DN.chr25.vcf --map chr25.map --cutoff 0.01 --out DN_Gelbvieh.25.xpehh --threads 6 
v1.1.0b
Calculating XP-EHH.
Input filename: Gelbvieh.chr25.vcf
Reference input filename: DN.chr25.vcf
Map filename: chr25.map
Output file: DN_Gelbvieh.25.xpehh.xpehh.out
Threads: 6
Scale parameter: 20000
Max gap parameter: 200000
EHH cutoff value: 0.01
Alt flag set: no
WARNING: Reached chromosome edge before EHH decayed below 0.01. Skipping calculation at 25:169
WARNING: Reached chromosome edge before EHH decayed below 0.01. Skipping calculation at 25:120
WARNING: Reached chromosome edge before EHH decayed below 0.01. Skipping calculation at 25:741
WARNING: Reached chromosome edge before EHH decayed below 0.01. Skipping calculation at 25:318
WARNING: Reached chromosome edge before EHH decayed below 0.01. Skipping calculation at 25:1092
WARNING: Reached chromosome edge before EHH decayed below 0.01. Skipping calculation at 25:1361
WARNING: Reached chromosome edge before EHH decayed below 0.01. Skipping calculation at 25:2146
WARNING: Reached chromosome edge before EHH decayed below 0.01. Skipping calculation at 25:1391
WARNING: Reached chromosome edge before EHH decayed below 0.01. Skipping calculation at 25:2148
WARNING: Reached chromosome edge before EHH decayed below 0.01. Skipping calculation at 25:2147
WARNING: Reached chromosome edge before EHH decayed below 0.01. Skipping calculation at 25:2151
WARNING: Reached chromosome edge before EHH decayed below 0.01. Skipping calculation at 25:2149
WARNING: Reached chromosome edge before EHH decayed below 0.01. Skipping calculation at 25:2152
WARNING: Reached chromosome edge before EHH decayed below 0.01. Skipping calculation at 25:2153
WARNING: Reached chromosome edge before EHH decayed below 0.01. Skipping calculation at 25:2575
WARNING: Reached chromosome edge before EHH decayed below 0.01. Skipping calculation at 25:2574
WARNING: Reached chromosome edge before EHH decayed below 0.01. Skipping calculation at 25:2888
WARNING: Reached chromosome edge before EHH decayed below 0.01. Skipping calculation at 25:2804
WARNING: Reached chromosome edge before EHH decayed below 0.01. Skipping calculation at 25:2890
WARNING: Reached chromosome edge before EHH decayed below 0.01. Skipping calculation at 25:3233
WARNING: Reached chromosome edge before EHH decayed below 0.01. Skipping calculation at 25:3339
WARNING: Reached chromosome edge before EHH decayed below 0.01. Skipping calculation at 25:3375
WARNING: Reached chromosome edge before EHH decayed below 0.01. Skipping calculation at 25:3401
WARNING: Reached chromosome edge before EHH decayed below 0.01. Skipping calculation at 25:3456
WARNING: Reached chromosome edge before EHH decayed below 0.01. Skipping calculation at 25:3465
WARNING: Reached chromosome edge before EHH decayed below 0.01. Skipping calculation at 25:3476
WARNING: Reached chromosome edge before EHH decayed below 0.01. Skipping calculation at 25:3497
WARNING: Reached chromosome edge before EHH decayed below 0.01. Skipping calculation at 25:3504
WARNING: Reached chromosome edge before EHH decayed below 0.01. Skipping calculation at 25:3525
WARNING: Reached chromosome edge before EHH decayed below 0.01. Skipping calculation at 25:3533
WARNING: Reached chromosome edge before EHH decayed below 0.01. Skipping calculation at 25:3539
WARNING: Reached chromosome edge before EHH decayed below 0.01. Skipping calculation at 25:3543
WARNING: Reached chromosome edge before EHH decayed below 0.01. Skipping calculation at 25:3547
WARNING: Reached chromosome edge before EHH decayed below 0.01. Skipping calculation at 25:3549
WARNING: Reached chromosome edge before EHH decayed below 0.01. Skipping calculation at 25:3553
WARNING: Reached chromosome edge before EHH decayed below 0.01. Skipping calculation at 25:3671
WARNING: Reached chromosome edge before EHH decayed below 0.01. Skipping calculation at 25:3735
WARNING: Reached chromosome edge before EHH decayed below 0.01. Skipping calculation at 25:3767
WARNING: Reached chromosome edge before EHH decayed below 0.01. Skipping calculation at 25:3772
WARNING: Reached chromosome edge before EHH decayed below 0.01. Skipping calculation at 25:3793
WARNING: Reached chromosome edge before EHH decayed below 0.01. Skipping calculation at 25:3839
WARNING: Reached chromosome edge before EHH decayed below 0.01. Skipping calculation at 25:3929
WARNING: Reached chromosome edge before EHH decayed below 0.01. Skipping calculation at 25:3937
WARNING: Reached chromosome edge before EHH decayed below 0.01. Skipping calculation at 25:4148
WARNING: Reached chromosome edge before EHH decayed below 0.01. Skipping calculation at 25:4192
WARNING: Reached chromosome edge before EHH decayed below 0.01. Skipping calculation at 25:4212
WARNING: Reached chromosome edge before EHH decayed below 0.01. Skipping calculation at 25:6080
WARNING: Reached chromosome edge before EHH decayed below 0.01. Skipping calculation at 25:6597
WARNING: Reached chromosome edge before EHH decayed below 0.01. Skipping calculation at 25:6683
WARNING: Reached chromosome edge before EHH decayed below 0.01. Skipping calculation at 25:6728
WARNING: Reached chromosome edge before EHH decayed below 0.01. Skipping calculation at 25:6748
WARNING: Reached chromosome edge before EHH decayed below 0.01. Skipping calculation at 25:6762
WARNING: Reached chromosome edge before EHH decayed below 0.01. Skipping calculation at 25:6778
WARNING: Reached chromosome edge before EHH decayed below 0.01. Skipping calculation at 25:6790
WARNING: Reached chromosome edge before EHH decayed below 0.01. Skipping calculation at 25:6807
WARNING: Reached chromosome edge before EHH decayed below 0.01. Skipping calculation at 25:6824
WARNING: Reached chromosome edge before EHH decayed below 0.01. Skipping calculation at 25:6850
WARNING: Reached chromosome edge before EHH decayed below 0.01. Skipping calculation at 25:6852
WARNING: Reached chromosome edge before EHH decayed below 0.01. Skipping calculation at 25:6853
WARNING: Reached chromosome edge before EHH decayed below 0.01. Skipping calculation at 25:6857
WARNING: Reached chromosome edge before EHH decayed below 0.01. Skipping calculation at 25:6862
WARNING: Reached chromosome edge before EHH decayed below 0.01. Skipping calculation at 25:6879
WARNING: Reached chromosome edge before EHH decayed below 0.01. Skipping calculation at 25:6890
WARNING: Reached chromosome edge before EHH decayed below 0.01. Skipping calculation at 25:6898
WARNING: Reached chromosome edge before EHH decayed below 0.01. Skipping calculation at 25:6910
WARNING: Reached chromosome edge before EHH decayed below 0.01. Skipping calculation at 25:6927
WARNING: Reached chromosome edge before EHH decayed below 0.01. Skipping calculation at 25:6944
WARNING: Reached chromosome edge before EHH decayed below 0.01. Skipping calculation at 25:6954
WARNING: Reached chromosome edge before EHH decayed below 0.01. Skipping calculation at 25:6960
WARNING: Reached chromosome edge before EHH decayed below 0.01. Skipping calculation at 25:6976
WARNING: Reached chromosome edge before EHH decayed below 0.01. Skipping calculation at 25:7001
WARNING: Reached chromosome edge before EHH decayed below 0.01. Skipping calculation at 25:7026
WARNING: Reached chromosome edge before EHH decayed below 0.01. Skipping calculation at 25:7072
WARNING: Reached chromosome edge before EHH decayed below 0.01. Skipping calculation at 25:7145
WARNING: Reached chromosome edge before EHH decayed below 0.01. Skipping calculation at 25:7247
WARNING: Reached chromosome edge before EHH decayed below 0.01. Skipping calculation at 25:7284
WARNING: Reached chromosome edge before EHH decayed below 0.01. Skipping calculation at 25:7290
WARNING: Reached chromosome edge before EHH decayed below 0.01. Skipping calculation at 25:7359
WARNING: Reached chromosome edge before EHH decayed below 0.01. Skipping calculation at 25:7366
WARNING: Reached chromosome edge before EHH decayed below 0.01. Skipping calculation at 25:7369
WARNING: Reached chromosome edge before EHH decayed below 0.01. Skipping calculation at 25:7430
WARNING: Reached chromosome edge before EHH decayed below 0.01. Skipping calculation at 25:7437
WARNING: Reached chromosome edge before EHH decayed below 0.01. Skipping calculation at 25:7443
WARNING: Reached chromosome edge before EHH decayed below 0.01. Skipping calculation at 25:7455
WARNING: Reached chromosome edge before EHH decayed below 0.01. Skipping calculation at 25:7462
WARNING: Reached chromosome edge before EHH decayed below 0.01. Skipping calculation at 25:42323981
WARNING: Reached chromosome edge before EHH decayed below 0.01. Skipping calculation at 25:42324052
WARNING: Reached chromosome edge before EHH decayed below 0.01. Skipping calculation at 25:42324149
WARNING: Reached chromosome edge before EHH decayed below 0.01. Skipping calculation at 25:42324240
WARNING: Reached chromosome edge before EHH decayed below 0.01. Skipping calculation at 25:42324264
WARNING: Reached chromosome edge before EHH decayed below 0.01. Skipping calculation at 25:42324310
WARNING: Reached chromosome edge before EHH decayed below 0.01. Skipping calculation at 25:42324502
WARNING: Reached chromosome edge before EHH decayed below 0.01. Skipping calculation at 25:42324551
WARNING: Reached chromosome edge before EHH decayed below 0.01. Skipping calculation at 25:42324638
WARNING: Reached chromosome edge before EHH decayed below 0.01. Skipping calculation at 25:42324932
WARNING: Reached chromosome edge before EHH decayed below 0.01. Skipping calculation at 25:42325486
WARNING: Reached chromosome edge before EHH decayed below 0.01. Skipping calculation at 25:42324049
WARNING: Reached chromosome edge before EHH decayed below 0.01. Skipping calculation at 25:42324146
WARNING: Reached chromosome edge before EHH decayed below 0.01. Skipping calculation at 25:42324233
WARNING: Reached chromosome edge before EHH decayed below 0.01. Skipping calculation at 25:42324262
WARNING: Reached chromosome edge before EHH decayed below 0.01. Skipping calculation at 25:42324298
WARNING: Reached chromosome edge before EHH decayed below 0.01. Skipping calculation at 25:42324490
WARNING: Reached chromosome edge before EHH decayed below 0.01. Skipping calculation at 25:42324538
WARNING: Reached chromosome edge before EHH decayed below 0.01. Skipping calculation at 25:42324589
WARNING: Reached chromosome edge before EHH decayed below 0.01. Skipping calculation at 25:42324860
WARNING: Reached chromosome edge before EHH decayed below 0.01. Skipping calculation at 25:42325335
WARNING: Reached chromosome edge before EHH decayed below 0.01. Skipping calculation at 25:42324017
WARNING: Reached chromosome edge before EHH decayed below 0.01. Skipping calculation at 25:42324053
WARNING: Reached chromosome edge before EHH decayed below 0.01. Skipping calculation at 25:42324157
WARNING: Reached chromosome edge before EHH decayed below 0.01. Skipping calculation at 25:42324241
WARNING: Reached chromosome edge before EHH decayed below 0.01. Skipping calculation at 25:42324271
WARNING: Reached chromosome edge before EHH decayed below 0.01. Skipping calculation at 25:42324389
WARNING: Reached chromosome edge before EHH decayed below 0.01. Skipping calculation at 25:42324521
WARNING: Reached chromosome edge before EHH decayed below 0.01. Skipping calculation at 25:42324555
WARNING: Reached chromosome edge before EHH decayed below 0.01. Skipping calculation at 25:42324679
WARNING: Reached chromosome edge before EHH decayed below 0.01. Skipping calculation at 25:42324933
WARNING: Reached chromosome edge before EHH decayed below 0.01. Skipping calculation at 25:42325502
WARNING: Reached chromosome edge before EHH decayed below 0.01. Skipping calculation at 25:42324021
WARNING: Reached chromosome edge before EHH decayed below 0.01. Skipping calculation at 25:42324079
WARNING: Reached chromosome edge before EHH decayed below 0.01. Skipping calculation at 25:42324174
WARNING: Reached chromosome edge before EHH decayed below 0.01. Skipping calculation at 25:42324252
WARNING: Reached chromosome edge before EHH decayed below 0.01. Skipping calculation at 25:42324293
WARNING: Reached chromosome edge before EHH decayed below 0.01. Skipping calculation at 25:42324462
WARNING: Reached chromosome edge before EHH decayed below 0.01. Skipping calculation at 25:42324533
WARNING: Reached chromosome edge before EHH decayed below 0.01. Skipping calculation at 25:42324562
WARNING: Reached chromosome edge before EHH decayed below 0.01. Skipping calculation at 25:42324695
WARNING: Reached chromosome edge before EHH decayed below 0.01. Skipping calculation at 25:42324978
WARNING: Reached chromosome edge before EHH decayed below 0.01. Skipping calculation at 25:42326704
WARNING: Reached chromosome edge before EHH decayed below 0.01. Skipping calculation at 25:42324019
WARNING: Reached chromosome edge before EHH decayed below 0.01. Skipping calculation at 25:42324069
WARNING: Reached chromosome edge before EHH decayed below 0.01. Skipping calculation at 25:42324173
WARNING: Reached chromosome edge before EHH decayed below 0.01. Skipping calculation at 25:42324249
WARNING: Reached chromosome edge before EHH decayed below 0.01. Skipping calculation at 25:42324288
WARNING: Reached chromosome edge before EHH decayed below 0.01. Skipping calculation at 25:42324410
WARNING: Reached chromosome edge before EHH decayed below 0.01. Skipping calculation at 25:42324530
WARNING: Reached chromosome edge before EHH decayed below 0.01. Skipping calculation at 25:42324557
WARNING: Reached chromosome edge before EHH decayed below 0.01. Skipping calculation at 25:42324691
WARNING: Reached chromosome edge before EHH decayed below 0.01. Skipping calculation at 25:42324935
WARNING: Reached chromosome edge before EHH decayed below 0.01. Skipping calculation at 25:42325510
WARNING: Reached chromosome edge before EHH decayed below 0.01. Skipping calculation at 25:42324035
WARNING: Reached chromosome edge before EHH decayed below 0.01. Skipping calculation at 25:42324118
WARNING: Reached chromosome edge before EHH decayed below 0.01. Skipping calculation at 25:42324176
WARNING: Reached chromosome edge before EHH decayed below 0.01. Skipping calculation at 25:42324261
WARNING: Reached chromosome edge before EHH decayed below 0.01. Skipping calculation at 25:42324296
WARNING: Reached chromosome edge before EHH decayed below 0.01. Skipping calculation at 25:42324483
WARNING: Reached chromosome edge before EHH decayed below 0.01. Skipping calculation at 25:42324537
WARNING: Reached chromosome edge before EHH decayed below 0.01. Skipping calculation at 25:42324572
WARNING: Reached chromosome edge before EHH decayed below 0.01. Skipping calculation at 25:42324826
WARNING: Reached chromosome edge before EHH decayed below 0.01. Skipping calculation at 25:42325009
WARNING: Reached chromosome edge before EHH decayed below 0.01. Skipping calculation at 25:42327066
