/stor9000/apps/users/NWSUAF/2013110098/bin/selscan-master/src/selscan --xpehh --vcf Gelbvieh.chr27.vcf --vcf-ref DN.chr27.vcf --map chr27.map --cutoff 0.01 --out DN_Gelbvieh.27.xpehh --threads 6 
v1.1.0b
Calculating XP-EHH.
Input filename: Gelbvieh.chr27.vcf
Reference input filename: DN.chr27.vcf
Map filename: chr27.map
Output file: DN_Gelbvieh.27.xpehh.xpehh.out
Threads: 6
Scale parameter: 20000
Max gap parameter: 200000
EHH cutoff value: 0.01
Alt flag set: no
WARNING: Reached chromosome edge before EHH decayed below 0.01. Skipping calculation at 27:3840
WARNING: Reached chromosome edge before EHH decayed below 0.01. Skipping calculation at 27:3870
WARNING: Reached chromosome edge before EHH decayed below 0.01. Skipping calculation at 27:3869
WARNING: Reached chromosome edge before EHH decayed below 0.01. Skipping calculation at 27:3879
WARNING: Reached chromosome edge before EHH decayed below 0.01. Skipping calculation at 27:3903
WARNING: Reached chromosome edge before EHH decayed below 0.01. Skipping calculation at 27:3987
WARNING: Reached chromosome edge before EHH decayed below 0.01. Skipping calculation at 27:4160
WARNING: Reached chromosome edge before EHH decayed below 0.01. Skipping calculation at 27:4197
WARNING: Reached chromosome edge before EHH decayed below 0.01. Skipping calculation at 27:4314
WARNING: Reached chromosome edge before EHH decayed below 0.01. Skipping calculation at 27:4462
WARNING: Reached chromosome edge before EHH decayed below 0.01. Skipping calculation at 27:4576
WARNING: Reached chromosome edge before EHH decayed below 0.01. Skipping calculation at 27:4671
WARNING: Reached chromosome edge before EHH decayed below 0.01. Skipping calculation at 27:4686
WARNING: Reached chromosome edge before EHH decayed below 0.01. Skipping calculation at 27:4709
WARNING: Reached chromosome edge before EHH decayed below 0.01. Skipping calculation at 27:4741
WARNING: Reached chromosome edge before EHH decayed below 0.01. Skipping calculation at 27:4791
WARNING: Reached chromosome edge before EHH decayed below 0.01. Skipping calculation at 27:4978
WARNING: Reached chromosome edge before EHH decayed below 0.01. Skipping calculation at 27:4998
WARNING: Reached chromosome edge before EHH decayed below 0.01. Skipping calculation at 27:5132
WARNING: Reached chromosome edge before EHH decayed below 0.01. Skipping calculation at 27:5177
WARNING: Reached chromosome edge before EHH decayed below 0.01. Skipping calculation at 27:5281
WARNING: Reached chromosome edge before EHH decayed below 0.01. Skipping calculation at 27:5330
WARNING: Reached chromosome edge before EHH decayed below 0.01. Skipping calculation at 27:5363
WARNING: Reached chromosome edge before EHH decayed below 0.01. Skipping calculation at 27:5364
WARNING: Reached chromosome edge before EHH decayed below 0.01. Skipping calculation at 27:5367
WARNING: Reached chromosome edge before EHH decayed below 0.01. Skipping calculation at 27:5370
WARNING: Reached chromosome edge before EHH decayed below 0.01. Skipping calculation at 27:5388
WARNING: Reached chromosome edge before EHH decayed below 0.01. Skipping calculation at 27:5585
WARNING: Reached chromosome edge before EHH decayed below 0.01. Skipping calculation at 27:5591
WARNING: Reached chromosome edge before EHH decayed below 0.01. Skipping calculation at 27:5637
WARNING: Reached chromosome edge before EHH decayed below 0.01. Skipping calculation at 27:5669
WARNING: Reached chromosome edge before EHH decayed below 0.01. Skipping calculation at 27:5679
WARNING: Reached chromosome edge before EHH decayed below 0.01. Skipping calculation at 27:5864
WARNING: Reached chromosome edge before EHH decayed below 0.01. Skipping calculation at 27:5979
WARNING: Reached chromosome edge before EHH decayed below 0.01. Skipping calculation at 27:6174
WARNING: Reached chromosome edge before EHH decayed below 0.01. Skipping calculation at 27:6175
WARNING: Reached chromosome edge before EHH decayed below 0.01. Skipping calculation at 27:6198
WARNING: Reached chromosome edge before EHH decayed below 0.01. Skipping calculation at 27:6199
WARNING: Reached chromosome edge before EHH decayed below 0.01. Skipping calculation at 27:6218
WARNING: Reached chromosome edge before EHH decayed below 0.01. Skipping calculation at 27:6256
WARNING: Reached chromosome edge before EHH decayed below 0.01. Skipping calculation at 27:6359
WARNING: Reached chromosome edge before EHH decayed below 0.01. Skipping calculation at 27:6423
WARNING: Reached chromosome edge before EHH decayed below 0.01. Skipping calculation at 27:6427
WARNING: Reached chromosome edge before EHH decayed below 0.01. Skipping calculation at 27:6482
WARNING: Reached chromosome edge before EHH decayed below 0.01. Skipping calculation at 27:6486
WARNING: Reached chromosome edge before EHH decayed below 0.01. Skipping calculation at 27:6574
WARNING: Reached chromosome edge before EHH decayed below 0.01. Skipping calculation at 27:6637
WARNING: Reached chromosome edge before EHH decayed below 0.01. Skipping calculation at 27:6715
WARNING: Reached chromosome edge before EHH decayed below 0.01. Skipping calculation at 27:6743
WARNING: Reached chromosome edge before EHH decayed below 0.01. Skipping calculation at 27:6863
WARNING: Reached chromosome edge before EHH decayed below 0.01. Skipping calculation at 27:6874
WARNING: Reached chromosome edge before EHH decayed below 0.01. Skipping calculation at 27:6877
WARNING: Reached chromosome edge before EHH decayed below 0.01. Skipping calculation at 27:6881
WARNING: Reached chromosome edge before EHH decayed below 0.01. Skipping calculation at 27:6965
WARNING: Reached chromosome edge before EHH decayed below 0.01. Skipping calculation at 27:6971
WARNING: Reached chromosome edge before EHH decayed below 0.01. Skipping calculation at 27:6977
WARNING: Reached chromosome edge before EHH decayed below 0.01. Skipping calculation at 27:6978
WARNING: Reached chromosome edge before EHH decayed below 0.01. Skipping calculation at 27:7008
WARNING: Reached chromosome edge before EHH decayed below 0.01. Skipping calculation at 27:7088
WARNING: Reached chromosome edge before EHH decayed below 0.01. Skipping calculation at 27:7199
WARNING: Reached chromosome edge before EHH decayed below 0.01. Skipping calculation at 27:7332
WARNING: Reached chromosome edge before EHH decayed below 0.01. Skipping calculation at 27:7333
WARNING: Reached chromosome edge before EHH decayed below 0.01. Skipping calculation at 27:7353
WARNING: Reached chromosome edge before EHH decayed below 0.01. Skipping calculation at 27:7361
WARNING: Reached chromosome edge before EHH decayed below 0.01. Skipping calculation at 27:7528
WARNING: Reached chromosome edge before EHH decayed below 0.01. Skipping calculation at 27:7803
WARNING: Reached chromosome edge before EHH decayed below 0.01. Skipping calculation at 27:7814
WARNING: Reached chromosome edge before EHH decayed below 0.01. Skipping calculation at 27:7826
WARNING: Reached chromosome edge before EHH decayed below 0.01. Skipping calculation at 27:7829
WARNING: Reached chromosome edge before EHH decayed below 0.01. Skipping calculation at 27:7906
WARNING: Reached chromosome edge before EHH decayed below 0.01. Skipping calculation at 27:7971
WARNING: Reached chromosome edge before EHH decayed below 0.01. Skipping calculation at 27:7985
WARNING: Reached chromosome edge before EHH decayed below 0.01. Skipping calculation at 27:8053
WARNING: Reached chromosome edge before EHH decayed below 0.01. Skipping calculation at 27:8054
WARNING: Reached chromosome edge before EHH decayed below 0.01. Skipping calculation at 27:8056
WARNING: Reached chromosome edge before EHH decayed below 0.01. Skipping calculation at 27:8100
WARNING: Reached chromosome edge before EHH decayed below 0.01. Skipping calculation at 27:8127
WARNING: Reached chromosome edge before EHH decayed below 0.01. Skipping calculation at 27:8136
WARNING: Reached chromosome edge before EHH decayed below 0.01. Skipping calculation at 27:8147
WARNING: Reached chromosome edge before EHH decayed below 0.01. Skipping calculation at 27:8159
WARNING: Reached chromosome edge before EHH decayed below 0.01. Skipping calculation at 27:8162
WARNING: Reached chromosome edge before EHH decayed below 0.01. Skipping calculation at 27:8183
WARNING: Reached chromosome edge before EHH decayed below 0.01. Skipping calculation at 27:8193
WARNING: Reached chromosome edge before EHH decayed below 0.01. Skipping calculation at 27:8214
WARNING: Reached chromosome edge before EHH decayed below 0.01. Skipping calculation at 27:8221
WARNING: Reached chromosome edge before EHH decayed below 0.01. Skipping calculation at 27:8292
WARNING: Reached chromosome edge before EHH decayed below 0.01. Skipping calculation at 27:8297
WARNING: Reached chromosome edge before EHH decayed below 0.01. Skipping calculation at 27:8299
WARNING: Reached chromosome edge before EHH decayed below 0.01. Skipping calculation at 27:8322
WARNING: Reached chromosome edge before EHH decayed below 0.01. Skipping calculation at 27:8323
WARNING: Reached chromosome edge before EHH decayed below 0.01. Skipping calculation at 27:8344
WARNING: Reached chromosome edge before EHH decayed below 0.01. Skipping calculation at 27:8384
WARNING: Reached chromosome edge before EHH decayed below 0.01. Skipping calculation at 27:8388
WARNING: Reached chromosome edge before EHH decayed below 0.01. Skipping calculation at 27:8411
WARNING: Reached chromosome edge before EHH decayed below 0.01. Skipping calculation at 27:8417
WARNING: Reached chromosome edge before EHH decayed below 0.01. Skipping calculation at 27:8429
WARNING: Reached chromosome edge before EHH decayed below 0.01. Skipping calculation at 27:8431
WARNING: Reached chromosome edge before EHH decayed below 0.01. Skipping calculation at 27:8452
WARNING: Reached chromosome edge before EHH decayed below 0.01. Skipping calculation at 27:8467
WARNING: Reached chromosome edge before EHH decayed below 0.01. Skipping calculation at 27:8544
WARNING: Reached chromosome edge before EHH decayed below 0.01. Skipping calculation at 27:8548
WARNING: Reached chromosome edge before EHH decayed below 0.01. Skipping calculation at 27:8510
WARNING: Reached chromosome edge before EHH decayed below 0.01. Skipping calculation at 27:8560
WARNING: Reached chromosome edge before EHH decayed below 0.01. Skipping calculation at 27:8564
WARNING: Reached chromosome edge before EHH decayed below 0.01. Skipping calculation at 27:8565
WARNING: Reached chromosome edge before EHH decayed below 0.01. Skipping calculation at 27:8590
WARNING: Reached chromosome edge before EHH decayed below 0.01. Skipping calculation at 27:8606
WARNING: Reached chromosome edge before EHH decayed below 0.01. Skipping calculation at 27:8579
WARNING: Reached chromosome edge before EHH decayed below 0.01. Skipping calculation at 27:8621
WARNING: Reached chromosome edge before EHH decayed below 0.01. Skipping calculation at 27:8633
WARNING: Reached chromosome edge before EHH decayed below 0.01. Skipping calculation at 27:8660
WARNING: Reached chromosome edge before EHH decayed below 0.01. Skipping calculation at 27:45477032
WARNING: Reached chromosome edge before EHH decayed below 0.01. Skipping calculation at 27:45477132
WARNING: Reached chromosome edge before EHH decayed below 0.01. Skipping calculation at 27:45477310
WARNING: Reached chromosome edge before EHH decayed below 0.01. Skipping calculation at 27:45477644
WARNING: Reached chromosome edge before EHH decayed below 0.01. Skipping calculation at 27:45478270
WARNING: Reached chromosome edge before EHH decayed below 0.01. Skipping calculation at 27:45478276
WARNING: Reached chromosome edge before EHH decayed below 0.01. Skipping calculation at 27:45478282
WARNING: Reached chromosome edge before EHH decayed below 0.01. Skipping calculation at 27:45478290
WARNING: Reached chromosome edge before EHH decayed below 0.01. Skipping calculation at 27:45478312
WARNING: Reached chromosome edge before EHH decayed below 0.01. Skipping calculation at 27:45478752
WARNING: Reached chromosome edge before EHH decayed below 0.01. Skipping calculation at 27:45480256
WARNING: Reached chromosome edge before EHH decayed below 0.01. Skipping calculation at 27:45480262
WARNING: Reached chromosome edge before EHH decayed below 0.01. Skipping calculation at 27:45481180
WARNING: Reached chromosome edge before EHH decayed below 0.01. Skipping calculation at 27:45481624
WARNING: Reached chromosome edge before EHH decayed below 0.01. Skipping calculation at 27:45481934
WARNING: Reached chromosome edge before EHH decayed below 0.01. Skipping calculation at 27:45482181
WARNING: Reached chromosome edge before EHH decayed below 0.01. Skipping calculation at 27:45482660
WARNING: Reached chromosome edge before EHH decayed below 0.01. Skipping calculation at 27:45483008
WARNING: Reached chromosome edge before EHH decayed below 0.01. Skipping calculation at 27:45483632
WARNING: Reached chromosome edge before EHH decayed below 0.01. Skipping calculation at 27:45488029
WARNING: Reached chromosome edge before EHH decayed below 0.01. Skipping calculation at 27:45492024
WARNING: Reached chromosome edge before EHH decayed below 0.01. Skipping calculation at 27:45513827
WARNING: Reached chromosome edge before EHH decayed below 0.01. Skipping calculation at 27:45525123
WARNING: Reached chromosome edge before EHH decayed below 0.01. Skipping calculation at 27:45477075
WARNING: Reached chromosome edge before EHH decayed below 0.01. Skipping calculation at 27:45529850
WARNING: Reached chromosome edge before EHH decayed below 0.01. Skipping calculation at 27:45477158
WARNING: Reached chromosome edge before EHH decayed below 0.01. Skipping calculation at 27:45556734
WARNING: Reached chromosome edge before EHH decayed below 0.01. Skipping calculation at 27:45557191
WARNING: Reached chromosome edge before EHH decayed below 0.01. Skipping calculation at 27:45477335
WARNING: Reached chromosome edge before EHH decayed below 0.01. Skipping calculation at 27:45557954
WARNING: Reached chromosome edge before EHH decayed below 0.01. Skipping calculation at 27:45477653
WARNING: Reached chromosome edge before EHH decayed below 0.01. Skipping calculation at 27:45558933
WARNING: Reached chromosome edge before EHH decayed below 0.01. Skipping calculation at 27:45559193
WARNING: Reached chromosome edge before EHH decayed below 0.01. Skipping calculation at 27:45478271
WARNING: Reached chromosome edge before EHH decayed below 0.01. Skipping calculation at 27:45559437
WARNING: Reached chromosome edge before EHH decayed below 0.01. Skipping calculation at 27:45559669
WARNING: Reached chromosome edge before EHH decayed below 0.01. Skipping calculation at 27:45478277
WARNING: Reached chromosome edge before EHH decayed below 0.01. Skipping calculation at 27:45559878
WARNING: Reached chromosome edge before EHH decayed below 0.01. Skipping calculation at 27:45478283
WARNING: Reached chromosome edge before EHH decayed below 0.01. Skipping calculation at 27:45560169
WARNING: Reached chromosome edge before EHH decayed below 0.01. Skipping calculation at 27:45560792
WARNING: Reached chromosome edge before EHH decayed below 0.01. Skipping calculation at 27:45478291
WARNING: Reached chromosome edge before EHH decayed below 0.01. Skipping calculation at 27:45561304
WARNING: Reached chromosome edge before EHH decayed below 0.01. Skipping calculation at 27:45478319
WARNING: Reached chromosome edge before EHH decayed below 0.01. Skipping calculation at 27:45561581
WARNING: Reached chromosome edge before EHH decayed below 0.01. Skipping calculation at 27:45561735
WARNING: Reached chromosome edge before EHH decayed below 0.01. Skipping calculation at 27:45479064
WARNING: Reached chromosome edge before EHH decayed below 0.01. Skipping calculation at 27:45562561
WARNING: Reached chromosome edge before EHH decayed below 0.01. Skipping calculation at 27:45480257
WARNING: Reached chromosome edge before EHH decayed below 0.01. Skipping calculation at 27:45562737
WARNING: Reached chromosome edge before EHH decayed below 0.01. Skipping calculation at 27:45480263
WARNING: Reached chromosome edge before EHH decayed below 0.01. Skipping calculation at 27:45563397
WARNING: Reached chromosome edge before EHH decayed below 0.01. Skipping calculation at 27:45569812
WARNING: Reached chromosome edge before EHH decayed below 0.01. Skipping calculation at 27:45481264
WARNING: Reached chromosome edge before EHH decayed below 0.01. Skipping calculation at 27:45570963
WARNING: Reached chromosome edge before EHH decayed below 0.01. Skipping calculation at 27:45571266
WARNING: Reached chromosome edge before EHH decayed below 0.01. Skipping calculation at 27:45481688
WARNING: Reached chromosome edge before EHH decayed below 0.01. Skipping calculation at 27:45571475
WARNING: Reached chromosome edge before EHH decayed below 0.01. Skipping calculation at 27:45482003
WARNING: Reached chromosome edge before EHH decayed below 0.01. Skipping calculation at 27:45571736
WARNING: Reached chromosome edge before EHH decayed below 0.01. Skipping calculation at 27:45572029
WARNING: Reached chromosome edge before EHH decayed below 0.01. Skipping calculation at 27:45482392
WARNING: Reached chromosome edge before EHH decayed below 0.01. Skipping calculation at 27:45573717
WARNING: Reached chromosome edge before EHH decayed below 0.01. Skipping calculation at 27:45482689
WARNING: Reached chromosome edge before EHH decayed below 0.01. Skipping calculation at 27:45574104
WARNING: Reached chromosome edge before EHH decayed below 0.01. Skipping calculation at 27:45574110
WARNING: Reached chromosome edge before EHH decayed below 0.01. Skipping calculation at 27:45483009
WARNING: Reached chromosome edge before EHH decayed below 0.01. Skipping calculation at 27:45574116
WARNING: Reached chromosome edge before EHH decayed below 0.01. Skipping calculation at 27:45483686
WARNING: Reached chromosome edge before EHH decayed below 0.01. Skipping calculation at 27:45576759
WARNING: Reached chromosome edge before EHH decayed below 0.01. Skipping calculation at 27:45582809
WARNING: Reached chromosome edge before EHH decayed below 0.01. Skipping calculation at 27:45488039
WARNING: Reached chromosome edge before EHH decayed below 0.01. Skipping calculation at 27:45584790
WARNING: Reached chromosome edge before EHH decayed below 0.01. Skipping calculation at 27:45492047
WARNING: Reached chromosome edge before EHH decayed below 0.01. Skipping calculation at 27:45586244
WARNING: Reached chromosome edge before EHH decayed below 0.01. Skipping calculation at 27:45513828
WARNING: Reached chromosome edge before EHH decayed below 0.01. Skipping calculation at 27:45589244
WARNING: Reached chromosome edge before EHH decayed below 0.01. Skipping calculation at 27:45597170
WARNING: Reached chromosome edge before EHH decayed below 0.01. Skipping calculation at 27:45525124
WARNING: Reached chromosome edge before EHH decayed below 0.01. Skipping calculation at 27:45604077
WARNING: Reached chromosome edge before EHH decayed below 0.01. Skipping calculation at 27:45554547
WARNING: Reached chromosome edge before EHH decayed below 0.01. Skipping calculation at 27:45604366
WARNING: Reached chromosome edge before EHH decayed below 0.01. Skipping calculation at 27:45604552
WARNING: Reached chromosome edge before EHH decayed below 0.01. Skipping calculation at 27:45557059
WARNING: Reached chromosome edge before EHH decayed below 0.01. Skipping calculation at 27:45604789
WARNING: Reached chromosome edge before EHH decayed below 0.01. Skipping calculation at 27:45557262
WARNING: Reached chromosome edge before EHH decayed below 0.01. Skipping calculation at 27:45605177
WARNING: Reached chromosome edge before EHH decayed below 0.01. Skipping calculation at 27:45605426
WARNING: Reached chromosome edge before EHH decayed below 0.01. Skipping calculation at 27:45558485
WARNING: Reached chromosome edge before EHH decayed below 0.01. Skipping calculation at 27:45605684
WARNING: Reached chromosome edge before EHH decayed below 0.01. Skipping calculation at 27:45558988
WARNING: Reached chromosome edge before EHH decayed below 0.01. Skipping calculation at 27:45605822
WARNING: Reached chromosome edge before EHH decayed below 0.01. Skipping calculation at 27:45559267
WARNING: Reached chromosome edge before EHH decayed below 0.01. Skipping calculation at 27:45606148
WARNING: Reached chromosome edge before EHH decayed below 0.01. Skipping calculation at 27:45606661
WARNING: Reached chromosome edge before EHH decayed below 0.01. Skipping calculation at 27:45559441
WARNING: Reached chromosome edge before EHH decayed below 0.01. Skipping calculation at 27:45606782
WARNING: Reached chromosome edge before EHH decayed below 0.01. Skipping calculation at 27:45559725
WARNING: Reached chromosome edge before EHH decayed below 0.01. Skipping calculation at 27:45606835
WARNING: Reached chromosome edge before EHH decayed below 0.01. Skipping calculation at 27:45559881
WARNING: Reached chromosome edge before EHH decayed below 0.01. Skipping calculation at 27:45606920
WARNING: Reached chromosome edge before EHH decayed below 0.01. Skipping calculation at 27:45560366
WARNING: Reached chromosome edge before EHH decayed below 0.01. Skipping calculation at 27:45607063
WARNING: Reached chromosome edge before EHH decayed below 0.01. Skipping calculation at 27:45560851
WARNING: Reached chromosome edge before EHH decayed below 0.01. Skipping calculation at 27:45607158
WARNING: Reached chromosome edge before EHH decayed below 0.01. Skipping calculation at 27:45607250
WARNING: Reached chromosome edge before EHH decayed below 0.01. Skipping calculation at 27:45561369
WARNING: Reached chromosome edge before EHH decayed below 0.01. Skipping calculation at 27:45607352
WARNING: Reached chromosome edge before EHH decayed below 0.01. Skipping calculation at 27:45561612
WARNING: Reached chromosome edge before EHH decayed below 0.01. Skipping calculation at 27:45607402
WARNING: Reached chromosome edge before EHH decayed below 0.01. Skipping calculation at 27:45561743
WARNING: Reached chromosome edge before EHH decayed below 0.01. Skipping calculation at 27:45607465
WARNING: Reached chromosome edge before EHH decayed below 0.01. Skipping calculation at 27:45562642
WARNING: Reached chromosome edge before EHH decayed below 0.01. Skipping calculation at 27:45607791
WARNING: Reached chromosome edge before EHH decayed below 0.01. Skipping calculation at 27:45562771
WARNING: Reached chromosome edge before EHH decayed below 0.01. Skipping calculation at 27:45607908
WARNING: Reached chromosome edge before EHH decayed below 0.01. Skipping calculation at 27:45563422
WARNING: Reached chromosome edge before EHH decayed below 0.01. Skipping calculation at 27:45608321
WARNING: Reached chromosome edge before EHH decayed below 0.01. Skipping calculation at 27:45569816
WARNING: Reached chromosome edge before EHH decayed below 0.01. Skipping calculation at 27:45608550
WARNING: Reached chromosome edge before EHH decayed below 0.01. Skipping calculation at 27:45571003
WARNING: Reached chromosome edge before EHH decayed below 0.01. Skipping calculation at 27:45608625
WARNING: Reached chromosome edge before EHH decayed below 0.01. Skipping calculation at 27:45571342
WARNING: Reached chromosome edge before EHH decayed below 0.01. Skipping calculation at 27:45608741
WARNING: Reached chromosome edge before EHH decayed below 0.01. Skipping calculation at 27:45571489
WARNING: Reached chromosome edge before EHH decayed below 0.01. Skipping calculation at 27:45608906
WARNING: Reached chromosome edge before EHH decayed below 0.01. Skipping calculation at 27:45609139
WARNING: Reached chromosome edge before EHH decayed below 0.01. Skipping calculation at 27:45571745
WARNING: Reached chromosome edge before EHH decayed below 0.01. Skipping calculation at 27:45609303
WARNING: Reached chromosome edge before EHH decayed below 0.01. Skipping calculation at 27:45572033
WARNING: Reached chromosome edge before EHH decayed below 0.01. Skipping calculation at 27:45609518
WARNING: Reached chromosome edge before EHH decayed below 0.01. Skipping calculation at 27:45573751
WARNING: Reached chromosome edge before EHH decayed below 0.01. Skipping calculation at 27:45609793
WARNING: Reached chromosome edge before EHH decayed below 0.01. Skipping calculation at 27:45574105
WARNING: Reached chromosome edge before EHH decayed below 0.01. Skipping calculation at 27:45609985
WARNING: Reached chromosome edge before EHH decayed below 0.01. Skipping calculation at 27:45574111
WARNING: Reached chromosome edge before EHH decayed below 0.01. Skipping calculation at 27:45610211
WARNING: Reached chromosome edge before EHH decayed below 0.01. Skipping calculation at 27:45574117
WARNING: Reached chromosome edge before EHH decayed below 0.01. Skipping calculation at 27:45610480
WARNING: Reached chromosome edge before EHH decayed below 0.01. Skipping calculation at 27:45576760
WARNING: Reached chromosome edge before EHH decayed below 0.01. Skipping calculation at 27:45610609
WARNING: Reached chromosome edge before EHH decayed below 0.01. Skipping calculation at 27:45582828
WARNING: Reached chromosome edge before EHH decayed below 0.01. Skipping calculation at 27:45610692
WARNING: Reached chromosome edge before EHH decayed below 0.01. Skipping calculation at 27:45584853
WARNING: Reached chromosome edge before EHH decayed below 0.01. Skipping calculation at 27:45610961
WARNING: Reached chromosome edge before EHH decayed below 0.01. Skipping calculation at 27:45586322
WARNING: Reached chromosome edge before EHH decayed below 0.01. Skipping calculation at 27:45611128
WARNING: Reached chromosome edge before EHH decayed below 0.01. Skipping calculation at 27:45596933
WARNING: Reached chromosome edge before EHH decayed below 0.01. Skipping calculation at 27:45611268
WARNING: Reached chromosome edge before EHH decayed below 0.01. Skipping calculation at 27:45597198
WARNING: Reached chromosome edge before EHH decayed below 0.01. Skipping calculation at 27:45611382
WARNING: Reached chromosome edge before EHH decayed below 0.01. Skipping calculation at 27:45604175
WARNING: Reached chromosome edge before EHH decayed below 0.01. Skipping calculation at 27:45611488
WARNING: Reached chromosome edge before EHH decayed below 0.01. Skipping calculation at 27:45604437
WARNING: Reached chromosome edge before EHH decayed below 0.01. Skipping calculation at 27:45611532
WARNING: Reached chromosome edge before EHH decayed below 0.01. Skipping calculation at 27:45604596
WARNING: Reached chromosome edge before EHH decayed below 0.01. Skipping calculation at 27:45604841
WARNING: Reached chromosome edge before EHH decayed below 0.01. Skipping calculation at 27:45611562
WARNING: Reached chromosome edge before EHH decayed below 0.01. Skipping calculation at 27:45605200
WARNING: Reached chromosome edge before EHH decayed below 0.01. Skipping calculation at 27:45611571
WARNING: Reached chromosome edge before EHH decayed below 0.01. Skipping calculation at 27:45605521
WARNING: Reached chromosome edge before EHH decayed below 0.01. Skipping calculation at 27:45611577
WARNING: Reached chromosome edge before EHH decayed below 0.01. Skipping calculation at 27:45605705
WARNING: Reached chromosome edge before EHH decayed below 0.01. Skipping calculation at 27:45611606
WARNING: Reached chromosome edge before EHH decayed below 0.01. Skipping calculation at 27:45605860
WARNING: Reached chromosome edge before EHH decayed below 0.01. Skipping calculation at 27:45611615
WARNING: Reached chromosome edge before EHH decayed below 0.01. Skipping calculation at 27:45606338
WARNING: Reached chromosome edge before EHH decayed below 0.01. Skipping calculation at 27:45611685
WARNING: Reached chromosome edge before EHH decayed below 0.01. Skipping calculation at 27:45606694
WARNING: Reached chromosome edge before EHH decayed below 0.01. Skipping calculation at 27:45606784
WARNING: Reached chromosome edge before EHH decayed below 0.01. Skipping calculation at 27:45606836
WARNING: Reached chromosome edge before EHH decayed below 0.01. Skipping calculation at 27:45606964
WARNING: Reached chromosome edge before EHH decayed below 0.01. Skipping calculation at 27:45607074
WARNING: Reached chromosome edge before EHH decayed below 0.01. Skipping calculation at 27:45607173
WARNING: Reached chromosome edge before EHH decayed below 0.01. Skipping calculation at 27:45607256
WARNING: Reached chromosome edge before EHH decayed below 0.01. Skipping calculation at 27:45607353
WARNING: Reached chromosome edge before EHH decayed below 0.01. Skipping calculation at 27:45607415
WARNING: Reached chromosome edge before EHH decayed below 0.01. Skipping calculation at 27:45607475
WARNING: Reached chromosome edge before EHH decayed below 0.01. Skipping calculation at 27:45607798
WARNING: Reached chromosome edge before EHH decayed below 0.01. Skipping calculation at 27:45607914
WARNING: Reached chromosome edge before EHH decayed below 0.01. Skipping calculation at 27:45608339
WARNING: Reached chromosome edge before EHH decayed below 0.01. Skipping calculation at 27:45608562
WARNING: Reached chromosome edge before EHH decayed below 0.01. Skipping calculation at 27:45608628
WARNING: Reached chromosome edge before EHH decayed below 0.01. Skipping calculation at 27:45608758
WARNING: Reached chromosome edge before EHH decayed below 0.01. Skipping calculation at 27:45608913
WARNING: Reached chromosome edge before EHH decayed below 0.01. Skipping calculation at 27:45609145
WARNING: Reached chromosome edge before EHH decayed below 0.01. Skipping calculation at 27:45609344
WARNING: Reached chromosome edge before EHH decayed below 0.01. Skipping calculation at 27:45609520
WARNING: Reached chromosome edge before EHH decayed below 0.01. Skipping calculation at 27:45609830
WARNING: Reached chromosome edge before EHH decayed below 0.01. Skipping calculation at 27:45609991
WARNING: Reached chromosome edge before EHH decayed below 0.01. Skipping calculation at 27:45610341
WARNING: Reached chromosome edge before EHH decayed below 0.01. Skipping calculation at 27:45610503
WARNING: Reached chromosome edge before EHH decayed below 0.01. Skipping calculation at 27:45610638
WARNING: Reached chromosome edge before EHH decayed below 0.01. Skipping calculation at 27:45610695
WARNING: Reached chromosome edge before EHH decayed below 0.01. Skipping calculation at 27:45611052
WARNING: Reached chromosome edge before EHH decayed below 0.01. Skipping calculation at 27:45611143
WARNING: Reached chromosome edge before EHH decayed below 0.01. Skipping calculation at 27:45611303
WARNING: Reached chromosome edge before EHH decayed below 0.01. Skipping calculation at 27:45611383
WARNING: Reached chromosome edge before EHH decayed below 0.01. Skipping calculation at 27:45611492
WARNING: Reached chromosome edge before EHH decayed below 0.01. Skipping calculation at 27:45611556
WARNING: Reached chromosome edge before EHH decayed below 0.01. Skipping calculation at 27:45611563
WARNING: Reached chromosome edge before EHH decayed below 0.01. Skipping calculation at 27:45611572
WARNING: Reached chromosome edge before EHH decayed below 0.01. Skipping calculation at 27:45611578
WARNING: Reached chromosome edge before EHH decayed below 0.01. Skipping calculation at 27:45611610
WARNING: Reached chromosome edge before EHH decayed below 0.01. Skipping calculation at 27:45611616
WARNING: Reached chromosome edge before EHH decayed below 0.01. Skipping calculation at 27:45611708
WARNING: Reached chromosome edge before EHH decayed below 0.01. Skipping calculation at 27:45477087
WARNING: Reached chromosome edge before EHH decayed below 0.01. Skipping calculation at 27:45476963
WARNING: Reached chromosome edge before EHH decayed below 0.01. Skipping calculation at 27:45477171
WARNING: Reached chromosome edge before EHH decayed below 0.01. Skipping calculation at 27:45477102
WARNING: Reached chromosome edge before EHH decayed below 0.01. Skipping calculation at 27:45477363
WARNING: Reached chromosome edge before EHH decayed below 0.01. Skipping calculation at 27:45477212
WARNING: Reached chromosome edge before EHH decayed below 0.01. Skipping calculation at 27:45477664
WARNING: Reached chromosome edge before EHH decayed below 0.01. Skipping calculation at 27:45477403
WARNING: Reached chromosome edge before EHH decayed below 0.01. Skipping calculation at 27:45478272
WARNING: Reached chromosome edge before EHH decayed below 0.01. Skipping calculation at 27:45477665
WARNING: Reached chromosome edge before EHH decayed below 0.01. Skipping calculation at 27:45478278
WARNING: Reached chromosome edge before EHH decayed below 0.01. Skipping calculation at 27:45478273
WARNING: Reached chromosome edge before EHH decayed below 0.01. Skipping calculation at 27:45478284
WARNING: Reached chromosome edge before EHH decayed below 0.01. Skipping calculation at 27:45478279
WARNING: Reached chromosome edge before EHH decayed below 0.01. Skipping calculation at 27:45478292
WARNING: Reached chromosome edge before EHH decayed below 0.01. Skipping calculation at 27:45478285
WARNING: Reached chromosome edge before EHH decayed below 0.01. Skipping calculation at 27:45478641
WARNING: Reached chromosome edge before EHH decayed below 0.01. Skipping calculation at 27:45478293
WARNING: Reached chromosome edge before EHH decayed below 0.01. Skipping calculation at 27:45480252
WARNING: Reached chromosome edge before EHH decayed below 0.01. Skipping calculation at 27:45478699
WARNING: Reached chromosome edge before EHH decayed below 0.01. Skipping calculation at 27:45480258
WARNING: Reached chromosome edge before EHH decayed below 0.01. Skipping calculation at 27:45480253
WARNING: Reached chromosome edge before EHH decayed below 0.01. Skipping calculation at 27:45480264
WARNING: Reached chromosome edge before EHH decayed below 0.01. Skipping calculation at 27:45480259
WARNING: Reached chromosome edge before EHH decayed below 0.01. Skipping calculation at 27:45481351
WARNING: Reached chromosome edge before EHH decayed below 0.01. Skipping calculation at 27:45480265
WARNING: Reached chromosome edge before EHH decayed below 0.01. Skipping calculation at 27:45481714
WARNING: Reached chromosome edge before EHH decayed below 0.01. Skipping calculation at 27:45481472
WARNING: Reached chromosome edge before EHH decayed below 0.01. Skipping calculation at 27:45482076
WARNING: Reached chromosome edge before EHH decayed below 0.01. Skipping calculation at 27:45481721
WARNING: Reached chromosome edge before EHH decayed below 0.01. Skipping calculation at 27:45482457
WARNING: Reached chromosome edge before EHH decayed below 0.01. Skipping calculation at 27:45482095
WARNING: Reached chromosome edge before EHH decayed below 0.01. Skipping calculation at 27:45482944
WARNING: Reached chromosome edge before EHH decayed below 0.01. Skipping calculation at 27:45482514
WARNING: Reached chromosome edge before EHH decayed below 0.01. Skipping calculation at 27:45483010
WARNING: Reached chromosome edge before EHH decayed below 0.01. Skipping calculation at 27:45482945
WARNING: Reached chromosome edge before EHH decayed below 0.01. Skipping calculation at 27:45483720
WARNING: Reached chromosome edge before EHH decayed below 0.01. Skipping calculation at 27:45483011
WARNING: Reached chromosome edge before EHH decayed below 0.01. Skipping calculation at 27:45488273
WARNING: Reached chromosome edge before EHH decayed below 0.01. Skipping calculation at 27:45487931
WARNING: Reached chromosome edge before EHH decayed below 0.01. Skipping calculation at 27:45510196
WARNING: Reached chromosome edge before EHH decayed below 0.01. Skipping calculation at 27:45488345
WARNING: Reached chromosome edge before EHH decayed below 0.01. Skipping calculation at 27:45515430
WARNING: Reached chromosome edge before EHH decayed below 0.01. Skipping calculation at 27:45510198
WARNING: Reached chromosome edge before EHH decayed below 0.01. Skipping calculation at 27:45529692
WARNING: Reached chromosome edge before EHH decayed below 0.01. Skipping calculation at 27:45515431
WARNING: Reached chromosome edge before EHH decayed below 0.01. Skipping calculation at 27:45554577
WARNING: Reached chromosome edge before EHH decayed below 0.01. Skipping calculation at 27:45529793
WARNING: Reached chromosome edge before EHH decayed below 0.01. Skipping calculation at 27:45557084
WARNING: Reached chromosome edge before EHH decayed below 0.01. Skipping calculation at 27:45556597
WARNING: Reached chromosome edge before EHH decayed below 0.01. Skipping calculation at 27:45557440
WARNING: Reached chromosome edge before EHH decayed below 0.01. Skipping calculation at 27:45557102
WARNING: Reached chromosome edge before EHH decayed below 0.01. Skipping calculation at 27:45558589
WARNING: Reached chromosome edge before EHH decayed below 0.01. Skipping calculation at 27:45558991
WARNING: Reached chromosome edge before EHH decayed below 0.01. Skipping calculation at 27:45557511
WARNING: Reached chromosome edge before EHH decayed below 0.01. Skipping calculation at 27:45559286
WARNING: Reached chromosome edge before EHH decayed below 0.01. Skipping calculation at 27:45558904
WARNING: Reached chromosome edge before EHH decayed below 0.01. Skipping calculation at 27:45559054
WARNING: Reached chromosome edge before EHH decayed below 0.01. Skipping calculation at 27:45559477
WARNING: Reached chromosome edge before EHH decayed below 0.01. Skipping calculation at 27:45559727
WARNING: Reached chromosome edge before EHH decayed below 0.01. Skipping calculation at 27:45559287
WARNING: Reached chromosome edge before EHH decayed below 0.01. Skipping calculation at 27:45560020
WARNING: Reached chromosome edge before EHH decayed below 0.01. Skipping calculation at 27:45559513
WARNING: Reached chromosome edge before EHH decayed below 0.01. Skipping calculation at 27:45560410
WARNING: Reached chromosome edge before EHH decayed below 0.01. Skipping calculation at 27:45559739
WARNING: Reached chromosome edge before EHH decayed below 0.01. Skipping calculation at 27:45560869
WARNING: Reached chromosome edge before EHH decayed below 0.01. Skipping calculation at 27:45560046
WARNING: Reached chromosome edge before EHH decayed below 0.01. Skipping calculation at 27:45561527
WARNING: Reached chromosome edge before EHH decayed below 0.01. Skipping calculation at 27:45560548
WARNING: Reached chromosome edge before EHH decayed below 0.01. Skipping calculation at 27:45561625
WARNING: Reached chromosome edge before EHH decayed below 0.01. Skipping calculation at 27:45560883
WARNING: Reached chromosome edge before EHH decayed below 0.01. Skipping calculation at 27:45561828
WARNING: Reached chromosome edge before EHH decayed below 0.01. Skipping calculation at 27:45561532
WARNING: Reached chromosome edge before EHH decayed below 0.01. Skipping calculation at 27:45562648
WARNING: Reached chromosome edge before EHH decayed below 0.01. Skipping calculation at 27:45561633
WARNING: Reached chromosome edge before EHH decayed below 0.01. Skipping calculation at 27:45562793
WARNING: Reached chromosome edge before EHH decayed below 0.01. Skipping calculation at 27:45562290
WARNING: Reached chromosome edge before EHH decayed below 0.01. Skipping calculation at 27:45569752
WARNING: Reached chromosome edge before EHH decayed below 0.01. Skipping calculation at 27:45562663
WARNING: Reached chromosome edge before EHH decayed below 0.01. Skipping calculation at 27:45569866
WARNING: Reached chromosome edge before EHH decayed below 0.01. Skipping calculation at 27:45562825
WARNING: Reached chromosome edge before EHH decayed below 0.01. Skipping calculation at 27:45571091
WARNING: Reached chromosome edge before EHH decayed below 0.01. Skipping calculation at 27:45569783
WARNING: Reached chromosome edge before EHH decayed below 0.01. Skipping calculation at 27:45571368
WARNING: Reached chromosome edge before EHH decayed below 0.01. Skipping calculation at 27:45569926
WARNING: Reached chromosome edge before EHH decayed below 0.01. Skipping calculation at 27:45571529
WARNING: Reached chromosome edge before EHH decayed below 0.01. Skipping calculation at 27:45571100
WARNING: Reached chromosome edge before EHH decayed below 0.01. Skipping calculation at 27:45571802
WARNING: Reached chromosome edge before EHH decayed below 0.01. Skipping calculation at 27:45571405
WARNING: Reached chromosome edge before EHH decayed below 0.01. Skipping calculation at 27:45572038
WARNING: Reached chromosome edge before EHH decayed below 0.01. Skipping calculation at 27:45571640
WARNING: Reached chromosome edge before EHH decayed below 0.01. Skipping calculation at 27:45573765
WARNING: Reached chromosome edge before EHH decayed below 0.01. Skipping calculation at 27:45571982
WARNING: Reached chromosome edge before EHH decayed below 0.01. Skipping calculation at 27:45574106
WARNING: Reached chromosome edge before EHH decayed below 0.01. Skipping calculation at 27:45573420
WARNING: Reached chromosome edge before EHH decayed below 0.01. Skipping calculation at 27:45574112
WARNING: Reached chromosome edge before EHH decayed below 0.01. Skipping calculation at 27:45573769
WARNING: Reached chromosome edge before EHH decayed below 0.01. Skipping calculation at 27:45574118
WARNING: Reached chromosome edge before EHH decayed below 0.01. Skipping calculation at 27:45574107
WARNING: Reached chromosome edge before EHH decayed below 0.01. Skipping calculation at 27:45580619
WARNING: Reached chromosome edge before EHH decayed below 0.01. Skipping calculation at 27:45574113
WARNING: Reached chromosome edge before EHH decayed below 0.01. Skipping calculation at 27:45582850
WARNING: Reached chromosome edge before EHH decayed below 0.01. Skipping calculation at 27:45574119
WARNING: Reached chromosome edge before EHH decayed below 0.01. Skipping calculation at 27:45584855
WARNING: Reached chromosome edge before EHH decayed below 0.01. Skipping calculation at 27:45580625
WARNING: Reached chromosome edge before EHH decayed below 0.01. Skipping calculation at 27:45586383
WARNING: Reached chromosome edge before EHH decayed below 0.01. Skipping calculation at 27:45582851
WARNING: Reached chromosome edge before EHH decayed below 0.01. Skipping calculation at 27:45586037
WARNING: Reached chromosome edge before EHH decayed below 0.01. Skipping calculation at 27:45596938
WARNING: Reached chromosome edge before EHH decayed below 0.01. Skipping calculation at 27:45586394
WARNING: Reached chromosome edge before EHH decayed below 0.01. Skipping calculation at 27:45597204
WARNING: Reached chromosome edge before EHH decayed below 0.01. Skipping calculation at 27:45596949
WARNING: Reached chromosome edge before EHH decayed below 0.01. Skipping calculation at 27:45604208
WARNING: Reached chromosome edge before EHH decayed below 0.01. Skipping calculation at 27:45603970
WARNING: Reached chromosome edge before EHH decayed below 0.01. Skipping calculation at 27:45604491
WARNING: Reached chromosome edge before EHH decayed below 0.01. Skipping calculation at 27:45604235
WARNING: Reached chromosome edge before EHH decayed below 0.01. Skipping calculation at 27:45604621
WARNING: Reached chromosome edge before EHH decayed below 0.01. Skipping calculation at 27:45604526
WARNING: Reached chromosome edge before EHH decayed below 0.01. Skipping calculation at 27:45604854
WARNING: Reached chromosome edge before EHH decayed below 0.01. Skipping calculation at 27:45604650
WARNING: Reached chromosome edge before EHH decayed below 0.01. Skipping calculation at 27:45605275
WARNING: Reached chromosome edge before EHH decayed below 0.01. Skipping calculation at 27:45605076
WARNING: Reached chromosome edge before EHH decayed below 0.01. Skipping calculation at 27:45605570
WARNING: Reached chromosome edge before EHH decayed below 0.01. Skipping calculation at 27:45605293
WARNING: Reached chromosome edge before EHH decayed below 0.01. Skipping calculation at 27:45605744
WARNING: Reached chromosome edge before EHH decayed below 0.01. Skipping calculation at 27:45605580
WARNING: Reached chromosome edge before EHH decayed below 0.01. Skipping calculation at 27:45605936
WARNING: Reached chromosome edge before EHH decayed below 0.01. Skipping calculation at 27:45605752
WARNING: Reached chromosome edge before EHH decayed below 0.01. Skipping calculation at 27:45606345
WARNING: Reached chromosome edge before EHH decayed below 0.01. Skipping calculation at 27:45606049
WARNING: Reached chromosome edge before EHH decayed below 0.01. Skipping calculation at 27:45606722
WARNING: Reached chromosome edge before EHH decayed below 0.01. Skipping calculation at 27:45606472
WARNING: Reached chromosome edge before EHH decayed below 0.01. Skipping calculation at 27:45606788
WARNING: Reached chromosome edge before EHH decayed below 0.01. Skipping calculation at 27:45606746
WARNING: Reached chromosome edge before EHH decayed below 0.01. Skipping calculation at 27:45606845
WARNING: Reached chromosome edge before EHH decayed below 0.01. Skipping calculation at 27:45606789
WARNING: Reached chromosome edge before EHH decayed below 0.01. Skipping calculation at 27:45606975
WARNING: Reached chromosome edge before EHH decayed below 0.01. Skipping calculation at 27:45606877
WARNING: Reached chromosome edge before EHH decayed below 0.01. Skipping calculation at 27:45607097
WARNING: Reached chromosome edge before EHH decayed below 0.01. Skipping calculation at 27:45606989
WARNING: Reached chromosome edge before EHH decayed below 0.01. Skipping calculation at 27:45607175
WARNING: Reached chromosome edge before EHH decayed below 0.01. Skipping calculation at 27:45607104
WARNING: Reached chromosome edge before EHH decayed below 0.01. Skipping calculation at 27:45607281
WARNING: Reached chromosome edge before EHH decayed below 0.01. Skipping calculation at 27:45607184
WARNING: Reached chromosome edge before EHH decayed below 0.01. Skipping calculation at 27:45607355
WARNING: Reached chromosome edge before EHH decayed below 0.01. Skipping calculation at 27:45607339
WARNING: Reached chromosome edge before EHH decayed below 0.01. Skipping calculation at 27:45607359
WARNING: Reached chromosome edge before EHH decayed below 0.01. Skipping calculation at 27:45607419
WARNING: Reached chromosome edge before EHH decayed below 0.01. Skipping calculation at 27:45607433
WARNING: Reached chromosome edge before EHH decayed below 0.01. Skipping calculation at 27:45607593
WARNING: Reached chromosome edge before EHH decayed below 0.01. Skipping calculation at 27:45607709
WARNING: Reached chromosome edge before EHH decayed below 0.01. Skipping calculation at 27:45607804
WARNING: Reached chromosome edge before EHH decayed below 0.01. Skipping calculation at 27:45607838
WARNING: Reached chromosome edge before EHH decayed below 0.01. Skipping calculation at 27:45607944
WARNING: Reached chromosome edge before EHH decayed below 0.01. Skipping calculation at 27:45607952
WARNING: Reached chromosome edge before EHH decayed below 0.01. Skipping calculation at 27:45608378
WARNING: Reached chromosome edge before EHH decayed below 0.01. Skipping calculation at 27:45608579
WARNING: Reached chromosome edge before EHH decayed below 0.01. Skipping calculation at 27:45608399
WARNING: Reached chromosome edge before EHH decayed below 0.01. Skipping calculation at 27:45608642
WARNING: Reached chromosome edge before EHH decayed below 0.01. Skipping calculation at 27:45608607
WARNING: Reached chromosome edge before EHH decayed below 0.01. Skipping calculation at 27:45608790
WARNING: Reached chromosome edge before EHH decayed below 0.01. Skipping calculation at 27:45608650
WARNING: Reached chromosome edge before EHH decayed below 0.01. Skipping calculation at 27:45608957
WARNING: Reached chromosome edge before EHH decayed below 0.01. Skipping calculation at 27:45608855
WARNING: Reached chromosome edge before EHH decayed below 0.01. Skipping calculation at 27:45609173
WARNING: Reached chromosome edge before EHH decayed below 0.01. Skipping calculation at 27:45609048
WARNING: Reached chromosome edge before EHH decayed below 0.01. Skipping calculation at 27:45609191
WARNING: Reached chromosome edge before EHH decayed below 0.01. Skipping calculation at 27:45609372
WARNING: Reached chromosome edge before EHH decayed below 0.01. Skipping calculation at 27:45609623
WARNING: Reached chromosome edge before EHH decayed below 0.01. Skipping calculation at 27:45609423
WARNING: Reached chromosome edge before EHH decayed below 0.01. Skipping calculation at 27:45609853
WARNING: Reached chromosome edge before EHH decayed below 0.01. Skipping calculation at 27:45609644
WARNING: Reached chromosome edge before EHH decayed below 0.01. Skipping calculation at 27:45610041
WARNING: Reached chromosome edge before EHH decayed below 0.01. Skipping calculation at 27:45609896
WARNING: Reached chromosome edge before EHH decayed below 0.01. Skipping calculation at 27:45610353
WARNING: Reached chromosome edge before EHH decayed below 0.01. Skipping calculation at 27:45610153
WARNING: Reached chromosome edge before EHH decayed below 0.01. Skipping calculation at 27:45610516
WARNING: Reached chromosome edge before EHH decayed below 0.01. Skipping calculation at 27:45610450
WARNING: Reached chromosome edge before EHH decayed below 0.01. Skipping calculation at 27:45610645
WARNING: Reached chromosome edge before EHH decayed below 0.01. Skipping calculation at 27:45610564
WARNING: Reached chromosome edge before EHH decayed below 0.01. Skipping calculation at 27:45610763
WARNING: Reached chromosome edge before EHH decayed below 0.01. Skipping calculation at 27:45610646
WARNING: Reached chromosome edge before EHH decayed below 0.01. Skipping calculation at 27:45611068
WARNING: Reached chromosome edge before EHH decayed below 0.01. Skipping calculation at 27:45610778
WARNING: Reached chromosome edge before EHH decayed below 0.01. Skipping calculation at 27:45611178
WARNING: Reached chromosome edge before EHH decayed below 0.01. Skipping calculation at 27:45611072
WARNING: Reached chromosome edge before EHH decayed below 0.01. Skipping calculation at 27:45611304
WARNING: Reached chromosome edge before EHH decayed below 0.01. Skipping calculation at 27:45611196
WARNING: Reached chromosome edge before EHH decayed below 0.01. Skipping calculation at 27:45611398
WARNING: Reached chromosome edge before EHH decayed below 0.01. Skipping calculation at 27:45611338
WARNING: Reached chromosome edge before EHH decayed below 0.01. Skipping calculation at 27:45611495
WARNING: Reached chromosome edge before EHH decayed below 0.01. Skipping calculation at 27:45611432
WARNING: Reached chromosome edge before EHH decayed below 0.01. Skipping calculation at 27:45611557
WARNING: Reached chromosome edge before EHH decayed below 0.01. Skipping calculation at 27:45611506
WARNING: Reached chromosome edge before EHH decayed below 0.01. Skipping calculation at 27:45611564
WARNING: Reached chromosome edge before EHH decayed below 0.01. Skipping calculation at 27:45611558
WARNING: Reached chromosome edge before EHH decayed below 0.01. Skipping calculation at 27:45611573
WARNING: Reached chromosome edge before EHH decayed below 0.01. Skipping calculation at 27:45611566
WARNING: Reached chromosome edge before EHH decayed below 0.01. Skipping calculation at 27:45611579
WARNING: Reached chromosome edge before EHH decayed below 0.01. Skipping calculation at 27:45611574
WARNING: Reached chromosome edge before EHH decayed below 0.01. Skipping calculation at 27:45611611
WARNING: Reached chromosome edge before EHH decayed below 0.01. Skipping calculation at 27:45611580
WARNING: Reached chromosome edge before EHH decayed below 0.01. Skipping calculation at 27:45611612
WARNING: Reached chromosome edge before EHH decayed below 0.01. Skipping calculation at 27:45611617
WARNING: Reached chromosome edge before EHH decayed below 0.01. Skipping calculation at 27:45611618
WARNING: Reached chromosome edge before EHH decayed below 0.01. Skipping calculation at 27:45477016
WARNING: Reached chromosome edge before EHH decayed below 0.01. Skipping calculation at 27:45477124
WARNING: Reached chromosome edge before EHH decayed below 0.01. Skipping calculation at 27:45477300
WARNING: Reached chromosome edge before EHH decayed below 0.01. Skipping calculation at 27:45477549
WARNING: Reached chromosome edge before EHH decayed below 0.01. Skipping calculation at 27:45478199
WARNING: Reached chromosome edge before EHH decayed below 0.01. Skipping calculation at 27:45478275
WARNING: Reached chromosome edge before EHH decayed below 0.01. Skipping calculation at 27:45478281
WARNING: Reached chromosome edge before EHH decayed below 0.01. Skipping calculation at 27:45478289
WARNING: Reached chromosome edge before EHH decayed below 0.01. Skipping calculation at 27:45478295
WARNING: Reached chromosome edge before EHH decayed below 0.01. Skipping calculation at 27:45478728
WARNING: Reached chromosome edge before EHH decayed below 0.01. Skipping calculation at 27:45480255
WARNING: Reached chromosome edge before EHH decayed below 0.01. Skipping calculation at 27:45480261
WARNING: Reached chromosome edge before EHH decayed below 0.01. Skipping calculation at 27:45481172
WARNING: Reached chromosome edge before EHH decayed below 0.01. Skipping calculation at 27:45481574
WARNING: Reached chromosome edge before EHH decayed below 0.01. Skipping calculation at 27:45481891
WARNING: Reached chromosome edge before EHH decayed below 0.01. Skipping calculation at 27:45482171
WARNING: Reached chromosome edge before EHH decayed below 0.01. Skipping calculation at 27:45482639
WARNING: Reached chromosome edge before EHH decayed below 0.01. Skipping calculation at 27:45483007
WARNING: Reached chromosome edge before EHH decayed below 0.01. Skipping calculation at 27:45483399
WARNING: Reached chromosome edge before EHH decayed below 0.01. Skipping calculation at 27:45488017
WARNING: Reached chromosome edge before EHH decayed below 0.01. Skipping calculation at 27:45488406
WARNING: Reached chromosome edge before EHH decayed below 0.01. Skipping calculation at 27:45513825
WARNING: Reached chromosome edge before EHH decayed below 0.01. Skipping calculation at 27:45525122
WARNING: Reached chromosome edge before EHH decayed below 0.01. Skipping calculation at 27:45529830
WARNING: Reached chromosome edge before EHH decayed below 0.01. Skipping calculation at 27:45556722
WARNING: Reached chromosome edge before EHH decayed below 0.01. Skipping calculation at 27:45557144
WARNING: Reached chromosome edge before EHH decayed below 0.01. Skipping calculation at 27:45557940
WARNING: Reached chromosome edge before EHH decayed below 0.01. Skipping calculation at 27:45558917
WARNING: Reached chromosome edge before EHH decayed below 0.01. Skipping calculation at 27:45559158
WARNING: Reached chromosome edge before EHH decayed below 0.01. Skipping calculation at 27:45559311
WARNING: Reached chromosome edge before EHH decayed below 0.01. Skipping calculation at 27:45559540
WARNING: Reached chromosome edge before EHH decayed below 0.01. Skipping calculation at 27:45559771
WARNING: Reached chromosome edge before EHH decayed below 0.01. Skipping calculation at 27:45560084
WARNING: Reached chromosome edge before EHH decayed below 0.01. Skipping calculation at 27:45560761
WARNING: Reached chromosome edge before EHH decayed below 0.01. Skipping calculation at 27:45561242
WARNING: Reached chromosome edge before EHH decayed below 0.01. Skipping calculation at 27:45561554
WARNING: Reached chromosome edge before EHH decayed below 0.01. Skipping calculation at 27:45561672
WARNING: Reached chromosome edge before EHH decayed below 0.01. Skipping calculation at 27:45562441
WARNING: Reached chromosome edge before EHH decayed below 0.01. Skipping calculation at 27:45562729
WARNING: Reached chromosome edge before EHH decayed below 0.01. Skipping calculation at 27:45562865
WARNING: Reached chromosome edge before EHH decayed below 0.01. Skipping calculation at 27:45569808
WARNING: Reached chromosome edge before EHH decayed below 0.01. Skipping calculation at 27:45570885
WARNING: Reached chromosome edge before EHH decayed below 0.01. Skipping calculation at 27:45571115
WARNING: Reached chromosome edge before EHH decayed below 0.01. Skipping calculation at 27:45571473
WARNING: Reached chromosome edge before EHH decayed below 0.01. Skipping calculation at 27:45571699
WARNING: Reached chromosome edge before EHH decayed below 0.01. Skipping calculation at 27:45572028
WARNING: Reached chromosome edge before EHH decayed below 0.01. Skipping calculation at 27:45573475
WARNING: Reached chromosome edge before EHH decayed below 0.01. Skipping calculation at 27:45574103
WARNING: Reached chromosome edge before EHH decayed below 0.01. Skipping calculation at 27:45574109
WARNING: Reached chromosome edge before EHH decayed below 0.01. Skipping calculation at 27:45574115
WARNING: Reached chromosome edge before EHH decayed below 0.01. Skipping calculation at 27:45576758
WARNING: Reached chromosome edge before EHH decayed below 0.01. Skipping calculation at 27:45582808
WARNING: Reached chromosome edge before EHH decayed below 0.01. Skipping calculation at 27:45584744
WARNING: Reached chromosome edge before EHH decayed below 0.01. Skipping calculation at 27:45586117
WARNING: Reached chromosome edge before EHH decayed below 0.01. Skipping calculation at 27:45587338
WARNING: Reached chromosome edge before EHH decayed below 0.01. Skipping calculation at 27:45597003
WARNING: Reached chromosome edge before EHH decayed below 0.01. Skipping calculation at 27:45603972
WARNING: Reached chromosome edge before EHH decayed below 0.01. Skipping calculation at 27:45604333
WARNING: Reached chromosome edge before EHH decayed below 0.01. Skipping calculation at 27:45604547
WARNING: Reached chromosome edge before EHH decayed below 0.01. Skipping calculation at 27:45604750
WARNING: Reached chromosome edge before EHH decayed below 0.01. Skipping calculation at 27:45605121
WARNING: Reached chromosome edge before EHH decayed below 0.01. Skipping calculation at 27:45605421
WARNING: Reached chromosome edge before EHH decayed below 0.01. Skipping calculation at 27:45605675
WARNING: Reached chromosome edge before EHH decayed below 0.01. Skipping calculation at 27:45605791
WARNING: Reached chromosome edge before EHH decayed below 0.01. Skipping calculation at 27:45606109
WARNING: Reached chromosome edge before EHH decayed below 0.01. Skipping calculation at 27:45606657
WARNING: Reached chromosome edge before EHH decayed below 0.01. Skipping calculation at 27:45606774
WARNING: Reached chromosome edge before EHH decayed below 0.01. Skipping calculation at 27:45606819
WARNING: Reached chromosome edge before EHH decayed below 0.01. Skipping calculation at 27:45606891
WARNING: Reached chromosome edge before EHH decayed below 0.01. Skipping calculation at 27:45607055
WARNING: Reached chromosome edge before EHH decayed below 0.01. Skipping calculation at 27:45607139
WARNING: Reached chromosome edge before EHH decayed below 0.01. Skipping calculation at 27:45607234
WARNING: Reached chromosome edge before EHH decayed below 0.01. Skipping calculation at 27:45607348
WARNING: Reached chromosome edge before EHH decayed below 0.01. Skipping calculation at 27:45607372
WARNING: Reached chromosome edge before EHH decayed below 0.01. Skipping calculation at 27:45607445
WARNING: Reached chromosome edge before EHH decayed below 0.01. Skipping calculation at 27:45607779
WARNING: Reached chromosome edge before EHH decayed below 0.01. Skipping calculation at 27:45607867
WARNING: Reached chromosome edge before EHH decayed below 0.01. Skipping calculation at 27:45608278
WARNING: Reached chromosome edge before EHH decayed below 0.01. Skipping calculation at 27:45608536
WARNING: Reached chromosome edge before EHH decayed below 0.01. Skipping calculation at 27:45608617
WARNING: Reached chromosome edge before EHH decayed below 0.01. Skipping calculation at 27:45608709
WARNING: Reached chromosome edge before EHH decayed below 0.01. Skipping calculation at 27:45608872
WARNING: Reached chromosome edge before EHH decayed below 0.01. Skipping calculation at 27:45609100
WARNING: Reached chromosome edge before EHH decayed below 0.01. Skipping calculation at 27:45609293
WARNING: Reached chromosome edge before EHH decayed below 0.01. Skipping calculation at 27:45609515
WARNING: Reached chromosome edge before EHH decayed below 0.01. Skipping calculation at 27:45609721
WARNING: Reached chromosome edge before EHH decayed below 0.01. Skipping calculation at 27:45609977
WARNING: Reached chromosome edge before EHH decayed below 0.01. Skipping calculation at 27:45610201
WARNING: Reached chromosome edge before EHH decayed below 0.01. Skipping calculation at 27:45610476
WARNING: Reached chromosome edge before EHH decayed below 0.01. Skipping calculation at 27:45610568
WARNING: Reached chromosome edge before EHH decayed below 0.01. Skipping calculation at 27:45610648
WARNING: Reached chromosome edge before EHH decayed below 0.01. Skipping calculation at 27:45610889
WARNING: Reached chromosome edge before EHH decayed below 0.01. Skipping calculation at 27:45611113
WARNING: Reached chromosome edge before EHH decayed below 0.01. Skipping calculation at 27:45611253
WARNING: Reached chromosome edge before EHH decayed below 0.01. Skipping calculation at 27:45611369
WARNING: Reached chromosome edge before EHH decayed below 0.01. Skipping calculation at 27:45611487
WARNING: Reached chromosome edge before EHH decayed below 0.01. Skipping calculation at 27:45611517
WARNING: Reached chromosome edge before EHH decayed below 0.01. Skipping calculation at 27:45611561
WARNING: Reached chromosome edge before EHH decayed below 0.01. Skipping calculation at 27:45611570
WARNING: Reached chromosome edge before EHH decayed below 0.01. Skipping calculation at 27:45611576
WARNING: Reached chromosome edge before EHH decayed below 0.01. Skipping calculation at 27:45611599
WARNING: Reached chromosome edge before EHH decayed below 0.01. Skipping calculation at 27:45611614
WARNING: Reached chromosome edge before EHH decayed below 0.01. Skipping calculation at 27:45611669
WARNING: Reached chromosome edge before EHH decayed below 0.01. Skipping calculation at 27:45476965
WARNING: Reached chromosome edge before EHH decayed below 0.01. Skipping calculation at 27:45477123
WARNING: Reached chromosome edge before EHH decayed below 0.01. Skipping calculation at 27:45477254
WARNING: Reached chromosome edge before EHH decayed below 0.01. Skipping calculation at 27:45477536
WARNING: Reached chromosome edge before EHH decayed below 0.01. Skipping calculation at 27:45477670
WARNING: Reached chromosome edge before EHH decayed below 0.01. Skipping calculation at 27:45478274
WARNING: Reached chromosome edge before EHH decayed below 0.01. Skipping calculation at 27:45478280
WARNING: Reached chromosome edge before EHH decayed below 0.01. Skipping calculation at 27:45478286
WARNING: Reached chromosome edge before EHH decayed below 0.01. Skipping calculation at 27:45478294
WARNING: Reached chromosome edge before EHH decayed below 0.01. Skipping calculation at 27:45478705
WARNING: Reached chromosome edge before EHH decayed below 0.01. Skipping calculation at 27:45480254
WARNING: Reached chromosome edge before EHH decayed below 0.01. Skipping calculation at 27:45480260
WARNING: Reached chromosome edge before EHH decayed below 0.01. Skipping calculation at 27:45480940
WARNING: Reached chromosome edge before EHH decayed below 0.01. Skipping calculation at 27:45481493
WARNING: Reached chromosome edge before EHH decayed below 0.01. Skipping calculation at 27:45481739
WARNING: Reached chromosome edge before EHH decayed below 0.01. Skipping calculation at 27:45482140
WARNING: Reached chromosome edge before EHH decayed below 0.01. Skipping calculation at 27:45482610
WARNING: Reached chromosome edge before EHH decayed below 0.01. Skipping calculation at 27:45482946
WARNING: Reached chromosome edge before EHH decayed below 0.01. Skipping calculation at 27:45483264
WARNING: Reached chromosome edge before EHH decayed below 0.01. Skipping calculation at 27:45487960
WARNING: Reached chromosome edge before EHH decayed below 0.01. Skipping calculation at 27:45488359
WARNING: Reached chromosome edge before EHH decayed below 0.01. Skipping calculation at 27:45510240
WARNING: Reached chromosome edge before EHH decayed below 0.01. Skipping calculation at 27:45525121
WARNING: Reached chromosome edge before EHH decayed below 0.01. Skipping calculation at 27:45529827
WARNING: Reached chromosome edge before EHH decayed below 0.01. Skipping calculation at 27:45556664
WARNING: Reached chromosome edge before EHH decayed below 0.01. Skipping calculation at 27:45557132
WARNING: Reached chromosome edge before EHH decayed below 0.01. Skipping calculation at 27:45557530
WARNING: Reached chromosome edge before EHH decayed below 0.01. Skipping calculation at 27:45558908
WARNING: Reached chromosome edge before EHH decayed below 0.01. Skipping calculation at 27:45559098
WARNING: Reached chromosome edge before EHH decayed below 0.01. Skipping calculation at 27:45559292
WARNING: Reached chromosome edge before EHH decayed below 0.01. Skipping calculation at 27:45559521
WARNING: Reached chromosome edge before EHH decayed below 0.01. Skipping calculation at 27:45559754
WARNING: Reached chromosome edge before EHH decayed below 0.01. Skipping calculation at 27:45560066
WARNING: Reached chromosome edge before EHH decayed below 0.01. Skipping calculation at 27:45560711
WARNING: Reached chromosome edge before EHH decayed below 0.01. Skipping calculation at 27:45561162
WARNING: Reached chromosome edge before EHH decayed below 0.01. Skipping calculation at 27:45561541
WARNING: Reached chromosome edge before EHH decayed below 0.01. Skipping calculation at 27:45561643
WARNING: Reached chromosome edge before EHH decayed below 0.01. Skipping calculation at 27:45562363
WARNING: Reached chromosome edge before EHH decayed below 0.01. Skipping calculation at 27:45562728
WARNING: Reached chromosome edge before EHH decayed below 0.01. Skipping calculation at 27:45562846
WARNING: Reached chromosome edge before EHH decayed below 0.01. Skipping calculation at 27:45569786
WARNING: Reached chromosome edge before EHH decayed below 0.01. Skipping calculation at 27:45570877
WARNING: Reached chromosome edge before EHH decayed below 0.01. Skipping calculation at 27:45571106
WARNING: Reached chromosome edge before EHH decayed below 0.01. Skipping calculation at 27:45571417
WARNING: Reached chromosome edge before EHH decayed below 0.01. Skipping calculation at 27:45571670
WARNING: Reached chromosome edge before EHH decayed below 0.01. Skipping calculation at 27:45572009
WARNING: Reached chromosome edge before EHH decayed below 0.01. Skipping calculation at 27:45573449
WARNING: Reached chromosome edge before EHH decayed below 0.01. Skipping calculation at 27:45573828
WARNING: Reached chromosome edge before EHH decayed below 0.01. Skipping calculation at 27:45574108
WARNING: Reached chromosome edge before EHH decayed below 0.01. Skipping calculation at 27:45574114
WARNING: Reached chromosome edge before EHH decayed below 0.01. Skipping calculation at 27:45576757
WARNING: Reached chromosome edge before EHH decayed below 0.01. Skipping calculation at 27:45580626
WARNING: Reached chromosome edge before EHH decayed below 0.01. Skipping calculation at 27:45582856
WARNING: Reached chromosome edge before EHH decayed below 0.01. Skipping calculation at 27:45586053
WARNING: Reached chromosome edge before EHH decayed below 0.01. Skipping calculation at 27:45587323
WARNING: Reached chromosome edge before EHH decayed below 0.01. Skipping calculation at 27:45596992
WARNING: Reached chromosome edge before EHH decayed below 0.01. Skipping calculation at 27:45603971
WARNING: Reached chromosome edge before EHH decayed below 0.01. Skipping calculation at 27:45604319
WARNING: Reached chromosome edge before EHH decayed below 0.01. Skipping calculation at 27:45604539
WARNING: Reached chromosome edge before EHH decayed below 0.01. Skipping calculation at 27:45604688
WARNING: Reached chromosome edge before EHH decayed below 0.01. Skipping calculation at 27:45605100
WARNING: Reached chromosome edge before EHH decayed below 0.01. Skipping calculation at 27:45605398
WARNING: Reached chromosome edge before EHH decayed below 0.01. Skipping calculation at 27:45605608
WARNING: Reached chromosome edge before EHH decayed below 0.01. Skipping calculation at 27:45605783
WARNING: Reached chromosome edge before EHH decayed below 0.01. Skipping calculation at 27:45606069
WARNING: Reached chromosome edge before EHH decayed below 0.01. Skipping calculation at 27:45606473
WARNING: Reached chromosome edge before EHH decayed below 0.01. Skipping calculation at 27:45606747
WARNING: Reached chromosome edge before EHH decayed below 0.01. Skipping calculation at 27:45606793
WARNING: Reached chromosome edge before EHH decayed below 0.01. Skipping calculation at 27:45606890
WARNING: Reached chromosome edge before EHH decayed below 0.01. Skipping calculation at 27:45607053
WARNING: Reached chromosome edge before EHH decayed below 0.01. Skipping calculation at 27:45607134
WARNING: Reached chromosome edge before EHH decayed below 0.01. Skipping calculation at 27:45607222
WARNING: Reached chromosome edge before EHH decayed below 0.01. Skipping calculation at 27:45607342
WARNING: Reached chromosome edge before EHH decayed below 0.01. Skipping calculation at 27:45607371
WARNING: Reached chromosome edge before EHH decayed below 0.01. Skipping calculation at 27:45607441
WARNING: Reached chromosome edge before EHH decayed below 0.01. Skipping calculation at 27:45607774
WARNING: Reached chromosome edge before EHH decayed below 0.01. Skipping calculation at 27:45607850
WARNING: Reached chromosome edge before EHH decayed below 0.01. Skipping calculation at 27:45608161
WARNING: Reached chromosome edge before EHH decayed below 0.01. Skipping calculation at 27:45608497
WARNING: Reached chromosome edge before EHH decayed below 0.01. Skipping calculation at 27:45608614
WARNING: Reached chromosome edge before EHH decayed below 0.01. Skipping calculation at 27:45608661
WARNING: Reached chromosome edge before EHH decayed below 0.01. Skipping calculation at 27:45608860
WARNING: Reached chromosome edge before EHH decayed below 0.01. Skipping calculation at 27:45609082
WARNING: Reached chromosome edge before EHH decayed below 0.01. Skipping calculation at 27:45609220
WARNING: Reached chromosome edge before EHH decayed below 0.01. Skipping calculation at 27:45609503
WARNING: Reached chromosome edge before EHH decayed below 0.01. Skipping calculation at 27:45609648
WARNING: Reached chromosome edge before EHH decayed below 0.01. Skipping calculation at 27:45609926
WARNING: Reached chromosome edge before EHH decayed below 0.01. Skipping calculation at 27:45610174
WARNING: Reached chromosome edge before EHH decayed below 0.01. Skipping calculation at 27:45610475
WARNING: Reached chromosome edge before EHH decayed below 0.01. Skipping calculation at 27:45610565
WARNING: Reached chromosome edge before EHH decayed below 0.01. Skipping calculation at 27:45610647
WARNING: Reached chromosome edge before EHH decayed below 0.01. Skipping calculation at 27:45610788
WARNING: Reached chromosome edge before EHH decayed below 0.01. Skipping calculation at 27:45611110
WARNING: Reached chromosome edge before EHH decayed below 0.01. Skipping calculation at 27:45611203
WARNING: Reached chromosome edge before EHH decayed below 0.01. Skipping calculation at 27:45611341
WARNING: Reached chromosome edge before EHH decayed below 0.01. Skipping calculation at 27:45611440
WARNING: Reached chromosome edge before EHH decayed below 0.01. Skipping calculation at 27:45611508
WARNING: Reached chromosome edge before EHH decayed below 0.01. Skipping calculation at 27:45611559
WARNING: Reached chromosome edge before EHH decayed below 0.01. Skipping calculation at 27:45611567
WARNING: Reached chromosome edge before EHH decayed below 0.01. Skipping calculation at 27:45611575
WARNING: Reached chromosome edge before EHH decayed below 0.01. Skipping calculation at 27:45611583
WARNING: Reached chromosome edge before EHH decayed below 0.01. Skipping calculation at 27:45611613
WARNING: Reached chromosome edge before EHH decayed below 0.01. Skipping calculation at 27:45611644
