/stor9000/apps/users/NWSUAF/2013110098/bin/selscan-master/src/selscan --xpehh --vcf Gelbvieh.chr5.vcf --vcf-ref DN.chr5.vcf --map chr5.map --cutoff 0.01 --out DN_Gelbvieh.5.xpehh --threads 6 
v1.1.0b
Calculating XP-EHH.
Input filename: Gelbvieh.chr5.vcf
Reference input filename: DN.chr5.vcf
Map filename: chr5.map
Output file: DN_Gelbvieh.5.xpehh.xpehh.out
Threads: 6
Scale parameter: 20000
Max gap parameter: 200000
EHH cutoff value: 0.01
Alt flag set: no
WARNING: Reached chromosome edge before EHH decayed below 0.01. Skipping calculation at 5:24752
WARNING: Reached chromosome edge before EHH decayed below 0.01. Skipping calculation at 5:24796
WARNING: Reached chromosome edge before EHH decayed below 0.01. Skipping calculation at 5:24746
WARNING: Reached chromosome edge before EHH decayed below 0.01. Skipping calculation at 5:24827
WARNING: Reached chromosome edge before EHH decayed below 0.01. Skipping calculation at 5:24826
WARNING: Reached chromosome edge before EHH decayed below 0.01. Skipping calculation at 5:24828
WARNING: Reached chromosome edge before EHH decayed below 0.01. Skipping calculation at 5:24831
WARNING: Reached chromosome edge before EHH decayed below 0.01. Skipping calculation at 5:24830
WARNING: Reached chromosome edge before EHH decayed below 0.01. Skipping calculation at 5:24832
WARNING: Reached chromosome edge before EHH decayed below 0.01. Skipping calculation at 5:24835
WARNING: Reached chromosome edge before EHH decayed below 0.01. Skipping calculation at 5:24834
WARNING: Reached chromosome edge before EHH decayed below 0.01. Skipping calculation at 5:24836
WARNING: Reached chromosome edge before EHH decayed below 0.01. Skipping calculation at 5:24838
WARNING: Reached chromosome edge before EHH decayed below 0.01. Skipping calculation at 5:24837
WARNING: Reached chromosome edge before EHH decayed below 0.01. Skipping calculation at 5:24839
WARNING: Reached chromosome edge before EHH decayed below 0.01. Skipping calculation at 5:26837
WARNING: Reached chromosome edge before EHH decayed below 0.01. Skipping calculation at 5:26838
WARNING: Reached chromosome edge before EHH decayed below 0.01. Skipping calculation at 5:26842
WARNING: Reached chromosome edge before EHH decayed below 0.01. Skipping calculation at 5:26855
WARNING: Reached chromosome edge before EHH decayed below 0.01. Skipping calculation at 5:26847
WARNING: Reached chromosome edge before EHH decayed below 0.01. Skipping calculation at 5:26857
WARNING: Reached chromosome edge before EHH decayed below 0.01. Skipping calculation at 5:26858
WARNING: Reached chromosome edge before EHH decayed below 0.01. Skipping calculation at 5:26862
WARNING: Reached chromosome edge before EHH decayed below 0.01. Skipping calculation at 5:26871
WARNING: Reached chromosome edge before EHH decayed below 0.01. Skipping calculation at 5:26880
WARNING: Reached chromosome edge before EHH decayed below 0.01. Skipping calculation at 5:26920
WARNING: Reached chromosome edge before EHH decayed below 0.01. Skipping calculation at 5:27161
WARNING: Reached chromosome edge before EHH decayed below 0.01. Skipping calculation at 5:27198
WARNING: Reached chromosome edge before EHH decayed below 0.01. Skipping calculation at 5:27241
WARNING: Reached chromosome edge before EHH decayed below 0.01. Skipping calculation at 5:27243
WARNING: Reached chromosome edge before EHH decayed below 0.01. Skipping calculation at 5:27244
WARNING: Reached chromosome edge before EHH decayed below 0.01. Skipping calculation at 5:27246
WARNING: Reached chromosome edge before EHH decayed below 0.01. Skipping calculation at 5:27247
WARNING: Reached chromosome edge before EHH decayed below 0.01. Skipping calculation at 5:27248
WARNING: Reached chromosome edge before EHH decayed below 0.01. Skipping calculation at 5:27290
WARNING: Reached chromosome edge before EHH decayed below 0.01. Skipping calculation at 5:27306
WARNING: Reached chromosome edge before EHH decayed below 0.01. Skipping calculation at 5:27316
WARNING: Reached chromosome edge before EHH decayed below 0.01. Skipping calculation at 5:27341
WARNING: Reached chromosome edge before EHH decayed below 0.01. Skipping calculation at 5:27344
WARNING: Reached chromosome edge before EHH decayed below 0.01. Skipping calculation at 5:27377
WARNING: Reached chromosome edge before EHH decayed below 0.01. Skipping calculation at 5:27403
WARNING: Reached chromosome edge before EHH decayed below 0.01. Skipping calculation at 5:27412
WARNING: Reached chromosome edge before EHH decayed below 0.01. Skipping calculation at 5:27453
WARNING: Reached chromosome edge before EHH decayed below 0.01. Skipping calculation at 5:27485
WARNING: Reached chromosome edge before EHH decayed below 0.01. Skipping calculation at 5:27510
WARNING: Reached chromosome edge before EHH decayed below 0.01. Skipping calculation at 5:27598
WARNING: Reached chromosome edge before EHH decayed below 0.01. Skipping calculation at 5:27599
WARNING: Reached chromosome edge before EHH decayed below 0.01. Skipping calculation at 5:27600
WARNING: Reached chromosome edge before EHH decayed below 0.01. Skipping calculation at 5:27601
WARNING: Reached chromosome edge before EHH decayed below 0.01. Skipping calculation at 5:27602
WARNING: Reached chromosome edge before EHH decayed below 0.01. Skipping calculation at 5:27603
WARNING: Reached chromosome edge before EHH decayed below 0.01. Skipping calculation at 5:27604
WARNING: Reached chromosome edge before EHH decayed below 0.01. Skipping calculation at 5:27605
WARNING: Reached chromosome edge before EHH decayed below 0.01. Skipping calculation at 5:27606
WARNING: Reached chromosome edge before EHH decayed below 0.01. Skipping calculation at 5:27607
WARNING: Reached chromosome edge before EHH decayed below 0.01. Skipping calculation at 5:27608
WARNING: Reached chromosome edge before EHH decayed below 0.01. Skipping calculation at 5:27609
WARNING: Reached chromosome edge before EHH decayed below 0.01. Skipping calculation at 5:27610
WARNING: Reached chromosome edge before EHH decayed below 0.01. Skipping calculation at 5:27611
WARNING: Reached chromosome edge before EHH decayed below 0.01. Skipping calculation at 5:27612
WARNING: Reached chromosome edge before EHH decayed below 0.01. Skipping calculation at 5:27613
WARNING: Reached chromosome edge before EHH decayed below 0.01. Skipping calculation at 5:27615
WARNING: Reached chromosome edge before EHH decayed below 0.01. Skipping calculation at 5:27616
WARNING: Reached chromosome edge before EHH decayed below 0.01. Skipping calculation at 5:27617
WARNING: Reached chromosome edge before EHH decayed below 0.01. Skipping calculation at 5:27618
WARNING: Reached chromosome edge before EHH decayed below 0.01. Skipping calculation at 5:27619
WARNING: Reached chromosome edge before EHH decayed below 0.01. Skipping calculation at 5:27620
WARNING: Reached chromosome edge before EHH decayed below 0.01. Skipping calculation at 5:27621
WARNING: Reached chromosome edge before EHH decayed below 0.01. Skipping calculation at 5:27622
WARNING: Reached chromosome edge before EHH decayed below 0.01. Skipping calculation at 5:27625
WARNING: Reached chromosome edge before EHH decayed below 0.01. Skipping calculation at 5:27626
WARNING: Reached chromosome edge before EHH decayed below 0.01. Skipping calculation at 5:27628
WARNING: Reached chromosome edge before EHH decayed below 0.01. Skipping calculation at 5:27629
WARNING: Reached chromosome edge before EHH decayed below 0.01. Skipping calculation at 5:27630
WARNING: Reached chromosome edge before EHH decayed below 0.01. Skipping calculation at 5:27631
WARNING: Reached chromosome edge before EHH decayed below 0.01. Skipping calculation at 5:27633
WARNING: Reached chromosome edge before EHH decayed below 0.01. Skipping calculation at 5:27634
WARNING: Reached chromosome edge before EHH decayed below 0.01. Skipping calculation at 5:27635
WARNING: Reached chromosome edge before EHH decayed below 0.01. Skipping calculation at 5:27636
WARNING: Reached chromosome edge before EHH decayed below 0.01. Skipping calculation at 5:27637
WARNING: Reached chromosome edge before EHH decayed below 0.01. Skipping calculation at 5:27640
WARNING: Reached chromosome edge before EHH decayed below 0.01. Skipping calculation at 5:27714
WARNING: Reached chromosome edge before EHH decayed below 0.01. Skipping calculation at 5:27723
WARNING: Reached chromosome edge before EHH decayed below 0.01. Skipping calculation at 5:27726
WARNING: Reached chromosome edge before EHH decayed below 0.01. Skipping calculation at 5:27753
WARNING: Reached chromosome edge before EHH decayed below 0.01. Skipping calculation at 5:27773
WARNING: Reached chromosome edge before EHH decayed below 0.01. Skipping calculation at 5:27779
WARNING: Reached chromosome edge before EHH decayed below 0.01. Skipping calculation at 5:27818
WARNING: Reached chromosome edge before EHH decayed below 0.01. Skipping calculation at 5:27827
WARNING: Reached chromosome edge before EHH decayed below 0.01. Skipping calculation at 5:27829
WARNING: Reached chromosome edge before EHH decayed below 0.01. Skipping calculation at 5:27838
WARNING: Reached chromosome edge before EHH decayed below 0.01. Skipping calculation at 5:27841
WARNING: Reached chromosome edge before EHH decayed below 0.01. Skipping calculation at 5:27888
WARNING: Reached chromosome edge before EHH decayed below 0.01. Skipping calculation at 5:27940
WARNING: Reached chromosome edge before EHH decayed below 0.01. Skipping calculation at 5:27959
WARNING: Reached chromosome edge before EHH decayed below 0.01. Skipping calculation at 5:27969
WARNING: Reached chromosome edge before EHH decayed below 0.01. Skipping calculation at 5:28044
WARNING: Reached chromosome edge before EHH decayed below 0.01. Skipping calculation at 5:28043
WARNING: Reached chromosome edge before EHH decayed below 0.01. Skipping calculation at 5:28045
WARNING: Reached chromosome edge before EHH decayed below 0.01. Skipping calculation at 5:28046
WARNING: Reached chromosome edge before EHH decayed below 0.01. Skipping calculation at 5:28047
WARNING: Reached chromosome edge before EHH decayed below 0.01. Skipping calculation at 5:28048
WARNING: Reached chromosome edge before EHH decayed below 0.01. Skipping calculation at 5:28050
WARNING: Reached chromosome edge before EHH decayed below 0.01. Skipping calculation at 5:28049
WARNING: Reached chromosome edge before EHH decayed below 0.01. Skipping calculation at 5:28051
WARNING: Reached chromosome edge before EHH decayed below 0.01. Skipping calculation at 5:28052
WARNING: Reached chromosome edge before EHH decayed below 0.01. Skipping calculation at 5:28054
WARNING: Reached chromosome edge before EHH decayed below 0.01. Skipping calculation at 5:28055
WARNING: Reached chromosome edge before EHH decayed below 0.01. Skipping calculation at 5:28079
WARNING: Reached chromosome edge before EHH decayed below 0.01. Skipping calculation at 5:28058
WARNING: Reached chromosome edge before EHH decayed below 0.01. Skipping calculation at 5:28082
WARNING: Reached chromosome edge before EHH decayed below 0.01. Skipping calculation at 5:28088
WARNING: Reached chromosome edge before EHH decayed below 0.01. Skipping calculation at 5:28105
WARNING: Reached chromosome edge before EHH decayed below 0.01. Skipping calculation at 5:28124
WARNING: Reached chromosome edge before EHH decayed below 0.01. Skipping calculation at 5:28259
WARNING: Reached chromosome edge before EHH decayed below 0.01. Skipping calculation at 5:28177
WARNING: Reached chromosome edge before EHH decayed below 0.01. Skipping calculation at 5:28262
WARNING: Reached chromosome edge before EHH decayed below 0.01. Skipping calculation at 5:28263
WARNING: Reached chromosome edge before EHH decayed below 0.01. Skipping calculation at 5:28266
WARNING: Reached chromosome edge before EHH decayed below 0.01. Skipping calculation at 5:28279
WARNING: Reached chromosome edge before EHH decayed below 0.01. Skipping calculation at 5:28281
WARNING: Reached chromosome edge before EHH decayed below 0.01. Skipping calculation at 5:28280
WARNING: Reached chromosome edge before EHH decayed below 0.01. Skipping calculation at 5:28282
WARNING: Reached chromosome edge before EHH decayed below 0.01. Skipping calculation at 5:28285
WARNING: Reached chromosome edge before EHH decayed below 0.01. Skipping calculation at 5:28286
WARNING: Reached chromosome edge before EHH decayed below 0.01. Skipping calculation at 5:28287
WARNING: Reached chromosome edge before EHH decayed below 0.01. Skipping calculation at 5:28289
WARNING: Reached chromosome edge before EHH decayed below 0.01. Skipping calculation at 5:28288
WARNING: Reached chromosome edge before EHH decayed below 0.01. Skipping calculation at 5:28290
WARNING: Reached chromosome edge before EHH decayed below 0.01. Skipping calculation at 5:28291
WARNING: Reached chromosome edge before EHH decayed below 0.01. Skipping calculation at 5:28292
WARNING: Reached chromosome edge before EHH decayed below 0.01. Skipping calculation at 5:28293
WARNING: Reached chromosome edge before EHH decayed below 0.01. Skipping calculation at 5:28295
WARNING: Reached chromosome edge before EHH decayed below 0.01. Skipping calculation at 5:28294
WARNING: Reached chromosome edge before EHH decayed below 0.01. Skipping calculation at 5:28296
WARNING: Reached chromosome edge before EHH decayed below 0.01. Skipping calculation at 5:28297
WARNING: Reached chromosome edge before EHH decayed below 0.01. Skipping calculation at 5:28298
WARNING: Reached chromosome edge before EHH decayed below 0.01. Skipping calculation at 5:28299
WARNING: Reached chromosome edge before EHH decayed below 0.01. Skipping calculation at 5:28300
WARNING: Reached chromosome edge before EHH decayed below 0.01. Skipping calculation at 5:28308
WARNING: Reached chromosome edge before EHH decayed below 0.01. Skipping calculation at 5:28309
WARNING: Reached chromosome edge before EHH decayed below 0.01. Skipping calculation at 5:28310
WARNING: Reached chromosome edge before EHH decayed below 0.01. Skipping calculation at 5:28312
WARNING: Reached chromosome edge before EHH decayed below 0.01. Skipping calculation at 5:28315
WARNING: Reached chromosome edge before EHH decayed below 0.01. Skipping calculation at 5:28316
WARNING: Reached chromosome edge before EHH decayed below 0.01. Skipping calculation at 5:28317
WARNING: Reached chromosome edge before EHH decayed below 0.01. Skipping calculation at 5:28318
WARNING: Reached chromosome edge before EHH decayed below 0.01. Skipping calculation at 5:28319
WARNING: Reached chromosome edge before EHH decayed below 0.01. Skipping calculation at 5:28320
WARNING: Reached chromosome edge before EHH decayed below 0.01. Skipping calculation at 5:28321
WARNING: Reached chromosome edge before EHH decayed below 0.01. Skipping calculation at 5:28322
WARNING: Reached chromosome edge before EHH decayed below 0.01. Skipping calculation at 5:28323
WARNING: Reached chromosome edge before EHH decayed below 0.01. Skipping calculation at 5:28325
WARNING: Reached chromosome edge before EHH decayed below 0.01. Skipping calculation at 5:28326
WARNING: Reached chromosome edge before EHH decayed below 0.01. Skipping calculation at 5:28330
WARNING: Reached chromosome edge before EHH decayed below 0.01. Skipping calculation at 5:28332
WARNING: Reached chromosome edge before EHH decayed below 0.01. Skipping calculation at 5:28335
WARNING: Reached chromosome edge before EHH decayed below 0.01. Skipping calculation at 5:28338
WARNING: Reached chromosome edge before EHH decayed below 0.01. Skipping calculation at 5:28340
WARNING: Reached chromosome edge before EHH decayed below 0.01. Skipping calculation at 5:28342
WARNING: Reached chromosome edge before EHH decayed below 0.01. Skipping calculation at 5:28344
WARNING: Reached chromosome edge before EHH decayed below 0.01. Skipping calculation at 5:28345
WARNING: Reached chromosome edge before EHH decayed below 0.01. Skipping calculation at 5:28346
WARNING: Reached chromosome edge before EHH decayed below 0.01. Skipping calculation at 5:28347
WARNING: Reached chromosome edge before EHH decayed below 0.01. Skipping calculation at 5:28348
WARNING: Reached chromosome edge before EHH decayed below 0.01. Skipping calculation at 5:28349
WARNING: Reached chromosome edge before EHH decayed below 0.01. Skipping calculation at 5:28391
WARNING: Reached chromosome edge before EHH decayed below 0.01. Skipping calculation at 5:28395
WARNING: Reached chromosome edge before EHH decayed below 0.01. Skipping calculation at 5:28398
WARNING: Reached chromosome edge before EHH decayed below 0.01. Skipping calculation at 5:28406
WARNING: Reached chromosome edge before EHH decayed below 0.01. Skipping calculation at 5:28413
WARNING: Reached chromosome edge before EHH decayed below 0.01. Skipping calculation at 5:28407
WARNING: Reached chromosome edge before EHH decayed below 0.01. Skipping calculation at 5:28419
WARNING: Reached chromosome edge before EHH decayed below 0.01. Skipping calculation at 5:28421
WARNING: Reached chromosome edge before EHH decayed below 0.01. Skipping calculation at 5:28428
WARNING: Reached chromosome edge before EHH decayed below 0.01. Skipping calculation at 5:28454
WARNING: Reached chromosome edge before EHH decayed below 0.01. Skipping calculation at 5:28456
WARNING: Reached chromosome edge before EHH decayed below 0.01. Skipping calculation at 5:28457
WARNING: Reached chromosome edge before EHH decayed below 0.01. Skipping calculation at 5:28455
WARNING: Reached chromosome edge before EHH decayed below 0.01. Skipping calculation at 5:28458
WARNING: Reached chromosome edge before EHH decayed below 0.01. Skipping calculation at 5:28460
WARNING: Reached chromosome edge before EHH decayed below 0.01. Skipping calculation at 5:28459
WARNING: Reached chromosome edge before EHH decayed below 0.01. Skipping calculation at 5:28462
WARNING: Reached chromosome edge before EHH decayed below 0.01. Skipping calculation at 5:28463
WARNING: Reached chromosome edge before EHH decayed below 0.01. Skipping calculation at 5:28461
WARNING: Reached chromosome edge before EHH decayed below 0.01. Skipping calculation at 5:28464
WARNING: Reached chromosome edge before EHH decayed below 0.01. Skipping calculation at 5:28465
WARNING: Reached chromosome edge before EHH decayed below 0.01. Skipping calculation at 5:28466
WARNING: Reached chromosome edge before EHH decayed below 0.01. Skipping calculation at 5:28469
WARNING: Reached chromosome edge before EHH decayed below 0.01. Skipping calculation at 5:28470
WARNING: Reached chromosome edge before EHH decayed below 0.01. Skipping calculation at 5:28471
WARNING: Reached chromosome edge before EHH decayed below 0.01. Skipping calculation at 5:28468
WARNING: Reached chromosome edge before EHH decayed below 0.01. Skipping calculation at 5:28472
WARNING: Reached chromosome edge before EHH decayed below 0.01. Skipping calculation at 5:28473
WARNING: Reached chromosome edge before EHH decayed below 0.01. Skipping calculation at 5:28475
WARNING: Reached chromosome edge before EHH decayed below 0.01. Skipping calculation at 5:28476
WARNING: Reached chromosome edge before EHH decayed below 0.01. Skipping calculation at 5:28487
WARNING: Reached chromosome edge before EHH decayed below 0.01. Skipping calculation at 5:28527
WARNING: Reached chromosome edge before EHH decayed below 0.01. Skipping calculation at 5:28474
WARNING: Reached chromosome edge before EHH decayed below 0.01. Skipping calculation at 5:28542
WARNING: Reached chromosome edge before EHH decayed below 0.01. Skipping calculation at 5:28532
WARNING: Reached chromosome edge before EHH decayed below 0.01. Skipping calculation at 5:28565
WARNING: Reached chromosome edge before EHH decayed below 0.01. Skipping calculation at 5:28578
WARNING: Reached chromosome edge before EHH decayed below 0.01. Skipping calculation at 5:28590
WARNING: Reached chromosome edge before EHH decayed below 0.01. Skipping calculation at 5:28534
WARNING: Reached chromosome edge before EHH decayed below 0.01. Skipping calculation at 5:28708
WARNING: Reached chromosome edge before EHH decayed below 0.01. Skipping calculation at 5:28636
WARNING: Reached chromosome edge before EHH decayed below 0.01. Skipping calculation at 5:28709
WARNING: Reached chromosome edge before EHH decayed below 0.01. Skipping calculation at 5:28710
WARNING: Reached chromosome edge before EHH decayed below 0.01. Skipping calculation at 5:28711
WARNING: Reached chromosome edge before EHH decayed below 0.01. Skipping calculation at 5:28707
WARNING: Reached chromosome edge before EHH decayed below 0.01. Skipping calculation at 5:28715
WARNING: Reached chromosome edge before EHH decayed below 0.01. Skipping calculation at 5:28717
WARNING: Reached chromosome edge before EHH decayed below 0.01. Skipping calculation at 5:28712
WARNING: Reached chromosome edge before EHH decayed below 0.01. Skipping calculation at 5:28718
WARNING: Reached chromosome edge before EHH decayed below 0.01. Skipping calculation at 5:28719
WARNING: Reached chromosome edge before EHH decayed below 0.01. Skipping calculation at 5:28722
WARNING: Reached chromosome edge before EHH decayed below 0.01. Skipping calculation at 5:28723
WARNING: Reached chromosome edge before EHH decayed below 0.01. Skipping calculation at 5:28714
WARNING: Reached chromosome edge before EHH decayed below 0.01. Skipping calculation at 5:28724
WARNING: Reached chromosome edge before EHH decayed below 0.01. Skipping calculation at 5:28720
WARNING: Reached chromosome edge before EHH decayed below 0.01. Skipping calculation at 5:28727
WARNING: Reached chromosome edge before EHH decayed below 0.01. Skipping calculation at 5:28732
WARNING: Reached chromosome edge before EHH decayed below 0.01. Skipping calculation at 5:28733
WARNING: Reached chromosome edge before EHH decayed below 0.01. Skipping calculation at 5:28721
WARNING: Reached chromosome edge before EHH decayed below 0.01. Skipping calculation at 5:28734
WARNING: Reached chromosome edge before EHH decayed below 0.01. Skipping calculation at 5:28735
WARNING: Reached chromosome edge before EHH decayed below 0.01. Skipping calculation at 5:28729
WARNING: Reached chromosome edge before EHH decayed below 0.01. Skipping calculation at 5:28738
WARNING: Reached chromosome edge before EHH decayed below 0.01. Skipping calculation at 5:28739
WARNING: Reached chromosome edge before EHH decayed below 0.01. Skipping calculation at 5:28740
WARNING: Reached chromosome edge before EHH decayed below 0.01. Skipping calculation at 5:28731
WARNING: Reached chromosome edge before EHH decayed below 0.01. Skipping calculation at 5:28741
WARNING: Reached chromosome edge before EHH decayed below 0.01. Skipping calculation at 5:28736
WARNING: Reached chromosome edge before EHH decayed below 0.01. Skipping calculation at 5:28755
WARNING: Reached chromosome edge before EHH decayed below 0.01. Skipping calculation at 5:28756
WARNING: Reached chromosome edge before EHH decayed below 0.01. Skipping calculation at 5:28757
WARNING: Reached chromosome edge before EHH decayed below 0.01. Skipping calculation at 5:28758
WARNING: Reached chromosome edge before EHH decayed below 0.01. Skipping calculation at 5:28737
WARNING: Reached chromosome edge before EHH decayed below 0.01. Skipping calculation at 5:28753
WARNING: Reached chromosome edge before EHH decayed below 0.01. Skipping calculation at 5:28761
WARNING: Reached chromosome edge before EHH decayed below 0.01. Skipping calculation at 5:28762
WARNING: Reached chromosome edge before EHH decayed below 0.01. Skipping calculation at 5:28763
WARNING: Reached chromosome edge before EHH decayed below 0.01. Skipping calculation at 5:28764
WARNING: Reached chromosome edge before EHH decayed below 0.01. Skipping calculation at 5:28759
WARNING: Reached chromosome edge before EHH decayed below 0.01. Skipping calculation at 5:28754
WARNING: Reached chromosome edge before EHH decayed below 0.01. Skipping calculation at 5:28767
WARNING: Reached chromosome edge before EHH decayed below 0.01. Skipping calculation at 5:28768
WARNING: Reached chromosome edge before EHH decayed below 0.01. Skipping calculation at 5:28769
WARNING: Reached chromosome edge before EHH decayed below 0.01. Skipping calculation at 5:28770
WARNING: Reached chromosome edge before EHH decayed below 0.01. Skipping calculation at 5:28765
WARNING: Reached chromosome edge before EHH decayed below 0.01. Skipping calculation at 5:28760
WARNING: Reached chromosome edge before EHH decayed below 0.01. Skipping calculation at 5:28948
WARNING: Reached chromosome edge before EHH decayed below 0.01. Skipping calculation at 5:29023
WARNING: Reached chromosome edge before EHH decayed below 0.01. Skipping calculation at 5:29024
WARNING: Reached chromosome edge before EHH decayed below 0.01. Skipping calculation at 5:29025
WARNING: Reached chromosome edge before EHH decayed below 0.01. Skipping calculation at 5:28797
WARNING: Reached chromosome edge before EHH decayed below 0.01. Skipping calculation at 5:29028
WARNING: Reached chromosome edge before EHH decayed below 0.01. Skipping calculation at 5:29029
WARNING: Reached chromosome edge before EHH decayed below 0.01. Skipping calculation at 5:28766
WARNING: Reached chromosome edge before EHH decayed below 0.01. Skipping calculation at 5:29030
WARNING: Reached chromosome edge before EHH decayed below 0.01. Skipping calculation at 5:29031
WARNING: Reached chromosome edge before EHH decayed below 0.01. Skipping calculation at 5:29026
WARNING: Reached chromosome edge before EHH decayed below 0.01. Skipping calculation at 5:29035
WARNING: Reached chromosome edge before EHH decayed below 0.01. Skipping calculation at 5:29036
WARNING: Reached chromosome edge before EHH decayed below 0.01. Skipping calculation at 5:28849
WARNING: Reached chromosome edge before EHH decayed below 0.01. Skipping calculation at 5:29037
WARNING: Reached chromosome edge before EHH decayed below 0.01. Skipping calculation at 5:29038
WARNING: Reached chromosome edge before EHH decayed below 0.01. Skipping calculation at 5:29032
WARNING: Reached chromosome edge before EHH decayed below 0.01. Skipping calculation at 5:29043
WARNING: Reached chromosome edge before EHH decayed below 0.01. Skipping calculation at 5:29042
WARNING: Reached chromosome edge before EHH decayed below 0.01. Skipping calculation at 5:29044
WARNING: Reached chromosome edge before EHH decayed below 0.01. Skipping calculation at 5:29027
WARNING: Reached chromosome edge before EHH decayed below 0.01. Skipping calculation at 5:29045
WARNING: Reached chromosome edge before EHH decayed below 0.01. Skipping calculation at 5:29040
WARNING: Reached chromosome edge before EHH decayed below 0.01. Skipping calculation at 5:29094
WARNING: Reached chromosome edge before EHH decayed below 0.01. Skipping calculation at 5:29033
WARNING: Reached chromosome edge before EHH decayed below 0.01. Skipping calculation at 5:29101
WARNING: Reached chromosome edge before EHH decayed below 0.01. Skipping calculation at 5:29091
WARNING: Reached chromosome edge before EHH decayed below 0.01. Skipping calculation at 5:29080
WARNING: Reached chromosome edge before EHH decayed below 0.01. Skipping calculation at 5:29216
WARNING: Reached chromosome edge before EHH decayed below 0.01. Skipping calculation at 5:29315
WARNING: Reached chromosome edge before EHH decayed below 0.01. Skipping calculation at 5:29041
WARNING: Reached chromosome edge before EHH decayed below 0.01. Skipping calculation at 5:29418
WARNING: Reached chromosome edge before EHH decayed below 0.01. Skipping calculation at 5:29244
WARNING: Reached chromosome edge before EHH decayed below 0.01. Skipping calculation at 5:30411
WARNING: Reached chromosome edge before EHH decayed below 0.01. Skipping calculation at 5:29297
WARNING: Reached chromosome edge before EHH decayed below 0.01. Skipping calculation at 5:29090
WARNING: Reached chromosome edge before EHH decayed below 0.01. Skipping calculation at 5:30442
WARNING: Reached chromosome edge before EHH decayed below 0.01. Skipping calculation at 5:30472
WARNING: Reached chromosome edge before EHH decayed below 0.01. Skipping calculation at 5:30417
WARNING: Reached chromosome edge before EHH decayed below 0.01. Skipping calculation at 5:30494
WARNING: Reached chromosome edge before EHH decayed below 0.01. Skipping calculation at 5:30429
WARNING: Reached chromosome edge before EHH decayed below 0.01. Skipping calculation at 5:29246
WARNING: Reached chromosome edge before EHH decayed below 0.01. Skipping calculation at 5:30724
WARNING: Reached chromosome edge before EHH decayed below 0.01. Skipping calculation at 5:30548
WARNING: Reached chromosome edge before EHH decayed below 0.01. Skipping calculation at 5:30731
WARNING: Reached chromosome edge before EHH decayed below 0.01. Skipping calculation at 5:30739
WARNING: Reached chromosome edge before EHH decayed below 0.01. Skipping calculation at 5:30697
WARNING: Reached chromosome edge before EHH decayed below 0.01. Skipping calculation at 5:30424
WARNING: Reached chromosome edge before EHH decayed below 0.01. Skipping calculation at 5:30938
WARNING: Reached chromosome edge before EHH decayed below 0.01. Skipping calculation at 5:30747
WARNING: Reached chromosome edge before EHH decayed below 0.01. Skipping calculation at 5:30939
WARNING: Reached chromosome edge before EHH decayed below 0.01. Skipping calculation at 5:30941
WARNING: Reached chromosome edge before EHH decayed below 0.01. Skipping calculation at 5:30925
WARNING: Reached chromosome edge before EHH decayed below 0.01. Skipping calculation at 5:30659
WARNING: Reached chromosome edge before EHH decayed below 0.01. Skipping calculation at 5:30965
WARNING: Reached chromosome edge before EHH decayed below 0.01. Skipping calculation at 5:30945
WARNING: Reached chromosome edge before EHH decayed below 0.01. Skipping calculation at 5:30966
WARNING: Reached chromosome edge before EHH decayed below 0.01. Skipping calculation at 5:30958
WARNING: Reached chromosome edge before EHH decayed below 0.01. Skipping calculation at 5:30971
WARNING: Reached chromosome edge before EHH decayed below 0.01. Skipping calculation at 5:30784
WARNING: Reached chromosome edge before EHH decayed below 0.01. Skipping calculation at 5:31001
WARNING: Reached chromosome edge before EHH decayed below 0.01. Skipping calculation at 5:30982
WARNING: Reached chromosome edge before EHH decayed below 0.01. Skipping calculation at 5:31009
WARNING: Reached chromosome edge before EHH decayed below 0.01. Skipping calculation at 5:31000
WARNING: Reached chromosome edge before EHH decayed below 0.01. Skipping calculation at 5:31021
WARNING: Reached chromosome edge before EHH decayed below 0.01. Skipping calculation at 5:31051
WARNING: Reached chromosome edge before EHH decayed below 0.01. Skipping calculation at 5:30954
WARNING: Reached chromosome edge before EHH decayed below 0.01. Skipping calculation at 5:31024
WARNING: Reached chromosome edge before EHH decayed below 0.01. Skipping calculation at 5:31094
WARNING: Reached chromosome edge before EHH decayed below 0.01. Skipping calculation at 5:31049
WARNING: Reached chromosome edge before EHH decayed below 0.01. Skipping calculation at 5:31150
WARNING: Reached chromosome edge before EHH decayed below 0.01. Skipping calculation at 5:31232
WARNING: Reached chromosome edge before EHH decayed below 0.01. Skipping calculation at 5:31152
WARNING: Reached chromosome edge before EHH decayed below 0.01. Skipping calculation at 5:30997
WARNING: Reached chromosome edge before EHH decayed below 0.01. Skipping calculation at 5:31238
WARNING: Reached chromosome edge before EHH decayed below 0.01. Skipping calculation at 5:31226
WARNING: Reached chromosome edge before EHH decayed below 0.01. Skipping calculation at 5:31241
WARNING: Reached chromosome edge before EHH decayed below 0.01. Skipping calculation at 5:31271
WARNING: Reached chromosome edge before EHH decayed below 0.01. Skipping calculation at 5:31244
WARNING: Reached chromosome edge before EHH decayed below 0.01. Skipping calculation at 5:31289
WARNING: Reached chromosome edge before EHH decayed below 0.01. Skipping calculation at 5:31265
WARNING: Reached chromosome edge before EHH decayed below 0.01. Skipping calculation at 5:31348
WARNING: Reached chromosome edge before EHH decayed below 0.01. Skipping calculation at 5:31034
WARNING: Reached chromosome edge before EHH decayed below 0.01. Skipping calculation at 5:31389
WARNING: Reached chromosome edge before EHH decayed below 0.01. Skipping calculation at 5:31362
WARNING: Reached chromosome edge before EHH decayed below 0.01. Skipping calculation at 5:31398
WARNING: Reached chromosome edge before EHH decayed below 0.01. Skipping calculation at 5:31370
WARNING: Reached chromosome edge before EHH decayed below 0.01. Skipping calculation at 5:31496
WARNING: Reached chromosome edge before EHH decayed below 0.01. Skipping calculation at 5:31170
WARNING: Reached chromosome edge before EHH decayed below 0.01. Skipping calculation at 5:31527
WARNING: Reached chromosome edge before EHH decayed below 0.01. Skipping calculation at 5:31654
WARNING: Reached chromosome edge before EHH decayed below 0.01. Skipping calculation at 5:31663
WARNING: Reached chromosome edge before EHH decayed below 0.01. Skipping calculation at 5:31647
WARNING: Reached chromosome edge before EHH decayed below 0.01. Skipping calculation at 5:31721
WARNING: Reached chromosome edge before EHH decayed below 0.01. Skipping calculation at 5:31264
WARNING: Reached chromosome edge before EHH decayed below 0.01. Skipping calculation at 5:31722
WARNING: Reached chromosome edge before EHH decayed below 0.01. Skipping calculation at 5:31861
WARNING: Reached chromosome edge before EHH decayed below 0.01. Skipping calculation at 5:31885
WARNING: Reached chromosome edge before EHH decayed below 0.01. Skipping calculation at 5:31821
WARNING: Reached chromosome edge before EHH decayed below 0.01. Skipping calculation at 5:31926
WARNING: Reached chromosome edge before EHH decayed below 0.01. Skipping calculation at 5:31363
WARNING: Reached chromosome edge before EHH decayed below 0.01. Skipping calculation at 5:32276
WARNING: Reached chromosome edge before EHH decayed below 0.01. Skipping calculation at 5:31998
WARNING: Reached chromosome edge before EHH decayed below 0.01. Skipping calculation at 5:32473
WARNING: Reached chromosome edge before EHH decayed below 0.01. Skipping calculation at 5:32102
WARNING: Reached chromosome edge before EHH decayed below 0.01. Skipping calculation at 5:32495
WARNING: Reached chromosome edge before EHH decayed below 0.01. Skipping calculation at 5:31569
WARNING: Reached chromosome edge before EHH decayed below 0.01. Skipping calculation at 5:33043
WARNING: Reached chromosome edge before EHH decayed below 0.01. Skipping calculation at 5:32523
WARNING: Reached chromosome edge before EHH decayed below 0.01. Skipping calculation at 5:32876
WARNING: Reached chromosome edge before EHH decayed below 0.01. Skipping calculation at 5:33094
WARNING: Reached chromosome edge before EHH decayed below 0.01. Skipping calculation at 5:33454
WARNING: Reached chromosome edge before EHH decayed below 0.01. Skipping calculation at 5:33517
WARNING: Reached chromosome edge before EHH decayed below 0.01. Skipping calculation at 5:31752
WARNING: Reached chromosome edge before EHH decayed below 0.01. Skipping calculation at 5:33483
WARNING: Reached chromosome edge before EHH decayed below 0.01. Skipping calculation at 5:33513
WARNING: Reached chromosome edge before EHH decayed below 0.01. Skipping calculation at 5:33538
WARNING: Reached chromosome edge before EHH decayed below 0.01. Skipping calculation at 5:32025
WARNING: Reached chromosome edge before EHH decayed below 0.01. Skipping calculation at 5:33591
WARNING: Reached chromosome edge before EHH decayed below 0.01. Skipping calculation at 5:33543
WARNING: Reached chromosome edge before EHH decayed below 0.01. Skipping calculation at 5:33547
WARNING: Reached chromosome edge before EHH decayed below 0.01. Skipping calculation at 5:33580
WARNING: Reached chromosome edge before EHH decayed below 0.01. Skipping calculation at 5:33992
WARNING: Reached chromosome edge before EHH decayed below 0.01. Skipping calculation at 5:32559
WARNING: Reached chromosome edge before EHH decayed below 0.01. Skipping calculation at 5:34347
WARNING: Reached chromosome edge before EHH decayed below 0.01. Skipping calculation at 5:34271
WARNING: Reached chromosome edge before EHH decayed below 0.01. Skipping calculation at 5:34211
WARNING: Reached chromosome edge before EHH decayed below 0.01. Skipping calculation at 5:34343
WARNING: Reached chromosome edge before EHH decayed below 0.01. Skipping calculation at 5:34466
WARNING: Reached chromosome edge before EHH decayed below 0.01. Skipping calculation at 5:33495
WARNING: Reached chromosome edge before EHH decayed below 0.01. Skipping calculation at 5:35182
WARNING: Reached chromosome edge before EHH decayed below 0.01. Skipping calculation at 5:35008
WARNING: Reached chromosome edge before EHH decayed below 0.01. Skipping calculation at 5:34748
WARNING: Reached chromosome edge before EHH decayed below 0.01. Skipping calculation at 5:35181
WARNING: Reached chromosome edge before EHH decayed below 0.01. Skipping calculation at 5:35183
WARNING: Reached chromosome edge before EHH decayed below 0.01. Skipping calculation at 5:33575
WARNING: Reached chromosome edge before EHH decayed below 0.01. Skipping calculation at 5:35188
WARNING: Reached chromosome edge before EHH decayed below 0.01. Skipping calculation at 5:35185
WARNING: Reached chromosome edge before EHH decayed below 0.01. Skipping calculation at 5:35184
WARNING: Reached chromosome edge before EHH decayed below 0.01. Skipping calculation at 5:35187
WARNING: Reached chromosome edge before EHH decayed below 0.01. Skipping calculation at 5:35189
WARNING: Reached chromosome edge before EHH decayed below 0.01. Skipping calculation at 5:34301
WARNING: Reached chromosome edge before EHH decayed below 0.01. Skipping calculation at 5:35475
WARNING: Reached chromosome edge before EHH decayed below 0.01. Skipping calculation at 5:35383
WARNING: Reached chromosome edge before EHH decayed below 0.01. Skipping calculation at 5:35190
WARNING: Reached chromosome edge before EHH decayed below 0.01. Skipping calculation at 5:35473
WARNING: Reached chromosome edge before EHH decayed below 0.01. Skipping calculation at 5:35499
WARNING: Reached chromosome edge before EHH decayed below 0.01. Skipping calculation at 5:35042
WARNING: Reached chromosome edge before EHH decayed below 0.01. Skipping calculation at 5:35625
WARNING: Reached chromosome edge before EHH decayed below 0.01. Skipping calculation at 5:35545
WARNING: Reached chromosome edge before EHH decayed below 0.01. Skipping calculation at 5:35524
WARNING: Reached chromosome edge before EHH decayed below 0.01. Skipping calculation at 5:35567
WARNING: Reached chromosome edge before EHH decayed below 0.01. Skipping calculation at 5:35856
WARNING: Reached chromosome edge before EHH decayed below 0.01. Skipping calculation at 5:35186
WARNING: Reached chromosome edge before EHH decayed below 0.01. Skipping calculation at 5:36267
WARNING: Reached chromosome edge before EHH decayed below 0.01. Skipping calculation at 5:36227
WARNING: Reached chromosome edge before EHH decayed below 0.01. Skipping calculation at 5:35885
WARNING: Reached chromosome edge before EHH decayed below 0.01. Skipping calculation at 5:36234
WARNING: Reached chromosome edge before EHH decayed below 0.01. Skipping calculation at 5:36273
WARNING: Reached chromosome edge before EHH decayed below 0.01. Skipping calculation at 5:35408
WARNING: Reached chromosome edge before EHH decayed below 0.01. Skipping calculation at 5:37102
WARNING: Reached chromosome edge before EHH decayed below 0.01. Skipping calculation at 5:36285
WARNING: Reached chromosome edge before EHH decayed below 0.01. Skipping calculation at 5:36279
WARNING: Reached chromosome edge before EHH decayed below 0.01. Skipping calculation at 5:36553
WARNING: Reached chromosome edge before EHH decayed below 0.01. Skipping calculation at 5:37154
WARNING: Reached chromosome edge before EHH decayed below 0.01. Skipping calculation at 5:35555
WARNING: Reached chromosome edge before EHH decayed below 0.01. Skipping calculation at 5:37371
WARNING: Reached chromosome edge before EHH decayed below 0.01. Skipping calculation at 5:37232
WARNING: Reached chromosome edge before EHH decayed below 0.01. Skipping calculation at 5:37354
WARNING: Reached chromosome edge before EHH decayed below 0.01. Skipping calculation at 5:37176
WARNING: Reached chromosome edge before EHH decayed below 0.01. Skipping calculation at 5:37532
WARNING: Reached chromosome edge before EHH decayed below 0.01. Skipping calculation at 5:36230
WARNING: Reached chromosome edge before EHH decayed below 0.01. Skipping calculation at 5:37820
WARNING: Reached chromosome edge before EHH decayed below 0.01. Skipping calculation at 5:38065
WARNING: Reached chromosome edge before EHH decayed below 0.01. Skipping calculation at 5:37898
WARNING: Reached chromosome edge before EHH decayed below 0.01. Skipping calculation at 5:38276
WARNING: Reached chromosome edge before EHH decayed below 0.01. Skipping calculation at 5:37533
WARNING: Reached chromosome edge before EHH decayed below 0.01. Skipping calculation at 5:36286
WARNING: Reached chromosome edge before EHH decayed below 0.01. Skipping calculation at 5:38325
WARNING: Reached chromosome edge before EHH decayed below 0.01. Skipping calculation at 5:38475
WARNING: Reached chromosome edge before EHH decayed below 0.01. Skipping calculation at 5:38420
WARNING: Reached chromosome edge before EHH decayed below 0.01. Skipping calculation at 5:38504
WARNING: Reached chromosome edge before EHH decayed below 0.01. Skipping calculation at 5:37254
WARNING: Reached chromosome edge before EHH decayed below 0.01. Skipping calculation at 5:38299
WARNING: Reached chromosome edge before EHH decayed below 0.01. Skipping calculation at 5:39665
WARNING: Reached chromosome edge before EHH decayed below 0.01. Skipping calculation at 5:38985
WARNING: Reached chromosome edge before EHH decayed below 0.01. Skipping calculation at 5:39627
WARNING: Reached chromosome edge before EHH decayed below 0.01. Skipping calculation at 5:39786
WARNING: Reached chromosome edge before EHH decayed below 0.01. Skipping calculation at 5:37859
WARNING: Reached chromosome edge before EHH decayed below 0.01. Skipping calculation at 5:38654
WARNING: Reached chromosome edge before EHH decayed below 0.01. Skipping calculation at 5:40785
WARNING: Reached chromosome edge before EHH decayed below 0.01. Skipping calculation at 5:41699
WARNING: Reached chromosome edge before EHH decayed below 0.01. Skipping calculation at 5:41692
WARNING: Reached chromosome edge before EHH decayed below 0.01. Skipping calculation at 5:38384
WARNING: Reached chromosome edge before EHH decayed below 0.01. Skipping calculation at 5:41751
WARNING: Reached chromosome edge before EHH decayed below 0.01. Skipping calculation at 5:40779
WARNING: Reached chromosome edge before EHH decayed below 0.01. Skipping calculation at 5:41781
WARNING: Reached chromosome edge before EHH decayed below 0.01. Skipping calculation at 5:41873
WARNING: Reached chromosome edge before EHH decayed below 0.01. Skipping calculation at 5:39128
WARNING: Reached chromosome edge before EHH decayed below 0.01. Skipping calculation at 5:41855
WARNING: Reached chromosome edge before EHH decayed below 0.01. Skipping calculation at 5:41772
WARNING: Reached chromosome edge before EHH decayed below 0.01. Skipping calculation at 5:41882
WARNING: Reached chromosome edge before EHH decayed below 0.01. Skipping calculation at 5:41894
WARNING: Reached chromosome edge before EHH decayed below 0.01. Skipping calculation at 5:41959
WARNING: Reached chromosome edge before EHH decayed below 0.01. Skipping calculation at 5:41035
WARNING: Reached chromosome edge before EHH decayed below 0.01. Skipping calculation at 5:41953
WARNING: Reached chromosome edge before EHH decayed below 0.01. Skipping calculation at 5:41888
WARNING: Reached chromosome edge before EHH decayed below 0.01. Skipping calculation at 5:41966
WARNING: Reached chromosome edge before EHH decayed below 0.01. Skipping calculation at 5:42589
WARNING: Reached chromosome edge before EHH decayed below 0.01. Skipping calculation at 5:42298
WARNING: Reached chromosome edge before EHH decayed below 0.01. Skipping calculation at 5:41822
WARNING: Reached chromosome edge before EHH decayed below 0.01. Skipping calculation at 5:42588
WARNING: Reached chromosome edge before EHH decayed below 0.01. Skipping calculation at 5:42273
WARNING: Reached chromosome edge before EHH decayed below 0.01. Skipping calculation at 5:42650
WARNING: Reached chromosome edge before EHH decayed below 0.01. Skipping calculation at 5:42703
WARNING: Reached chromosome edge before EHH decayed below 0.01. Skipping calculation at 5:42838
WARNING: Reached chromosome edge before EHH decayed below 0.01. Skipping calculation at 5:41913
WARNING: Reached chromosome edge before EHH decayed below 0.01. Skipping calculation at 5:42804
WARNING: Reached chromosome edge before EHH decayed below 0.01. Skipping calculation at 5:42656
WARNING: Reached chromosome edge before EHH decayed below 0.01. Skipping calculation at 5:42863
WARNING: Reached chromosome edge before EHH decayed below 0.01. Skipping calculation at 5:42965
WARNING: Reached chromosome edge before EHH decayed below 0.01. Skipping calculation at 5:42902
WARNING: Reached chromosome edge before EHH decayed below 0.01. Skipping calculation at 5:42582
WARNING: Reached chromosome edge before EHH decayed below 0.01. Skipping calculation at 5:42931
WARNING: Reached chromosome edge before EHH decayed below 0.01. Skipping calculation at 5:42873
WARNING: Reached chromosome edge before EHH decayed below 0.01. Skipping calculation at 5:42997
WARNING: Reached chromosome edge before EHH decayed below 0.01. Skipping calculation at 5:43014
WARNING: Reached chromosome edge before EHH decayed below 0.01. Skipping calculation at 5:43037
WARNING: Reached chromosome edge before EHH decayed below 0.01. Skipping calculation at 5:42769
WARNING: Reached chromosome edge before EHH decayed below 0.01. Skipping calculation at 5:43023
WARNING: Reached chromosome edge before EHH decayed below 0.01. Skipping calculation at 5:43007
WARNING: Reached chromosome edge before EHH decayed below 0.01. Skipping calculation at 5:43046
WARNING: Reached chromosome edge before EHH decayed below 0.01. Skipping calculation at 5:43358
WARNING: Reached chromosome edge before EHH decayed below 0.01. Skipping calculation at 5:43407
WARNING: Reached chromosome edge before EHH decayed below 0.01. Skipping calculation at 5:42914
WARNING: Reached chromosome edge before EHH decayed below 0.01. Skipping calculation at 5:43405
WARNING: Reached chromosome edge before EHH decayed below 0.01. Skipping calculation at 5:43256
WARNING: Reached chromosome edge before EHH decayed below 0.01. Skipping calculation at 5:43445
WARNING: Reached chromosome edge before EHH decayed below 0.01. Skipping calculation at 5:43467
WARNING: Reached chromosome edge before EHH decayed below 0.01. Skipping calculation at 5:43015
WARNING: Reached chromosome edge before EHH decayed below 0.01. Skipping calculation at 5:43560
WARNING: Reached chromosome edge before EHH decayed below 0.01. Skipping calculation at 5:43595
WARNING: Reached chromosome edge before EHH decayed below 0.01. Skipping calculation at 5:43446
WARNING: Reached chromosome edge before EHH decayed below 0.01. Skipping calculation at 5:43599
WARNING: Reached chromosome edge before EHH decayed below 0.01. Skipping calculation at 5:43684
WARNING: Reached chromosome edge before EHH decayed below 0.01. Skipping calculation at 5:43372
WARNING: Reached chromosome edge before EHH decayed below 0.01. Skipping calculation at 5:43717
WARNING: Reached chromosome edge before EHH decayed below 0.01. Skipping calculation at 5:43683
WARNING: Reached chromosome edge before EHH decayed below 0.01. Skipping calculation at 5:43771
WARNING: Reached chromosome edge before EHH decayed below 0.01. Skipping calculation at 5:43751
WARNING: Reached chromosome edge before EHH decayed below 0.01. Skipping calculation at 5:43494
WARNING: Reached chromosome edge before EHH decayed below 0.01. Skipping calculation at 5:44342
WARNING: Reached chromosome edge before EHH decayed below 0.01. Skipping calculation at 5:44597
WARNING: Reached chromosome edge before EHH decayed below 0.01. Skipping calculation at 5:44208
WARNING: Reached chromosome edge before EHH decayed below 0.01. Skipping calculation at 5:44619
WARNING: Reached chromosome edge before EHH decayed below 0.01. Skipping calculation at 5:44618
WARNING: Reached chromosome edge before EHH decayed below 0.01. Skipping calculation at 5:43688
WARNING: Reached chromosome edge before EHH decayed below 0.01. Skipping calculation at 5:44621
WARNING: Reached chromosome edge before EHH decayed below 0.01. Skipping calculation at 5:44623
WARNING: Reached chromosome edge before EHH decayed below 0.01. Skipping calculation at 5:44620
WARNING: Reached chromosome edge before EHH decayed below 0.01. Skipping calculation at 5:44681
WARNING: Reached chromosome edge before EHH decayed below 0.01. Skipping calculation at 5:44465
WARNING: Reached chromosome edge before EHH decayed below 0.01. Skipping calculation at 5:44698
WARNING: Reached chromosome edge before EHH decayed below 0.01. Skipping calculation at 5:44624
WARNING: Reached chromosome edge before EHH decayed below 0.01. Skipping calculation at 5:44735
WARNING: Reached chromosome edge before EHH decayed below 0.01. Skipping calculation at 5:44693
WARNING: Reached chromosome edge before EHH decayed below 0.01. Skipping calculation at 5:44763
WARNING: Reached chromosome edge before EHH decayed below 0.01. Skipping calculation at 5:44622
WARNING: Reached chromosome edge before EHH decayed below 0.01. Skipping calculation at 5:45077
WARNING: Reached chromosome edge before EHH decayed below 0.01. Skipping calculation at 5:44760
WARNING: Reached chromosome edge before EHH decayed below 0.01. Skipping calculation at 5:45111
WARNING: Reached chromosome edge before EHH decayed below 0.01. Skipping calculation at 5:45057
WARNING: Reached chromosome edge before EHH decayed below 0.01. Skipping calculation at 5:45119
WARNING: Reached chromosome edge before EHH decayed below 0.01. Skipping calculation at 5:44703
WARNING: Reached chromosome edge before EHH decayed below 0.01. Skipping calculation at 5:45144
WARNING: Reached chromosome edge before EHH decayed below 0.01. Skipping calculation at 5:45117
WARNING: Reached chromosome edge before EHH decayed below 0.01. Skipping calculation at 5:45165
WARNING: Reached chromosome edge before EHH decayed below 0.01. Skipping calculation at 5:45126
WARNING: Reached chromosome edge before EHH decayed below 0.01. Skipping calculation at 5:45837
WARNING: Reached chromosome edge before EHH decayed below 0.01. Skipping calculation at 5:45109
WARNING: Reached chromosome edge before EHH decayed below 0.01. Skipping calculation at 5:45472
WARNING: Reached chromosome edge before EHH decayed below 0.01. Skipping calculation at 5:46485
WARNING: Reached chromosome edge before EHH decayed below 0.01. Skipping calculation at 5:46543
WARNING: Reached chromosome edge before EHH decayed below 0.01. Skipping calculation at 5:46108
WARNING: Reached chromosome edge before EHH decayed below 0.01. Skipping calculation at 5:46697
WARNING: Reached chromosome edge before EHH decayed below 0.01. Skipping calculation at 5:46667
WARNING: Reached chromosome edge before EHH decayed below 0.01. Skipping calculation at 5:46803
WARNING: Reached chromosome edge before EHH decayed below 0.01. Skipping calculation at 5:45151
WARNING: Reached chromosome edge before EHH decayed below 0.01. Skipping calculation at 5:47340
WARNING: Reached chromosome edge before EHH decayed below 0.01. Skipping calculation at 5:46749
WARNING: Reached chromosome edge before EHH decayed below 0.01. Skipping calculation at 5:47834
WARNING: Reached chromosome edge before EHH decayed below 0.01. Skipping calculation at 5:47692
WARNING: Reached chromosome edge before EHH decayed below 0.01. Skipping calculation at 5:47876
WARNING: Reached chromosome edge before EHH decayed below 0.01. Skipping calculation at 5:48520
WARNING: Reached chromosome edge before EHH decayed below 0.01. Skipping calculation at 5:46497
WARNING: Reached chromosome edge before EHH decayed below 0.01. Skipping calculation at 5:47836
WARNING: Reached chromosome edge before EHH decayed below 0.01. Skipping calculation at 5:49078
WARNING: Reached chromosome edge before EHH decayed below 0.01. Skipping calculation at 5:48545
WARNING: Reached chromosome edge before EHH decayed below 0.01. Skipping calculation at 5:49331
WARNING: Reached chromosome edge before EHH decayed below 0.01. Skipping calculation at 5:49767
WARNING: Reached chromosome edge before EHH decayed below 0.01. Skipping calculation at 5:49317
WARNING: Reached chromosome edge before EHH decayed below 0.01. Skipping calculation at 5:49958
WARNING: Reached chromosome edge before EHH decayed below 0.01. Skipping calculation at 5:47302
WARNING: Reached chromosome edge before EHH decayed below 0.01. Skipping calculation at 5:49873
WARNING: Reached chromosome edge before EHH decayed below 0.01. Skipping calculation at 5:50109
WARNING: Reached chromosome edge before EHH decayed below 0.01. Skipping calculation at 5:50284
WARNING: Reached chromosome edge before EHH decayed below 0.01. Skipping calculation at 5:50015
WARNING: Reached chromosome edge before EHH decayed below 0.01. Skipping calculation at 5:50311
WARNING: Reached chromosome edge before EHH decayed below 0.01. Skipping calculation at 5:48259
WARNING: Reached chromosome edge before EHH decayed below 0.01. Skipping calculation at 5:50309
WARNING: Reached chromosome edge before EHH decayed below 0.01. Skipping calculation at 5:50530
WARNING: Reached chromosome edge before EHH decayed below 0.01. Skipping calculation at 5:50667
WARNING: Reached chromosome edge before EHH decayed below 0.01. Skipping calculation at 5:50423
WARNING: Reached chromosome edge before EHH decayed below 0.01. Skipping calculation at 5:51305
WARNING: Reached chromosome edge before EHH decayed below 0.01. Skipping calculation at 5:50721
WARNING: Reached chromosome edge before EHH decayed below 0.01. Skipping calculation at 5:49652
WARNING: Reached chromosome edge before EHH decayed below 0.01. Skipping calculation at 5:51533
WARNING: Reached chromosome edge before EHH decayed below 0.01. Skipping calculation at 5:51548
WARNING: Reached chromosome edge before EHH decayed below 0.01. Skipping calculation at 5:51462
WARNING: Reached chromosome edge before EHH decayed below 0.01. Skipping calculation at 5:51565
WARNING: Reached chromosome edge before EHH decayed below 0.01. Skipping calculation at 5:51560
WARNING: Reached chromosome edge before EHH decayed below 0.01. Skipping calculation at 5:50189
WARNING: Reached chromosome edge before EHH decayed below 0.01. Skipping calculation at 5:51572
WARNING: Reached chromosome edge before EHH decayed below 0.01. Skipping calculation at 5:52211
WARNING: Reached chromosome edge before EHH decayed below 0.01. Skipping calculation at 5:51566
WARNING: Reached chromosome edge before EHH decayed below 0.01. Skipping calculation at 5:52403
WARNING: Reached chromosome edge before EHH decayed below 0.01. Skipping calculation at 5:50626
WARNING: Reached chromosome edge before EHH decayed below 0.01. Skipping calculation at 5:52240
WARNING: Reached chromosome edge before EHH decayed below 0.01. Skipping calculation at 5:53044
WARNING: Reached chromosome edge before EHH decayed below 0.01. Skipping calculation at 5:53962
WARNING: Reached chromosome edge before EHH decayed below 0.01. Skipping calculation at 5:52838
WARNING: Reached chromosome edge before EHH decayed below 0.01. Skipping calculation at 5:54168
WARNING: Reached chromosome edge before EHH decayed below 0.01. Skipping calculation at 5:51535
WARNING: Reached chromosome edge before EHH decayed below 0.01. Skipping calculation at 5:54109
WARNING: Reached chromosome edge before EHH decayed below 0.01. Skipping calculation at 5:54436
WARNING: Reached chromosome edge before EHH decayed below 0.01. Skipping calculation at 5:54587
WARNING: Reached chromosome edge before EHH decayed below 0.01. Skipping calculation at 5:54330
WARNING: Reached chromosome edge before EHH decayed below 0.01. Skipping calculation at 5:55025
WARNING: Reached chromosome edge before EHH decayed below 0.01. Skipping calculation at 5:51726
WARNING: Reached chromosome edge before EHH decayed below 0.01. Skipping calculation at 5:54693
WARNING: Reached chromosome edge before EHH decayed below 0.01. Skipping calculation at 5:55422
WARNING: Reached chromosome edge before EHH decayed below 0.01. Skipping calculation at 5:55934
WARNING: Reached chromosome edge before EHH decayed below 0.01. Skipping calculation at 5:55182
WARNING: Reached chromosome edge before EHH decayed below 0.01. Skipping calculation at 5:56191
WARNING: Reached chromosome edge before EHH decayed below 0.01. Skipping calculation at 5:53134
WARNING: Reached chromosome edge before EHH decayed below 0.01. Skipping calculation at 5:56267
WARNING: Reached chromosome edge before EHH decayed below 0.01. Skipping calculation at 5:56066
WARNING: Reached chromosome edge before EHH decayed below 0.01. Skipping calculation at 5:56587
WARNING: Reached chromosome edge before EHH decayed below 0.01. Skipping calculation at 5:56195
WARNING: Reached chromosome edge before EHH decayed below 0.01. Skipping calculation at 5:56627
WARNING: Reached chromosome edge before EHH decayed below 0.01. Skipping calculation at 5:54510
WARNING: Reached chromosome edge before EHH decayed below 0.01. Skipping calculation at 5:56641
WARNING: Reached chromosome edge before EHH decayed below 0.01. Skipping calculation at 5:56624
WARNING: Reached chromosome edge before EHH decayed below 0.01. Skipping calculation at 5:56645
WARNING: Reached chromosome edge before EHH decayed below 0.01. Skipping calculation at 5:56634
WARNING: Reached chromosome edge before EHH decayed below 0.01. Skipping calculation at 5:56684
WARNING: Reached chromosome edge before EHH decayed below 0.01. Skipping calculation at 5:55810
WARNING: Reached chromosome edge before EHH decayed below 0.01. Skipping calculation at 5:56673
WARNING: Reached chromosome edge before EHH decayed below 0.01. Skipping calculation at 5:56689
WARNING: Reached chromosome edge before EHH decayed below 0.01. Skipping calculation at 5:56846
WARNING: Reached chromosome edge before EHH decayed below 0.01. Skipping calculation at 5:56686
WARNING: Reached chromosome edge before EHH decayed below 0.01. Skipping calculation at 5:56576
WARNING: Reached chromosome edge before EHH decayed below 0.01. Skipping calculation at 5:56643
WARNING: Reached chromosome edge before EHH decayed below 0.01. Skipping calculation at 5:56696
WARNING: Reached chromosome edge before EHH decayed below 0.01. Skipping calculation at 5:120075770
WARNING: Reached chromosome edge before EHH decayed below 0.01. Skipping calculation at 5:120075914
WARNING: Reached chromosome edge before EHH decayed below 0.01. Skipping calculation at 5:120076390
WARNING: Reached chromosome edge before EHH decayed below 0.01. Skipping calculation at 5:120076730
WARNING: Reached chromosome edge before EHH decayed below 0.01. Skipping calculation at 5:120077329
WARNING: Reached chromosome edge before EHH decayed below 0.01. Skipping calculation at 5:120077943
WARNING: Reached chromosome edge before EHH decayed below 0.01. Skipping calculation at 5:120078338
WARNING: Reached chromosome edge before EHH decayed below 0.01. Skipping calculation at 5:120078980
WARNING: Reached chromosome edge before EHH decayed below 0.01. Skipping calculation at 5:120079218
WARNING: Reached chromosome edge before EHH decayed below 0.01. Skipping calculation at 5:120079380
WARNING: Reached chromosome edge before EHH decayed below 0.01. Skipping calculation at 5:120079713
WARNING: Reached chromosome edge before EHH decayed below 0.01. Skipping calculation at 5:120079963
WARNING: Reached chromosome edge before EHH decayed below 0.01. Skipping calculation at 5:120080262
WARNING: Reached chromosome edge before EHH decayed below 0.01. Skipping calculation at 5:120080268
WARNING: Reached chromosome edge before EHH decayed below 0.01. Skipping calculation at 5:120080331
WARNING: Reached chromosome edge before EHH decayed below 0.01. Skipping calculation at 5:120080638
WARNING: Reached chromosome edge before EHH decayed below 0.01. Skipping calculation at 5:120080784
WARNING: Reached chromosome edge before EHH decayed below 0.01. Skipping calculation at 5:120080978
WARNING: Reached chromosome edge before EHH decayed below 0.01. Skipping calculation at 5:120081063
WARNING: Reached chromosome edge before EHH decayed below 0.01. Skipping calculation at 5:120081178
WARNING: Reached chromosome edge before EHH decayed below 0.01. Skipping calculation at 5:120081886
WARNING: Reached chromosome edge before EHH decayed below 0.01. Skipping calculation at 5:120082046
WARNING: Reached chromosome edge before EHH decayed below 0.01. Skipping calculation at 5:120075883
WARNING: Reached chromosome edge before EHH decayed below 0.01. Skipping calculation at 5:120076370
WARNING: Reached chromosome edge before EHH decayed below 0.01. Skipping calculation at 5:120076488
WARNING: Reached chromosome edge before EHH decayed below 0.01. Skipping calculation at 5:120077228
WARNING: Reached chromosome edge before EHH decayed below 0.01. Skipping calculation at 5:120077879
WARNING: Reached chromosome edge before EHH decayed below 0.01. Skipping calculation at 5:120078299
WARNING: Reached chromosome edge before EHH decayed below 0.01. Skipping calculation at 5:120078852
WARNING: Reached chromosome edge before EHH decayed below 0.01. Skipping calculation at 5:120079201
WARNING: Reached chromosome edge before EHH decayed below 0.01. Skipping calculation at 5:120079324
WARNING: Reached chromosome edge before EHH decayed below 0.01. Skipping calculation at 5:120079505
WARNING: Reached chromosome edge before EHH decayed below 0.01. Skipping calculation at 5:120079833
WARNING: Reached chromosome edge before EHH decayed below 0.01. Skipping calculation at 5:120080253
WARNING: Reached chromosome edge before EHH decayed below 0.01. Skipping calculation at 5:120080266
WARNING: Reached chromosome edge before EHH decayed below 0.01. Skipping calculation at 5:120080302
WARNING: Reached chromosome edge before EHH decayed below 0.01. Skipping calculation at 5:120080495
WARNING: Reached chromosome edge before EHH decayed below 0.01. Skipping calculation at 5:120080696
WARNING: Reached chromosome edge before EHH decayed below 0.01. Skipping calculation at 5:120080935
WARNING: Reached chromosome edge before EHH decayed below 0.01. Skipping calculation at 5:120081007
WARNING: Reached chromosome edge before EHH decayed below 0.01. Skipping calculation at 5:120081150
WARNING: Reached chromosome edge before EHH decayed below 0.01. Skipping calculation at 5:120081844
WARNING: Reached chromosome edge before EHH decayed below 0.01. Skipping calculation at 5:120082024
WARNING: Reached chromosome edge before EHH decayed below 0.01. Skipping calculation at 5:120075644
WARNING: Reached chromosome edge before EHH decayed below 0.01. Skipping calculation at 5:120075884
WARNING: Reached chromosome edge before EHH decayed below 0.01. Skipping calculation at 5:120076373
WARNING: Reached chromosome edge before EHH decayed below 0.01. Skipping calculation at 5:120076503
WARNING: Reached chromosome edge before EHH decayed below 0.01. Skipping calculation at 5:120077297
WARNING: Reached chromosome edge before EHH decayed below 0.01. Skipping calculation at 5:120077880
WARNING: Reached chromosome edge before EHH decayed below 0.01. Skipping calculation at 5:120078301
WARNING: Reached chromosome edge before EHH decayed below 0.01. Skipping calculation at 5:120078887
WARNING: Reached chromosome edge before EHH decayed below 0.01. Skipping calculation at 5:120079209
WARNING: Reached chromosome edge before EHH decayed below 0.01. Skipping calculation at 5:120079332
WARNING: Reached chromosome edge before EHH decayed below 0.01. Skipping calculation at 5:120079540
WARNING: Reached chromosome edge before EHH decayed below 0.01. Skipping calculation at 5:120079948
WARNING: Reached chromosome edge before EHH decayed below 0.01. Skipping calculation at 5:120080260
WARNING: Reached chromosome edge before EHH decayed below 0.01. Skipping calculation at 5:120080267
WARNING: Reached chromosome edge before EHH decayed below 0.01. Skipping calculation at 5:120080303
WARNING: Reached chromosome edge before EHH decayed below 0.01. Skipping calculation at 5:120080634
WARNING: Reached chromosome edge before EHH decayed below 0.01. Skipping calculation at 5:120080702
WARNING: Reached chromosome edge before EHH decayed below 0.01. Skipping calculation at 5:120080952
WARNING: Reached chromosome edge before EHH decayed below 0.01. Skipping calculation at 5:120081052
WARNING: Reached chromosome edge before EHH decayed below 0.01. Skipping calculation at 5:120081151
WARNING: Reached chromosome edge before EHH decayed below 0.01. Skipping calculation at 5:120081854
WARNING: Reached chromosome edge before EHH decayed below 0.01. Skipping calculation at 5:120082030
WARNING: Reached chromosome edge before EHH decayed below 0.01. Skipping calculation at 5:120075797
WARNING: Reached chromosome edge before EHH decayed below 0.01. Skipping calculation at 5:120076091
WARNING: Reached chromosome edge before EHH decayed below 0.01. Skipping calculation at 5:120076391
WARNING: Reached chromosome edge before EHH decayed below 0.01. Skipping calculation at 5:120076805
WARNING: Reached chromosome edge before EHH decayed below 0.01. Skipping calculation at 5:120077353
WARNING: Reached chromosome edge before EHH decayed below 0.01. Skipping calculation at 5:120077998
WARNING: Reached chromosome edge before EHH decayed below 0.01. Skipping calculation at 5:120078387
WARNING: Reached chromosome edge before EHH decayed below 0.01. Skipping calculation at 5:120079127
WARNING: Reached chromosome edge before EHH decayed below 0.01. Skipping calculation at 5:120079220
WARNING: Reached chromosome edge before EHH decayed below 0.01. Skipping calculation at 5:120079403
WARNING: Reached chromosome edge before EHH decayed below 0.01. Skipping calculation at 5:120079733
WARNING: Reached chromosome edge before EHH decayed below 0.01. Skipping calculation at 5:120080151
WARNING: Reached chromosome edge before EHH decayed below 0.01. Skipping calculation at 5:120080263
WARNING: Reached chromosome edge before EHH decayed below 0.01. Skipping calculation at 5:120080269
WARNING: Reached chromosome edge before EHH decayed below 0.01. Skipping calculation at 5:120080335
WARNING: Reached chromosome edge before EHH decayed below 0.01. Skipping calculation at 5:120080659
WARNING: Reached chromosome edge before EHH decayed below 0.01. Skipping calculation at 5:120080803
WARNING: Reached chromosome edge before EHH decayed below 0.01. Skipping calculation at 5:120080980
WARNING: Reached chromosome edge before EHH decayed below 0.01. Skipping calculation at 5:120081079
WARNING: Reached chromosome edge before EHH decayed below 0.01. Skipping calculation at 5:120081229
WARNING: Reached chromosome edge before EHH decayed below 0.01. Skipping calculation at 5:120081976
WARNING: Reached chromosome edge before EHH decayed below 0.01. Skipping calculation at 5:120082098
WARNING: Reached chromosome edge before EHH decayed below 0.01. Skipping calculation at 5:120075813
WARNING: Reached chromosome edge before EHH decayed below 0.01. Skipping calculation at 5:120076187
WARNING: Reached chromosome edge before EHH decayed below 0.01. Skipping calculation at 5:120076394
WARNING: Reached chromosome edge before EHH decayed below 0.01. Skipping calculation at 5:120077035
WARNING: Reached chromosome edge before EHH decayed below 0.01. Skipping calculation at 5:120077509
WARNING: Reached chromosome edge before EHH decayed below 0.01. Skipping calculation at 5:120078000
WARNING: Reached chromosome edge before EHH decayed below 0.01. Skipping calculation at 5:120078842
WARNING: Reached chromosome edge before EHH decayed below 0.01. Skipping calculation at 5:120079188
WARNING: Reached chromosome edge before EHH decayed below 0.01. Skipping calculation at 5:120079299
WARNING: Reached chromosome edge before EHH decayed below 0.01. Skipping calculation at 5:120079420
WARNING: Reached chromosome edge before EHH decayed below 0.01. Skipping calculation at 5:120079813
WARNING: Reached chromosome edge before EHH decayed below 0.01. Skipping calculation at 5:120080231
WARNING: Reached chromosome edge before EHH decayed below 0.01. Skipping calculation at 5:120080264
WARNING: Reached chromosome edge before EHH decayed below 0.01. Skipping calculation at 5:120080296
WARNING: Reached chromosome edge before EHH decayed below 0.01. Skipping calculation at 5:120080336
WARNING: Reached chromosome edge before EHH decayed below 0.01. Skipping calculation at 5:120080676
WARNING: Reached chromosome edge before EHH decayed below 0.01. Skipping calculation at 5:120080881
WARNING: Reached chromosome edge before EHH decayed below 0.01. Skipping calculation at 5:120080993
WARNING: Reached chromosome edge before EHH decayed below 0.01. Skipping calculation at 5:120081131
WARNING: Reached chromosome edge before EHH decayed below 0.01. Skipping calculation at 5:120081441
WARNING: Reached chromosome edge before EHH decayed below 0.01. Skipping calculation at 5:120082022
WARNING: Reached chromosome edge before EHH decayed below 0.01. Skipping calculation at 5:120082100
WARNING: Reached chromosome edge before EHH decayed below 0.01. Skipping calculation at 5:120075881
WARNING: Reached chromosome edge before EHH decayed below 0.01. Skipping calculation at 5:120076297
WARNING: Reached chromosome edge before EHH decayed below 0.01. Skipping calculation at 5:120076474
WARNING: Reached chromosome edge before EHH decayed below 0.01. Skipping calculation at 5:120077043
WARNING: Reached chromosome edge before EHH decayed below 0.01. Skipping calculation at 5:120077605
WARNING: Reached chromosome edge before EHH decayed below 0.01. Skipping calculation at 5:120078284
WARNING: Reached chromosome edge before EHH decayed below 0.01. Skipping calculation at 5:120078849
WARNING: Reached chromosome edge before EHH decayed below 0.01. Skipping calculation at 5:120079199
WARNING: Reached chromosome edge before EHH decayed below 0.01. Skipping calculation at 5:120079316
WARNING: Reached chromosome edge before EHH decayed below 0.01. Skipping calculation at 5:120079468
WARNING: Reached chromosome edge before EHH decayed below 0.01. Skipping calculation at 5:120079832
WARNING: Reached chromosome edge before EHH decayed below 0.01. Skipping calculation at 5:120080252
WARNING: Reached chromosome edge before EHH decayed below 0.01. Skipping calculation at 5:120080265
WARNING: Reached chromosome edge before EHH decayed below 0.01. Skipping calculation at 5:120080299
WARNING: Reached chromosome edge before EHH decayed below 0.01. Skipping calculation at 5:120080494
WARNING: Reached chromosome edge before EHH decayed below 0.01. Skipping calculation at 5:120080677
WARNING: Reached chromosome edge before EHH decayed below 0.01. Skipping calculation at 5:120080889
WARNING: Reached chromosome edge before EHH decayed below 0.01. Skipping calculation at 5:120080999
WARNING: Reached chromosome edge before EHH decayed below 0.01. Skipping calculation at 5:120081148
WARNING: Reached chromosome edge before EHH decayed below 0.01. Skipping calculation at 5:120081625
WARNING: Reached chromosome edge before EHH decayed below 0.01. Skipping calculation at 5:120082023
