/stor9000/apps/users/NWSUAF/2013110098/bin/selscan-master/src/selscan --xpehh --vcf Gelbvieh.chr9.vcf --vcf-ref DN.chr9.vcf --map chr9.map --cutoff 0.01 --out DN_Gelbvieh.9.xpehh --threads 6 
v1.1.0b
Calculating XP-EHH.
Input filename: Gelbvieh.chr9.vcf
Reference input filename: DN.chr9.vcf
Map filename: chr9.map
Output file: DN_Gelbvieh.9.xpehh.xpehh.out
Threads: 6
Scale parameter: 20000
Max gap parameter: 200000
EHH cutoff value: 0.01
Alt flag set: no
WARNING: Reached chromosome edge before EHH decayed below 0.01. Skipping calculation at 9:7212
WARNING: Reached chromosome edge before EHH decayed below 0.01. Skipping calculation at 9:7723
WARNING: Reached chromosome edge before EHH decayed below 0.01. Skipping calculation at 9:7773
WARNING: Reached chromosome edge before EHH decayed below 0.01. Skipping calculation at 9:6231
WARNING: Reached chromosome edge before EHH decayed below 0.01. Skipping calculation at 9:7796
WARNING: Reached chromosome edge before EHH decayed below 0.01. Skipping calculation at 9:7892
WARNING: Reached chromosome edge before EHH decayed below 0.01. Skipping calculation at 9:7929
WARNING: Reached chromosome edge before EHH decayed below 0.01. Skipping calculation at 9:7896
WARNING: Reached chromosome edge before EHH decayed below 0.01. Skipping calculation at 9:7931
WARNING: Reached chromosome edge before EHH decayed below 0.01. Skipping calculation at 9:8102
WARNING: Reached chromosome edge before EHH decayed below 0.01. Skipping calculation at 9:8198
WARNING: Reached chromosome edge before EHH decayed below 0.01. Skipping calculation at 9:8199
WARNING: Reached chromosome edge before EHH decayed below 0.01. Skipping calculation at 9:8306
WARNING: Reached chromosome edge before EHH decayed below 0.01. Skipping calculation at 9:8240
WARNING: Reached chromosome edge before EHH decayed below 0.01. Skipping calculation at 9:8378
WARNING: Reached chromosome edge before EHH decayed below 0.01. Skipping calculation at 9:8379
WARNING: Reached chromosome edge before EHH decayed below 0.01. Skipping calculation at 9:8596
WARNING: Reached chromosome edge before EHH decayed below 0.01. Skipping calculation at 9:8609
WARNING: Reached chromosome edge before EHH decayed below 0.01. Skipping calculation at 9:8658
WARNING: Reached chromosome edge before EHH decayed below 0.01. Skipping calculation at 9:8648
WARNING: Reached chromosome edge before EHH decayed below 0.01. Skipping calculation at 9:8659
WARNING: Reached chromosome edge before EHH decayed below 0.01. Skipping calculation at 9:8836
WARNING: Reached chromosome edge before EHH decayed below 0.01. Skipping calculation at 9:8856
WARNING: Reached chromosome edge before EHH decayed below 0.01. Skipping calculation at 9:8876
WARNING: Reached chromosome edge before EHH decayed below 0.01. Skipping calculation at 9:9065
WARNING: Reached chromosome edge before EHH decayed below 0.01. Skipping calculation at 9:9146
WARNING: Reached chromosome edge before EHH decayed below 0.01. Skipping calculation at 9:10258
WARNING: Reached chromosome edge before EHH decayed below 0.01. Skipping calculation at 9:10259
WARNING: Reached chromosome edge before EHH decayed below 0.01. Skipping calculation at 9:10318
WARNING: Reached chromosome edge before EHH decayed below 0.01. Skipping calculation at 9:10361
WARNING: Reached chromosome edge before EHH decayed below 0.01. Skipping calculation at 9:10368
WARNING: Reached chromosome edge before EHH decayed below 0.01. Skipping calculation at 9:10395
WARNING: Reached chromosome edge before EHH decayed below 0.01. Skipping calculation at 9:10484
WARNING: Reached chromosome edge before EHH decayed below 0.01. Skipping calculation at 9:10507
WARNING: Reached chromosome edge before EHH decayed below 0.01. Skipping calculation at 9:10512
WARNING: Reached chromosome edge before EHH decayed below 0.01. Skipping calculation at 9:10514
WARNING: Reached chromosome edge before EHH decayed below 0.01. Skipping calculation at 9:10554
WARNING: Reached chromosome edge before EHH decayed below 0.01. Skipping calculation at 9:10791
WARNING: Reached chromosome edge before EHH decayed below 0.01. Skipping calculation at 9:10800
WARNING: Reached chromosome edge before EHH decayed below 0.01. Skipping calculation at 9:10814
WARNING: Reached chromosome edge before EHH decayed below 0.01. Skipping calculation at 9:10896
WARNING: Reached chromosome edge before EHH decayed below 0.01. Skipping calculation at 9:11012
WARNING: Reached chromosome edge before EHH decayed below 0.01. Skipping calculation at 9:11038
WARNING: Reached chromosome edge before EHH decayed below 0.01. Skipping calculation at 9:11064
WARNING: Reached chromosome edge before EHH decayed below 0.01. Skipping calculation at 9:11160
WARNING: Reached chromosome edge before EHH decayed below 0.01. Skipping calculation at 9:11497
WARNING: Reached chromosome edge before EHH decayed below 0.01. Skipping calculation at 9:104469950
WARNING: Reached chromosome edge before EHH decayed below 0.01. Skipping calculation at 9:104470240
WARNING: Reached chromosome edge before EHH decayed below 0.01. Skipping calculation at 9:104470431
WARNING: Reached chromosome edge before EHH decayed below 0.01. Skipping calculation at 9:104471194
WARNING: Reached chromosome edge before EHH decayed below 0.01. Skipping calculation at 9:104471350
WARNING: Reached chromosome edge before EHH decayed below 0.01. Skipping calculation at 9:104472038
WARNING: Reached chromosome edge before EHH decayed below 0.01. Skipping calculation at 9:104475139
WARNING: Reached chromosome edge before EHH decayed below 0.01. Skipping calculation at 9:104475264
WARNING: Reached chromosome edge before EHH decayed below 0.01. Skipping calculation at 9:104476740
WARNING: Reached chromosome edge before EHH decayed below 0.01. Skipping calculation at 9:104477522
WARNING: Reached chromosome edge before EHH decayed below 0.01. Skipping calculation at 9:104477904
WARNING: Reached chromosome edge before EHH decayed below 0.01. Skipping calculation at 9:104478563
WARNING: Reached chromosome edge before EHH decayed below 0.01. Skipping calculation at 9:104478792
WARNING: Reached chromosome edge before EHH decayed below 0.01. Skipping calculation at 9:104479143
WARNING: Reached chromosome edge before EHH decayed below 0.01. Skipping calculation at 9:104479349
WARNING: Reached chromosome edge before EHH decayed below 0.01. Skipping calculation at 9:104481057
WARNING: Reached chromosome edge before EHH decayed below 0.01. Skipping calculation at 9:104481825
WARNING: Reached chromosome edge before EHH decayed below 0.01. Skipping calculation at 9:104513430
WARNING: Reached chromosome edge before EHH decayed below 0.01. Skipping calculation at 9:104514043
WARNING: Reached chromosome edge before EHH decayed below 0.01. Skipping calculation at 9:104515327
WARNING: Reached chromosome edge before EHH decayed below 0.01. Skipping calculation at 9:104515865
WARNING: Reached chromosome edge before EHH decayed below 0.01. Skipping calculation at 9:104517642
WARNING: Reached chromosome edge before EHH decayed below 0.01. Skipping calculation at 9:104517816
WARNING: Reached chromosome edge before EHH decayed below 0.01. Skipping calculation at 9:104549683
WARNING: Reached chromosome edge before EHH decayed below 0.01. Skipping calculation at 9:104555944
WARNING: Reached chromosome edge before EHH decayed below 0.01. Skipping calculation at 9:104568188
WARNING: Reached chromosome edge before EHH decayed below 0.01. Skipping calculation at 9:104568537
WARNING: Reached chromosome edge before EHH decayed below 0.01. Skipping calculation at 9:104570749
WARNING: Reached chromosome edge before EHH decayed below 0.01. Skipping calculation at 9:104570855
WARNING: Reached chromosome edge before EHH decayed below 0.01. Skipping calculation at 9:104571011
WARNING: Reached chromosome edge before EHH decayed below 0.01. Skipping calculation at 9:104571430
WARNING: Reached chromosome edge before EHH decayed below 0.01. Skipping calculation at 9:104571758
WARNING: Reached chromosome edge before EHH decayed below 0.01. Skipping calculation at 9:104571895
WARNING: Reached chromosome edge before EHH decayed below 0.01. Skipping calculation at 9:104572110
WARNING: Reached chromosome edge before EHH decayed below 0.01. Skipping calculation at 9:104572359
WARNING: Reached chromosome edge before EHH decayed below 0.01. Skipping calculation at 9:104572510
WARNING: Reached chromosome edge before EHH decayed below 0.01. Skipping calculation at 9:104572605
WARNING: Reached chromosome edge before EHH decayed below 0.01. Skipping calculation at 9:104572755
WARNING: Reached chromosome edge before EHH decayed below 0.01. Skipping calculation at 9:104573106
WARNING: Reached chromosome edge before EHH decayed below 0.01. Skipping calculation at 9:104573437
WARNING: Reached chromosome edge before EHH decayed below 0.01. Skipping calculation at 9:104573672
WARNING: Reached chromosome edge before EHH decayed below 0.01. Skipping calculation at 9:104574047
WARNING: Reached chromosome edge before EHH decayed below 0.01. Skipping calculation at 9:104574419
WARNING: Reached chromosome edge before EHH decayed below 0.01. Skipping calculation at 9:104574599
WARNING: Reached chromosome edge before EHH decayed below 0.01. Skipping calculation at 9:104574838
WARNING: Reached chromosome edge before EHH decayed below 0.01. Skipping calculation at 9:104575264
WARNING: Reached chromosome edge before EHH decayed below 0.01. Skipping calculation at 9:104575588
WARNING: Reached chromosome edge before EHH decayed below 0.01. Skipping calculation at 9:104575743
WARNING: Reached chromosome edge before EHH decayed below 0.01. Skipping calculation at 9:104575884
WARNING: Reached chromosome edge before EHH decayed below 0.01. Skipping calculation at 9:104576230
WARNING: Reached chromosome edge before EHH decayed below 0.01. Skipping calculation at 9:104576558
WARNING: Reached chromosome edge before EHH decayed below 0.01. Skipping calculation at 9:104576764
WARNING: Reached chromosome edge before EHH decayed below 0.01. Skipping calculation at 9:104576925
WARNING: Reached chromosome edge before EHH decayed below 0.01. Skipping calculation at 9:104577247
WARNING: Reached chromosome edge before EHH decayed below 0.01. Skipping calculation at 9:104577891
WARNING: Reached chromosome edge before EHH decayed below 0.01. Skipping calculation at 9:104578139
WARNING: Reached chromosome edge before EHH decayed below 0.01. Skipping calculation at 9:104578386
WARNING: Reached chromosome edge before EHH decayed below 0.01. Skipping calculation at 9:104578731
WARNING: Reached chromosome edge before EHH decayed below 0.01. Skipping calculation at 9:104578997
WARNING: Reached chromosome edge before EHH decayed below 0.01. Skipping calculation at 9:104579888
WARNING: Reached chromosome edge before EHH decayed below 0.01. Skipping calculation at 9:104580600
WARNING: Reached chromosome edge before EHH decayed below 0.01. Skipping calculation at 9:104583586
WARNING: Reached chromosome edge before EHH decayed below 0.01. Skipping calculation at 9:104584366
WARNING: Reached chromosome edge before EHH decayed below 0.01. Skipping calculation at 9:104586627
WARNING: Reached chromosome edge before EHH decayed below 0.01. Skipping calculation at 9:104587359
WARNING: Reached chromosome edge before EHH decayed below 0.01. Skipping calculation at 9:104587798
WARNING: Reached chromosome edge before EHH decayed below 0.01. Skipping calculation at 9:104588147
WARNING: Reached chromosome edge before EHH decayed below 0.01. Skipping calculation at 9:104588661
WARNING: Reached chromosome edge before EHH decayed below 0.01. Skipping calculation at 9:104589114
WARNING: Reached chromosome edge before EHH decayed below 0.01. Skipping calculation at 9:104592145
WARNING: Reached chromosome edge before EHH decayed below 0.01. Skipping calculation at 9:104592300
WARNING: Reached chromosome edge before EHH decayed below 0.01. Skipping calculation at 9:104592535
WARNING: Reached chromosome edge before EHH decayed below 0.01. Skipping calculation at 9:104592775
WARNING: Reached chromosome edge before EHH decayed below 0.01. Skipping calculation at 9:104593244
WARNING: Reached chromosome edge before EHH decayed below 0.01. Skipping calculation at 9:104593370
WARNING: Reached chromosome edge before EHH decayed below 0.01. Skipping calculation at 9:104593689
WARNING: Reached chromosome edge before EHH decayed below 0.01. Skipping calculation at 9:104595295
WARNING: Reached chromosome edge before EHH decayed below 0.01. Skipping calculation at 9:104595680
WARNING: Reached chromosome edge before EHH decayed below 0.01. Skipping calculation at 9:104596330
WARNING: Reached chromosome edge before EHH decayed below 0.01. Skipping calculation at 9:104596643
WARNING: Reached chromosome edge before EHH decayed below 0.01. Skipping calculation at 9:104597259
WARNING: Reached chromosome edge before EHH decayed below 0.01. Skipping calculation at 9:104597569
WARNING: Reached chromosome edge before EHH decayed below 0.01. Skipping calculation at 9:104597653
WARNING: Reached chromosome edge before EHH decayed below 0.01. Skipping calculation at 9:104597905
WARNING: Reached chromosome edge before EHH decayed below 0.01. Skipping calculation at 9:104598168
WARNING: Reached chromosome edge before EHH decayed below 0.01. Skipping calculation at 9:104601311
WARNING: Reached chromosome edge before EHH decayed below 0.01. Skipping calculation at 9:104601619
WARNING: Reached chromosome edge before EHH decayed below 0.01. Skipping calculation at 9:104601958
WARNING: Reached chromosome edge before EHH decayed below 0.01. Skipping calculation at 9:104602290
WARNING: Reached chromosome edge before EHH decayed below 0.01. Skipping calculation at 9:104602703
WARNING: Reached chromosome edge before EHH decayed below 0.01. Skipping calculation at 9:104603196
WARNING: Reached chromosome edge before EHH decayed below 0.01. Skipping calculation at 9:104609129
WARNING: Reached chromosome edge before EHH decayed below 0.01. Skipping calculation at 9:104642622
WARNING: Reached chromosome edge before EHH decayed below 0.01. Skipping calculation at 9:104469729
WARNING: Reached chromosome edge before EHH decayed below 0.01. Skipping calculation at 9:104469984
WARNING: Reached chromosome edge before EHH decayed below 0.01. Skipping calculation at 9:104470278
WARNING: Reached chromosome edge before EHH decayed below 0.01. Skipping calculation at 9:104470613
WARNING: Reached chromosome edge before EHH decayed below 0.01. Skipping calculation at 9:104471229
WARNING: Reached chromosome edge before EHH decayed below 0.01. Skipping calculation at 9:104471459
WARNING: Reached chromosome edge before EHH decayed below 0.01. Skipping calculation at 9:104472085
WARNING: Reached chromosome edge before EHH decayed below 0.01. Skipping calculation at 9:104475147
WARNING: Reached chromosome edge before EHH decayed below 0.01. Skipping calculation at 9:104475279
WARNING: Reached chromosome edge before EHH decayed below 0.01. Skipping calculation at 9:104476874
WARNING: Reached chromosome edge before EHH decayed below 0.01. Skipping calculation at 9:104477687
WARNING: Reached chromosome edge before EHH decayed below 0.01. Skipping calculation at 9:104478099
WARNING: Reached chromosome edge before EHH decayed below 0.01. Skipping calculation at 9:104478710
WARNING: Reached chromosome edge before EHH decayed below 0.01. Skipping calculation at 9:104478880
WARNING: Reached chromosome edge before EHH decayed below 0.01. Skipping calculation at 9:104479153
WARNING: Reached chromosome edge before EHH decayed below 0.01. Skipping calculation at 9:104479395
WARNING: Reached chromosome edge before EHH decayed below 0.01. Skipping calculation at 9:104481076
WARNING: Reached chromosome edge before EHH decayed below 0.01. Skipping calculation at 9:104512567
WARNING: Reached chromosome edge before EHH decayed below 0.01. Skipping calculation at 9:104513431
WARNING: Reached chromosome edge before EHH decayed below 0.01. Skipping calculation at 9:104514061
WARNING: Reached chromosome edge before EHH decayed below 0.01. Skipping calculation at 9:104515468
WARNING: Reached chromosome edge before EHH decayed below 0.01. Skipping calculation at 9:104517503
WARNING: Reached chromosome edge before EHH decayed below 0.01. Skipping calculation at 9:104517648
WARNING: Reached chromosome edge before EHH decayed below 0.01. Skipping calculation at 9:104517817
WARNING: Reached chromosome edge before EHH decayed below 0.01. Skipping calculation at 9:104553647
WARNING: Reached chromosome edge before EHH decayed below 0.01. Skipping calculation at 9:104556058
WARNING: Reached chromosome edge before EHH decayed below 0.01. Skipping calculation at 9:104568324
WARNING: Reached chromosome edge before EHH decayed below 0.01. Skipping calculation at 9:104568620
WARNING: Reached chromosome edge before EHH decayed below 0.01. Skipping calculation at 9:104570798
WARNING: Reached chromosome edge before EHH decayed below 0.01. Skipping calculation at 9:104570858
WARNING: Reached chromosome edge before EHH decayed below 0.01. Skipping calculation at 9:104571074
WARNING: Reached chromosome edge before EHH decayed below 0.01. Skipping calculation at 9:104571460
WARNING: Reached chromosome edge before EHH decayed below 0.01. Skipping calculation at 9:104571760
WARNING: Reached chromosome edge before EHH decayed below 0.01. Skipping calculation at 9:104571905
WARNING: Reached chromosome edge before EHH decayed below 0.01. Skipping calculation at 9:104572190
WARNING: Reached chromosome edge before EHH decayed below 0.01. Skipping calculation at 9:104572404
WARNING: Reached chromosome edge before EHH decayed below 0.01. Skipping calculation at 9:104572511
WARNING: Reached chromosome edge before EHH decayed below 0.01. Skipping calculation at 9:104572637
WARNING: Reached chromosome edge before EHH decayed below 0.01. Skipping calculation at 9:104572940
WARNING: Reached chromosome edge before EHH decayed below 0.01. Skipping calculation at 9:104573286
WARNING: Reached chromosome edge before EHH decayed below 0.01. Skipping calculation at 9:104573510
WARNING: Reached chromosome edge before EHH decayed below 0.01. Skipping calculation at 9:104573766
WARNING: Reached chromosome edge before EHH decayed below 0.01. Skipping calculation at 9:104574094
WARNING: Reached chromosome edge before EHH decayed below 0.01. Skipping calculation at 9:104574465
WARNING: Reached chromosome edge before EHH decayed below 0.01. Skipping calculation at 9:104574654
WARNING: Reached chromosome edge before EHH decayed below 0.01. Skipping calculation at 9:104574874
WARNING: Reached chromosome edge before EHH decayed below 0.01. Skipping calculation at 9:104575278
WARNING: Reached chromosome edge before EHH decayed below 0.01. Skipping calculation at 9:104575616
WARNING: Reached chromosome edge before EHH decayed below 0.01. Skipping calculation at 9:104575783
WARNING: Reached chromosome edge before EHH decayed below 0.01. Skipping calculation at 9:104575905
WARNING: Reached chromosome edge before EHH decayed below 0.01. Skipping calculation at 9:104576246
WARNING: Reached chromosome edge before EHH decayed below 0.01. Skipping calculation at 9:104576595
WARNING: Reached chromosome edge before EHH decayed below 0.01. Skipping calculation at 9:104576765
WARNING: Reached chromosome edge before EHH decayed below 0.01. Skipping calculation at 9:104576993
WARNING: Reached chromosome edge before EHH decayed below 0.01. Skipping calculation at 9:104577273
WARNING: Reached chromosome edge before EHH decayed below 0.01. Skipping calculation at 9:104577897
WARNING: Reached chromosome edge before EHH decayed below 0.01. Skipping calculation at 9:104578161
WARNING: Reached chromosome edge before EHH decayed below 0.01. Skipping calculation at 9:104578421
WARNING: Reached chromosome edge before EHH decayed below 0.01. Skipping calculation at 9:104578738
WARNING: Reached chromosome edge before EHH decayed below 0.01. Skipping calculation at 9:104579088
WARNING: Reached chromosome edge before EHH decayed below 0.01. Skipping calculation at 9:104579917
WARNING: Reached chromosome edge before EHH decayed below 0.01. Skipping calculation at 9:104580620
WARNING: Reached chromosome edge before EHH decayed below 0.01. Skipping calculation at 9:104583618
WARNING: Reached chromosome edge before EHH decayed below 0.01. Skipping calculation at 9:104585148
WARNING: Reached chromosome edge before EHH decayed below 0.01. Skipping calculation at 9:104586832
WARNING: Reached chromosome edge before EHH decayed below 0.01. Skipping calculation at 9:104587407
WARNING: Reached chromosome edge before EHH decayed below 0.01. Skipping calculation at 9:104587897
WARNING: Reached chromosome edge before EHH decayed below 0.01. Skipping calculation at 9:104588283
WARNING: Reached chromosome edge before EHH decayed below 0.01. Skipping calculation at 9:104588744
WARNING: Reached chromosome edge before EHH decayed below 0.01. Skipping calculation at 9:104589142
WARNING: Reached chromosome edge before EHH decayed below 0.01. Skipping calculation at 9:104592154
WARNING: Reached chromosome edge before EHH decayed below 0.01. Skipping calculation at 9:104592318
WARNING: Reached chromosome edge before EHH decayed below 0.01. Skipping calculation at 9:104592549
WARNING: Reached chromosome edge before EHH decayed below 0.01. Skipping calculation at 9:104592857
WARNING: Reached chromosome edge before EHH decayed below 0.01. Skipping calculation at 9:104593245
WARNING: Reached chromosome edge before EHH decayed below 0.01. Skipping calculation at 9:104593443
WARNING: Reached chromosome edge before EHH decayed below 0.01. Skipping calculation at 9:104593914
WARNING: Reached chromosome edge before EHH decayed below 0.01. Skipping calculation at 9:104595367
WARNING: Reached chromosome edge before EHH decayed below 0.01. Skipping calculation at 9:104595968
WARNING: Reached chromosome edge before EHH decayed below 0.01. Skipping calculation at 9:104596337
WARNING: Reached chromosome edge before EHH decayed below 0.01. Skipping calculation at 9:104596679
WARNING: Reached chromosome edge before EHH decayed below 0.01. Skipping calculation at 9:104597462
WARNING: Reached chromosome edge before EHH decayed below 0.01. Skipping calculation at 9:104597572
WARNING: Reached chromosome edge before EHH decayed below 0.01. Skipping calculation at 9:104597654
WARNING: Reached chromosome edge before EHH decayed below 0.01. Skipping calculation at 9:104597931
WARNING: Reached chromosome edge before EHH decayed below 0.01. Skipping calculation at 9:104598211
WARNING: Reached chromosome edge before EHH decayed below 0.01. Skipping calculation at 9:104601364
WARNING: Reached chromosome edge before EHH decayed below 0.01. Skipping calculation at 9:104601637
WARNING: Reached chromosome edge before EHH decayed below 0.01. Skipping calculation at 9:104601961
WARNING: Reached chromosome edge before EHH decayed below 0.01. Skipping calculation at 9:104602353
WARNING: Reached chromosome edge before EHH decayed below 0.01. Skipping calculation at 9:104602764
WARNING: Reached chromosome edge before EHH decayed below 0.01. Skipping calculation at 9:104604111
WARNING: Reached chromosome edge before EHH decayed below 0.01. Skipping calculation at 9:104634597
WARNING: Reached chromosome edge before EHH decayed below 0.01. Skipping calculation at 9:104469732
WARNING: Reached chromosome edge before EHH decayed below 0.01. Skipping calculation at 9:104470005
WARNING: Reached chromosome edge before EHH decayed below 0.01. Skipping calculation at 9:104470289
WARNING: Reached chromosome edge before EHH decayed below 0.01. Skipping calculation at 9:104470875
WARNING: Reached chromosome edge before EHH decayed below 0.01. Skipping calculation at 9:104471239
WARNING: Reached chromosome edge before EHH decayed below 0.01. Skipping calculation at 9:104471473
WARNING: Reached chromosome edge before EHH decayed below 0.01. Skipping calculation at 9:104472123
WARNING: Reached chromosome edge before EHH decayed below 0.01. Skipping calculation at 9:104475155
WARNING: Reached chromosome edge before EHH decayed below 0.01. Skipping calculation at 9:104475805
WARNING: Reached chromosome edge before EHH decayed below 0.01. Skipping calculation at 9:104477344
WARNING: Reached chromosome edge before EHH decayed below 0.01. Skipping calculation at 9:104477705
WARNING: Reached chromosome edge before EHH decayed below 0.01. Skipping calculation at 9:104478200
WARNING: Reached chromosome edge before EHH decayed below 0.01. Skipping calculation at 9:104478711
WARNING: Reached chromosome edge before EHH decayed below 0.01. Skipping calculation at 9:104478895
WARNING: Reached chromosome edge before EHH decayed below 0.01. Skipping calculation at 9:104479187
WARNING: Reached chromosome edge before EHH decayed below 0.01. Skipping calculation at 9:104479397
WARNING: Reached chromosome edge before EHH decayed below 0.01. Skipping calculation at 9:104481121
WARNING: Reached chromosome edge before EHH decayed below 0.01. Skipping calculation at 9:104512856
WARNING: Reached chromosome edge before EHH decayed below 0.01. Skipping calculation at 9:104513966
WARNING: Reached chromosome edge before EHH decayed below 0.01. Skipping calculation at 9:104514074
WARNING: Reached chromosome edge before EHH decayed below 0.01. Skipping calculation at 9:104515482
WARNING: Reached chromosome edge before EHH decayed below 0.01. Skipping calculation at 9:104517520
WARNING: Reached chromosome edge before EHH decayed below 0.01. Skipping calculation at 9:104517703
WARNING: Reached chromosome edge before EHH decayed below 0.01. Skipping calculation at 9:104546556
WARNING: Reached chromosome edge before EHH decayed below 0.01. Skipping calculation at 9:104555618
WARNING: Reached chromosome edge before EHH decayed below 0.01. Skipping calculation at 9:104556106
WARNING: Reached chromosome edge before EHH decayed below 0.01. Skipping calculation at 9:104568346
WARNING: Reached chromosome edge before EHH decayed below 0.01. Skipping calculation at 9:104568655
WARNING: Reached chromosome edge before EHH decayed below 0.01. Skipping calculation at 9:104570803
WARNING: Reached chromosome edge before EHH decayed below 0.01. Skipping calculation at 9:104570894
WARNING: Reached chromosome edge before EHH decayed below 0.01. Skipping calculation at 9:104571093
WARNING: Reached chromosome edge before EHH decayed below 0.01. Skipping calculation at 9:104571514
WARNING: Reached chromosome edge before EHH decayed below 0.01. Skipping calculation at 9:104571780
WARNING: Reached chromosome edge before EHH decayed below 0.01. Skipping calculation at 9:104571919
WARNING: Reached chromosome edge before EHH decayed below 0.01. Skipping calculation at 9:104572201
WARNING: Reached chromosome edge before EHH decayed below 0.01. Skipping calculation at 9:104572412
WARNING: Reached chromosome edge before EHH decayed below 0.01. Skipping calculation at 9:104572512
WARNING: Reached chromosome edge before EHH decayed below 0.01. Skipping calculation at 9:104572638
WARNING: Reached chromosome edge before EHH decayed below 0.01. Skipping calculation at 9:104572996
WARNING: Reached chromosome edge before EHH decayed below 0.01. Skipping calculation at 9:104573360
WARNING: Reached chromosome edge before EHH decayed below 0.01. Skipping calculation at 9:104573517
WARNING: Reached chromosome edge before EHH decayed below 0.01. Skipping calculation at 9:104573835
WARNING: Reached chromosome edge before EHH decayed below 0.01. Skipping calculation at 9:104574188
WARNING: Reached chromosome edge before EHH decayed below 0.01. Skipping calculation at 9:104574544
WARNING: Reached chromosome edge before EHH decayed below 0.01. Skipping calculation at 9:104574700
WARNING: Reached chromosome edge before EHH decayed below 0.01. Skipping calculation at 9:104574902
WARNING: Reached chromosome edge before EHH decayed below 0.01. Skipping calculation at 9:104575296
WARNING: Reached chromosome edge before EHH decayed below 0.01. Skipping calculation at 9:104575636
WARNING: Reached chromosome edge before EHH decayed below 0.01. Skipping calculation at 9:104575818
WARNING: Reached chromosome edge before EHH decayed below 0.01. Skipping calculation at 9:104576022
WARNING: Reached chromosome edge before EHH decayed below 0.01. Skipping calculation at 9:104576300
WARNING: Reached chromosome edge before EHH decayed below 0.01. Skipping calculation at 9:104576603
WARNING: Reached chromosome edge before EHH decayed below 0.01. Skipping calculation at 9:104576802
WARNING: Reached chromosome edge before EHH decayed below 0.01. Skipping calculation at 9:104577028
WARNING: Reached chromosome edge before EHH decayed below 0.01. Skipping calculation at 9:104577339
WARNING: Reached chromosome edge before EHH decayed below 0.01. Skipping calculation at 9:104577933
WARNING: Reached chromosome edge before EHH decayed below 0.01. Skipping calculation at 9:104578178
WARNING: Reached chromosome edge before EHH decayed below 0.01. Skipping calculation at 9:104578479
WARNING: Reached chromosome edge before EHH decayed below 0.01. Skipping calculation at 9:104578739
WARNING: Reached chromosome edge before EHH decayed below 0.01. Skipping calculation at 9:104579190
WARNING: Reached chromosome edge before EHH decayed below 0.01. Skipping calculation at 9:104580221
WARNING: Reached chromosome edge before EHH decayed below 0.01. Skipping calculation at 9:104580674
WARNING: Reached chromosome edge before EHH decayed below 0.01. Skipping calculation at 9:104584237
WARNING: Reached chromosome edge before EHH decayed below 0.01. Skipping calculation at 9:104585175
WARNING: Reached chromosome edge before EHH decayed below 0.01. Skipping calculation at 9:104586858
WARNING: Reached chromosome edge before EHH decayed below 0.01. Skipping calculation at 9:104587614
WARNING: Reached chromosome edge before EHH decayed below 0.01. Skipping calculation at 9:104587902
WARNING: Reached chromosome edge before EHH decayed below 0.01. Skipping calculation at 9:104588289
WARNING: Reached chromosome edge before EHH decayed below 0.01. Skipping calculation at 9:104588894
WARNING: Reached chromosome edge before EHH decayed below 0.01. Skipping calculation at 9:104589287
WARNING: Reached chromosome edge before EHH decayed below 0.01. Skipping calculation at 9:104592171
WARNING: Reached chromosome edge before EHH decayed below 0.01. Skipping calculation at 9:104592324
WARNING: Reached chromosome edge before EHH decayed below 0.01. Skipping calculation at 9:104592689
WARNING: Reached chromosome edge before EHH decayed below 0.01. Skipping calculation at 9:104592950
WARNING: Reached chromosome edge before EHH decayed below 0.01. Skipping calculation at 9:104593249
WARNING: Reached chromosome edge before EHH decayed below 0.01. Skipping calculation at 9:104593474
WARNING: Reached chromosome edge before EHH decayed below 0.01. Skipping calculation at 9:104593951
WARNING: Reached chromosome edge before EHH decayed below 0.01. Skipping calculation at 9:104595380
WARNING: Reached chromosome edge before EHH decayed below 0.01. Skipping calculation at 9:104595969
WARNING: Reached chromosome edge before EHH decayed below 0.01. Skipping calculation at 9:104596338
WARNING: Reached chromosome edge before EHH decayed below 0.01. Skipping calculation at 9:104596802
WARNING: Reached chromosome edge before EHH decayed below 0.01. Skipping calculation at 9:104597472
WARNING: Reached chromosome edge before EHH decayed below 0.01. Skipping calculation at 9:104597586
WARNING: Reached chromosome edge before EHH decayed below 0.01. Skipping calculation at 9:104597815
WARNING: Reached chromosome edge before EHH decayed below 0.01. Skipping calculation at 9:104597980
WARNING: Reached chromosome edge before EHH decayed below 0.01. Skipping calculation at 9:104598240
WARNING: Reached chromosome edge before EHH decayed below 0.01. Skipping calculation at 9:104601419
WARNING: Reached chromosome edge before EHH decayed below 0.01. Skipping calculation at 9:104601685
WARNING: Reached chromosome edge before EHH decayed below 0.01. Skipping calculation at 9:104601969
WARNING: Reached chromosome edge before EHH decayed below 0.01. Skipping calculation at 9:104602491
WARNING: Reached chromosome edge before EHH decayed below 0.01. Skipping calculation at 9:104602977
WARNING: Reached chromosome edge before EHH decayed below 0.01. Skipping calculation at 9:104604149
WARNING: Reached chromosome edge before EHH decayed below 0.01. Skipping calculation at 9:104634599
WARNING: Reached chromosome edge before EHH decayed below 0.01. Skipping calculation at 9:104469822
WARNING: Reached chromosome edge before EHH decayed below 0.01. Skipping calculation at 9:104470036
WARNING: Reached chromosome edge before EHH decayed below 0.01. Skipping calculation at 9:104470360
WARNING: Reached chromosome edge before EHH decayed below 0.01. Skipping calculation at 9:104471033
WARNING: Reached chromosome edge before EHH decayed below 0.01. Skipping calculation at 9:104471274
WARNING: Reached chromosome edge before EHH decayed below 0.01. Skipping calculation at 9:104471518
WARNING: Reached chromosome edge before EHH decayed below 0.01. Skipping calculation at 9:104473536
WARNING: Reached chromosome edge before EHH decayed below 0.01. Skipping calculation at 9:104475201
WARNING: Reached chromosome edge before EHH decayed below 0.01. Skipping calculation at 9:104475823
WARNING: Reached chromosome edge before EHH decayed below 0.01. Skipping calculation at 9:104477497
WARNING: Reached chromosome edge before EHH decayed below 0.01. Skipping calculation at 9:104477786
WARNING: Reached chromosome edge before EHH decayed below 0.01. Skipping calculation at 9:104478343
WARNING: Reached chromosome edge before EHH decayed below 0.01. Skipping calculation at 9:104478763
WARNING: Reached chromosome edge before EHH decayed below 0.01. Skipping calculation at 9:104479001
WARNING: Reached chromosome edge before EHH decayed below 0.01. Skipping calculation at 9:104479271
WARNING: Reached chromosome edge before EHH decayed below 0.01. Skipping calculation at 9:104480483
WARNING: Reached chromosome edge before EHH decayed below 0.01. Skipping calculation at 9:104481230
WARNING: Reached chromosome edge before EHH decayed below 0.01. Skipping calculation at 9:104513391
WARNING: Reached chromosome edge before EHH decayed below 0.01. Skipping calculation at 9:104514022
WARNING: Reached chromosome edge before EHH decayed below 0.01. Skipping calculation at 9:104514110
WARNING: Reached chromosome edge before EHH decayed below 0.01. Skipping calculation at 9:104515833
WARNING: Reached chromosome edge before EHH decayed below 0.01. Skipping calculation at 9:104517524
WARNING: Reached chromosome edge before EHH decayed below 0.01. Skipping calculation at 9:104517801
WARNING: Reached chromosome edge before EHH decayed below 0.01. Skipping calculation at 9:104546648
WARNING: Reached chromosome edge before EHH decayed below 0.01. Skipping calculation at 9:104555724
WARNING: Reached chromosome edge before EHH decayed below 0.01. Skipping calculation at 9:104568148
WARNING: Reached chromosome edge before EHH decayed below 0.01. Skipping calculation at 9:104568400
WARNING: Reached chromosome edge before EHH decayed below 0.01. Skipping calculation at 9:104568681
WARNING: Reached chromosome edge before EHH decayed below 0.01. Skipping calculation at 9:104570836
WARNING: Reached chromosome edge before EHH decayed below 0.01. Skipping calculation at 9:104570930
WARNING: Reached chromosome edge before EHH decayed below 0.01. Skipping calculation at 9:104571146
WARNING: Reached chromosome edge before EHH decayed below 0.01. Skipping calculation at 9:104571663
WARNING: Reached chromosome edge before EHH decayed below 0.01. Skipping calculation at 9:104571847
WARNING: Reached chromosome edge before EHH decayed below 0.01. Skipping calculation at 9:104571924
WARNING: Reached chromosome edge before EHH decayed below 0.01. Skipping calculation at 9:104572286
WARNING: Reached chromosome edge before EHH decayed below 0.01. Skipping calculation at 9:104572475
WARNING: Reached chromosome edge before EHH decayed below 0.01. Skipping calculation at 9:104572514
WARNING: Reached chromosome edge before EHH decayed below 0.01. Skipping calculation at 9:104572686
WARNING: Reached chromosome edge before EHH decayed below 0.01. Skipping calculation at 9:104573080
WARNING: Reached chromosome edge before EHH decayed below 0.01. Skipping calculation at 9:104573418
WARNING: Reached chromosome edge before EHH decayed below 0.01. Skipping calculation at 9:104573572
WARNING: Reached chromosome edge before EHH decayed below 0.01. Skipping calculation at 9:104574021
WARNING: Reached chromosome edge before EHH decayed below 0.01. Skipping calculation at 9:104574316
WARNING: Reached chromosome edge before EHH decayed below 0.01. Skipping calculation at 9:104574546
WARNING: Reached chromosome edge before EHH decayed below 0.01. Skipping calculation at 9:104574744
WARNING: Reached chromosome edge before EHH decayed below 0.01. Skipping calculation at 9:104575103
WARNING: Reached chromosome edge before EHH decayed below 0.01. Skipping calculation at 9:104575414
WARNING: Reached chromosome edge before EHH decayed below 0.01. Skipping calculation at 9:104575731
WARNING: Reached chromosome edge before EHH decayed below 0.01. Skipping calculation at 9:104575859
WARNING: Reached chromosome edge before EHH decayed below 0.01. Skipping calculation at 9:104576215
WARNING: Reached chromosome edge before EHH decayed below 0.01. Skipping calculation at 9:104576457
WARNING: Reached chromosome edge before EHH decayed below 0.01. Skipping calculation at 9:104576678
WARNING: Reached chromosome edge before EHH decayed below 0.01. Skipping calculation at 9:104576862
WARNING: Reached chromosome edge before EHH decayed below 0.01. Skipping calculation at 9:104577141
WARNING: Reached chromosome edge before EHH decayed below 0.01. Skipping calculation at 9:104577386
WARNING: Reached chromosome edge before EHH decayed below 0.01. Skipping calculation at 9:104578014
WARNING: Reached chromosome edge before EHH decayed below 0.01. Skipping calculation at 9:104578246
WARNING: Reached chromosome edge before EHH decayed below 0.01. Skipping calculation at 9:104578611
WARNING: Reached chromosome edge before EHH decayed below 0.01. Skipping calculation at 9:104578850
WARNING: Reached chromosome edge before EHH decayed below 0.01. Skipping calculation at 9:104579271
WARNING: Reached chromosome edge before EHH decayed below 0.01. Skipping calculation at 9:104580309
WARNING: Reached chromosome edge before EHH decayed below 0.01. Skipping calculation at 9:104580712
WARNING: Reached chromosome edge before EHH decayed below 0.01. Skipping calculation at 9:104584286
WARNING: Reached chromosome edge before EHH decayed below 0.01. Skipping calculation at 9:104585190
WARNING: Reached chromosome edge before EHH decayed below 0.01. Skipping calculation at 9:104586946
WARNING: Reached chromosome edge before EHH decayed below 0.01. Skipping calculation at 9:104587745
WARNING: Reached chromosome edge before EHH decayed below 0.01. Skipping calculation at 9:104587952
WARNING: Reached chromosome edge before EHH decayed below 0.01. Skipping calculation at 9:104588342
WARNING: Reached chromosome edge before EHH decayed below 0.01. Skipping calculation at 9:104589042
WARNING: Reached chromosome edge before EHH decayed below 0.01. Skipping calculation at 9:104590708
WARNING: Reached chromosome edge before EHH decayed below 0.01. Skipping calculation at 9:104592245
WARNING: Reached chromosome edge before EHH decayed below 0.01. Skipping calculation at 9:104592438
WARNING: Reached chromosome edge before EHH decayed below 0.01. Skipping calculation at 9:104592723
WARNING: Reached chromosome edge before EHH decayed below 0.01. Skipping calculation at 9:104593105
WARNING: Reached chromosome edge before EHH decayed below 0.01. Skipping calculation at 9:104593275
WARNING: Reached chromosome edge before EHH decayed below 0.01. Skipping calculation at 9:104593549
WARNING: Reached chromosome edge before EHH decayed below 0.01. Skipping calculation at 9:104594050
WARNING: Reached chromosome edge before EHH decayed below 0.01. Skipping calculation at 9:104595574
WARNING: Reached chromosome edge before EHH decayed below 0.01. Skipping calculation at 9:104595998
WARNING: Reached chromosome edge before EHH decayed below 0.01. Skipping calculation at 9:104596366
WARNING: Reached chromosome edge before EHH decayed below 0.01. Skipping calculation at 9:104597074
WARNING: Reached chromosome edge before EHH decayed below 0.01. Skipping calculation at 9:104597547
WARNING: Reached chromosome edge before EHH decayed below 0.01. Skipping calculation at 9:104597624
WARNING: Reached chromosome edge before EHH decayed below 0.01. Skipping calculation at 9:104597861
WARNING: Reached chromosome edge before EHH decayed below 0.01. Skipping calculation at 9:104598104
WARNING: Reached chromosome edge before EHH decayed below 0.01. Skipping calculation at 9:104598252
WARNING: Reached chromosome edge before EHH decayed below 0.01. Skipping calculation at 9:104601440
WARNING: Reached chromosome edge before EHH decayed below 0.01. Skipping calculation at 9:104601804
WARNING: Reached chromosome edge before EHH decayed below 0.01. Skipping calculation at 9:104602034
WARNING: Reached chromosome edge before EHH decayed below 0.01. Skipping calculation at 9:104602652
WARNING: Reached chromosome edge before EHH decayed below 0.01. Skipping calculation at 9:104603096
WARNING: Reached chromosome edge before EHH decayed below 0.01. Skipping calculation at 9:104604179
WARNING: Reached chromosome edge before EHH decayed below 0.01. Skipping calculation at 9:104634665
WARNING: Reached chromosome edge before EHH decayed below 0.01. Skipping calculation at 9:104469755
WARNING: Reached chromosome edge before EHH decayed below 0.01. Skipping calculation at 9:104470012
WARNING: Reached chromosome edge before EHH decayed below 0.01. Skipping calculation at 9:104470344
WARNING: Reached chromosome edge before EHH decayed below 0.01. Skipping calculation at 9:104471023
WARNING: Reached chromosome edge before EHH decayed below 0.01. Skipping calculation at 9:104471248
WARNING: Reached chromosome edge before EHH decayed below 0.01. Skipping calculation at 9:104471516
WARNING: Reached chromosome edge before EHH decayed below 0.01. Skipping calculation at 9:104472125
WARNING: Reached chromosome edge before EHH decayed below 0.01. Skipping calculation at 9:104475190
WARNING: Reached chromosome edge before EHH decayed below 0.01. Skipping calculation at 9:104475819
WARNING: Reached chromosome edge before EHH decayed below 0.01. Skipping calculation at 9:104477387
WARNING: Reached chromosome edge before EHH decayed below 0.01. Skipping calculation at 9:104477722
WARNING: Reached chromosome edge before EHH decayed below 0.01. Skipping calculation at 9:104478340
WARNING: Reached chromosome edge before EHH decayed below 0.01. Skipping calculation at 9:104478739
WARNING: Reached chromosome edge before EHH decayed below 0.01. Skipping calculation at 9:104478917
WARNING: Reached chromosome edge before EHH decayed below 0.01. Skipping calculation at 9:104479224
WARNING: Reached chromosome edge before EHH decayed below 0.01. Skipping calculation at 9:104479883
WARNING: Reached chromosome edge before EHH decayed below 0.01. Skipping calculation at 9:104481151
WARNING: Reached chromosome edge before EHH decayed below 0.01. Skipping calculation at 9:104512978
WARNING: Reached chromosome edge before EHH decayed below 0.01. Skipping calculation at 9:104514021
WARNING: Reached chromosome edge before EHH decayed below 0.01. Skipping calculation at 9:104514082
WARNING: Reached chromosome edge before EHH decayed below 0.01. Skipping calculation at 9:104515492
WARNING: Reached chromosome edge before EHH decayed below 0.01. Skipping calculation at 9:104517521
WARNING: Reached chromosome edge before EHH decayed below 0.01. Skipping calculation at 9:104517773
WARNING: Reached chromosome edge before EHH decayed below 0.01. Skipping calculation at 9:104546624
WARNING: Reached chromosome edge before EHH decayed below 0.01. Skipping calculation at 9:104555640
WARNING: Reached chromosome edge before EHH decayed below 0.01. Skipping calculation at 9:104568139
WARNING: Reached chromosome edge before EHH decayed below 0.01. Skipping calculation at 9:104568361
WARNING: Reached chromosome edge before EHH decayed below 0.01. Skipping calculation at 9:104568661
WARNING: Reached chromosome edge before EHH decayed below 0.01. Skipping calculation at 9:104570822
WARNING: Reached chromosome edge before EHH decayed below 0.01. Skipping calculation at 9:104570927
WARNING: Reached chromosome edge before EHH decayed below 0.01. Skipping calculation at 9:104571109
WARNING: Reached chromosome edge before EHH decayed below 0.01. Skipping calculation at 9:104571649
WARNING: Reached chromosome edge before EHH decayed below 0.01. Skipping calculation at 9:104571828
WARNING: Reached chromosome edge before EHH decayed below 0.01. Skipping calculation at 9:104571923
WARNING: Reached chromosome edge before EHH decayed below 0.01. Skipping calculation at 9:104572274
WARNING: Reached chromosome edge before EHH decayed below 0.01. Skipping calculation at 9:104572435
WARNING: Reached chromosome edge before EHH decayed below 0.01. Skipping calculation at 9:104572513
WARNING: Reached chromosome edge before EHH decayed below 0.01. Skipping calculation at 9:104572663
WARNING: Reached chromosome edge before EHH decayed below 0.01. Skipping calculation at 9:104573079
WARNING: Reached chromosome edge before EHH decayed below 0.01. Skipping calculation at 9:104573397
WARNING: Reached chromosome edge before EHH decayed below 0.01. Skipping calculation at 9:104573551
WARNING: Reached chromosome edge before EHH decayed below 0.01. Skipping calculation at 9:104573877
WARNING: Reached chromosome edge before EHH decayed below 0.01. Skipping calculation at 9:104574298
WARNING: Reached chromosome edge before EHH decayed below 0.01. Skipping calculation at 9:104574545
WARNING: Reached chromosome edge before EHH decayed below 0.01. Skipping calculation at 9:104574712
WARNING: Reached chromosome edge before EHH decayed below 0.01. Skipping calculation at 9:104574913
WARNING: Reached chromosome edge before EHH decayed below 0.01. Skipping calculation at 9:104575317
WARNING: Reached chromosome edge before EHH decayed below 0.01. Skipping calculation at 9:104575726
WARNING: Reached chromosome edge before EHH decayed below 0.01. Skipping calculation at 9:104575852
WARNING: Reached chromosome edge before EHH decayed below 0.01. Skipping calculation at 9:104576142
WARNING: Reached chromosome edge before EHH decayed below 0.01. Skipping calculation at 9:104576377
WARNING: Reached chromosome edge before EHH decayed below 0.01. Skipping calculation at 9:104576659
WARNING: Reached chromosome edge before EHH decayed below 0.01. Skipping calculation at 9:104576818
WARNING: Reached chromosome edge before EHH decayed below 0.01. Skipping calculation at 9:104577124
WARNING: Reached chromosome edge before EHH decayed below 0.01. Skipping calculation at 9:104577355
WARNING: Reached chromosome edge before EHH decayed below 0.01. Skipping calculation at 9:104577981
WARNING: Reached chromosome edge before EHH decayed below 0.01. Skipping calculation at 9:104578231
WARNING: Reached chromosome edge before EHH decayed below 0.01. Skipping calculation at 9:104578574
WARNING: Reached chromosome edge before EHH decayed below 0.01. Skipping calculation at 9:104578818
WARNING: Reached chromosome edge before EHH decayed below 0.01. Skipping calculation at 9:104579204
WARNING: Reached chromosome edge before EHH decayed below 0.01. Skipping calculation at 9:104580233
WARNING: Reached chromosome edge before EHH decayed below 0.01. Skipping calculation at 9:104580711
WARNING: Reached chromosome edge before EHH decayed below 0.01. Skipping calculation at 9:104584261
WARNING: Reached chromosome edge before EHH decayed below 0.01. Skipping calculation at 9:104585181
WARNING: Reached chromosome edge before EHH decayed below 0.01. Skipping calculation at 9:104586924
WARNING: Reached chromosome edge before EHH decayed below 0.01. Skipping calculation at 9:104587738
WARNING: Reached chromosome edge before EHH decayed below 0.01. Skipping calculation at 9:104587940
WARNING: Reached chromosome edge before EHH decayed below 0.01. Skipping calculation at 9:104588341
WARNING: Reached chromosome edge before EHH decayed below 0.01. Skipping calculation at 9:104589011
WARNING: Reached chromosome edge before EHH decayed below 0.01. Skipping calculation at 9:104590701
WARNING: Reached chromosome edge before EHH decayed below 0.01. Skipping calculation at 9:104592172
WARNING: Reached chromosome edge before EHH decayed below 0.01. Skipping calculation at 9:104592406
WARNING: Reached chromosome edge before EHH decayed below 0.01. Skipping calculation at 9:104592718
WARNING: Reached chromosome edge before EHH decayed below 0.01. Skipping calculation at 9:104593009
WARNING: Reached chromosome edge before EHH decayed below 0.01. Skipping calculation at 9:104593250
WARNING: Reached chromosome edge before EHH decayed below 0.01. Skipping calculation at 9:104593475
WARNING: Reached chromosome edge before EHH decayed below 0.01. Skipping calculation at 9:104594004
WARNING: Reached chromosome edge before EHH decayed below 0.01. Skipping calculation at 9:104595557
WARNING: Reached chromosome edge before EHH decayed below 0.01. Skipping calculation at 9:104595973
WARNING: Reached chromosome edge before EHH decayed below 0.01. Skipping calculation at 9:104596341
WARNING: Reached chromosome edge before EHH decayed below 0.01. Skipping calculation at 9:104597058
WARNING: Reached chromosome edge before EHH decayed below 0.01. Skipping calculation at 9:104597510
WARNING: Reached chromosome edge before EHH decayed below 0.01. Skipping calculation at 9:104597596
WARNING: Reached chromosome edge before EHH decayed below 0.01. Skipping calculation at 9:104597855
WARNING: Reached chromosome edge before EHH decayed below 0.01. Skipping calculation at 9:104597996
WARNING: Reached chromosome edge before EHH decayed below 0.01. Skipping calculation at 9:104598244
WARNING: Reached chromosome edge before EHH decayed below 0.01. Skipping calculation at 9:104601420
WARNING: Reached chromosome edge before EHH decayed below 0.01. Skipping calculation at 9:104601741
WARNING: Reached chromosome edge before EHH decayed below 0.01. Skipping calculation at 9:104601993
WARNING: Reached chromosome edge before EHH decayed below 0.01. Skipping calculation at 9:104602590
WARNING: Reached chromosome edge before EHH decayed below 0.01. Skipping calculation at 9:104603072
WARNING: Reached chromosome edge before EHH decayed below 0.01. Skipping calculation at 9:104604158
WARNING: Reached chromosome edge before EHH decayed below 0.01. Skipping calculation at 9:104634664
WARNING: Reached chromosome edge before EHH decayed below 0.01. Skipping calculation at 9:104469870
WARNING: Reached chromosome edge before EHH decayed below 0.01. Skipping calculation at 9:104470234
WARNING: Reached chromosome edge before EHH decayed below 0.01. Skipping calculation at 9:104470429
WARNING: Reached chromosome edge before EHH decayed below 0.01. Skipping calculation at 9:104471177
WARNING: Reached chromosome edge before EHH decayed below 0.01. Skipping calculation at 9:104471303
WARNING: Reached chromosome edge before EHH decayed below 0.01. Skipping calculation at 9:104471520
WARNING: Reached chromosome edge before EHH decayed below 0.01. Skipping calculation at 9:104475111
WARNING: Reached chromosome edge before EHH decayed below 0.01. Skipping calculation at 9:104475261
WARNING: Reached chromosome edge before EHH decayed below 0.01. Skipping calculation at 9:104475875
WARNING: Reached chromosome edge before EHH decayed below 0.01. Skipping calculation at 9:104477504
WARNING: Reached chromosome edge before EHH decayed below 0.01. Skipping calculation at 9:104477795
WARNING: Reached chromosome edge before EHH decayed below 0.01. Skipping calculation at 9:104478494
WARNING: Reached chromosome edge before EHH decayed below 0.01. Skipping calculation at 9:104478781
WARNING: Reached chromosome edge before EHH decayed below 0.01. Skipping calculation at 9:104479008
WARNING: Reached chromosome edge before EHH decayed below 0.01. Skipping calculation at 9:104479272
WARNING: Reached chromosome edge before EHH decayed below 0.01. Skipping calculation at 9:104480497
WARNING: Reached chromosome edge before EHH decayed below 0.01. Skipping calculation at 9:104481250
WARNING: Reached chromosome edge before EHH decayed below 0.01. Skipping calculation at 9:104513420
WARNING: Reached chromosome edge before EHH decayed below 0.01. Skipping calculation at 9:104514036
WARNING: Reached chromosome edge before EHH decayed below 0.01. Skipping calculation at 9:104515084
WARNING: Reached chromosome edge before EHH decayed below 0.01. Skipping calculation at 9:104515858
WARNING: Reached chromosome edge before EHH decayed below 0.01. Skipping calculation at 9:104517535
WARNING: Reached chromosome edge before EHH decayed below 0.01. Skipping calculation at 9:104517815
WARNING: Reached chromosome edge before EHH decayed below 0.01. Skipping calculation at 9:104546981
WARNING: Reached chromosome edge before EHH decayed below 0.01. Skipping calculation at 9:104555939
WARNING: Reached chromosome edge before EHH decayed below 0.01. Skipping calculation at 9:104568178
WARNING: Reached chromosome edge before EHH decayed below 0.01. Skipping calculation at 9:104568443
WARNING: Reached chromosome edge before EHH decayed below 0.01. Skipping calculation at 9:104570666
WARNING: Reached chromosome edge before EHH decayed below 0.01. Skipping calculation at 9:104570840
WARNING: Reached chromosome edge before EHH decayed below 0.01. Skipping calculation at 9:104570965
WARNING: Reached chromosome edge before EHH decayed below 0.01. Skipping calculation at 9:104571280
WARNING: Reached chromosome edge before EHH decayed below 0.01. Skipping calculation at 9:104571670
WARNING: Reached chromosome edge before EHH decayed below 0.01. Skipping calculation at 9:104571882
WARNING: Reached chromosome edge before EHH decayed below 0.01. Skipping calculation at 9:104571958
WARNING: Reached chromosome edge before EHH decayed below 0.01. Skipping calculation at 9:104572294
WARNING: Reached chromosome edge before EHH decayed below 0.01. Skipping calculation at 9:104572480
WARNING: Reached chromosome edge before EHH decayed below 0.01. Skipping calculation at 9:104572575
WARNING: Reached chromosome edge before EHH decayed below 0.01. Skipping calculation at 9:104572713
WARNING: Reached chromosome edge before EHH decayed below 0.01. Skipping calculation at 9:104573096
WARNING: Reached chromosome edge before EHH decayed below 0.01. Skipping calculation at 9:104573432
WARNING: Reached chromosome edge before EHH decayed below 0.01. Skipping calculation at 9:104573598
WARNING: Reached chromosome edge before EHH decayed below 0.01. Skipping calculation at 9:104574034
WARNING: Reached chromosome edge before EHH decayed below 0.01. Skipping calculation at 9:104574351
WARNING: Reached chromosome edge before EHH decayed below 0.01. Skipping calculation at 9:104574549
WARNING: Reached chromosome edge before EHH decayed below 0.01. Skipping calculation at 9:104574834
WARNING: Reached chromosome edge before EHH decayed below 0.01. Skipping calculation at 9:104575128
WARNING: Reached chromosome edge before EHH decayed below 0.01. Skipping calculation at 9:104575492
WARNING: Reached chromosome edge before EHH decayed below 0.01. Skipping calculation at 9:104575737
WARNING: Reached chromosome edge before EHH decayed below 0.01. Skipping calculation at 9:104575869
WARNING: Reached chromosome edge before EHH decayed below 0.01. Skipping calculation at 9:104576219
WARNING: Reached chromosome edge before EHH decayed below 0.01. Skipping calculation at 9:104576464
WARNING: Reached chromosome edge before EHH decayed below 0.01. Skipping calculation at 9:104576726
WARNING: Reached chromosome edge before EHH decayed below 0.01. Skipping calculation at 9:104576883
WARNING: Reached chromosome edge before EHH decayed below 0.01. Skipping calculation at 9:104577225
WARNING: Reached chromosome edge before EHH decayed below 0.01. Skipping calculation at 9:104577698
WARNING: Reached chromosome edge before EHH decayed below 0.01. Skipping calculation at 9:104578072
WARNING: Reached chromosome edge before EHH decayed below 0.01. Skipping calculation at 9:104578323
WARNING: Reached chromosome edge before EHH decayed below 0.01. Skipping calculation at 9:104578648
WARNING: Reached chromosome edge before EHH decayed below 0.01. Skipping calculation at 9:104578858
WARNING: Reached chromosome edge before EHH decayed below 0.01. Skipping calculation at 9:104579830
WARNING: Reached chromosome edge before EHH decayed below 0.01. Skipping calculation at 9:104580552
WARNING: Reached chromosome edge before EHH decayed below 0.01. Skipping calculation at 9:104581008
WARNING: Reached chromosome edge before EHH decayed below 0.01. Skipping calculation at 9:104584356
WARNING: Reached chromosome edge before EHH decayed below 0.01. Skipping calculation at 9:104585210
WARNING: Reached chromosome edge before EHH decayed below 0.01. Skipping calculation at 9:104586955
WARNING: Reached chromosome edge before EHH decayed below 0.01. Skipping calculation at 9:104587781
WARNING: Reached chromosome edge before EHH decayed below 0.01. Skipping calculation at 9:104587959
WARNING: Reached chromosome edge before EHH decayed below 0.01. Skipping calculation at 9:104588380
WARNING: Reached chromosome edge before EHH decayed below 0.01. Skipping calculation at 9:104589111
WARNING: Reached chromosome edge before EHH decayed below 0.01. Skipping calculation at 9:104590710
WARNING: Reached chromosome edge before EHH decayed below 0.01. Skipping calculation at 9:104592256
WARNING: Reached chromosome edge before EHH decayed below 0.01. Skipping calculation at 9:104592475
WARNING: Reached chromosome edge before EHH decayed below 0.01. Skipping calculation at 9:104592737
WARNING: Reached chromosome edge before EHH decayed below 0.01. Skipping calculation at 9:104593234
WARNING: Reached chromosome edge before EHH decayed below 0.01. Skipping calculation at 9:104593364
WARNING: Reached chromosome edge before EHH decayed below 0.01. Skipping calculation at 9:104593677
WARNING: Reached chromosome edge before EHH decayed below 0.01. Skipping calculation at 9:104594095
WARNING: Reached chromosome edge before EHH decayed below 0.01. Skipping calculation at 9:104595633
WARNING: Reached chromosome edge before EHH decayed below 0.01. Skipping calculation at 9:104595999
WARNING: Reached chromosome edge before EHH decayed below 0.01. Skipping calculation at 9:104596430
WARNING: Reached chromosome edge before EHH decayed below 0.01. Skipping calculation at 9:104597093
WARNING: Reached chromosome edge before EHH decayed below 0.01. Skipping calculation at 9:104597560
WARNING: Reached chromosome edge before EHH decayed below 0.01. Skipping calculation at 9:104597652
WARNING: Reached chromosome edge before EHH decayed below 0.01. Skipping calculation at 9:104597877
WARNING: Reached chromosome edge before EHH decayed below 0.01. Skipping calculation at 9:104598108
WARNING: Reached chromosome edge before EHH decayed below 0.01. Skipping calculation at 9:104598257
WARNING: Reached chromosome edge before EHH decayed below 0.01. Skipping calculation at 9:104601542
WARNING: Reached chromosome edge before EHH decayed below 0.01. Skipping calculation at 9:104601895
WARNING: Reached chromosome edge before EHH decayed below 0.01. Skipping calculation at 9:104602212
WARNING: Reached chromosome edge before EHH decayed below 0.01. Skipping calculation at 9:104602688
WARNING: Reached chromosome edge before EHH decayed below 0.01. Skipping calculation at 9:104603179
WARNING: Reached chromosome edge before EHH decayed below 0.01. Skipping calculation at 9:104604230
WARNING: Reached chromosome edge before EHH decayed below 0.01. Skipping calculation at 9:104642579
